1        1   (0)      1  : 0.1950 0.0229 0.3479 0.4343
2        2   (0)      1  : 0.1330 0.1188 0.4070 0.3412
3        3   (0)      1  : 0.1357 0.1005 0.3646 0.3992
4        4   (0)      1  : 0.3980 0.0343 0.2164 0.3513
5        5   (1)      1  : 0.0199 0.9441 0.0155 0.0205
6        6   (0)      1  : 0.1723 0.2114 0.0841 0.5323
7        7   (0)      1  : 0.3865 0.2448 0.1786 0.1901
8        8   (0)      1  : 0.4564 0.0255 0.2785 0.2396
9        9   (0)      1  : 0.1037 0.3011 0.2512 0.3440
10       10   (0)      1  : 0.1256 0.5140 0.2136 0.1467
11       11   (0)      1  : 0.3671 0.0848 0.2186 0.3295
12       12   (0)      1  : 0.2297 0.1429 0.0772 0.5502
13       13   (0)      1  : 0.6105 0.0387 0.1867 0.1640
14       14   (0)      1  : 0.3064 0.4974 0.0448 0.1514
15       15   (0)      1  : 0.3747 0.4644 0.0540 0.1069
16       16   (0)      1  : 0.4330 0.1250 0.2007 0.2414
17       17   (0)      1  : 0.3965 0.1100 0.0365 0.4570
18       18   (2)      1  : 0.3094 0.0400 0.4284 0.2222
19       19   (1)      1  : 0.4971 0.0784 0.2206 0.2039
20       20   (0)      1  : 0.3130 0.2878 0.0587 0.3405
21       21   (1)      1  : 0.2781 0.3128 0.1895 0.2196
22       22   (0)      1  : 0.2087 0.1099 0.4769 0.2045
23       23   (0)      1  : 0.1504 0.3334 0.1781 0.3381
24       24   (0)      1  : 0.0622 0.0258 0.8219 0.0902
25       25   (0)      1  : 0.3947 0.2871 0.1264 0.1919
26       26   (0)      1  : 0.1605 0.1439 0.3981 0.2975
27       27   (1)      1  : 0.5345 0.0755 0.0798 0.3103
28       28   (0)      1  : 0.0412 0.0426 0.8626 0.0535
29       29   (0)      1  : 0.3492 0.0937 0.2037 0.3534
30       30   (0)      1  : 0.0770 0.7454 0.0777 0.0999
31       31   (0)      1  : 0.3585 0.0616 0.2177 0.3622
32       32   (0)      1  : 0.2477 0.1845 0.3277 0.2401
33       33   (1)      1  : 0.1521 0.1356 0.3986 0.3138
34       34   (0)      1  : 0.2651 0.5413 0.0952 0.0984
35       35   (0)      1  : 0.1733 0.0944 0.4938 0.2385
36       36   (0)      1  : 0.2853 0.2161 0.1519 0.3467
37       37   (0)      1  : 0.0987 0.1434 0.6615 0.0964
38       38   (0)      1  : 0.0790 0.4656 0.3862 0.0692
39       39   (0)      1  : 0.3626 0.1274 0.0991 0.4109
40       40   (0)      1  : 0.2790 0.3744 0.0705 0.2760
41       41   (1)      1  : 0.4888 0.0600 0.1150 0.3362
42       42   (0)      1  : 0.0623 0.8441 0.0302 0.0634
43       43   (0)      1  : 0.1827 0.0621 0.2214 0.5338
44       44   (6)      1  : 0.1429 0.0520 0.1550 0.6501
45       45   (1)      1  : 0.1098 0.3988 0.3253 0.1661
46       46   (0)      1  : 0.1560 0.1081 0.5536 0.1823
47       47   (0)      1  : 0.0915 0.0876 0.7239 0.0970
48       48   (0)      1  : 0.2731 0.0624 0.1779 0.4867
49       49   (0)      1  : 0.2400 0.0498 0.4198 0.2904
50       50   (0)      1  : 0.5920 0.0347 0.0456 0.3277
51       51   (2)      1  : 0.0878 0.7687 0.0631 0.0804
52       52   (0)      1  : 0.0409 0.8677 0.0445 0.0469
53       53   (1)      1  : 0.0749 0.0500 0.7661 0.1091
54       54   (0)      1  : 0.1573 0.0950 0.5763 0.1714
55       55   (3)      1  : 0.4744 0.1120 0.1020 0.3115
56       56   (0)      1  : 0.1310 0.1079 0.6804 0.0806
57       57   (0)      1  : 0.1254 0.0284 0.7353 0.1110
58       58   (0)      1  : 0.0962 0.7196 0.0731 0.1111
59       59   (0)      1  : 0.1858 0.0286 0.6038 0.1817
60       60   (1)      1  : 0.4141 0.1568 0.1393 0.2899
61       61   (0)      1  : 0.1771 0.0704 0.5690 0.1835
62       62   (0)      1  : 0.2240 0.0524 0.1430 0.5806
63       63   (0)      1  : 0.1004 0.2704 0.4936 0.1356
64       64   (2)      1  : 0.2993 0.1075 0.1636 0.4296
65       65   (0)      1  : 0.4797 0.0655 0.1840 0.2707
66       66   (3)      1  : 0.4142 0.3498 0.0706 0.1654
67       67   (0)      1  : 0.1837 0.0456 0.6520 0.1186
68       68   (1)      1  : 0.1456 0.0897 0.4571 0.3075
69       69   (2)      1  : 0.0810 0.2512 0.5975 0.0704
70       70   (0)      1  : 0.2310 0.0485 0.3370 0.3836
71       71   (0)      1  : 0.3866 0.0570 0.2154 0.3410
72       72   (4)      1  : 0.2991 0.0391 0.1657 0.4961
73       73   (0)      1  : 0.1335 0.2448 0.3765 0.2452
74       74   (0)      1  : 0.2747 0.0424 0.0490 0.6340
75       75   (0)      1  : 0.3282 0.1650 0.3308 0.1760
76       76   (0)      1  : 0.0683 0.0667 0.7492 0.1157
77       77   (1)      1  : 0.0272 0.9233 0.0214 0.0281
78       78   (0)      1  : 0.3205 0.0591 0.1261 0.4942
79       79   (2)      1  : 0.2619 0.0894 0.2607 0.3880
80       80   (1)      1  : 0.0969 0.7187 0.0956 0.0889
81       81   (2)      1  : 0.1606 0.4780 0.1179 0.2435
82       82   (1)      1  : 0.0975 0.0275 0.7236 0.1514
83       83   (0)      1  : 0.2540 0.0700 0.5171 0.1589
84       84   (0)      1  : 0.2687 0.2123 0.0987 0.4202
85       85   (5)      1  : 0.3505 0.0516 0.3137 0.2842
86       86   (0)      1  : 0.4804 0.1608 0.0431 0.3157
87       87   (1)      1  : 0.1357 0.0640 0.5053 0.2950
88       88   (0)      2  : 0.0616 0.8554 0.0370 0.0460
89       89   (0)      2  : 0.3866 0.1148 0.1431 0.3555
90       90   (0)      2  : 0.0345 0.9056 0.0264 0.0335
91       91   (1)      2  : 0.3276 0.0219 0.3774 0.2731
92       92   (0)      2  : 0.1064 0.0781 0.7233 0.0921
93       93   (0)      2  : 0.0697 0.0242 0.8148 0.0912
94       94   (0)      2  : 0.2831 0.1971 0.0670 0.4528
95       95   (0)      2  : 0.2292 0.1727 0.0642 0.5338
96       96   (0)      2  : 0.5839 0.1030 0.0883 0.2247
97       97   (0)      2  : 0.0444 0.1773 0.7207 0.0576
98       98   (0)      2  : 0.3402 0.0505 0.1843 0.4251
99       99   (0)      2  : 0.1879 0.1131 0.5774 0.1216
100      100   (1)      2  : 0.3355 0.0716 0.1320 0.4608
101      101   (0)      2  : 0.1058 0.5376 0.2244 0.1321
102      102   (0)      2  : 0.5064 0.1211 0.0895 0.2830
103      103   (0)      2  : 0.2363 0.2036 0.2793 0.2808
104      104   (0)      2  : 0.1588 0.0467 0.5961 0.1983
105      105   (0)      2  : 0.0866 0.1810 0.6086 0.1237
106      106   (0)      2  : 0.0209 0.9184 0.0376 0.0231
107      107   (1)      2  : 0.4550 0.1432 0.1917 0.2100
108      108   (0)      2  : 0.2984 0.0893 0.3653 0.2470
109      109   (0)      2  : 0.4516 0.2247 0.0475 0.2762
110      110   (0)      2  : 0.0754 0.3161 0.5086 0.0999
111      111   (1)      2  : 0.1548 0.1176 0.6245 0.1031
112      112   (2)      2  : 0.3404 0.1583 0.0871 0.4142
113      113   (0)      2  : 0.1527 0.6659 0.0806 0.1008
114      114   (3)      2  : 0.3307 0.0660 0.1637 0.4397
115      115   (1)      2  : 0.0807 0.0836 0.4742 0.3615
116      116   (0)      2  : 0.2870 0.1316 0.1277 0.4537
117      117   (0)      2  : 0.3215 0.2208 0.0922 0.3655
118      118   (0)      2  : 0.2765 0.0378 0.2395 0.4462
119      119   (2)      2  : 0.5010 0.0676 0.0906 0.3408
120      120   (0)      2  : 0.0631 0.0232 0.8414 0.0722
121      121   (0)      2  : 0.3973 0.0636 0.0742 0.4649
122      122   (0)      2  : 0.2862 0.0930 0.2294 0.3914
123      123   (0)      2  : 0.4327 0.0339 0.2417 0.2918
124      124   (0)      2  : 0.1719 0.1675 0.0935 0.5670
125      125   (0)      2  : 0.1016 0.1419 0.5179 0.2385
126      126   (1)      2  : 0.0864 0.7238 0.0630 0.1268
127      127   (0)      2  : 0.7210 0.0562 0.0777 0.1451
128      128   (1)      2  : 0.1233 0.0634 0.7092 0.1042
129      129   (0)      2  : 0.1759 0.3737 0.2575 0.1929
130      130   (2)      2  : 0.1807 0.0725 0.0460 0.7009
131      131   (0)      2  : 0.1684 0.1185 0.3291 0.3840
132      132   (1)      2  : 0.1731 0.0655 0.5829 0.1785
133      133   (0)      2  : 0.2520 0.0385 0.1655 0.5440
134      134   (0)      2  : 0.4625 0.1080 0.1859 0.2436
135      135   (1)      2  : 0.0440 0.0363 0.8742 0.0455
136      136   (3)      2  : 0.3163 0.0581 0.1986 0.4270
137      137   (0)      2  : 0.4634 0.2251 0.0692 0.2423
138      138   (0)      2  : 0.0899 0.7334 0.0437 0.1330
139      139   (2)      2  : 0.3627 0.0375 0.1170 0.4828
140      140   (2)      2  : 0.5104 0.1325 0.1239 0.2332
141      141   (0)      2  : 0.2507 0.3551 0.2078 0.1863
142      142   (0)      2  : 0.2098 0.3478 0.2577 0.1846
143      143   (0)      2  : 0.0534 0.0678 0.7501 0.1287
144      144   (0)      2  : 0.4292 0.0261 0.1095 0.4352
145      145   (0)      2  : 0.2888 0.0455 0.0605 0.6052
146      146   (1)      2  : 0.0961 0.0940 0.6983 0.1115
147      147   (0)      2  : 0.4664 0.0928 0.2057 0.2351
148      148   (0)      2  : 0.4780 0.0321 0.2066 0.2832
149      149   (1)      2  : 0.1757 0.1091 0.5563 0.1589
150      150   (1)      2  : 0.1950 0.0781 0.5923 0.1345
151      151   (0)      2  : 0.3578 0.1641 0.2223 0.2559
152      152   (0)      2  : 0.3232 0.0664 0.1789 0.4315
153      153   (0)      2  : 0.0527 0.0498 0.8572 0.0403
154      154   (1)      2  : 0.3668 0.0837 0.0825 0.4670
155      155   (0)      2  : 0.2245 0.1249 0.3525 0.2981
156      156   (1)      2  : 0.3638 0.1450 0.2695 0.2217
157      157   (0)      2  : 0.2015 0.1043 0.3259 0.3683
158      158   (0)      2  : 0.3018 0.0269 0.2810 0.3903
159      159   (0)      2  : 0.4388 0.0615 0.0616 0.4381
160      160   (0)      2  : 0.3763 0.0863 0.3709 0.1665
161      161   (0)      2  : 0.2927 0.0374 0.4112 0.2588
162      162   (0)      2  : 0.4573 0.0755 0.2006 0.2667
163      163   (0)      2  : 0.1449 0.0580 0.6379 0.1592
164      164   (0)      2  : 0.4343 0.0427 0.1153 0.4076
165      165   (0)      2  : 0.3137 0.0325 0.2307 0.4230
166      166   (0)      2  : 0.3158 0.0722 0.1015 0.5104
167      167   (1)      2  : 0.1935 0.1219 0.4754 0.2091
168      168   (0)      2  : 0.3122 0.0962 0.1467 0.4449
169      169   (0)      2  : 0.0346 0.9209 0.0176 0.0269
170      170   (0)      2  : 0.0870 0.0797 0.7331 0.1002
171      171   (0)      2  : 0.4055 0.0405 0.1189 0.4351
172      172   (0)      2  : 0.1390 0.3600 0.4006 0.1004
173      173   (0)      2  : 0.0411 0.8861 0.0341 0.0386
174      174   (0)      2  : 0.1788 0.0440 0.2099 0.5672
175      175   (0)      2  : 0.2742 0.0445 0.1027 0.5785
176      176   (0)      2  : 0.1515 0.1141 0.6345 0.0999
177      177   (0)      2  : 0.0565 0.0209 0.8396 0.0830
178      178   (0)      2  : 0.5260 0.0602 0.0333 0.3805
179      179   (0)      2  : 0.2080 0.0305 0.5296 0.2319
180      180   (0)      2  : 0.0407 0.8528 0.0626 0.0439
181      181   (0)      2  : 0.3188 0.0742 0.1202 0.4867
182      182   (0)      2  : 0.3915 0.1976 0.1356 0.2753
183      183   (0)      2  : 0.4302 0.0469 0.1162 0.4067
184      184   (0)      2  : 0.1154 0.6467 0.1475 0.0904
185      185   (1)      2  : 0.3070 0.0196 0.1986 0.4747
186      186   (0)      2  : 0.0955 0.1118 0.6375 0.1553
187      187   (0)      2  : 0.1624 0.0346 0.0791 0.7239
188      188   (0)      2  : 0.3003 0.0524 0.2135 0.4338
189      189   (0)      2  : 0.1624 0.2171 0.4103 0.2102
190      190   (0)      2  : 0.0959 0.0513 0.7618 0.0910
191      191   (0)      2  : 0.1090 0.0500 0.6045 0.2365
192      192   (0)      2  : 0.7090 0.0540 0.0448 0.1923
193      193   (1)      2  : 0.3244 0.1603 0.1916 0.3237
194      194   (0)      2  : 0.7582 0.0267 0.0700 0.1450
195      195   (0)      2  : 0.0855 0.7966 0.0341 0.0837
196      196   (0)      2  : 0.1407 0.0482 0.0445 0.7665
197      197   (0)      2  : 0.2448 0.0850 0.4716 0.1986
198      198   (0)      2  : 0.1010 0.7449 0.0789 0.0752
199      199   (0)      2  : 0.3977 0.0379 0.1494 0.4151
200      200   (0)      2  : 0.0910 0.1013 0.6723 0.1354
201      201   (0)      2  : 0.4454 0.0360 0.1144 0.4043
202      202   (0)      2  : 0.0783 0.0176 0.8485 0.0556
203      203   (0)      2  : 0.3031 0.0639 0.2082 0.4248
204      204   (0)      2  : 0.4023 0.0661 0.2313 0.3002
205      205   (0)      2  : 0.2094 0.1648 0.1430 0.4828
206      206   (0)      2  : 0.0486 0.8569 0.0454 0.0491
207      207   (0)      2  : 0.2190 0.3195 0.1376 0.3240
208      208   (0)      2  : 0.5801 0.0484 0.0728 0.2988
209      209   (0)      2  : 0.0946 0.5286 0.2629 0.1140
210      210   (0)      2  : 0.0364 0.8881 0.0238 0.0518
211      211   (0)      2  : 0.2990 0.2313 0.2007 0.2690
212      212   (1)      2  : 0.1475 0.1979 0.5320 0.1226
213      213   (1)      2  : 0.2346 0.0511 0.1376 0.5767
214      214   (0)      2  : 0.3353 0.0595 0.0747 0.5304
215      215   (0)      2  : 0.6925 0.0420 0.1081 0.1574
216      216   (0)      2  : 0.0721 0.7989 0.0419 0.0871
217      217   (0)      2  : 0.2368 0.4357 0.1089 0.2186
218      218   (0)      2  : 0.1456 0.0475 0.5494 0.2574
219      219   (0)      2  : 0.5569 0.1288 0.0544 0.2599
220      220   (0)      2  : 0.4040 0.0198 0.2343 0.3419
221      221   (0)      2  : 0.1453 0.2700 0.1051 0.4796
222      222   (0)      2  : 0.2658 0.0523 0.4540 0.2279
223      223   (0)      2  : 0.3577 0.0760 0.1614 0.4049
224      224   (0)      2  : 0.5807 0.0417 0.0835 0.2940
225      225   (0)      2  : 0.0301 0.9209 0.0222 0.0267
226      226   (0)      2  : 0.2752 0.2557 0.0646 0.4046
227      227   (1)      2  : 0.0301 0.8832 0.0509 0.0358
228      228   (0)      2  : 0.5042 0.0519 0.0556 0.3883
229      229   (1)      2  : 0.2084 0.0448 0.2361 0.5107
230      230   (0)      2  : 0.1498 0.2446 0.2313 0.3744
231      231   (0)      2  : 0.3487 0.1167 0.0834 0.4512
232      232   (1)      2  : 0.2933 0.0704 0.2139 0.4225
233      233   (0)      2  : 0.3325 0.2017 0.1580 0.3078
234      234   (0)      2  : 0.0321 0.8995 0.0341 0.0342
235      235   (0)      2  : 0.1283 0.6599 0.1355 0.0763
236      236   (1)      2  : 0.5279 0.0445 0.2227 0.2049
237      237   (0)      2  : 0.4270 0.0826 0.1916 0.2988
238      238   (0)      2  : 0.4230 0.1231 0.0713 0.3827
239      239   (0)      2  : 0.5318 0.1240 0.1296 0.2145
240      240   (0)      2  : 0.2310 0.0695 0.1650 0.5345
241      241   (0)      2  : 0.1697 0.1257 0.5413 0.1634
242      242   (0)      2  : 0.6349 0.0305 0.2008 0.1339
243      243   (0)      2  : 0.2580 0.0730 0.4399 0.2290
244      244   (0)      2  : 0.1536 0.0982 0.5094 0.2388
245      245   (0)      2  : 0.0279 0.9169 0.0246 0.0306
246      246   (0)      2  : 0.1040 0.2215 0.5513 0.1232
247      247   (0)      2  : 0.1019 0.6176 0.1559 0.1246
248      248   (0)      2  : 0.1278 0.5776 0.1168 0.1779
249      249   (0)      2  : 0.2695 0.0931 0.0740 0.5634
250      250   (0)      2  : 0.4168 0.1248 0.1634 0.2950
251      251   (0)      2  : 0.2213 0.0636 0.1224 0.5926
252      252   (0)      2  : 0.0585 0.0467 0.8087 0.0861
253      253   (0)      2  : 0.4518 0.1281 0.1229 0.2972
254      254   (0)      2  : 0.1536 0.0885 0.5513 0.2065
255      255   (0)      2  : 0.0968 0.0475 0.5877 0.2680
256      256   (0)      2  : 0.1031 0.3502 0.3884 0.1582
257      257   (0)      2  : 0.1690 0.1080 0.0924 0.6307
258      258   (0)      1  : 0.3299 0.2200 0.2017 0.2485
259      259   (1)      1  : 0.2554 0.4605 0.1050 0.1791
260      260   (0)      1  : 0.6727 0.0385 0.0899 0.1989
261      261   (0)      1  : 0.3138 0.0769 0.0752 0.5341
262      262   (0)      1  : 0.2659 0.1474 0.1748 0.4119
263      263   (0)      1  : 0.1769 0.0754 0.5615 0.1863
264      264   (0)      1  : 0.2959 0.0876 0.1655 0.4509
265      265   (0)      1  : 0.2344 0.0685 0.3115 0.3856
266      266   (0)      1  : 0.1762 0.0325 0.0737 0.7176
267      267   (0)      1  : 0.2407 0.1804 0.1531 0.4258
268      268   (1)      1  : 0.1452 0.2118 0.5024 0.1405
269      269   (1)      1  : 0.3831 0.2071 0.0825 0.3272
270      270   (0)      1  : 0.0919 0.0458 0.4804 0.3820
271      271   (0)      1  : 0.3327 0.3400 0.1106 0.2166
272      272   (0)      1  : 0.2942 0.2172 0.0649 0.4237
273      273   (0)      1  : 0.4049 0.0596 0.2625 0.2729
274      274   (0)      1  : 0.0604 0.7855 0.0566 0.0975
275      275   (0)      1  : 0.3208 0.1395 0.3799 0.1598
276      276   (0)      1  : 0.5164 0.0970 0.1567 0.2298
277      277   (0)      1  : 0.4478 0.1142 0.0580 0.3800
278      278   (0)      1  : 0.2635 0.3762 0.0831 0.2771
279      279   (0)      1  : 0.5519 0.2403 0.0679 0.1399
280      280   (0)      1  : 0.1273 0.1545 0.3557 0.3625
281      281   (0)      1  : 0.4688 0.0714 0.1364 0.3235
282      282   (0)      1  : 0.2110 0.2230 0.1968 0.3693
283      283   (0)      1  : 0.4507 0.0658 0.1105 0.3730
284      284   (0)      1  : 0.3247 0.0384 0.2287 0.4082
285      285   (0)      1  : 0.2916 0.0724 0.3892 0.2468
286      286   (0)      1  : 0.3854 0.0341 0.3094 0.2711
287      287   (0)      1  : 0.0173 0.9499 0.0150 0.0179
288      288   (0)      1  : 0.0902 0.7881 0.0532 0.0685
289      289   (0)      1  : 0.4877 0.1856 0.1141 0.2126
290      290   (1)      1  : 0.0235 0.9310 0.0246 0.0209
291      291   (0)      1  : 0.1443 0.4590 0.2162 0.1805
292      292   (1)      1  : 0.3335 0.2431 0.0944 0.3291
293      293   (0)      1  : 0.1346 0.0372 0.7105 0.1176
294      294   (0)      1  : 0.2990 0.4021 0.0769 0.2220
295      295   (0)      1  : 0.3747 0.0425 0.2186 0.3642
296      296   (0)      1  : 0.5467 0.0550 0.1686 0.2297
297      297   (0)      1  : 0.0851 0.7709 0.0416 0.1023
298      298   (0)      1  : 0.6107 0.0406 0.0743 0.2744
299      299   (0)      1  : 0.2017 0.3080 0.3412 0.1491
300      300   (0)      1  : 0.4279 0.0507 0.1596 0.3617
301      301   (0)      1  : 0.0395 0.8935 0.0252 0.0417
302      302   (0)      1  : 0.2407 0.5108 0.0797 0.1687
303      303   (0)      1  : 0.4653 0.1514 0.0842 0.2991
304      304   (0)      1  : 0.5599 0.1730 0.1184 0.1487
305      305   (0)      1  : 0.5699 0.0478 0.1190 0.2634
306      306   (0)      1  : 0.0906 0.7051 0.0310 0.1733
307      307   (1)      1  : 0.2368 0.0357 0.3358 0.3917
308      308   (0)      1  : 0.3048 0.1314 0.0849 0.4790
309      309   (1)      1  : 0.0416 0.8799 0.0367 0.0417
310      310   (0)      1  : 0.1790 0.4237 0.1140 0.2833
311      311   (0)      1  : 0.2818 0.5083 0.0710 0.1389
312      312   (0)      1  : 0.1740 0.0534 0.5681 0.2044
313      313   (0)      1  : 0.3576 0.0285 0.1432 0.4708
314      314   (0)      1  : 0.1286 0.0599 0.6904 0.1211
315      315   (0)      1  : 0.3201 0.0960 0.1521 0.4318
316      316   (0)      1  : 0.2388 0.0496 0.1180 0.5936
317      317   (0)      1  : 0.2280 0.0628 0.5686 0.1406
318      318   (0)      1  : 0.1732 0.0402 0.5282 0.2583
319      319   (1)      1  : 0.5168 0.0299 0.1719 0.2815
320      320   (0)      1  : 0.4868 0.0195 0.0985 0.3951
321      321   (0)      1  : 0.4523 0.0436 0.1025 0.4015
322      322   (0)      1  : 0.1814 0.5267 0.1048 0.1871
323      323   (0)      1  : 0.5456 0.0404 0.0464 0.3677
324      324   (0)      1  : 0.1936 0.0439 0.1993 0.5632
325      325   (0)      1  : 0.1640 0.3949 0.0750 0.3661
326      326   (0)      1  : 0.2669 0.0695 0.0699 0.5937
327      327   (0)      1  : 0.3401 0.0561 0.2259 0.3779
328      328   (1)      1  : 0.4969 0.0456 0.2214 0.2361
329      329   (0)      1  : 0.2884 0.1106 0.4333 0.1676
330      330   (0)      1  : 0.2756 0.1044 0.2799 0.3401
331      331   (0)      1  : 0.1689 0.3681 0.2074 0.2555
332      332   (0)      1  : 0.1830 0.2748 0.3175 0.2248
333      333   (0)      1  : 0.1021 0.3577 0.3308 0.2093
334      334   (0)      1  : 0.1616 0.0343 0.6870 0.1171
335      335   (0)      1  : 0.2838 0.0666 0.2859 0.3637
336      336   (0)      1  : 0.2842 0.1934 0.1680 0.3544
337      337   (0)      1  : 0.2248 0.4999 0.0980 0.1773
338      338   (0)      1  : 0.1782 0.1968 0.3644 0.2605
339      339   (0)      1  : 0.3525 0.1510 0.1461 0.3503
340      340   (0)      1  : 0.0652 0.0706 0.7760 0.0882
341      341   (0)      1  : 0.0985 0.1083 0.6807 0.1125
342      342   (0)      1  : 0.2299 0.2229 0.3153 0.2318
343      343   (0)      1  : 0.1527 0.0874 0.4129 0.3470
344      344   (0)      1  : 0.1238 0.2170 0.4157 0.2434
345      345   (1)      1  : 0.2123 0.1845 0.0644 0.5388
346      346   (0)      1  : 0.1569 0.2598 0.1842 0.3991
347      347   (0)      1  : 0.2072 0.2968 0.1419 0.3542
348      348   (0)      1  : 0.0926 0.2430 0.5446 0.1198
349      349   (0)      1  : 0.1365 0.0845 0.4786 0.3005
350      350   (0)      1  : 0.5450 0.1083 0.1022 0.2444
351      351   (0)      1  : 0.1747 0.1693 0.3401 0.3159
352      352   (0)      1  : 0.5119 0.0732 0.1325 0.2824
353      353   (0)      1  : 0.1931 0.0449 0.1717 0.5904
354      354   (0)      1  : 0.1296 0.3237 0.4170 0.1296
355      355   (0)      1  : 0.2256 0.1001 0.4727 0.2016
356      356   (0)      1  : 0.4738 0.0626 0.2062 0.2573
357      357   (0)      1  : 0.3915 0.1421 0.0872 0.3792
358      358   (0)      1  : 0.4646 0.0613 0.1298 0.3444
359      359   (0)      1  : 0.6000 0.2461 0.0309 0.1230
360      360   (0)      1  : 0.2163 0.2749 0.1919 0.3168
361      361   (0)      1  : 0.4995 0.0585 0.0702 0.3718
362      362   (0)      1  : 0.4538 0.0635 0.0670 0.4157
363      363   (0)      1  : 0.1579 0.1788 0.3779 0.2855
364      364   (1)      1  : 0.3084 0.0515 0.5125 0.1277
365      365   (0)      1  : 0.3158 0.0310 0.1214 0.5318
366      366   (0)      1  : 0.1454 0.0461 0.3543 0.4541
367      367   (0)      1  : 0.2042 0.1452 0.1302 0.5204
368      368   (1)      1  : 0.6130 0.1170 0.0620 0.2079
369      369   (0)      1  : 0.1723 0.3775 0.2646 0.1856
370      370   (0)      1  : 0.0837 0.7490 0.0849 0.0824
371      371   (0)      1  : 0.0628 0.8316 0.0428 0.0629
372      372   (2)      1  : 0.0311 0.9052 0.0270 0.0366
373      373   (0)      1  : 0.1733 0.4778 0.0603 0.2886
374      374   (0)      1  : 0.3604 0.0406 0.2821 0.3169
375      375   (0)      1  : 0.2801 0.1114 0.1110 0.4975
376      376   (0)      1  : 0.1707 0.5672 0.1132 0.1489
377      377   (0)      1  : 0.1786 0.0334 0.4591 0.3290
378      378   (0)      1  : 0.3898 0.0353 0.3014 0.2735
379      379   (0)      1  : 0.1460 0.4821 0.1808 0.1911
380      380   (1)      1  : 0.1909 0.0323 0.0923 0.6846
381      381   (0)      1  : 0.3805 0.1462 0.0682 0.4051
382      382   (0)      1  : 0.0486 0.8676 0.0274 0.0564
383      383   (0)      1  : 0.2074 0.1911 0.0407 0.5608
384      384   (0)      1  : 0.2066 0.3873 0.2131 0.1929
385      385   (0)      1  : 0.4072 0.2935 0.0423 0.2570
386      386   (0)      1  : 0.1757 0.1745 0.1383 0.5115
387      387   (0)      1  : 0.2777 0.3869 0.0586 0.2768
388      388   (0)      1  : 0.1428 0.3327 0.3492 0.1752
389      389   (0)      1  : 0.5268 0.0436 0.0720 0.3576
390      390   (0)      1  : 0.4527 0.0341 0.1647 0.3485
391      391   (0)      1  : 0.1526 0.4576 0.2474 0.1424
392      392   (0)      1  : 0.1976 0.3426 0.2217 0.2381
393      393   (0)      1  : 0.1775 0.0969 0.2928 0.4329
394      394   (1)      1  : 0.5960 0.1191 0.0739 0.2110
395      395   (0)      1  : 0.2508 0.0955 0.2879 0.3658
396      396   (0)      1  : 0.5460 0.0589 0.1102 0.2849
397      397   (0)      1  : 0.3221 0.3316 0.0750 0.2713
398      398   (0)      1  : 0.0682 0.7191 0.1334 0.0793
399      399   (0)      1  : 0.2176 0.2605 0.1577 0.3643
400      400   (0)      1  : 0.3030 0.1709 0.1667 0.3594
401      401   (1)      1  : 0.0410 0.8689 0.0573 0.0329
402      402   (0)      1  : 0.1555 0.0365 0.6085 0.1995
403      403   (0)      1  : 0.2259 0.1999 0.3714 0.2028
404      404   (0)      1  : 0.2590 0.0375 0.4112 0.2922
405      405   (0)      1  : 0.1928 0.3606 0.0556 0.3910
406      406   (0)      1  : 0.2837 0.1134 0.3383 0.2646
407      407   (0)      1  : 0.3251 0.0733 0.0471 0.5545
408      408   (0)      1  : 0.2542 0.1128 0.3202 0.3127
409      409   (0)      1  : 0.4620 0.0845 0.0473 0.4062
410      410   (0)      1  : 0.0451 0.8967 0.0230 0.0351
411      411   (0)      1  : 0.1810 0.6090 0.0836 0.1264
412      412   (0)      1  : 0.1905 0.1553 0.4244 0.2298
413      413   (0)      1  : 0.5573 0.0626 0.0445 0.3356
414      414   (0)      1  : 0.1662 0.3998 0.3082 0.1257
415      415   (0)      1  : 0.3205 0.0421 0.2380 0.3994
416      416   (0)      1  : 0.2505 0.1038 0.2679 0.3778
417      417   (0)      1  : 0.4352 0.0400 0.1860 0.3388
418      418   (0)      1  : 0.3170 0.2099 0.1235 0.3495
419      419   (0)      1  : 0.3116 0.4390 0.0631 0.1863
420      420   (0)      1  : 0.3887 0.0466 0.3238 0.2408
421      421   (0)      1  : 0.2615 0.1449 0.3278 0.2658
422      422   (0)      1  : 0.0341 0.8961 0.0349 0.0349
423      423   (0)      1  : 0.2841 0.0481 0.0401 0.6276
424      424   (0)      1  : 0.5045 0.0374 0.0774 0.3808
425      425   (0)      1  : 0.0316 0.8475 0.0923 0.0286
426      426   (0)      1  : 0.3139 0.1225 0.0995 0.4641
427      427   (0)      1  : 0.2738 0.2481 0.1206 0.3574
428      428   (0)      1  : 0.0252 0.9196 0.0275 0.0276
429      429   (0)      1  : 0.5754 0.0371 0.1059 0.2816
430      430   (0)      1  : 0.4549 0.1312 0.0484 0.3655
431      431   (0)      1  : 0.1081 0.5246 0.1450 0.2224
432      432   (0)      1  : 0.0434 0.8596 0.0495 0.0475
433      433   (0)      1  : 0.0411 0.8860 0.0423 0.0306
434      434   (0)      1  : 0.3931 0.2643 0.0410 0.3016
435      435   (0)      1  : 0.1452 0.0280 0.1839 0.6429
436      436   (0)      1  : 0.2511 0.0583 0.0399 0.6508
437      437   (0)      1  : 0.1730 0.6572 0.0650 0.1048
438      438   (0)      1  : 0.2916 0.4231 0.0955 0.1899
439      439   (0)      1  : 0.3771 0.0862 0.0901 0.4466
440      440   (0)      1  : 0.0641 0.7801 0.0684 0.0874
441      441   (0)      1  : 0.5149 0.0325 0.1361 0.3165
442      442   (0)      1  : 0.4468 0.0833 0.0947 0.3752
443      443   (0)      1  : 0.2375 0.0310 0.5976 0.1339
444      444   (0)      1  : 0.3127 0.1356 0.0552 0.4965
445      445   (0)      1  : 0.4786 0.1357 0.0659 0.3198
446      446   (0)      2  : 0.1554 0.0713 0.5734 0.1999
447      447   (0)      2  : 0.3030 0.0741 0.1136 0.5093
448      448   (0)      2  : 0.2331 0.0858 0.0518 0.6294
449      449   (0)      2  : 0.1148 0.7010 0.0934 0.0908
450      450   (0)      2  : 0.1104 0.6984 0.1058 0.0854
451      451   (0)      2  : 0.0476 0.8726 0.0355 0.0443
452      452   (0)      2  : 0.1650 0.3123 0.2805 0.2422
453      453   (0)      2  : 0.1768 0.0445 0.6370 0.1418
454      454   (0)      2  : 0.0502 0.8653 0.0340 0.0505
455      455   (0)      2  : 0.6038 0.0484 0.0792 0.2686
456      456   (0)      2  : 0.0521 0.8668 0.0271 0.0539
457      457   (0)      2  : 0.3510 0.0707 0.0821 0.4962
458      458   (0)      2  : 0.1590 0.1892 0.4944 0.1574
459      459   (0)      2  : 0.3478 0.0296 0.4076 0.2150
460      460   (2)      2  : 0.2399 0.4734 0.1166 0.1701
461      461   (1)      2  : 0.1493 0.3598 0.2891 0.2018
462      462   (3)      2  : 0.2106 0.4509 0.1834 0.1552
463      463   (1)      2  : 0.0831 0.7229 0.0872 0.1068
464      464   (3)      2  : 0.2372 0.0354 0.0504 0.6770
465      465   (3)      2  : 0.5659 0.0772 0.0773 0.2796
466      466   (0)      2  : 0.2312 0.2209 0.1229 0.4250
467      467   (1)      2  : 0.4913 0.0576 0.1056 0.3454
468      468   (0)      2  : 0.6120 0.0742 0.0591 0.2546
469      469   (0)      2  : 0.1046 0.7723 0.0509 0.0721
470      470   (3)      2  : 0.1728 0.5728 0.1059 0.1485
471      471   (1)      2  : 0.1741 0.3496 0.2007 0.2757
472      472   (1)      2  : 0.2933 0.1190 0.0966 0.4911
473      473   (2)      2  : 0.2152 0.0452 0.1166 0.6230
474      474   (0)      2  : 0.1433 0.0546 0.5936 0.2085
475      475   (1)      2  : 0.0557 0.6917 0.1995 0.0532
476      476   (2)      2  : 0.2697 0.0290 0.4546 0.2466
477      477   (3)      2  : 0.4966 0.1434 0.1251 0.2350
478      478   (0)      2  : 0.1714 0.0725 0.4794 0.2767
479      479   (0)      2  : 0.3300 0.0324 0.0967 0.5410
480      480   (0)      2  : 0.3035 0.1973 0.1079 0.3913
481      481   (2)      2  : 0.1797 0.2907 0.2862 0.2435
482      482   (3)      2  : 0.6227 0.0293 0.1068 0.2412
483      483   (3)      2  : 0.5317 0.0642 0.0487 0.3553
484      484   (3)      2  : 0.3527 0.0700 0.2616 0.3157
485      485   (2)      2  : 0.1068 0.6733 0.0665 0.1534
486      486   (2)      2  : 0.2740 0.4703 0.0882 0.1676
487      487   (1)      2  : 0.1331 0.1419 0.4350 0.2901
488      488   (3)      2  : 0.2431 0.0882 0.1611 0.5075
489      489   (0)      2  : 0.3257 0.0494 0.2322 0.3927
490      490   (2)      2  : 0.3867 0.1186 0.1798 0.3149
491      491   (4)      2  : 0.1215 0.1608 0.6080 0.1098
492      492   (4)      2  : 0.1365 0.0306 0.7542 0.0787
493      493   (3)      2  : 0.3197 0.1629 0.0792 0.4382
494      494   (3)      2  : 0.0426 0.8860 0.0302 0.0411
495      495   (3)      2  : 0.1149 0.1948 0.5607 0.1296
496      496   (0)      2  : 0.3260 0.1111 0.3417 0.2211
497      497   (5)      2  : 0.3420 0.1340 0.2573 0.2667
498      498   (3)      2  : 0.1663 0.2726 0.2189 0.3421
499      499   (1)      2  : 0.4046 0.0715 0.2546 0.2693
500      500   (1)      2  : 0.4703 0.0374 0.1825 0.3099
501      501   (3)      2  : 0.1540 0.5034 0.1255 0.2171
502      502   (1)      2  : 0.4984 0.2564 0.0539 0.1913
503      503   (4)      2  : 0.3644 0.0729 0.0430 0.5197
504      504   (1)      2  : 0.4307 0.3626 0.0492 0.1575
505      505   (0)      2  : 0.1986 0.2948 0.3568 0.1498
506      506   (6)      2  : 0.2549 0.0900 0.4150 0.2400
507      507   (0)      2  : 0.3734 0.1934 0.1069 0.3263
508      508   (0)      2  : 0.5729 0.1078 0.0988 0.2206
509      509   (2)      2  : 0.0385 0.8798 0.0449 0.0369
510      510   (1)      2  : 0.3368 0.0433 0.2048 0.4151
511      511   (3)      2  : 0.0681 0.1696 0.6811 0.0811
512      512   (2)      2  : 0.0875 0.7762 0.0338 0.1025
513      513   (7)      2  : 0.1221 0.2345 0.5174 0.1260
514      514   (3)      2  : 0.1054 0.5941 0.2173 0.0832
515      515   (0)      2  : 0.3198 0.0963 0.1723 0.4116
516      516   (2)      2  : 0.2019 0.2533 0.1698 0.3750
517      517   (2)      2  : 0.1408 0.3098 0.3384 0.2110
518      518   (0)      2  : 0.4192 0.0666 0.1135 0.4007
519      519   (7)      2  : 0.0656 0.0841 0.7500 0.1003
520      520   (4)      2  : 0.0896 0.2543 0.4759 0.1801
521      521   (1)      2  : 0.1701 0.2307 0.3709 0.2283
522      522   (1)      2  : 0.4519 0.1578 0.0619 0.3285
523      523   (3)      2  : 0.5118 0.0645 0.1333 0.2904
524      524   (1)      2  : 0.5454 0.0540 0.0583 0.3423
525      525   (2)      2  : 0.3055 0.1985 0.3634 0.1325
526      526   (1)      2  : 0.3165 0.1149 0.3837 0.1849
527      527   (0)      2  : 0.1969 0.0501 0.3864 0.3666
528      528   (0)      2  : 0.3474 0.0548 0.1103 0.4876
529      529   (1)      2  : 0.2158 0.0459 0.1360 0.6023
530      530   (0)      2  : 0.6990 0.0410 0.0512 0.2087
531      531   (0)      2  : 0.2342 0.0574 0.0469 0.6616
532      532   (1)      2  : 0.5768 0.0356 0.0828 0.3047
533      533   (2)      2  : 0.1444 0.0265 0.2439 0.5852
534      534   (2)      2  : 0.3791 0.0869 0.1011 0.4329
535      535   (0)      2  : 0.2106 0.0756 0.4673 0.2465
536      536   (0)      2  : 0.0615 0.0452 0.7803 0.1130
537      537   (0)      2  : 0.2217 0.0440 0.4818 0.2526
538      538   (0)      2  : 0.2263 0.0581 0.0499 0.6658
539      539   (1)      2  : 0.4985 0.0805 0.1121 0.3089
540      540   (6)      2  : 0.2449 0.0727 0.1905 0.4919
541      541   (1)      2  : 0.1772 0.0756 0.1902 0.5569
542      542   (1)      2  : 0.1681 0.2116 0.1797 0.4405
543      543   (0)      2  : 0.2229 0.2718 0.1014 0.4039
544      544   (2)      2  : 0.2022 0.0594 0.2607 0.4777
545      545   (1)      2  : 0.2582 0.6198 0.0300 0.0920
546      546   (6)      2  : 0.2815 0.0246 0.0771 0.6168
547      547   (0)      2  : 0.4335 0.1535 0.0395 0.3734
548      548   (1)      2  : 0.2076 0.2142 0.2423 0.3359
549      549   (0)      2  : 0.2799 0.0619 0.0825 0.5757
550      550   (1)      2  : 0.0654 0.7956 0.0659 0.0731
551      551   (1)      2  : 0.1179 0.0798 0.6505 0.1518
552      552   (2)      2  : 0.3226 0.1321 0.1086 0.4367
553      553   (7)      2  : 0.2868 0.0998 0.1860 0.4274
554      554   (2)      2  : 0.2290 0.0470 0.1545 0.5696
555      555   (3)      2  : 0.2632 0.0516 0.2826 0.4025
556      556   (0)      2  : 0.0438 0.0904 0.7643 0.1015
557      557   (1)      2  : 0.1574 0.5685 0.1080 0.1661
558      558   (0)      2  : 0.0566 0.1759 0.6964 0.0711
559      559   (0)      2  : 0.6979 0.0356 0.0777 0.1887
560      560   (5)      2  : 0.3141 0.1445 0.3071 0.2344
561      561   (0)      2  : 0.6809 0.0372 0.0547 0.2271
562      562   (6)      2  : 0.1359 0.0651 0.4176 0.3814
563      563   (2)      2  : 0.2196 0.0955 0.2528 0.4321
564      564   (3)      2  : 0.0901 0.3226 0.4280 0.1593
565      565   (3)      2  : 0.3712 0.1321 0.2025 0.2942
566      566   (1)      2  : 0.5872 0.0901 0.0846 0.2380
567      567   (0)      2  : 0.6478 0.0384 0.1007 0.2132
568      568   (3)      2  : 0.0974 0.1562 0.3738 0.3726
569      569   (2)      2  : 0.4404 0.0693 0.1514 0.3390
570      570   (0)      2  : 0.5102 0.0941 0.0566 0.3390
571      571   (1)      2  : 0.4033 0.0314 0.0440 0.5213
572      572   (4)      2  : 0.2637 0.0699 0.5261 0.1404
573      573   (3)      2  : 0.1978 0.4904 0.1885 0.1233
574      574   (5)      2  : 0.1709 0.2433 0.1734 0.4124
575      575   (3)      2  : 0.1455 0.0405 0.4979 0.3161
576      576   (0)      2  : 0.2475 0.0889 0.2444 0.4192
577      577   (0)      2  : 0.0488 0.8624 0.0300 0.0589
578      578   (1)      2  : 0.4366 0.0489 0.0643 0.4502
579      579   (0)      2  : 0.0674 0.7791 0.0983 0.0553
580      580   (0)      2  : 0.3471 0.0253 0.3347 0.2930
581      581   (3)      2  : 0.5259 0.0843 0.1045 0.2853
582      582   (6)      2  : 0.2791 0.0417 0.2860 0.3932
583      583   (3)      2  : 0.1694 0.0471 0.4965 0.2869
584      584   (3)      2  : 0.3130 0.1014 0.2910 0.2947
585      585   (1)      2  : 0.3329 0.1089 0.1236 0.4346
586      586   (1)      2  : 0.2889 0.0253 0.1230 0.5629
587      587   (0)      2  : 0.0278 0.9160 0.0238 0.0325
588      588   (0)      2  : 0.1368 0.2547 0.5225 0.0860
589      589   (1)      2  : 0.2293 0.0965 0.2038 0.4705
590      590   (2)      2  : 0.2521 0.0145 0.0425 0.6909
591      591   (0)      2  : 0.3437 0.0806 0.1772 0.3984
592      592   (3)      2  : 0.2997 0.0860 0.1055 0.5088
593      593   (0)      2  : 0.2241 0.1585 0.4107 0.2067
594      594   (1)      2  : 0.3734 0.0567 0.1301 0.4398
595      595   (0)      2  : 0.1414 0.1134 0.5303 0.2150
596      596   (1)      2  : 0.3651 0.1302 0.1770 0.3277
597      597   (0)      2  : 0.2339 0.0944 0.2545 0.4173
598      598   (1)      2  : 0.4700 0.0955 0.0875 0.3471
599      599   (0)      2  : 0.3324 0.0825 0.1011 0.4840
600      600   (0)      2  : 0.1394 0.0555 0.5407 0.2644
601      601   (0)      2  : 0.3349 0.0514 0.2954 0.3184
602      602   (0)      2  : 0.6412 0.1079 0.0856 0.1653
603      603   (0)      2  : 0.2415 0.0449 0.4564 0.2572
604      604   (0)      2  : 0.3047 0.0704 0.2439 0.3810
605      605   (0)      2  : 0.1226 0.0386 0.7575 0.0813
606      606   (0)      2  : 0.1620 0.0905 0.3943 0.3532
607      607   (0)      2  : 0.5755 0.0761 0.0838 0.2646
608      608   (0)      2  : 0.5031 0.0345 0.0487 0.4137
609      609   (0)      2  : 0.1480 0.0710 0.6787 0.1023
610      610   (4)      2  : 0.0412 0.8227 0.0944 0.0416
611      611   (0)      2  : 0.1565 0.3183 0.3142 0.2110
612      612   (2)      2  : 0.3059 0.0645 0.2138 0.4159
613      613   (0)      2  : 0.1823 0.1179 0.2654 0.4344
614      614   (0)      2  : 0.2702 0.1658 0.0465 0.5175
615      615   (0)      2  : 0.2186 0.0272 0.2991 0.4551
616      616   (0)      2  : 0.3321 0.1689 0.3193 0.1797
617      617   (0)      2  : 0.3025 0.0611 0.2745 0.3619
618      618   (0)      2  : 0.3050 0.1459 0.0532 0.4959
619      619   (0)      2  : 0.1550 0.0465 0.4784 0.3201
620      620   (0)      2  : 0.1416 0.1934 0.5259 0.1391
621      621   (1)      2  : 0.3496 0.1190 0.3160 0.2154
622      622   (2)      2  : 0.1650 0.0786 0.5889 0.1674
623      623   (1)      2  : 0.3434 0.0949 0.1013 0.4604
624      624   (2)      2  : 0.1835 0.0720 0.1224 0.6221
625      625   (0)      2  : 0.2176 0.1428 0.0610 0.5786
626      626   (6)      2  : 0.2254 0.0549 0.1821 0.5376
627      627   (0)      2  : 0.1705 0.1910 0.3522 0.2863
628      628   (0)      2  : 0.0222 0.9356 0.0222 0.0199
629      629   (1)      2  : 0.1134 0.1670 0.5633 0.1564
630      630   (1)      2  : 0.1591 0.0385 0.6576 0.1448
631      631   (3)      2  : 0.2790 0.0472 0.0820 0.5917
632      632   (0)      2  : 0.0605 0.0358 0.8457 0.0580
633      633   (4)      2  : 0.3054 0.0548 0.1693 0.4706
634      634   (2)      2  : 0.0706 0.3933 0.4274 0.1087
635      635   (0)      2  : 0.4294 0.0279 0.3612 0.1815
636      636   (0)      2  : 0.1437 0.5483 0.1906 0.1174
637      637   (0)      2  : 0.1592 0.1271 0.3112 0.4024
638      638   (0)      2  : 0.5785 0.0582 0.2159 0.1474
639      639   (1)      2  : 0.1935 0.1328 0.1468 0.5269
640      640   (1)      2  : 0.1514 0.4104 0.0967 0.3415
641      641   (0)      2  : 0.1399 0.3438 0.3992 0.1172
642      642   (3)      2  : 0.2315 0.1435 0.1467 0.4783
643      643   (1)      2  : 0.3917 0.0619 0.3595 0.1869
644      644   (7)      2  : 0.3357 0.0246 0.0863 0.5534
645      645   (4)      2  : 0.3913 0.1286 0.1326 0.3474
646      646   (0)      2  : 0.4072 0.0382 0.2971 0.2575
647      647   (1)      2  : 0.3628 0.0415 0.0634 0.5323
648      648   (1)      2  : 0.1527 0.1048 0.4778 0.2647
649      649   (0)      2  : 0.5799 0.0569 0.1393 0.2240
650      650   (1)      2  : 0.3604 0.0251 0.1638 0.4506
651      651   (5)      2  : 0.0443 0.8620 0.0579 0.0359
652      652   (1)      2  : 0.2473 0.1689 0.2981 0.2857
653      653   (3)      2  : 0.2841 0.0944 0.4165 0.2050
654      654   (1)      2  : 0.3684 0.1262 0.0860 0.4194
655      655   (2)      2  : 0.3387 0.3068 0.1373 0.2173
656      656   (0)      2  : 0.2809 0.0373 0.1183 0.5635
657      657   (0)      2  : 0.2899 0.0634 0.3789 0.2679
658      658   (0)      2  : 0.4508 0.0698 0.1853 0.2941
659      659   (5)      2  : 0.3391 0.0201 0.3678 0.2730
660      660   (3)      2  : 0.3871 0.1584 0.1654 0.2891
661      661   (2)      2  : 0.2131 0.0302 0.4483 0.3084
662      662   (1)      2  : 0.1168 0.0993 0.4781 0.3058
663      663   (2)      2  : 0.2607 0.3145 0.2468 0.1780
664      664   (0)      2  : 0.2468 0.0569 0.4344 0.2620
665      665   (0)      2  : 0.1520 0.1217 0.5131 0.2132
666      666   (0)      2  : 0.0760 0.8101 0.0466 0.0673
667      667   (0)      2  : 0.2356 0.3880 0.2475 0.1289
668      668   (2)      2  : 0.3266 0.2798 0.0985 0.2951
669      669   (4)      2  : 0.5284 0.1450 0.0785 0.2481
670      670   (6)      2  : 0.6541 0.0499 0.0365 0.2596
671      671   (3)      2  : 0.0454 0.0371 0.8457 0.0719
672      672   (0)      2  : 0.1557 0.0315 0.6361 0.1768
673      673   (4)      2  : 0.3803 0.0346 0.4057 0.1794
674      674   (0)      2  : 0.3262 0.1361 0.2919 0.2458
675      675   (0)      2  : 0.2796 0.0559 0.3048 0.3598
676      676   (1)      2  : 0.2193 0.0661 0.3209 0.3936
677      677   (3)      2  : 0.4153 0.2873 0.1049 0.1925
678      678   (6)      2  : 0.2290 0.0442 0.5827 0.1441
679      679   (1)      2  : 0.4573 0.2352 0.0432 0.2642
680      680   (1)      2  : 0.1220 0.0632 0.5542 0.2606
681      681   (1)      2  : 0.2671 0.3496 0.2743 0.1090
682      682   (1)      2  : 0.1539 0.4134 0.1900 0.2427
683      683   (0)      2  : 0.3412 0.0926 0.0515 0.5147
684      684   (0)      2  : 0.2608 0.0445 0.1236 0.5711
685      685   (0)      2  : 0.7084 0.0547 0.0679 0.1690
686      686   (0)      2  : 0.7243 0.0314 0.0826 0.1616
687      687   (3)      2  : 0.4476 0.0523 0.1664 0.3337
688      688   (1)      2  : 0.1410 0.3153 0.3041 0.2396
689      689   (1)      2  : 0.1464 0.5679 0.1597 0.1260
690      690   (5)      2  : 0.0809 0.1323 0.6602 0.1267
691      691   (5)      2  : 0.4140 0.2614 0.2257 0.0989
692      692   (0)      2  : 0.4645 0.2907 0.0830 0.1618
693      693   (2)      2  : 0.3066 0.0401 0.3845 0.2688
694      694   (0)      2  : 0.1579 0.0284 0.7186 0.0950
695      695   (0)      2  : 0.4045 0.3610 0.0933 0.1412
696      696   (0)      2  : 0.8233 0.0256 0.0276 0.1234
697      697   (2)      2  : 0.1753 0.0941 0.5424 0.1882
698      698   (0)      2  : 0.2642 0.0230 0.4212 0.2917
699      699   (1)      2  : 0.0856 0.1231 0.6630 0.1283
700      700   (0)      2  : 0.2459 0.1207 0.0557 0.5776
701      701   (0)      2  : 0.3327 0.0914 0.3955 0.1805
702      702   (1)      2  : 0.2940 0.3658 0.2508 0.0894
703      703   (1)      2  : 0.5296 0.2282 0.0380 0.2042
704      704   (0)      2  : 0.2089 0.5722 0.1098 0.1091
705      705   (0)      2  : 0.2012 0.0430 0.2328 0.5230
706      706   (0)      2  : 0.2852 0.3849 0.1984 0.1314
707      707   (1)      2  : 0.0608 0.0444 0.8306 0.0643
708      708   (1)      2  : 0.1642 0.1946 0.2809 0.3603
709      709   (0)      2  : 0.2479 0.4255 0.1799 0.1467
710      710   (0)      2  : 0.2762 0.0930 0.2292 0.4016
711      711   (0)      2  : 0.2803 0.2569 0.0615 0.4013
712      712   (1)      2  : 0.3755 0.0702 0.1624 0.3919
713      713   (0)      2  : 0.6427 0.1082 0.1119 0.1372
714      714   (0)      2  : 0.1853 0.0828 0.0625 0.6695
715      715   (0)      2  : 0.3877 0.1452 0.0701 0.3970
716      716   (0)      2  : 0.1824 0.5561 0.1187 0.1428
717      717   (1)      2  : 0.2072 0.1029 0.5739 0.1160
718      718   (1)      2  : 0.1556 0.0576 0.6193 0.1675
719      719   (7)      2  : 0.1391 0.0232 0.7322 0.1055
720      720   (2)      2  : 0.2762 0.0815 0.0783 0.5640
721      721   (1)      2  : 0.2293 0.0649 0.4581 0.2477
722      722   (0)      2  : 0.5092 0.0641 0.2359 0.1908
723      723   (1)      2  : 0.1554 0.0577 0.6067 0.1802
724      724   (0)      2  : 0.2826 0.4866 0.0616 0.1692
725      725   (0)      2  : 0.1668 0.0675 0.2324 0.5333
726      726   (0)      2  : 0.2866 0.0585 0.2772 0.3776
727      727   (1)      2  : 0.0685 0.0761 0.7977 0.0577
728      728   (0)      2  : 0.1607 0.2700 0.3554 0.2139
729      729   (1)      2  : 0.1811 0.0690 0.3109 0.4390
730      730   (0)      2  : 0.4475 0.1625 0.1283 0.2617
731      731   (2)      2  : 0.1005 0.7050 0.0992 0.0952
732      732   (1)      2  : 0.0664 0.2679 0.5784 0.0873
733      733   (0)      2  : 0.5087 0.0436 0.0978 0.3499
734      734   (0)      2  : 0.2268 0.0468 0.0856 0.6408
735      735   (0)      2  : 0.2116 0.0390 0.3551 0.3943
736      736   (0)      2  : 0.4924 0.1617 0.0645 0.2814
737      737   (0)      2  : 0.6040 0.1103 0.0867 0.1990
738      738   (0)      2  : 0.2348 0.2884 0.1603 0.3165
739      739   (0)      2  : 0.1519 0.1344 0.3727 0.3410
740      740   (0)      2  : 0.1865 0.0180 0.3397 0.4558
741      741   (0)      2  : 0.5121 0.2616 0.0760 0.1504
742      742   (0)      2  : 0.3400 0.1142 0.2765 0.2694
743      743   (0)      2  : 0.7066 0.0576 0.0409 0.1949
744      744   (0)      2  : 0.1865 0.0304 0.1199 0.6633
745      745   (0)      2  : 0.4162 0.0479 0.1046 0.4313
746      746   (0)      2  : 0.2128 0.5206 0.0673 0.1993
747      747   (0)      2  : 0.0370 0.8998 0.0209 0.0424
748      748   (2)      2  : 0.7324 0.1131 0.0346 0.1199
749      749   (5)      2  : 0.1363 0.2950 0.4777 0.0910
750      750   (1)      2  : 0.2884 0.0996 0.1389 0.4731
751      751   (0)      2  : 0.3534 0.3540 0.0394 0.2532
752      752   (3)      2  : 0.6047 0.0251 0.1660 0.2042
753      753   (0)      2  : 0.7740 0.0246 0.0286 0.1727
754      754   (0)      2  : 0.4563 0.0571 0.1493 0.3373
755      755   (0)      2  : 0.0481 0.0364 0.8746 0.0409
756      756   (0)      2  : 0.5011 0.1909 0.0568 0.2512
757      757   (0)      2  : 0.2779 0.0778 0.4527 0.1917
758      758   (1)      2  : 0.1845 0.1695 0.1460 0.5001
759      759   (0)      2  : 0.4291 0.1187 0.2137 0.2385
760      760   (0)      2  : 0.2310 0.3877 0.1479 0.2335
761      761   (0)      2  : 0.6429 0.0185 0.0435 0.2951
762      762   (0)      2  : 0.5189 0.0375 0.0588 0.3849
763      763   (0)      2  : 0.3961 0.2468 0.1255 0.2316
764      764   (0)      4  : 0.3198 0.0703 0.1638 0.4461
765      765   (0)      2  : 0.6254 0.0934 0.1060 0.1752
766      766   (0)      4  : 0.4199 0.0300 0.1183 0.4318
767      767   (0)      4  : 0.7491 0.0235 0.0419 0.1855
768      768   (0)      4  : 0.6830 0.0782 0.0487 0.1901
769      769   (0)      2  : 0.4283 0.0520 0.2735 0.2462
770      770   (0)      4  : 0.5899 0.0562 0.1007 0.2531
771      771   (1)      3  : 0.2258 0.0514 0.5654 0.1574
772      772   (0)      2  : 0.6563 0.0494 0.0837 0.2106
773      773   (0)      3  : 0.0933 0.1864 0.5514 0.1689
774      774   (0)      3  : 0.0590 0.0469 0.8155 0.0786
775      775   (0)      3  : 0.0310 0.0243 0.9027 0.0420
776      776   (0)      3  : 0.0390 0.0817 0.8342 0.0451
777      777   (0)      3  : 0.0396 0.0300 0.8800 0.0504
778      778   (3)      4  : 0.3009 0.1602 0.0382 0.5006
779      779   (1)      2  : 0.3988 0.1187 0.1924 0.2901
780      780   (0)      4  : 0.4282 0.0774 0.1462 0.3482
781      781   (0)      4  : 0.6935 0.0423 0.0630 0.2013
782      782   (0)      4  : 0.1771 0.0932 0.1326 0.5971
783      783   (0)      4  : 0.5303 0.1628 0.0503 0.2566
784      784   (0)      2  : 0.1397 0.5529 0.1708 0.1367
785      785   (0)      4  : 0.7271 0.0622 0.0436 0.1671
786      786   (0)      3  : 0.1605 0.3498 0.2740 0.2157
787      787   (0)      3  : 0.0371 0.0394 0.8904 0.0330
788      788   (0)      3  : 0.0542 0.0215 0.8119 0.1124
789      789   (0)      3  : 0.2212 0.0804 0.5812 0.1173
790      790   (1)      3  : 0.0909 0.0523 0.7677 0.0891
791      791   (0)      3  : 0.1556 0.0525 0.4769 0.3150
792      792   (2)      4  : 0.4318 0.0385 0.1766 0.3531
793      793   (4)      4  : 0.3328 0.0728 0.1098 0.4847
794      794   (0)      4  : 0.5398 0.0233 0.2528 0.1841
795      795   (2)      4  : 0.3722 0.1871 0.0779 0.3629
796      796   (0)      4  : 0.4121 0.0789 0.1852 0.3238
797      797   (1)      2  : 0.2151 0.3647 0.1436 0.2766
798      798   (0)      4  : 0.2879 0.1949 0.2269 0.2904
799      799   (1)      3  : 0.1254 0.1223 0.6380 0.1143
800      800   (0)      2  : 0.1285 0.1093 0.5829 0.1793
801      801   (1)      3  : 0.2372 0.0411 0.4988 0.2228
802      802   (1)      3  : 0.0340 0.1391 0.7959 0.0310
803      803   (0)      3  : 0.0596 0.0334 0.8453 0.0616
804      804   (0)      3  : 0.0396 0.0276 0.8951 0.0376
805      805   (0)      4  : 0.1748 0.0740 0.1109 0.6403
806      806   (1)      4  : 0.6399 0.0299 0.0760 0.2543
807      807   (0)      4  : 0.1379 0.0793 0.1525 0.6304
808      808   (0)      4  : 0.2934 0.0800 0.0661 0.5605
809      809   (0)      2  : 0.1722 0.0951 0.5480 0.1847
810      810   (0)      4  : 0.5371 0.0671 0.1048 0.2910
811      811   (0)      2  : 0.1694 0.0835 0.1665 0.5806
812      812   (1)      3  : 0.2668 0.0554 0.4075 0.2704
813      813   (0)      3  : 0.0818 0.0179 0.7972 0.1031
814      814   (0)      3  : 0.0568 0.1654 0.6192 0.1585
815      815   (0)      3  : 0.0393 0.0574 0.8269 0.0765
816      816   (0)      3  : 0.0612 0.0537 0.8121 0.0729
817      817   (6)      4  : 0.3828 0.0804 0.1170 0.4199
818      818   (0)      2  : 0.2620 0.4205 0.1100 0.2075
819      819   (2)      4  : 0.4203 0.0509 0.2049 0.3239
820      820   (1)      4  : 0.4520 0.0505 0.1300 0.3675
821      821   (2)      4  : 0.4407 0.1490 0.0704 0.3400
822      822   (0)      4  : 0.5631 0.0606 0.0634 0.3129
823      823   (0)      2  : 0.5872 0.1107 0.0604 0.2417
824      824   (0)      4  : 0.5826 0.0671 0.0810 0.2693
825      825   (0)      2  : 0.0878 0.8017 0.0318 0.0788
826      826   (1)      3  : 0.0491 0.0207 0.8953 0.0349
827      827   (0)      2  : 0.0505 0.8226 0.0759 0.0510
828      828   (0)      3  : 0.1668 0.0603 0.5786 0.1943
829      829   (0)      3  : 0.0734 0.0749 0.7526 0.0991
830      830   (0)      3  : 0.0635 0.0926 0.7724 0.0715
831      831   (0)      3  : 0.0445 0.0211 0.8934 0.0410
832      832   (0)      4  : 0.2596 0.0941 0.3514 0.2949
833      833   (0)      2  : 0.6115 0.0339 0.2059 0.1488
834      834   (2)      4  : 0.2601 0.0390 0.0591 0.6418
835      835   (0)      4  : 0.4821 0.0956 0.2005 0.2218
836      836   (4)      4  : 0.4038 0.0395 0.0624 0.4944
837      837   (0)      4  : 0.2441 0.1231 0.2120 0.4207
838      838   (0)      2  : 0.3097 0.2072 0.1508 0.3323
839      839   (0)      2  : 0.2130 0.1545 0.2502 0.3823
840      840   (1)      3  : 0.1081 0.1033 0.6788 0.1098
841      841   (0)      3  : 0.0452 0.0621 0.8555 0.0371
842      842   (0)      3  : 0.0550 0.0125 0.8874 0.0451
843      843   (1)      3  : 0.0499 0.0225 0.8903 0.0374
844      844   (0)      3  : 0.0436 0.0241 0.8884 0.0439
845      845   (1)      2  : 0.6863 0.0362 0.0786 0.1988
846      846   (2)      4  : 0.2529 0.0470 0.0532 0.6469
847      847   (0)      4  : 0.4529 0.1329 0.1329 0.2813
848      848   (1)      4  : 0.1651 0.0951 0.3678 0.3720
849      849   (0)      4  : 0.6738 0.0703 0.0721 0.1838
850      850   (0)      3  : 0.1119 0.1561 0.6023 0.1297
851      851   (0)      3  : 0.1160 0.0355 0.8005 0.0480
852      852   (0)      3  : 0.0537 0.0236 0.8698 0.0529
853      853   (1)      3  : 0.1026 0.0439 0.8040 0.0495
854      854   (1)      3  : 0.0406 0.0154 0.8987 0.0453
855      855   (0)      2  : 0.0843 0.4847 0.2978 0.1332
856      856   (0)      4  : 0.3340 0.0324 0.0783 0.5553
857      857   (0)      4  : 0.2404 0.0520 0.2060 0.5016
858      858   (0)      4  : 0.2889 0.0645 0.1553 0.4913
859      859   (0)      2  : 0.2713 0.1946 0.3804 0.1537
860      860   (0)      2  : 0.2825 0.0505 0.1506 0.5164
861      861   (0)      3  : 0.1172 0.0467 0.6078 0.2282
862      862   (0)      3  : 0.0346 0.0515 0.8684 0.0455
863      863   (0)      3  : 0.0366 0.0139 0.9068 0.0427
864      864   (0)      3  : 0.2790 0.0245 0.5858 0.1106
865      865   (0)      3  : 0.1135 0.0314 0.7880 0.0671
866      866   (0)      2  : 0.1464 0.6273 0.1030 0.1233
867      867   (0)      2  : 0.3286 0.3852 0.1022 0.1839
868      868   (0)      2  : 0.1051 0.0693 0.7437 0.0818
869      869   (0)      2  : 0.0304 0.8670 0.0545 0.0481
870      870   (0)      2  : 0.0985 0.0454 0.6692 0.1869
871      871   (0)      2  : 0.5444 0.1439 0.0677 0.2440
872      872   (0)      2  : 0.1035 0.0776 0.5954 0.2235
873      873   (0)      2  : 0.3923 0.1451 0.0569 0.4057
874      874   (0)      2  : 0.0389 0.8792 0.0497 0.0322
875      875   (0)      2  : 0.0587 0.6587 0.2155 0.0671
876      876   (1)      2  : 0.0830 0.8023 0.0317 0.0830
877      877   (0)      2  : 0.5731 0.0648 0.0695 0.2926
878      878   (0)      2  : 0.4115 0.0757 0.2209 0.2919
879      879   (0)      2  : 0.3463 0.0453 0.1540 0.4544
880      880   (0)      2  : 0.4814 0.1114 0.0737 0.3335
881      881   (0)      2  : 0.1266 0.4738 0.2091 0.1905
882      882   (1)      2  : 0.1422 0.4626 0.1940 0.2012
883      883   (0)      2  : 0.2310 0.1673 0.2442 0.3575
884      884   (3)      2  : 0.0984 0.4847 0.3557 0.0613
885      885   (0)      2  : 0.5533 0.0468 0.2084 0.1915
886      886   (0)      2  : 0.0416 0.8834 0.0404 0.0346
887      887   (0)      2  : 0.5781 0.0407 0.0569 0.3242
888      888   (0)      2  : 0.7295 0.0492 0.0227 0.1985
889      889   (0)      2  : 0.2527 0.2465 0.1136 0.3872
890      890   (0)      2  : 0.4292 0.0899 0.1763 0.3047
891      891   (0)      2  : 0.2229 0.1106 0.5635 0.1030
892      892   (0)      2  : 0.4582 0.1552 0.1839 0.2027
893      893   (0)      2  : 0.2212 0.2114 0.0784 0.4890
894      894   (0)      2  : 0.4144 0.0238 0.1059 0.4560
895      895   (0)      2  : 0.1589 0.0354 0.6674 0.1384
896      896   (0)      2  : 0.3461 0.0531 0.3158 0.2850
897      897   (6)      2  : 0.0500 0.8692 0.0310 0.0498
898      898   (1)      2  : 0.1441 0.0456 0.1776 0.6326
899      899   (0)      2  : 0.3134 0.1167 0.2597 0.3102
900      900   (0)      2  : 0.1328 0.0306 0.7338 0.1027
901      901   (0)      2  : 0.5758 0.1885 0.0670 0.1687
902      902   (1)      2  : 0.2050 0.4378 0.1381 0.2192
903      903   (0)      2  : 0.0988 0.5096 0.2800 0.1116
904      904   (1)      2  : 0.6584 0.0434 0.0616 0.2366
905      905   (0)      2  : 0.3817 0.1191 0.0401 0.4590
906      906   (0)      2  : 0.3629 0.0382 0.1549 0.4440
907      907   (0)      2  : 0.1896 0.0490 0.5585 0.2029
908      908   (0)      2  : 0.3197 0.3854 0.0489 0.2460
909      909   (1)      2  : 0.0275 0.9245 0.0220 0.0260
910      910   (2)      2  : 0.5686 0.0284 0.1266 0.2764
911      911   (1)      2  : 0.0535 0.0370 0.8463 0.0631
912      912   (0)      2  : 0.0570 0.0504 0.8258 0.0669
913      913   (0)      2  : 0.0421 0.8584 0.0551 0.0444
914      914   (0)      2  : 0.3966 0.1006 0.2343 0.2685
915      915   (0)      2  : 0.2485 0.1368 0.1571 0.4576
916      916   (0)      2  : 0.1283 0.1035 0.6825 0.0858
917      917   (0)      2  : 0.0754 0.5728 0.2020 0.1499
918      918   (0)      2  : 0.1988 0.4680 0.0395 0.2937
919      919   (0)      2  : 0.0515 0.8546 0.0387 0.0552
920      920   (0)      2  : 0.1225 0.0805 0.5442 0.2528
921      921   (1)      2  : 0.0606 0.0349 0.8281 0.0764
922      922   (0)      2  : 0.3825 0.0370 0.0956 0.4848
923      923   (0)      2  : 0.6415 0.0783 0.0440 0.2362
924      924   (0)      2  : 0.5839 0.0546 0.0520 0.3094
925      925   (0)      2  : 0.2738 0.3659 0.1106 0.2497
926      926   (0)      2  : 0.0614 0.8478 0.0407 0.0501
927      927   (1)      2  : 0.3820 0.3239 0.0372 0.2569
928      928   (0)      2  : 0.0464 0.8502 0.0593 0.0441
929      929   (0)      2  : 0.0359 0.8859 0.0345 0.0437
930      930   (0)      2  : 0.4438 0.1158 0.1940 0.2464
931      931   (0)      2  : 0.0520 0.8024 0.0787 0.0669
932      932   (0)      2  : 0.0312 0.8584 0.0754 0.0350
933      933   (0)      2  : 0.3779 0.0605 0.1952 0.3664
934      934   (0)      2  : 0.0544 0.1334 0.7217 0.0905
935      935   (0)      2  : 0.1596 0.0942 0.0690 0.6772
936      936   (1)      2  : 0.0407 0.8168 0.0940 0.0485
937      937   (1)      2  : 0.0379 0.1905 0.7251 0.0465
938      938   (0)      2  : 0.2128 0.1719 0.0924 0.5228
939      939   (0)      2  : 0.0446 0.8629 0.0347 0.0577
940      940   (1)      2  : 0.2633 0.2388 0.0906 0.4073
941      941   (0)      2  : 0.2112 0.5469 0.0618 0.1801
942      942   (0)      2  : 0.0626 0.7808 0.0660 0.0906
943      943   (0)      2  : 0.5194 0.0178 0.0847 0.3782
944      944   (0)      2  : 0.0520 0.8451 0.0404 0.0625
945      945   (0)      2  : 0.1584 0.1917 0.4526 0.1974
946      946   (0)      2  : 0.3427 0.0426 0.1900 0.4247
947      947   (0)      2  : 0.1416 0.4878 0.1414 0.2292
948      948   (0)      2  : 0.6934 0.0385 0.0634 0.2047
949      949   (0)      2  : 0.0398 0.8090 0.1092 0.0421
950      950   (0)      2  : 0.2358 0.0571 0.2529 0.4542
951      951   (0)      2  : 0.5057 0.0337 0.1491 0.3114
952      952   (0)      2  : 0.5921 0.0574 0.1172 0.2332
953      953   (0)      2  : 0.1441 0.2608 0.3098 0.2853
954      954   (0)      2  : 0.0735 0.6257 0.1785 0.1223
955      955   (0)      2  : 0.3214 0.3484 0.1193 0.2108
956      956   (0)      2  : 0.0644 0.0615 0.7998 0.0743
957      957   (1)      2  : 0.4539 0.0381 0.2057 0.3023
958      958   (0)      2  : 0.3543 0.1147 0.0807 0.4502
959      959   (4)      2  : 0.1081 0.5091 0.1722 0.2106
960      960   (0)      2  : 0.0471 0.8585 0.0393 0.0551
961      961   (1)      2  : 0.0299 0.9154 0.0276 0.0271
962      962   (0)      2  : 0.2106 0.4369 0.1432 0.2093
963      963   (0)      2  : 0.3295 0.1250 0.2724 0.2730
964      964   (0)      2  : 0.3815 0.1189 0.2530 0.2467
965      965   (0)      2  : 0.1680 0.0561 0.1010 0.6750
966      966   (0)      2  : 0.0371 0.8934 0.0235 0.0460
967      967   (0)      2  : 0.1833 0.0489 0.6130 0.1549
968      968   (0)      2  : 0.5606 0.0578 0.1264 0.2552
969      969   (0)      2  : 0.3143 0.0938 0.1876 0.4044
970      970   (0)      2  : 0.1146 0.4253 0.3030 0.1570
971      971   (0)      2  : 0.1245 0.5604 0.2081 0.1071
972      972   (0)      2  : 0.1114 0.4978 0.2163 0.1745
973      973   (0)      2  : 0.5288 0.0686 0.1004 0.3022
974      974   (5)      2  : 0.1824 0.1451 0.1509 0.5217
975      975   (0)      2  : 0.1822 0.0343 0.0509 0.7326
976      976   (0)      2  : 0.1832 0.0666 0.6156 0.1345
977      977   (0)      2  : 0.1093 0.7502 0.0638 0.0768
978      978   (0)      2  : 0.0241 0.9315 0.0192 0.0251
979      979   (0)      2  : 0.0379 0.8732 0.0492 0.0397
980      980   (0)      2  : 0.1077 0.2094 0.3905 0.2924
981      981   (0)      2  : 0.0376 0.8632 0.0594 0.0398
982      982   (3)      2  : 0.0846 0.7644 0.0784 0.0726
983      983   (0)      2  : 0.0390 0.0567 0.8497 0.0546
984      984   (0)      2  : 0.5795 0.2561 0.0305 0.1339
985      985   (0)      2  : 0.2209 0.0481 0.5675 0.1635
986      986   (0)      2  : 0.3522 0.0538 0.1779 0.4162
987      987   (1)      2  : 0.1411 0.0576 0.6246 0.1766
988      988   (0)      2  : 0.0510 0.8250 0.0726 0.0514
989      989   (0)      2  : 0.0402 0.1144 0.7909 0.0545
990      990   (0)      2  : 0.1000 0.0883 0.4984 0.3133
991      991   (0)      2  : 0.0436 0.8756 0.0315 0.0492
992      992   (0)      2  : 0.5726 0.0660 0.0750 0.2864
993      993   (0)      2  : 0.1359 0.1599 0.5371 0.1672
994      994   (1)      2  : 0.0841 0.1200 0.6374 0.1585
995      995   (1)      2  : 0.1654 0.4423 0.0709 0.3215
996      996   (0)      2  : 0.1806 0.2856 0.1443 0.3895
997      997   (1)      2  : 0.0229 0.9285 0.0234 0.0253
998      998   (0)      2  : 0.1740 0.3075 0.3082 0.2103
999      999   (1)      2  : 0.0645 0.7666 0.0755 0.0934
1000     1000   (0)      2  : 0.2453 0.0891 0.1940 0.4716
