1        1   (0)      1  : 0.4241 0.0521 0.5238
2        2   (0)      1  : 0.1939 0.2172 0.5889
3        3   (0)      1  : 0.2231 0.1957 0.5812
4        4   (0)      1  : 0.5268 0.0758 0.3974
5        5   (1)      1  : 0.0379 0.9330 0.0291
6        6   (0)      1  : 0.4110 0.3695 0.2196
7        7   (0)      1  : 0.3542 0.3566 0.2891
8        8   (0)      1  : 0.4356 0.0593 0.5051
9        9   (0)      1  : 0.2067 0.4139 0.3793
10       10   (0)      1  : 0.1562 0.5507 0.2931
11       11   (0)      1  : 0.5080 0.1660 0.3260
12       12   (0)      1  : 0.6026 0.2403 0.1572
13       13   (0)      1  : 0.5012 0.0964 0.4023
14       14   (0)      1  : 0.3552 0.5655 0.0793
15       15   (0)      1  : 0.3773 0.5284 0.0943
16       16   (0)      1  : 0.4107 0.2321 0.3572
17       17   (0)      1  : 0.7121 0.2073 0.0806
18       18   (2)      1  : 0.2440 0.0814 0.6746
19       19   (1)      1  : 0.4198 0.1630 0.4172
20       20   (0)      1  : 0.4912 0.3754 0.1335
21       21   (1)      1  : 0.2773 0.4155 0.3072
22       22   (0)      1  : 0.1848 0.1885 0.6267
23       23   (0)      1  : 0.2290 0.4629 0.3081
24       24   (0)      1  : 0.1165 0.0514 0.8321
25       25   (0)      1  : 0.3865 0.3857 0.2279
26       26   (0)      1  : 0.2199 0.2518 0.5283
27       27   (1)      1  : 0.6944 0.1537 0.1519
28       28   (0)      1  : 0.0763 0.0877 0.8360
29       29   (0)      1  : 0.4219 0.1883 0.3898
30       30   (0)      1  : 0.1090 0.7582 0.1328
31       31   (0)      1  : 0.4759 0.1370 0.3872
32       32   (0)      1  : 0.2499 0.2911 0.4591
33       33   (1)      1  : 0.2498 0.2177 0.5324
34       34   (0)      1  : 0.2376 0.6033 0.1591
35       35   (0)      1  : 0.2228 0.1719 0.6054
36       36   (0)      1  : 0.3946 0.3473 0.2581
37       37   (0)      1  : 0.1380 0.2489 0.6130
38       38   (0)      1  : 0.1060 0.5250 0.3690
39       39   (0)      1  : 0.4917 0.2642 0.2441
40       40   (0)      1  : 0.4190 0.4528 0.1281
41       41   (1)      1  : 0.6721 0.1240 0.2038
42       42   (0)      1  : 0.0996 0.8471 0.0533
43       43   (0)      1  : 0.4368 0.1363 0.4268
44       44   (6)      1  : 0.4638 0.1298 0.4064
45       45   (1)      1  : 0.1674 0.4531 0.3795
46       46   (0)      1  : 0.1868 0.1916 0.6216
47       47   (0)      1  : 0.1435 0.1604 0.6960
48       48   (0)      1  : 0.5035 0.1328 0.3637
49       49   (0)      1  : 0.3600 0.0965 0.5435
50       50   (0)      1  : 0.8074 0.0747 0.1179
51       51   (2)      1  : 0.1306 0.7749 0.0945
52       52   (0)      1  : 0.0669 0.8611 0.0720
53       53   (1)      1  : 0.1275 0.0962 0.7763
54       54   (0)      1  : 0.2001 0.1811 0.6189
55       55   (3)      1  : 0.5957 0.2115 0.1928
56       56   (0)      1  : 0.1434 0.1992 0.6574
57       57   (0)      1  : 0.1586 0.0612 0.7802
58       58   (0)      1  : 0.1415 0.7404 0.1180
59       59   (0)      1  : 0.2415 0.0617 0.6968
60       60   (1)      1  : 0.4597 0.2928 0.2475
61       61   (0)      1  : 0.2230 0.1453 0.6318
62       62   (0)      1  : 0.5262 0.1171 0.3567
63       63   (0)      1  : 0.1546 0.3536 0.4918
64       64   (2)      1  : 0.5575 0.1952 0.2473
65       65   (0)      1  : 0.5321 0.1268 0.3411
66       66   (3)      1  : 0.3898 0.4755 0.1348
67       67   (0)      1  : 0.2089 0.0954 0.6958
68       68   (1)      1  : 0.2288 0.1740 0.5972
69       69   (2)      1  : 0.0925 0.3575 0.5500
70       70   (0)      1  : 0.3690 0.1031 0.5279
71       71   (0)      1  : 0.4704 0.1193 0.4103
72       72   (4)      1  : 0.6160 0.0887 0.2953
73       73   (0)      1  : 0.1703 0.3542 0.4755
74       74   (0)      1  : 0.8124 0.0857 0.1019
75       75   (0)      1  : 0.3157 0.2678 0.4166
76       76   (0)      1  : 0.1067 0.1347 0.7586
77       77   (1)      1  : 0.0485 0.9127 0.0388
78       78   (0)      1  : 0.5785 0.1346 0.2869
79       79   (2)      1  : 0.3224 0.1750 0.5025
80       80   (1)      1  : 0.1397 0.7289 0.1314
81       81   (2)      1  : 0.2465 0.5614 0.1921
82       82   (1)      1  : 0.1544 0.0552 0.7904
83       83   (0)      1  : 0.2377 0.1479 0.6144
84       84   (0)      1  : 0.3954 0.3640 0.2406
85       85   (5)      1  : 0.3796 0.1100 0.5104
86       86   (0)      1  : 0.6553 0.2608 0.0839
87       87   (1)      1  : 0.2238 0.1351 0.6410
88       88   (0)      2  : 0.0820 0.8544 0.0636
89       89   (0)      2  : 0.4907 0.2295 0.2798
90       90   (0)      2  : 0.0581 0.8952 0.0467
91       91   (1)      2  : 0.4616 0.0456 0.4929
92       92   (0)      2  : 0.1427 0.1460 0.7114
93       93   (0)      2  : 0.1122 0.0510 0.8368
94       94   (0)      2  : 0.5356 0.3290 0.1353
95       95   (0)      2  : 0.5205 0.3087 0.1708
96       96   (0)      2  : 0.6179 0.1959 0.1862
97       97   (0)      2  : 0.0695 0.2595 0.6710
98       98   (0)      2  : 0.5397 0.1079 0.3524
99       99   (0)      2  : 0.1733 0.1926 0.6341
100      100   (1)      2  : 0.5156 0.1551 0.3293
101      101   (0)      2  : 0.1307 0.5801 0.2892
102      102   (0)      2  : 0.5714 0.2238 0.2048
103      103   (0)      2  : 0.2633 0.3151 0.4215
104      104   (0)      2  : 0.1857 0.0918 0.7224
105      105   (0)      2  : 0.1650 0.2771 0.5579
106      106   (0)      2  : 0.0366 0.9028 0.0606
107      107   (1)      2  : 0.4687 0.2451 0.2863
108      108   (0)      2  : 0.3312 0.1677 0.5011
109      109   (0)      2  : 0.5398 0.3586 0.1016
110      110   (0)      2  : 0.1102 0.4056 0.4843
111      111   (1)      2  : 0.1385 0.2055 0.6561
112      112   (2)      2  : 0.5779 0.2590 0.1631
113      113   (0)      2  : 0.1658 0.7098 0.1243
114      114   (3)      2  : 0.4428 0.1561 0.4010
115      115   (1)      2  : 0.1944 0.1519 0.6537
116      116   (0)      2  : 0.4710 0.2588 0.2701
117      117   (0)      2  : 0.4451 0.3480 0.2068
118      118   (0)      2  : 0.4451 0.0794 0.4755
119      119   (2)      2  : 0.6356 0.1490 0.2154
120      120   (0)      2  : 0.1283 0.0507 0.8210
121      121   (0)      2  : 0.6839 0.1354 0.1807
122      122   (0)      2  : 0.4019 0.1786 0.4195
123      123   (0)      2  : 0.5173 0.0741 0.4086
124      124   (0)      2  : 0.4939 0.2967 0.2095
125      125   (0)      2  : 0.1851 0.2284 0.5865
126      126   (1)      2  : 0.1583 0.7460 0.0958
127      127   (0)      2  : 0.7108 0.1189 0.1704
128      128   (1)      2  : 0.1342 0.1260 0.7399
129      129   (0)      2  : 0.1834 0.4469 0.3696
130      130   (2)      2  : 0.7487 0.1474 0.1039
131      131   (0)      2  : 0.2511 0.2250 0.5238
132      132   (1)      2  : 0.1984 0.1254 0.6762
133      133   (0)      2  : 0.4732 0.0942 0.4326
134      134   (0)      2  : 0.4416 0.2212 0.3371
135      135   (1)      2  : 0.0732 0.0728 0.8540
136      136   (3)      2  : 0.5037 0.1171 0.3792
137      137   (0)      2  : 0.5425 0.3333 0.1242
138      138   (0)      2  : 0.1543 0.7698 0.0759
139      139   (2)      2  : 0.5975 0.0820 0.3205
140      140   (2)      2  : 0.5189 0.2363 0.2449
141      141   (0)      2  : 0.2637 0.4497 0.2867
142      142   (0)      2  : 0.2509 0.4371 0.3119
143      143   (0)      2  : 0.1020 0.1332 0.7648
144      144   (0)      2  : 0.6020 0.0617 0.3363
145      145   (0)      2  : 0.7392 0.1060 0.1547
146      146   (1)      2  : 0.1396 0.1675 0.6929
147      147   (0)      2  : 0.4783 0.1934 0.3282
148      148   (0)      2  : 0.5527 0.0715 0.3758
149      149   (1)      2  : 0.1913 0.1875 0.6213
150      150   (1)      2  : 0.1903 0.1468 0.6629
151      151   (0)      2  : 0.3458 0.2826 0.3717
152      152   (0)      2  : 0.5414 0.1410 0.3176
153      153   (0)      2  : 0.0783 0.0995 0.8222
154      154   (1)      2  : 0.6381 0.1845 0.1774
155      155   (0)      2  : 0.3310 0.2245 0.4446
156      156   (1)      2  : 0.4130 0.2384 0.3486
157      157   (0)      2  : 0.3267 0.1949 0.4785
158      158   (0)      2  : 0.4331 0.0610 0.5059
159      159   (0)      2  : 0.7484 0.1269 0.1247
160      160   (0)      2  : 0.3463 0.1643 0.4895
161      161   (0)      2  : 0.3578 0.0766 0.5656
162      162   (0)      2  : 0.4934 0.1621 0.3445
163      163   (0)      2  : 0.1800 0.1137 0.7063
164      164   (0)      2  : 0.6781 0.0900 0.2319
165      165   (0)      2  : 0.5623 0.0703 0.3675
166      166   (0)      2  : 0.6287 0.1540 0.2173
167      167   (1)      2  : 0.2472 0.2131 0.5398
168      168   (0)      2  : 0.5253 0.1831 0.2916
169      169   (0)      2  : 0.0515 0.9158 0.0327
170      170   (0)      2  : 0.1240 0.1408 0.7351
171      171   (0)      2  : 0.7052 0.0836 0.2112
172      172   (0)      2  : 0.1436 0.4523 0.4042
173      173   (0)      2  : 0.0681 0.8753 0.0566
174      174   (0)      2  : 0.4501 0.1133 0.4365
175      175   (0)      2  : 0.6195 0.1039 0.2766
176      176   (0)      2  : 0.1673 0.2021 0.6306
177      177   (0)      2  : 0.1039 0.0408 0.8553
178      178   (0)      2  : 0.8132 0.1217 0.0651
179      179   (0)      2  : 0.2443 0.0657 0.6900
180      180   (0)      2  : 0.0628 0.8397 0.0975
181      181   (0)      2  : 0.5390 0.1753 0.2857
182      182   (0)      2  : 0.4192 0.3240 0.2567
183      183   (0)      2  : 0.6326 0.1002 0.2672
184      184   (0)      2  : 0.1404 0.6830 0.1766
185      185   (1)      2  : 0.5255 0.0470 0.4275
186      186   (0)      2  : 0.1366 0.1898 0.6736
187      187   (0)      2  : 0.7164 0.0875 0.1961
188      188   (0)      2  : 0.5383 0.1096 0.3521
189      189   (0)      2  : 0.1791 0.3180 0.5029
190      190   (0)      2  : 0.1350 0.1097 0.7553
191      191   (0)      2  : 0.1955 0.0990 0.7055
192      192   (0)      2  : 0.7886 0.1212 0.0902
193      193   (1)      2  : 0.4041 0.2827 0.3133
194      194   (0)      2  : 0.7936 0.0596 0.1468
195      195   (0)      2  : 0.1324 0.8034 0.0642
196      196   (0)      2  : 0.7357 0.1222 0.1421
197      197   (0)      2  : 0.2451 0.1612 0.5937
198      198   (0)      2  : 0.1163 0.7713 0.1124
199      199   (0)      2  : 0.6019 0.0834 0.3147
200      200   (0)      2  : 0.1517 0.1855 0.6627
201      201   (0)      2  : 0.6846 0.0756 0.2398
202      202   (0)      2  : 0.1246 0.0396 0.8358
203      203   (0)      2  : 0.4608 0.1322 0.4070
204      204   (0)      2  : 0.5358 0.1306 0.3336
205      205   (0)      2  : 0.4555 0.2786 0.2658
206      206   (0)      2  : 0.0703 0.8556 0.0741
207      207   (0)      2  : 0.3881 0.4128 0.1990
208      208   (0)      2  : 0.7525 0.1060 0.1414
209      209   (0)      2  : 0.1207 0.5747 0.3046
210      210   (0)      2  : 0.0711 0.8848 0.0441
211      211   (0)      2  : 0.2936 0.3439 0.3624
212      212   (1)      2  : 0.1556 0.2905 0.5539
213      213   (1)      2  : 0.5358 0.1195 0.3447
214      214   (0)      2  : 0.6940 0.1370 0.1690
215      215   (0)      2  : 0.6488 0.0919 0.2593
216      216   (0)      2  : 0.1229 0.8118 0.0654
217      217   (0)      2  : 0.2772 0.5288 0.1940
218      218   (0)      2  : 0.2506 0.0971 0.6523
219      219   (0)      2  : 0.6545 0.2394 0.1061
220      220   (0)      2  : 0.4896 0.0434 0.4670
221      221   (0)      2  : 0.3230 0.4322 0.2447
222      222   (0)      2  : 0.2938 0.1073 0.5989
223      223   (0)      2  : 0.5821 0.1472 0.2707
224      224   (0)      2  : 0.7667 0.0813 0.1520
225      225   (0)      2  : 0.0446 0.9151 0.0403
226      226   (0)      2  : 0.4693 0.3896 0.1412
227      227   (1)      2  : 0.0498 0.8744 0.0758
228      228   (0)      2  : 0.7976 0.0968 0.1056
229      229   (1)      2  : 0.3935 0.1034 0.5031
230      230   (0)      2  : 0.2438 0.3666 0.3895
231      231   (0)      2  : 0.6025 0.2308 0.1667
232      232   (1)      2  : 0.4350 0.1504 0.4145
233      233   (0)      2  : 0.4126 0.3195 0.2680
234      234   (0)      2  : 0.0492 0.8857 0.0651
235      235   (0)      2  : 0.1284 0.6897 0.1820
236      236   (1)      2  : 0.5415 0.1006 0.3579
237      237   (0)      2  : 0.5219 0.1585 0.3196
238      238   (0)      2  : 0.6212 0.2281 0.1507
239      239   (0)      2  : 0.5031 0.2417 0.2552
240      240   (0)      2  : 0.4992 0.1478 0.3531
241      241   (0)      2  : 0.1990 0.2231 0.5779
242      242   (0)      2  : 0.5063 0.0738 0.4199
243      243   (0)      2  : 0.3041 0.1360 0.5599
244      244   (0)      2  : 0.2461 0.1722 0.5817
245      245   (0)      2  : 0.0450 0.9125 0.0425
246      246   (0)      2  : 0.1582 0.3295 0.5123
247      247   (0)      2  : 0.1495 0.6465 0.2040
248      248   (0)      2  : 0.1644 0.6236 0.2121
249      249   (0)      2  : 0.6025 0.2119 0.1855
250      250   (0)      2  : 0.4824 0.2223 0.2953
251      251   (0)      2  : 0.5721 0.1460 0.2819
252      252   (0)      2  : 0.0961 0.0983 0.8057
253      253   (0)      2  : 0.4490 0.2525 0.2986
254      254   (0)      2  : 0.2444 0.1681 0.5874
255      255   (0)      2  : 0.1916 0.0994 0.7090
256      256   (0)      2  : 0.1625 0.4361 0.4014
257      257   (0)      2  : 0.4957 0.2483 0.2560
258      258   (0)      1  : 0.3657 0.3246 0.3097
259      259   (1)      1  : 0.2799 0.5530 0.1671
260      260   (0)      1  : 0.7261 0.0837 0.1902
261      261   (0)      1  : 0.6427 0.1755 0.1817
262      262   (0)      1  : 0.4247 0.2642 0.3112
263      263   (0)      1  : 0.2328 0.1376 0.6296
264      264   (0)      1  : 0.5042 0.1872 0.3086
265      265   (0)      1  : 0.4241 0.1379 0.4381
266      266   (0)      1  : 0.7332 0.0753 0.1915
267      267   (0)      1  : 0.3990 0.3102 0.2908
268      268   (1)      1  : 0.1829 0.3034 0.5137
269      269   (1)      1  : 0.4725 0.3374 0.1901
270      270   (0)      1  : 0.2424 0.1043 0.6533
271      271   (0)      1  : 0.3318 0.4721 0.1962
272      272   (0)      1  : 0.5199 0.3395 0.1406
273      273   (0)      1  : 0.3895 0.1178 0.4927
274      274   (0)      1  : 0.0962 0.8088 0.0950
275      275   (0)      1  : 0.2696 0.2497 0.4808
276      276   (0)      1  : 0.5018 0.2022 0.2961
277      277   (0)      1  : 0.6523 0.2181 0.1296
278      278   (0)      1  : 0.3708 0.4765 0.1526
279      279   (0)      1  : 0.4950 0.3690 0.1360
280      280   (0)      1  : 0.2467 0.2709 0.4824
281      281   (0)      1  : 0.5793 0.1531 0.2676
282      282   (0)      1  : 0.3025 0.3290 0.3684
283      283   (0)      1  : 0.6877 0.1349 0.1774
284      284   (0)      1  : 0.5491 0.0804 0.3705
285      285   (0)      1  : 0.3683 0.1345 0.4972
286      286   (0)      1  : 0.5186 0.0716 0.4098
287      287   (0)      1  : 0.0305 0.9435 0.0260
288      288   (0)      1  : 0.1107 0.8089 0.0804
289      289   (0)      1  : 0.4726 0.3085 0.2188
290      290   (1)      1  : 0.0382 0.9187 0.0431
291      291   (0)      1  : 0.1798 0.5173 0.3029
292      292   (1)      1  : 0.4549 0.3462 0.1990
293      293   (0)      1  : 0.1550 0.0802 0.7648
294      294   (0)      1  : 0.3577 0.4990 0.1433
295      295   (0)      1  : 0.5235 0.0895 0.3870
296      296   (0)      1  : 0.6305 0.1136 0.2559
297      297   (0)      1  : 0.1242 0.8056 0.0702
298      298   (0)      1  : 0.7812 0.0824 0.1364
299      299   (0)      1  : 0.1924 0.4019 0.4057
300      300   (0)      1  : 0.5958 0.1160 0.2882
301      301   (0)      1  : 0.0612 0.8908 0.0480
302      302   (0)      1  : 0.3155 0.5696 0.1149
303      303   (0)      1  : 0.5446 0.2668 0.1886
304      304   (0)      1  : 0.4617 0.3134 0.2249
305      305   (0)      1  : 0.6194 0.1106 0.2700
306      306   (0)      1  : 0.1961 0.7461 0.0578
307      307   (1)      1  : 0.4246 0.0777 0.4977
308      308   (0)      1  : 0.5869 0.2390 0.1741
309      309   (1)      1  : 0.0621 0.8758 0.0621
310      310   (0)      1  : 0.2779 0.5119 0.2102
311      311   (0)      1  : 0.2793 0.5895 0.1312
312      312   (0)      1  : 0.2881 0.1115 0.6004
313      313   (0)      1  : 0.6102 0.0679 0.3219
314      314   (0)      1  : 0.1686 0.1144 0.7170
315      315   (0)      1  : 0.5050 0.1956 0.2994
316      316   (0)      1  : 0.5864 0.1194 0.2942
317      317   (0)      1  : 0.2036 0.1243 0.6721
318      318   (0)      1  : 0.2298 0.0745 0.6957
319      319   (1)      1  : 0.5807 0.0594 0.3599
320      320   (0)      1  : 0.7764 0.0407 0.1829
321      321   (0)      1  : 0.6834 0.1013 0.2153
322      322   (0)      1  : 0.2273 0.5797 0.1930
323      323   (0)      1  : 0.8219 0.0830 0.0951
324      324   (0)      1  : 0.5325 0.1026 0.3649
325      325   (0)      1  : 0.2890 0.5239 0.1871
326      326   (0)      1  : 0.6991 0.1486 0.1523
327      327   (0)      1  : 0.5738 0.1120 0.3142
328      328   (1)      1  : 0.5525 0.0920 0.3555
329      329   (0)      1  : 0.2768 0.1973 0.5260
330      330   (0)      1  : 0.4262 0.1885 0.3853
331      331   (0)      1  : 0.2388 0.4697 0.2914
332      332   (0)      1  : 0.2210 0.3554 0.4236
333      333   (0)      1  : 0.1754 0.4369 0.3877
334      334   (0)      1  : 0.1960 0.0730 0.7309
335      335   (0)      1  : 0.4130 0.1314 0.4555
336      336   (0)      1  : 0.3393 0.3272 0.3334
337      337   (0)      1  : 0.2436 0.5742 0.1822
338      338   (0)      1  : 0.2470 0.2819 0.4710
339      339   (0)      1  : 0.4929 0.2534 0.2537
340      340   (0)      1  : 0.1168 0.1419 0.7413
341      341   (0)      1  : 0.1473 0.1905 0.6622
342      342   (0)      1  : 0.2978 0.3313 0.3709
343      343   (0)      1  : 0.2256 0.1720 0.6024
344      344   (0)      1  : 0.1945 0.3232 0.4822
345      345   (1)      1  : 0.4972 0.3386 0.1641
346      346   (0)      1  : 0.3202 0.3785 0.3012
347      347   (0)      1  : 0.3619 0.3828 0.2553
348      348   (0)      1  : 0.1583 0.3369 0.5049
349      349   (0)      1  : 0.2115 0.1660 0.6225
350      350   (0)      1  : 0.5247 0.2231 0.2521
351      351   (0)      1  : 0.2642 0.2836 0.4523
352      352   (0)      1  : 0.6131 0.1461 0.2408
353      353   (0)      1  : 0.4815 0.1085 0.4100
354      354   (0)      1  : 0.1372 0.4148 0.4481
355      355   (0)      1  : 0.2721 0.1825 0.5454
356      356   (0)      1  : 0.5835 0.1206 0.2959
357      357   (0)      1  : 0.5746 0.2527 0.1727
358      358   (0)      1  : 0.6807 0.1254 0.1938
359      359   (0)      1  : 0.5776 0.3584 0.0640
360      360   (0)      1  : 0.3125 0.3912 0.2962
361      361   (0)      1  : 0.7562 0.1125 0.1313
362      362   (0)      1  : 0.6853 0.1415 0.1731
363      363   (0)      1  : 0.2255 0.2931 0.4814
364      364   (1)      1  : 0.2658 0.1124 0.6218
365      365   (0)      1  : 0.6479 0.0666 0.2855
366      366   (0)      1  : 0.3693 0.1003 0.5304
367      367   (0)      1  : 0.4525 0.2689 0.2785
368      368   (1)      1  : 0.6290 0.2375 0.1335
369      369   (0)      1  : 0.2030 0.4529 0.3442
370      370   (0)      1  : 0.1185 0.7578 0.1237
371      371   (0)      1  : 0.0944 0.8292 0.0764
372      372   (2)      1  : 0.0588 0.8930 0.0482
373      373   (0)      1  : 0.3299 0.5530 0.1171
374      374   (0)      1  : 0.4759 0.0881 0.4360
375      375   (0)      1  : 0.5379 0.2141 0.2480
376      376   (0)      1  : 0.1930 0.6154 0.1917
377      377   (0)      1  : 0.3036 0.0679 0.6285
378      378   (0)      1  : 0.3831 0.0819 0.5350
379      379   (0)      1  : 0.1933 0.5469 0.2598
380      380   (1)      1  : 0.6199 0.0740 0.3061
381      381   (0)      1  : 0.6094 0.2521 0.1385
382      382   (0)      1  : 0.0738 0.8793 0.0469
383      383   (0)      1  : 0.5298 0.3605 0.1097
384      384   (0)      1  : 0.2137 0.4767 0.3096
385      385   (0)      1  : 0.4993 0.4122 0.0885
386      386   (0)      1  : 0.3517 0.2988 0.3496
387      387   (0)      1  : 0.4196 0.4625 0.1180
388      388   (0)      1  : 0.1723 0.4291 0.3987
389      389   (0)      1  : 0.7527 0.0996 0.1477
390      390   (0)      1  : 0.6576 0.0707 0.2717
391      391   (0)      1  : 0.2087 0.5121 0.2792
392      392   (0)      1  : 0.2508 0.4254 0.3238
393      393   (0)      1  : 0.3409 0.1946 0.4645
394      394   (1)      1  : 0.5769 0.2269 0.1962
395      395   (0)      1  : 0.3855 0.1858 0.4287
396      396   (0)      1  : 0.6311 0.1343 0.2347
397      397   (0)      1  : 0.4116 0.4365 0.1519
398      398   (0)      1  : 0.0997 0.7166 0.1838
399      399   (0)      1  : 0.3709 0.3639 0.2652
400      400   (0)      1  : 0.4182 0.2834 0.2984
401      401   (1)      1  : 0.0563 0.8654 0.0783
402      402   (0)      1  : 0.2466 0.0790 0.6744
403      403   (0)      1  : 0.2442 0.2983 0.4576
404      404   (0)      1  : 0.2819 0.0809 0.6372
405      405   (0)      1  : 0.4069 0.4583 0.1348
406      406   (0)      1  : 0.2782 0.2121 0.5097
407      407   (0)      1  : 0.7433 0.1489 0.1078
408      408   (0)      1  : 0.3469 0.2057 0.4474
409      409   (0)      1  : 0.7368 0.1610 0.1022
410      410   (0)      1  : 0.0684 0.8927 0.0389
411      411   (0)      1  : 0.1980 0.6552 0.1468
412      412   (0)      1  : 0.2467 0.2513 0.5020
413      413   (0)      1  : 0.7823 0.1245 0.0932
414      414   (0)      1  : 0.1651 0.4817 0.3533
415      415   (0)      1  : 0.5122 0.0897 0.3981
416      416   (0)      1  : 0.3898 0.2041 0.4061
417      417   (0)      1  : 0.6147 0.0906 0.2947
418      418   (0)      1  : 0.4475 0.3349 0.2177
419      419   (0)      1  : 0.3768 0.5119 0.1113
420      420   (0)      1  : 0.4188 0.0985 0.4827
421      421   (0)      1  : 0.2831 0.2484 0.4685
422      422   (0)      1  : 0.0516 0.8915 0.0569
423      423   (0)      1  : 0.8175 0.0923 0.0902
424      424   (0)      1  : 0.7493 0.0831 0.1677
425      425   (0)      1  : 0.0480 0.8348 0.1172
426      426   (0)      1  : 0.5392 0.2299 0.2310
427      427   (0)      1  : 0.3783 0.3938 0.2279
428      428   (0)      1  : 0.0454 0.9080 0.0466
429      429   (0)      1  : 0.7065 0.0842 0.2093
430      430   (0)      1  : 0.6629 0.2379 0.0992
431      431   (0)      1  : 0.1718 0.6027 0.2255
432      432   (0)      1  : 0.0726 0.8502 0.0772
433      433   (0)      1  : 0.0577 0.8731 0.0692
434      434   (0)      1  : 0.5271 0.3868 0.0861
435      435   (0)      1  : 0.3161 0.0742 0.6097
436      436   (0)      1  : 0.7775 0.1199 0.1026
437      437   (0)      1  : 0.1901 0.7010 0.1089
438      438   (0)      1  : 0.2724 0.5489 0.1787
439      439   (0)      1  : 0.6326 0.1940 0.1735
440      440   (0)      1  : 0.1104 0.7941 0.0954
441      441   (0)      1  : 0.6739 0.0695 0.2566
442      442   (0)      1  : 0.5854 0.1823 0.2322
443      443   (0)      1  : 0.2728 0.0641 0.6631
444      444   (0)      1  : 0.6307 0.2533 0.1160
445      445   (0)      1  : 0.5915 0.2520 0.1565
446      446   (0)      2  : 0.2709 0.1341 0.5950
447      447   (0)      2  : 0.5898 0.1640 0.2461
448      448   (0)      2  : 0.7143 0.1684 0.1174
449      449   (0)      2  : 0.1422 0.7202 0.1376
450      450   (0)      2  : 0.1270 0.7198 0.1532
451      451   (0)      2  : 0.0715 0.8649 0.0636
452      452   (0)      2  : 0.2423 0.3986 0.3591
453      453   (0)      2  : 0.1975 0.0907 0.7118
454      454   (0)      2  : 0.0704 0.8691 0.0605
455      455   (0)      2  : 0.7236 0.1078 0.1686
456      456   (0)      2  : 0.0790 0.8762 0.0448
457      457   (0)      2  : 0.6119 0.1640 0.2241
458      458   (0)      2  : 0.2126 0.2850 0.5024
459      459   (0)      2  : 0.3331 0.0664 0.6005
460      460   (2)      2  : 0.2490 0.5513 0.1998
461      461   (1)      2  : 0.1774 0.4271 0.3954
462      462   (3)      2  : 0.2065 0.5335 0.2600
463      463   (1)      2  : 0.1169 0.7536 0.1295
464      464   (3)      2  : 0.8082 0.0745 0.1173
465      465   (3)      2  : 0.6934 0.1556 0.1510
466      466   (0)      2  : 0.3706 0.3710 0.2584
467      467   (1)      2  : 0.6399 0.1257 0.2344
468      468   (0)      2  : 0.6789 0.1727 0.1484
469      469   (0)      2  : 0.1358 0.7789 0.0853
470      470   (3)      2  : 0.1981 0.6417 0.1601
471      471   (1)      2  : 0.2455 0.4455 0.3090
472      472   (1)      2  : 0.5091 0.2458 0.2451
473      473   (2)      2  : 0.5827 0.1013 0.3160
474      474   (0)      2  : 0.2708 0.1068 0.6224
475      475   (1)      2  : 0.0723 0.7041 0.2236
476      476   (2)      2  : 0.3236 0.0653 0.6111
477      477   (3)      2  : 0.4578 0.2693 0.2729
478      478   (0)      2  : 0.2144 0.1451 0.6405
479      479   (0)      2  : 0.7595 0.0701 0.1704
480      480   (0)      2  : 0.4664 0.3187 0.2149
481      481   (2)      2  : 0.2586 0.3790 0.3624
482      482   (3)      2  : 0.7053 0.0622 0.2325
483      483   (3)      2  : 0.7623 0.1338 0.1038
484      484   (3)      2  : 0.4663 0.1512 0.3824
485      485   (2)      2  : 0.1749 0.7112 0.1139
486      486   (2)      2  : 0.3111 0.5518 0.1371
487      487   (1)      2  : 0.1911 0.2477 0.5612
488      488   (3)      2  : 0.4054 0.1926 0.4019
489      489   (0)      2  : 0.3963 0.1146 0.4890
490      490   (2)      2  : 0.4943 0.2239 0.2818
491      491   (4)      2  : 0.1521 0.2496 0.5983
492      492   (4)      2  : 0.1528 0.0630 0.7842
493      493   (3)      2  : 0.5624 0.2752 0.1624
494      494   (3)      2  : 0.0631 0.8867 0.0502
495      495   (3)      2  : 0.1462 0.2845 0.5693
496      496   (0)      2  : 0.3153 0.2021 0.4826
497      497   (5)      2  : 0.3735 0.2471 0.3794
498      498   (3)      2  : 0.2167 0.3867 0.3965
499      499   (1)      2  : 0.4295 0.1441 0.4264
500      500   (1)      2  : 0.5511 0.0848 0.3641
501      501   (3)      2  : 0.2182 0.5815 0.2003
502      502   (1)      2  : 0.5464 0.3571 0.0965
503      503   (4)      2  : 0.7728 0.1413 0.0859
504      504   (1)      2  : 0.4517 0.4553 0.0931
505      505   (0)      2  : 0.2194 0.3865 0.3942
506      506   (6)      2  : 0.2537 0.1657 0.5807
507      507   (0)      2  : 0.4618 0.3180 0.2202
508      508   (0)      2  : 0.6107 0.2034 0.1859
509      509   (2)      2  : 0.0582 0.8676 0.0742
510      510   (1)      2  : 0.5815 0.0926 0.3259
511      511   (3)      2  : 0.1043 0.2594 0.6363
512      512   (2)      2  : 0.1466 0.7888 0.0647
513      513   (7)      2  : 0.1324 0.3326 0.5350
514      514   (3)      2  : 0.1373 0.6136 0.2491
515      515   (0)      2  : 0.5250 0.1932 0.2818
516      516   (2)      2  : 0.3418 0.3570 0.3011
517      517   (2)      2  : 0.2074 0.4038 0.3888
518      518   (0)      2  : 0.6165 0.1429 0.2406
519      519   (7)      2  : 0.1040 0.1600 0.7360
520      520   (4)      2  : 0.1251 0.3525 0.5224
521      521   (1)      2  : 0.2085 0.3253 0.4663
522      522   (1)      2  : 0.5799 0.2872 0.1329
523      523   (3)      2  : 0.6247 0.1391 0.2362
524      524   (1)      2  : 0.7639 0.1064 0.1297
525      525   (2)      2  : 0.2478 0.3112 0.4410
526      526   (1)      2  : 0.3240 0.2146 0.4614
527      527   (0)      2  : 0.3200 0.1116 0.5684
528      528   (0)      2  : 0.6321 0.1193 0.2486
529      529   (1)      2  : 0.5290 0.1108 0.3602
530      530   (0)      2  : 0.8164 0.0810 0.1026
531      531   (0)      2  : 0.7772 0.1202 0.1026
532      532   (1)      2  : 0.7546 0.0779 0.1674
533      533   (2)      2  : 0.3403 0.0669 0.5928
534      534   (2)      2  : 0.5858 0.1870 0.2272
535      535   (0)      2  : 0.3238 0.1531 0.5231
536      536   (0)      2  : 0.1191 0.0896 0.7913
537      537   (0)      2  : 0.2823 0.0886 0.6291
538      538   (0)      2  : 0.7442 0.1271 0.1288
539      539   (1)      2  : 0.6460 0.1589 0.1951
540      540   (6)      2  : 0.3453 0.1641 0.4906
541      541   (1)      2  : 0.4561 0.1546 0.3894
542      542   (1)      2  : 0.3533 0.3316 0.3150
543      543   (0)      2  : 0.3542 0.4127 0.2331
544      544   (2)      2  : 0.4144 0.1369 0.4488
545      545   (1)      2  : 0.2664 0.6678 0.0658
546      546   (6)      2  : 0.7689 0.0537 0.1774
547      547   (0)      2  : 0.6301 0.2803 0.0896
548      548   (1)      2  : 0.2565 0.3148 0.4288
549      549   (0)      2  : 0.6712 0.1469 0.1820
550      550   (1)      2  : 0.0860 0.7970 0.1169
551      551   (1)      2  : 0.1468 0.1467 0.7065
552      552   (2)      2  : 0.4606 0.2703 0.2690
553      553   (7)      2  : 0.5259 0.1856 0.2884
554      554   (2)      2  : 0.5890 0.1014 0.3096
555      555   (3)      2  : 0.3842 0.1135 0.5023
556      556   (0)      2  : 0.0757 0.1560 0.7683
557      557   (1)      2  : 0.2107 0.6241 0.1652
558      558   (0)      2  : 0.0881 0.2704 0.6415
559      559   (0)      2  : 0.7534 0.0846 0.1620
560      560   (5)      2  : 0.2920 0.2563 0.4518
561      561   (0)      2  : 0.8239 0.0786 0.0975
562      562   (6)      2  : 0.2640 0.1234 0.6126
563      563   (2)      2  : 0.3709 0.1808 0.4484
564      564   (3)      2  : 0.1225 0.3943 0.4831
565      565   (3)      2  : 0.4506 0.2378 0.3116
566      566   (1)      2  : 0.5838 0.1974 0.2188
567      567   (0)      2  : 0.7548 0.0871 0.1581
568      568   (3)      2  : 0.2081 0.2698 0.5221
569      569   (2)      2  : 0.5896 0.1515 0.2589
570      570   (0)      2  : 0.7080 0.1825 0.1095
571      571   (1)      2  : 0.8270 0.0699 0.1031
572      572   (4)      2  : 0.2576 0.1324 0.6100
573      573   (3)      2  : 0.1907 0.5529 0.2564
574      574   (5)      2  : 0.3469 0.3556 0.2976
575      575   (3)      2  : 0.2174 0.0819 0.7007
576      576   (0)      2  : 0.4489 0.1759 0.3752
577      577   (0)      2  : 0.0822 0.8651 0.0527
578      578   (1)      2  : 0.7258 0.1118 0.1624
579      579   (0)      2  : 0.0825 0.7853 0.1322
580      580   (0)      2  : 0.4389 0.0518 0.5093
581      581   (3)      2  : 0.6262 0.1637 0.2101
582      582   (6)      2  : 0.4874 0.0873 0.4253
583      583   (3)      2  : 0.2981 0.0927 0.6092
584      584   (3)      2  : 0.3980 0.1738 0.4282
585      585   (1)      2  : 0.4294 0.2353 0.3352
586      586   (1)      2  : 0.7128 0.0537 0.2335
587      587   (0)      2  : 0.0520 0.9059 0.0421
588      588   (0)      2  : 0.1538 0.3497 0.4966
589      589   (1)      2  : 0.3507 0.2034 0.4460
590      590   (2)      2  : 0.8771 0.0308 0.0921
591      591   (0)      2  : 0.5352 0.1605 0.3043
592      592   (3)      2  : 0.6224 0.1765 0.2012
593      593   (0)      2  : 0.2255 0.2590 0.5155
594      594   (1)      2  : 0.5932 0.1170 0.2898
595      595   (0)      2  : 0.1824 0.1941 0.6235
596      596   (1)      2  : 0.4567 0.2450 0.2984
597      597   (0)      2  : 0.4045 0.1835 0.4121
598      598   (1)      2  : 0.6039 0.1855 0.2106
599      599   (0)      2  : 0.6279 0.1657 0.2064
600      600   (0)      2  : 0.2026 0.1149 0.6826
601      601   (0)      2  : 0.4259 0.1043 0.4698
602      602   (0)      2  : 0.5946 0.2235 0.1819
603      603   (0)      2  : 0.2922 0.0945 0.6133
604      604   (0)      2  : 0.4361 0.1405 0.4235
605      605   (0)      2  : 0.1175 0.0806 0.8019
606      606   (0)      2  : 0.2572 0.1795 0.5633
607      607   (0)      2  : 0.6428 0.1624 0.1948
608      608   (0)      2  : 0.8116 0.0757 0.1127
609      609   (0)      2  : 0.1795 0.1341 0.6864
610      610   (4)      2  : 0.0602 0.8147 0.1251
611      611   (0)      2  : 0.1704 0.4117 0.4179
612      612   (2)      2  : 0.5301 0.1313 0.3386
613      613   (0)      2  : 0.2798 0.2086 0.5117
614      614   (0)      2  : 0.5653 0.3055 0.1292
615      615   (0)      2  : 0.4099 0.0578 0.5323
616      616   (0)      2  : 0.3222 0.2786 0.3992
617      617   (0)      2  : 0.4494 0.1267 0.4238
618      618   (0)      2  : 0.6582 0.2359 0.1059
619      619   (0)      2  : 0.2385 0.0901 0.6714
620      620   (0)      2  : 0.1368 0.2869 0.5763
621      621   (1)      2  : 0.3312 0.2228 0.4460
622      622   (2)      2  : 0.1841 0.1558 0.6601
623      623   (1)      2  : 0.6652 0.1755 0.1594
624      624   (2)      2  : 0.5468 0.1666 0.2866
625      625   (0)      2  : 0.5848 0.2698 0.1454
626      626   (6)      2  : 0.4929 0.1225 0.3845
627      627   (0)      2  : 0.2632 0.2914 0.4455
628      628   (0)      2  : 0.0348 0.9280 0.0372
629      629   (1)      2  : 0.1691 0.2738 0.5571
630      630   (1)      2  : 0.1941 0.0805 0.7254
631      631   (3)      2  : 0.6072 0.1093 0.2835
632      632   (0)      2  : 0.1143 0.0757 0.8100
633      633   (4)      2  : 0.5241 0.1234 0.3525
634      634   (2)      2  : 0.1044 0.4483 0.4474
635      635   (0)      2  : 0.4226 0.0604 0.5170
636      636   (0)      2  : 0.1875 0.5975 0.2150
637      637   (0)      2  : 0.2823 0.2359 0.4818
638      638   (0)      2  : 0.4970 0.1373 0.3657
639      639   (1)      2  : 0.3371 0.2836 0.3793
640      640   (1)      2  : 0.2931 0.5230 0.1839
641      641   (0)      2  : 0.1461 0.4344 0.4194
642      642   (3)      2  : 0.4473 0.2720 0.2808
643      643   (1)      2  : 0.2781 0.1320 0.5899
644      644   (7)      2  : 0.7648 0.0572 0.1780
645      645   (4)      2  : 0.5800 0.2261 0.1939
646      646   (0)      2  : 0.5583 0.0786 0.3631
647      647   (1)      2  : 0.7791 0.0931 0.1278
648      648   (1)      2  : 0.2172 0.1935 0.5893
649      649   (0)      2  : 0.6227 0.1174 0.2599
650      650   (1)      2  : 0.6596 0.0543 0.2861
651      651   (5)      2  : 0.0588 0.8484 0.0928
652      652   (1)      2  : 0.3394 0.2680 0.3926
653      653   (3)      2  : 0.2727 0.1826 0.5447
654      654   (1)      2  : 0.5659 0.2377 0.1965
655      655   (2)      2  : 0.3319 0.4277 0.2404
656      656   (0)      2  : 0.6371 0.0880 0.2749
657      657   (0)      2  : 0.3744 0.1267 0.4988
658      658   (0)      2  : 0.5599 0.1437 0.2964
659      659   (5)      2  : 0.4311 0.0430 0.5259
660      660   (3)      2  : 0.3847 0.2773 0.3379
661      661   (2)      2  : 0.3270 0.0617 0.6113
662      662   (1)      2  : 0.1729 0.1906 0.6365
663      663   (2)      2  : 0.2320 0.4351 0.3328
664      664   (0)      2  : 0.2828 0.1199 0.5973
665      665   (0)      2  : 0.1939 0.2042 0.6019
666      666   (0)      2  : 0.0958 0.8227 0.0814
667      667   (0)      2  : 0.2027 0.4743 0.3230
668      668   (2)      2  : 0.4091 0.3927 0.1983
669      669   (4)      2  : 0.6022 0.2501 0.1477
670      670   (6)      2  : 0.8061 0.1097 0.0842
671      671   (3)      2  : 0.0739 0.0808 0.8453
672      672   (0)      2  : 0.1895 0.0648 0.7457
673      673   (4)      2  : 0.3729 0.0776 0.5495
674      674   (0)      2  : 0.3274 0.2389 0.4338
675      675   (0)      2  : 0.3780 0.1161 0.5059
676      676   (1)      2  : 0.3586 0.1271 0.5144
677      677   (3)      2  : 0.4114 0.4079 0.1807
678      678   (6)      2  : 0.2742 0.0908 0.6350
679      679   (1)      2  : 0.5616 0.3373 0.1011
680      680   (1)      2  : 0.2344 0.1251 0.6405
681      681   (1)      2  : 0.1796 0.4391 0.3812
682      682   (1)      2  : 0.2130 0.5137 0.2732
683      683   (0)      2  : 0.6824 0.1875 0.1301
684      684   (0)      2  : 0.6903 0.0931 0.2165
685      685   (0)      2  : 0.7664 0.1098 0.1238
686      686   (0)      2  : 0.7560 0.0703 0.1737
687      687   (3)      2  : 0.6036 0.1082 0.2882
688      688   (1)      2  : 0.1661 0.4161 0.4178
689      689   (1)      2  : 0.1851 0.6101 0.2049
690      690   (5)      2  : 0.1015 0.2153 0.6832
691      691   (5)      2  : 0.2767 0.3772 0.3461
692      692   (0)      2  : 0.4330 0.4093 0.1577
693      693   (2)      2  : 0.3635 0.0900 0.5465
694      694   (0)      2  : 0.1497 0.0632 0.7871
695      695   (0)      2  : 0.3609 0.4665 0.1727
696      696   (0)      2  : 0.8681 0.0631 0.0688
697      697   (2)      2  : 0.1677 0.1771 0.6552
698      698   (0)      2  : 0.3054 0.0510 0.6436
699      699   (1)      2  : 0.1213 0.1935 0.6852
700      700   (0)      2  : 0.6445 0.2254 0.1301
701      701   (0)      2  : 0.2742 0.1799 0.5459
702      702   (1)      2  : 0.2350 0.4668 0.2982
703      703   (1)      2  : 0.5793 0.3464 0.0743
704      704   (0)      2  : 0.1945 0.6398 0.1657
705      705   (0)      2  : 0.4623 0.1002 0.4375
706      706   (0)      2  : 0.1959 0.5038 0.3002
707      707   (1)      2  : 0.0862 0.0951 0.8187
708      708   (1)      2  : 0.2600 0.3089 0.4310
709      709   (0)      2  : 0.2555 0.4952 0.2493
710      710   (0)      2  : 0.3708 0.1973 0.4319
711      711   (0)      2  : 0.5508 0.3397 0.1095
712      712   (1)      2  : 0.5695 0.1455 0.2850
713      713   (0)      2  : 0.5712 0.2094 0.2194
714      714   (0)      2  : 0.6116 0.1999 0.1885
715      715   (0)      2  : 0.6183 0.2482 0.1335
716      716   (0)      2  : 0.1993 0.6205 0.1802
717      717   (1)      2  : 0.1744 0.1724 0.6532
718      718   (1)      2  : 0.1848 0.1120 0.7033
719      719   (7)      2  : 0.2008 0.0466 0.7526
720      720   (2)      2  : 0.6659 0.1722 0.1619
721      721   (1)      2  : 0.3173 0.1316 0.5511
722      722   (0)      2  : 0.4638 0.1370 0.3992
723      723   (1)      2  : 0.2715 0.1147 0.6138
724      724   (0)      2  : 0.3253 0.5667 0.1080
725      725   (0)      2  : 0.4550 0.1428 0.4022
726      726   (0)      2  : 0.4479 0.1189 0.4333
727      727   (1)      2  : 0.0944 0.1476 0.7581
728      728   (0)      2  : 0.2362 0.3619 0.4019
729      729   (1)      2  : 0.3075 0.1481 0.5444
730      730   (0)      2  : 0.5254 0.2652 0.2095
731      731   (2)      2  : 0.1278 0.7276 0.1446
732      732   (1)      2  : 0.0862 0.3663 0.5475
733      733   (0)      2  : 0.6368 0.1019 0.2613
734      734   (0)      2  : 0.6720 0.1064 0.2217
735      735   (0)      2  : 0.3688 0.0906 0.5406
736      736   (0)      2  : 0.5764 0.2849 0.1387
737      737   (0)      2  : 0.6080 0.2278 0.1642
738      738   (0)      2  : 0.3306 0.4004 0.2691
739      739   (0)      2  : 0.2445 0.2425 0.5130
740      740   (0)      2  : 0.3420 0.0413 0.6167
741      741   (0)      2  : 0.4250 0.3997 0.1754
742      742   (0)      2  : 0.3554 0.2098 0.4348
743      743   (0)      2  : 0.7851 0.1271 0.0878
744      744   (0)      2  : 0.6541 0.0727 0.2732
745      745   (0)      2  : 0.6536 0.1009 0.2455
746      746   (0)      2  : 0.3071 0.5726 0.1203
747      747   (0)      2  : 0.0670 0.8942 0.0388
748      748   (2)      2  : 0.6922 0.2272 0.0806
749      749   (5)      2  : 0.1220 0.3807 0.4972
750      750   (1)      2  : 0.5066 0.2056 0.2878
751      751   (0)      2  : 0.4905 0.4299 0.0796
752      752   (3)      2  : 0.6142 0.0586 0.3272
753      753   (0)      2  : 0.8810 0.0540 0.0650
754      754   (0)      2  : 0.5589 0.1287 0.3124
755      755   (0)      2  : 0.0714 0.0780 0.8506
756      756   (0)      2  : 0.5665 0.3196 0.1139
757      757   (0)      2  : 0.2254 0.1497 0.6249
758      758   (1)      2  : 0.4336 0.2890 0.2773
759      759   (0)      2  : 0.4694 0.2115 0.3191
760      760   (0)      2  : 0.2735 0.4900 0.2365
761      761   (0)      2  : 0.8719 0.0412 0.0869
762      762   (0)      2  : 0.7762 0.0794 0.1444
763      763   (0)      2  : 0.4214 0.3590 0.2196
764      764   (0)      4  : 0.5413 0.1463 0.3124
765      765   (0)      2  : 0.5981 0.2021 0.1998
766      766   (0)      4  : 0.6827 0.0660 0.2513
767      767   (0)      4  : 0.8726 0.0515 0.0759
768      768   (0)      4  : 0.7412 0.1501 0.1087
769      769   (0)      2  : 0.4881 0.1174 0.3945
770      770   (0)      4  : 0.6815 0.1204 0.1981
771      771   (1)      3  : 0.2540 0.1035 0.6425
772      772   (0)      2  : 0.7262 0.1109 0.1629
773      773   (0)      3  : 0.1532 0.2835 0.5633
774      774   (0)      3  : 0.0951 0.0972 0.8077
775      775   (0)      3  : 0.0610 0.0534 0.8856
776      776   (0)      3  : 0.0630 0.1440 0.7930
777      777   (0)      3  : 0.0717 0.0646 0.8637
778      778   (3)      4  : 0.6219 0.2841 0.0940
779      779   (1)      2  : 0.4475 0.2241 0.3284
780      780   (0)      4  : 0.4983 0.1683 0.3334
781      781   (0)      4  : 0.7473 0.0940 0.1587
782      782   (0)      4  : 0.4469 0.2032 0.3498
783      783   (0)      4  : 0.6287 0.2734 0.0979
784      784   (0)      2  : 0.1656 0.6133 0.2211
785      785   (0)      4  : 0.7730 0.1326 0.0944
786      786   (0)      3  : 0.1992 0.4321 0.3686
787      787   (0)      3  : 0.0596 0.0842 0.8562
788      788   (0)      3  : 0.1014 0.0476 0.8510
789      789   (0)      3  : 0.2198 0.1617 0.6185
790      790   (1)      3  : 0.1377 0.1124 0.7499
791      791   (0)      3  : 0.2855 0.1066 0.6079
792      792   (2)      4  : 0.5336 0.0878 0.3786
793      793   (4)      4  : 0.6410 0.1518 0.2072
794      794   (0)      4  : 0.4475 0.0521 0.5004
795      795   (2)      4  : 0.5473 0.2935 0.1592
796      796   (0)      4  : 0.5239 0.1624 0.3136
797      797   (1)      2  : 0.3229 0.4518 0.2254
798      798   (0)      4  : 0.3430 0.3056 0.3514
799      799   (1)      3  : 0.1316 0.2121 0.6563
800      800   (0)      2  : 0.2018 0.1796 0.6186
801      801   (1)      3  : 0.2448 0.0913 0.6639
802      802   (1)      3  : 0.0551 0.2366 0.7083
803      803   (0)      3  : 0.0820 0.0662 0.8519
804      804   (0)      3  : 0.0668 0.0566 0.8766
805      805   (0)      4  : 0.5606 0.1772 0.2622
806      806   (1)      4  : 0.7224 0.0693 0.2083
807      807   (0)      4  : 0.3992 0.1935 0.4073
808      808   (0)      4  : 0.6901 0.1665 0.1434
809      809   (0)      2  : 0.2598 0.1786 0.5616
810      810   (0)      4  : 0.5537 0.1489 0.2974
811      811   (0)      2  : 0.4047 0.1863 0.4090
812      812   (1)      3  : 0.3132 0.1158 0.5710
813      813   (0)      3  : 0.1489 0.0352 0.8159
814      814   (0)      3  : 0.1101 0.2520 0.6379
815      815   (0)      3  : 0.0753 0.1180 0.8067
816      816   (0)      3  : 0.1132 0.1179 0.7688
817      817   (6)      4  : 0.6002 0.1630 0.2368
818      818   (0)      2  : 0.2787 0.5410 0.1803
819      819   (2)      4  : 0.5032 0.1137 0.3831
820      820   (1)      4  : 0.6490 0.1037 0.2473
821      821   (2)      4  : 0.6469 0.2360 0.1171
822      822   (0)      4  : 0.7039 0.1393 0.1569
823      823   (0)      2  : 0.6487 0.2142 0.1371
824      824   (0)      4  : 0.6976 0.1309 0.1715
825      825   (0)      2  : 0.1385 0.8120 0.0495
826      826   (1)      3  : 0.0768 0.0446 0.8786
827      827   (0)      2  : 0.0660 0.8155 0.1185
828      828   (0)      3  : 0.2324 0.1193 0.6483
829      829   (0)      3  : 0.1067 0.1343 0.7590
830      830   (0)      3  : 0.0916 0.1726 0.7358
831      831   (0)      3  : 0.0684 0.0506 0.8810
832      832   (0)      4  : 0.3260 0.1855 0.4884
833      833   (0)      2  : 0.5328 0.0714 0.3959
834      834   (2)      4  : 0.7897 0.0855 0.1248
835      835   (0)      4  : 0.4549 0.1863 0.3588
836      836   (4)      4  : 0.7781 0.0848 0.1371
837      837   (0)      4  : 0.3876 0.2239 0.3884
838      838   (0)      2  : 0.4274 0.3238 0.2487
839      839   (0)      2  : 0.3562 0.2611 0.3828
840      840   (1)      3  : 0.1457 0.1941 0.6602
841      841   (0)      3  : 0.0648 0.1283 0.8069
842      842   (0)      3  : 0.1049 0.0261 0.8690
843      843   (1)      3  : 0.0660 0.0503 0.8837
844      844   (0)      3  : 0.0872 0.0501 0.8627
845      845   (1)      2  : 0.7275 0.0855 0.1870
846      846   (2)      4  : 0.7751 0.1015 0.1234
847      847   (0)      4  : 0.5739 0.2149 0.2111
848      848   (1)      4  : 0.3157 0.1883 0.4961
849      849   (0)      4  : 0.6873 0.1576 0.1550
850      850   (0)      3  : 0.1589 0.2517 0.5894
851      851   (0)      3  : 0.1140 0.0777 0.8083
852      852   (0)      3  : 0.0977 0.0532 0.8491
853      853   (1)      3  : 0.1141 0.0986 0.7873
854      854   (1)      3  : 0.0798 0.0341 0.8861
855      855   (0)      2  : 0.1096 0.5314 0.3590
856      856   (0)      4  : 0.7733 0.0719 0.1548
857      857   (0)      4  : 0.4727 0.1070 0.4204
858      858   (0)      4  : 0.5421 0.1441 0.3138
859      859   (0)      2  : 0.2847 0.3118 0.4036
860      860   (0)      2  : 0.5977 0.1110 0.2913
861      861   (0)      3  : 0.1962 0.0965 0.7073
862      862   (0)      3  : 0.0617 0.0999 0.8384
863      863   (0)      3  : 0.0710 0.0297 0.8993
864      864   (0)      3  : 0.2546 0.0541 0.6913
865      865   (0)      3  : 0.1215 0.0641 0.8144
866      866   (0)      2  : 0.1815 0.6666 0.1519
867      867   (0)      2  : 0.3072 0.5059 0.1869
868      868   (0)      2  : 0.1243 0.1412 0.7346
869      869   (0)      2  : 0.0596 0.8607 0.0797
870      870   (0)      2  : 0.1643 0.0895 0.7462
871      871   (0)      2  : 0.6165 0.2570 0.1265
872      872   (0)      2  : 0.1533 0.1444 0.7023
873      873   (0)      2  : 0.6501 0.2446 0.1053
874      874   (0)      2  : 0.0548 0.8681 0.0771
875      875   (0)      2  : 0.0774 0.6710 0.2516
876      876   (1)      2  : 0.1261 0.8185 0.0554
877      877   (0)      2  : 0.7316 0.1253 0.1431
878      878   (0)      2  : 0.4928 0.1490 0.3582
879      879   (0)      2  : 0.6472 0.0957 0.2571
880      880   (0)      2  : 0.6364 0.2126 0.1510
881      881   (0)      2  : 0.1663 0.5242 0.3095
882      882   (1)      2  : 0.1902 0.5339 0.2759
883      883   (0)      2  : 0.2927 0.2824 0.4248
884      884   (3)      2  : 0.1054 0.5347 0.3599
885      885   (0)      2  : 0.5323 0.0982 0.3695
886      886   (0)      2  : 0.0561 0.8817 0.0622
887      887   (0)      2  : 0.7903 0.0923 0.1174
888      888   (0)      2  : 0.8397 0.1106 0.0497
889      889   (0)      2  : 0.3612 0.3920 0.2468
890      890   (0)      2  : 0.5140 0.1764 0.3096
891      891   (0)      2  : 0.2316 0.1887 0.5796
892      892   (0)      2  : 0.4299 0.2633 0.3067
893      893   (0)      2  : 0.4477 0.3375 0.2148
894      894   (0)      2  : 0.7547 0.0549 0.1904
895      895   (0)      2  : 0.1927 0.0710 0.7362
896      896   (0)      2  : 0.3341 0.1151 0.5508
897      897   (6)      2  : 0.0858 0.8626 0.0516
898      898   (1)      2  : 0.4982 0.1131 0.3888
899      899   (0)      2  : 0.3274 0.2215 0.4512
900      900   (0)      2  : 0.1506 0.0649 0.7845
901      901   (0)      2  : 0.5670 0.3127 0.1204
902      902   (1)      2  : 0.2565 0.5320 0.2115
903      903   (0)      2  : 0.1186 0.5488 0.3326
904      904   (1)      2  : 0.7656 0.0978 0.1366
905      905   (0)      2  : 0.6798 0.2338 0.0864
906      906   (0)      2  : 0.6098 0.0875 0.3027
907      907   (0)      2  : 0.2396 0.1002 0.6603
908      908   (0)      2  : 0.4067 0.4958 0.0975
909      909   (1)      2  : 0.0477 0.9149 0.0374
910      910   (2)      2  : 0.7029 0.0626 0.2345
911      911   (1)      2  : 0.0911 0.0795 0.8293
912      912   (0)      2  : 0.0740 0.1024 0.8235
913      913   (0)      2  : 0.0662 0.8471 0.0867
914      914   (0)      2  : 0.3901 0.2102 0.3996
915      915   (0)      2  : 0.4826 0.2522 0.2652
916      916   (0)      2  : 0.1400 0.1914 0.6685
917      917   (0)      2  : 0.1214 0.6296 0.2490
918      918   (0)      2  : 0.3579 0.5552 0.0869
919      919   (0)      2  : 0.0807 0.8533 0.0660
920      920   (0)      2  : 0.1822 0.1478 0.6700
921      921   (1)      2  : 0.1032 0.0722 0.8246
922      922   (0)      2  : 0.7118 0.0787 0.2095
923      923   (0)      2  : 0.7275 0.1712 0.1012
924      924   (0)      2  : 0.7580 0.1248 0.1172
925      925   (0)      2  : 0.3473 0.4746 0.1781
926      926   (0)      2  : 0.0820 0.8530 0.0649
927      927   (1)      2  : 0.5248 0.4012 0.0740
928      928   (0)      2  : 0.0674 0.8438 0.0888
929      929   (0)      2  : 0.0615 0.8790 0.0595
930      930   (0)      2  : 0.4162 0.2213 0.3625
931      931   (0)      2  : 0.0838 0.7967 0.1195
932      932   (0)      2  : 0.0474 0.8507 0.1019
933      933   (0)      2  : 0.5332 0.1272 0.3396
934      934   (0)      2  : 0.1024 0.2204 0.6773
935      935   (0)      2  : 0.5883 0.2081 0.2036
936      936   (1)      2  : 0.0634 0.8148 0.1218
937      937   (1)      2  : 0.0584 0.2773 0.6643
938      938   (0)      2  : 0.4488 0.3094 0.2419
939      939   (0)      2  : 0.0782 0.8624 0.0594
940      940   (1)      2  : 0.4398 0.3823 0.1780
941      941   (0)      2  : 0.2794 0.6134 0.1072
942      942   (0)      2  : 0.1066 0.7929 0.1005
943      943   (0)      2  : 0.7677 0.0388 0.1935
944      944   (0)      2  : 0.0780 0.8580 0.0640
945      945   (0)      2  : 0.1795 0.2970 0.5235
946      946   (0)      2  : 0.5405 0.0930 0.3665
947      947   (0)      2  : 0.2066 0.5625 0.2309
948      948   (0)      2  : 0.7760 0.0881 0.1359
949      949   (0)      2  : 0.0585 0.8001 0.1414
950      950   (0)      2  : 0.5024 0.1177 0.3799
951      951   (0)      2  : 0.6357 0.0769 0.2874
952      952   (0)      2  : 0.6213 0.1309 0.2478
953      953   (0)      2  : 0.2455 0.3513 0.4032
954      954   (0)      2  : 0.1075 0.6560 0.2365
955      955   (0)      2  : 0.3465 0.4484 0.2050
956      956   (0)      2  : 0.0950 0.1208 0.7842
957      957   (1)      2  : 0.5342 0.0810 0.3848
958      958   (0)      2  : 0.5898 0.2225 0.1878
959      959   (4)      2  : 0.1380 0.5874 0.2746
960      960   (0)      2  : 0.0780 0.8529 0.0691
961      961   (1)      2  : 0.0444 0.9103 0.0453
962      962   (0)      2  : 0.2459 0.5182 0.2359
963      963   (0)      2  : 0.3572 0.2435 0.3992
964      964   (0)      2  : 0.3214 0.2228 0.4559
965      965   (0)      2  : 0.6067 0.1372 0.2561
966      966   (0)      2  : 0.0731 0.8863 0.0406
967      967   (0)      2  : 0.2557 0.1051 0.6392
968      968   (0)      2  : 0.6224 0.1240 0.2536
969      969   (0)      2  : 0.4425 0.1929 0.3646
970      970   (0)      2  : 0.1745 0.4906 0.3349
971      971   (0)      2  : 0.1406 0.5991 0.2603
972      972   (0)      2  : 0.1814 0.5580 0.2606
973      973   (0)      2  : 0.6401 0.1413 0.2186
974      974   (5)      2  : 0.4055 0.2676 0.3269
975      975   (0)      2  : 0.7494 0.0856 0.1650
976      976   (0)      2  : 0.1903 0.1229 0.6868
977      977   (0)      2  : 0.1380 0.7664 0.0956
978      978   (0)      2  : 0.0433 0.9225 0.0342
979      979   (0)      2  : 0.0552 0.8654 0.0794
980      980   (0)      2  : 0.1869 0.3078 0.5053
981      981   (0)      2  : 0.0553 0.8589 0.0858
982      982   (3)      2  : 0.1071 0.7750 0.1179
983      983   (0)      2  : 0.0642 0.1136 0.8223
984      984   (0)      2  : 0.5445 0.3865 0.0690
985      985   (0)      2  : 0.2517 0.0953 0.6530
986      986   (0)      2  : 0.5171 0.1208 0.3621
987      987   (1)      2  : 0.2168 0.1161 0.6671
988      988   (0)      2  : 0.0782 0.8266 0.0952
989      989   (0)      2  : 0.0765 0.1921 0.7314
990      990   (0)      2  : 0.1858 0.1713 0.6430
991      991   (0)      2  : 0.0705 0.8743 0.0552
992      992   (0)      2  : 0.6819 0.1470 0.1712
993      993   (0)      2  : 0.1419 0.2579 0.6002
994      994   (1)      2  : 0.1343 0.2084 0.6573
995      995   (1)      2  : 0.3401 0.5187 0.1412
996      996   (0)      2  : 0.3353 0.3926 0.2720
997      997   (1)      2  : 0.0379 0.9250 0.0371
998      998   (0)      2  : 0.2509 0.3991 0.3499
999      999   (1)      2  : 0.1062 0.7775 0.1163
1000     1000   (0)      2  : 0.5347 0.1695 0.2958
