   1        1   (0)      1 :  0.0236 0.4166 0.3514 0.2084 
   2        2   (0)      1 :  0.1197 0.3300 0.4108 0.1394 
   3        3   (0)      1 :  0.1032 0.3740 0.3683 0.1544 
   4        4   (0)      1 :  0.0343 0.3248 0.2135 0.4273 
   5        5   (1)      1 :  0.9436 0.0208 0.0157 0.0199 
   6        6   (0)      1 :  0.2133 0.4827 0.0856 0.2184 
   7        7   (0)      1 :  0.2427 0.2100 0.1813 0.3660 
   8        8   (0)      1 :  0.0256 0.2824 0.2802 0.4118 
   9        9   (0)      1 :  0.3025 0.3147 0.2558 0.1270 
  10       10   (0)      1 :  0.5125 0.1578 0.2109 0.1187 
  11       11   (0)      1 :  0.0849 0.3011 0.2153 0.3987 
  12       12   (0)      1 :  0.1440 0.5197 0.0784 0.2580 
  13       13   (0)      1 :  0.0398 0.2170 0.1919 0.5513 
  14       14   (0)      1 :  0.4980 0.1623 0.0451 0.2946 
  15       15   (0)      1 :  0.4677 0.1261 0.0552 0.3511 
  16       16   (0)      1 :  0.1261 0.2551 0.2032 0.4156 
  17       17   (0)      1 :  0.1117 0.4589 0.0364 0.3930 
  18       18   (2)      1 :  0.0398 0.2601 0.4190 0.2811 
  19       19   (1)      1 :  0.0795 0.2383 0.2216 0.4606 
  20       20   (0)      1 :  0.2878 0.3355 0.0580 0.3188 
  21       21   (1)      1 :  0.3102 0.2310 0.1871 0.2716 
  22       22   (0)      1 :  0.1098 0.2171 0.4722 0.2010 
  23       23   (0)      1 :  0.3373 0.3169 0.1833 0.1625 
  24       24   (0)      1 :  0.0254 0.0878 0.8203 0.0664 
  25       25   (0)      1 :  0.2886 0.2119 0.1290 0.3706 
  26       26   (0)      1 :  0.1459 0.2839 0.4065 0.1637 
  27       27   (1)      1 :  0.0757 0.3052 0.0818 0.5373 
  28       28   (0)      1 :  0.0423 0.0528 0.8618 0.0431 
  29       29   (0)      1 :  0.0951 0.3618 0.2005 0.3426 
  30       30   (0)      1 :  0.7444 0.1032 0.0764 0.0760 
  31       31   (0)      1 :  0.0623 0.3632 0.2171 0.3575 
  32       32   (0)      1 :  0.1836 0.2531 0.3255 0.2378 
  33       33   (1)      1 :  0.1377 0.2956 0.4004 0.1664 
  34       34   (0)      1 :  0.5445 0.1170 0.0966 0.2419 
  35       35   (0)      1 :  0.0948 0.2443 0.4891 0.1718 
  36       36   (0)      1 :  0.2202 0.3259 0.1530 0.3009 
  37       37   (0)      1 :  0.1415 0.0959 0.6629 0.0997 
  38       38   (0)      1 :  0.4638 0.0740 0.3862 0.0760 
  39       39   (0)      1 :  0.1264 0.4424 0.0978 0.3334 
  40       40   (0)      1 :  0.3730 0.2733 0.0719 0.2817 
  41       41   (1)      1 :  0.0607 0.3462 0.1157 0.4775 
  42       42   (0)      1 :  0.8437 0.0616 0.0301 0.0646 
  43       43   (0)      1 :  0.0623 0.5197 0.2228 0.1952 
  44       44   (6)      1 :  0.0517 0.6007 0.1598 0.1877 
  45       45   (1)      1 :  0.3990 0.1642 0.3226 0.1142 
  46       46   (0)      1 :  0.1071 0.1866 0.5526 0.1537 
  47       47   (0)      1 :  0.0862 0.0963 0.7262 0.0913 
  48       48   (0)      1 :  0.0615 0.4958 0.1790 0.2637 
  49       49   (0)      1 :  0.0491 0.2713 0.4183 0.2614 
  50       50   (0)      1 :  0.0349 0.3769 0.0467 0.5415 
  51       51   (2)      1 :  0.7655 0.0806 0.0636 0.0903 
  52       52   (0)      1 :  0.8667 0.0459 0.0445 0.0429 
  53       53   (1)      1 :  0.0504 0.1083 0.7661 0.0752 
  54       54   (0)      1 :  0.0950 0.1743 0.5792 0.1515 
  55       55   (3)      1 :  0.1130 0.3522 0.0997 0.4350 
  56       56   (0)      1 :  0.1079 0.0843 0.6802 0.1275 
  57       57   (0)      1 :  0.0284 0.1142 0.7337 0.1236 
  58       58   (0)      1 :  0.7178 0.1102 0.0727 0.0994 
  59       59   (0)      1 :  0.0285 0.1943 0.5996 0.1776 
  60       60   (1)      1 :  0.1547 0.2812 0.1393 0.4247 
  61       61   (0)      1 :  0.0715 0.1989 0.5611 0.1685 
  62       62   (0)      1 :  0.0531 0.5570 0.1430 0.2470 
  63       63   (0)      1 :  0.2684 0.1286 0.4974 0.1055 
  64       64   (2)      1 :  0.1077 0.3999 0.1659 0.3265 
  65       65   (0)      1 :  0.0655 0.3057 0.1839 0.4449 
  66       66   (3)      1 :  0.3526 0.1909 0.0711 0.3854 
  67       67   (0)      1 :  0.0464 0.1184 0.6580 0.1772 
  68       68   (1)      1 :  0.0901 0.3064 0.4588 0.1447 
  69       69   (2)      1 :  0.2509 0.0733 0.5949 0.0809 
  70       70   (0)      1 :  0.0495 0.3735 0.3374 0.2395 
  71       71   (0)      1 :  0.0574 0.3488 0.2166 0.3772 
  72       72   (4)      1 :  0.0391 0.4666 0.1640 0.3304 
  73       73   (0)      1 :  0.2427 0.2555 0.3709 0.1309 
  74       74   (0)      1 :  0.0427 0.5582 0.0503 0.3488 
  75       75   (0)      1 :  0.1660 0.1923 0.3275 0.3142 
  76       76   (0)      1 :  0.0686 0.1106 0.7495 0.0714 
  77       77   (1)      1 :  0.9228 0.0280 0.0216 0.0276 
  78       78   (0)      1 :  0.0593 0.5097 0.1260 0.3050 
  79       79   (2)      1 :  0.0891 0.3982 0.2573 0.2554 
  80       80   (1)      1 :  0.7186 0.0854 0.0981 0.0980 
  81       81   (2)      1 :  0.4790 0.2356 0.1187 0.1667 
  82       82   (1)      1 :  0.0278 0.1441 0.7251 0.1030 
  83       83   (0)      1 :  0.0703 0.1755 0.5150 0.2392 
  84       84   (0)      1 :  0.2123 0.4162 0.1002 0.2713 
  85       85   (5)      1 :  0.0518 0.2906 0.3108 0.3467 
  86       86   (0)      1 :  0.1616 0.3234 0.0428 0.4722 
  87       87   (1)      1 :  0.0635 0.2697 0.5112 0.1556 
  88       88   (0)      2 :  0.8524 0.0516 0.0370 0.0590 
  89       89   (0)      2 :  0.1155 0.3719 0.1450 0.3676 
  90       90   (0)      2 :  0.9054 0.0343 0.0261 0.0342 
  91       91   (1)      2 :  0.0219 0.2748 0.3824 0.3210 
  92       92   (0)      2 :  0.0790 0.0957 0.7207 0.1045 
  93       93   (0)      2 :  0.0243 0.0856 0.8174 0.0727 
  94       94   (0)      2 :  0.1950 0.4397 0.0664 0.2988 
  95       95   (0)      2 :  0.1734 0.5318 0.0642 0.2307 
  96       96   (0)      2 :  0.1033 0.2395 0.0891 0.5681 
  97       97   (0)      2 :  0.1803 0.0572 0.7187 0.0438 
  98       98   (0)      2 :  0.0502 0.4135 0.1849 0.3515 
  99       99   (0)      2 :  0.1131 0.1298 0.5784 0.1787 
 100      100   (1)      2 :  0.0716 0.4486 0.1350 0.3448 
 101      101   (0)      2 :  0.5390 0.1287 0.2229 0.1095 
 102      102   (0)      2 :  0.1209 0.2960 0.0928 0.4903 
 103      103   (0)      2 :  0.2035 0.2832 0.2788 0.2346 
 104      104   (0)      2 :  0.0475 0.2043 0.5964 0.1518 
 105      105   (0)      2 :  0.1828 0.1163 0.5986 0.1022 
 106      106   (0)      2 :  0.9180 0.0229 0.0377 0.0214 
 107      107   (1)      2 :  0.1445 0.2107 0.1914 0.4534 
 108      108   (0)      2 :  0.0906 0.2440 0.3634 0.3020 
 109      109   (0)      2 :  0.2235 0.2701 0.0470 0.4594 
 110      110   (0)      2 :  0.3170 0.1006 0.5065 0.0759 
 111      111   (1)      2 :  0.1193 0.1095 0.6268 0.1444 
 112      112   (2)      2 :  0.1577 0.4050 0.0866 0.3506 
 113      113   (0)      2 :  0.6653 0.1076 0.0804 0.1466 
 114      114   (3)      2 :  0.0658 0.4621 0.1624 0.3097 
 115      115   (1)      2 :  0.0848 0.3276 0.4862 0.1014 
 116      116   (0)      2 :  0.1336 0.4458 0.1305 0.2902 
 117      117   (0)      2 :  0.2183 0.3588 0.0944 0.3285 
 118      118   (0)      2 :  0.0390 0.4528 0.2394 0.2688 
 119      119   (2)      2 :  0.0681 0.3417 0.0914 0.4987 
 120      120   (0)      2 :  0.0236 0.0724 0.8397 0.0643 
 121      121   (0)      2 :  0.0638 0.4731 0.0734 0.3897 
 122      122   (0)      2 :  0.0929 0.3825 0.2337 0.2909 
 123      123   (0)      2 :  0.0338 0.2950 0.2420 0.4293 
 124      124   (0)      2 :  0.1688 0.5267 0.0927 0.2117 
 125      125   (0)      2 :  0.1427 0.2498 0.5091 0.0984 
 126      126   (1)      2 :  0.7207 0.1204 0.0633 0.0957 
 127      127   (0)      2 :  0.0571 0.1826 0.0795 0.6809 
 128      128   (1)      2 :  0.0642 0.1024 0.7083 0.1250 
 129      129   (0)      2 :  0.3719 0.2032 0.2624 0.1626 
 130      130   (2)      2 :  0.0738 0.6604 0.0461 0.2198 
 131      131   (0)      2 :  0.1190 0.3632 0.3333 0.1845 
 132      132   (1)      2 :  0.0649 0.1694 0.5865 0.1792 
 133      133   (0)      2 :  0.0387 0.5232 0.1675 0.2706 
 134      134   (0)      2 :  0.1104 0.2797 0.1864 0.4234 
 135      135   (1)      2 :  0.0360 0.0449 0.8746 0.0445 
 136      136   (3)      2 :  0.0588 0.4174 0.2009 0.3229 
 137      137   (0)      2 :  0.2280 0.2461 0.0705 0.4554 
 138      138   (0)      2 :  0.7326 0.1273 0.0434 0.0967 
 139      139   (2)      2 :  0.0377 0.5048 0.1201 0.3373 
 140      140   (2)      2 :  0.1332 0.2744 0.1237 0.4686 
 141      141   (0)      2 :  0.3548 0.1988 0.2063 0.2402 
 142      142   (0)      2 :  0.3472 0.1866 0.2569 0.2094 
 143      143   (0)      2 :  0.0687 0.1204 0.7510 0.0600 
 144      144   (0)      2 :  0.0267 0.4715 0.1110 0.3909 
 145      145   (0)      2 :  0.0463 0.5455 0.0608 0.3474 
 146      146   (1)      2 :  0.0955 0.1177 0.6932 0.0935 
 147      147   (0)      2 :  0.0922 0.2364 0.2026 0.4687 
 148      148   (0)      2 :  0.0318 0.2898 0.2054 0.4730 
 149      149   (1)      2 :  0.1066 0.1673 0.5569 0.1692 
 150      150   (1)      2 :  0.0786 0.1401 0.5890 0.1922 
 151      151   (0)      2 :  0.1605 0.2998 0.2210 0.3187 
 152      152   (0)      2 :  0.0669 0.3804 0.1757 0.3769 
 153      153   (0)      2 :  0.0495 0.0421 0.8572 0.0512 
 154      154   (1)      2 :  0.0848 0.4692 0.0803 0.3657 
 155      155   (0)      2 :  0.1248 0.3016 0.3515 0.2221 
 156      156   (1)      2 :  0.1461 0.2346 0.2686 0.3506 
 157      157   (0)      2 :  0.1045 0.3455 0.3265 0.2235 
 158      158   (0)      2 :  0.0273 0.3737 0.2846 0.3143 
 159      159   (0)      2 :  0.0607 0.4173 0.0604 0.4616 
 160      160   (0)      2 :  0.0859 0.1862 0.3698 0.3581 
 161      161   (0)      2 :  0.0371 0.2631 0.4143 0.2854 
 162      162   (0)      2 :  0.0766 0.2634 0.1982 0.4619 
 163      163   (0)      2 :  0.0575 0.1588 0.6380 0.1457 
 164      164   (0)      2 :  0.0431 0.4030 0.1161 0.4379 
 165      165   (0)      2 :  0.0326 0.3978 0.2303 0.3393 
 166      166   (0)      2 :  0.0724 0.5048 0.1032 0.3196 
 167      167   (1)      2 :  0.1214 0.2109 0.4789 0.1888 
 168      168   (0)      2 :  0.0963 0.4378 0.1492 0.3168 
 169      169   (0)      2 :  0.9209 0.0274 0.0176 0.0341 
 170      170   (0)      2 :  0.0793 0.0968 0.7325 0.0915 
 171      171   (0)      2 :  0.0405 0.4186 0.1184 0.4225 
 172      172   (0)      2 :  0.3580 0.1066 0.4036 0.1319 
 173      173   (0)      2 :  0.8836 0.0384 0.0355 0.0425 
 174      174   (0)      2 :  0.0455 0.5284 0.2131 0.2129 
 175      175   (0)      2 :  0.0455 0.5347 0.1062 0.3136 
 176      176   (0)      2 :  0.1142 0.1078 0.6339 0.1441 
 177      177   (0)      2 :  0.0207 0.0796 0.8399 0.0598 
 178      178   (0)      2 :  0.0616 0.3502 0.0332 0.5550 
 179      179   (0)      2 :  0.0305 0.2302 0.5314 0.2079 
 180      180   (0)      2 :  0.8529 0.0447 0.0615 0.0409 
 181      181   (0)      2 :  0.0733 0.4783 0.1180 0.3304 
 182      182   (0)      2 :  0.1950 0.3095 0.1373 0.3582 
 183      183   (0)      2 :  0.0472 0.4148 0.1167 0.4214 
 184      184   (0)      2 :  0.6450 0.0966 0.1470 0.1114 
 185      185   (1)      2 :  0.0194 0.4905 0.2037 0.2864 
 186      186   (0)      2 :  0.1134 0.1506 0.6384 0.0976 
 187      187   (0)      2 :  0.0348 0.6426 0.0809 0.2417 
 188      188   (0)      2 :  0.0533 0.4108 0.2151 0.3207 
 189      189   (0)      2 :  0.2192 0.2153 0.4067 0.1589 
 190      190   (0)      2 :  0.0506 0.0946 0.7597 0.0950 
 191      191   (0)      2 :  0.0496 0.2167 0.6006 0.1331 
 192      192   (0)      2 :  0.0538 0.2213 0.0454 0.6795 
 193      193   (1)      2 :  0.1603 0.3128 0.1880 0.3390 
 194      194   (0)      2 :  0.0276 0.1838 0.0727 0.7159 
 195      195   (0)      2 :  0.7973 0.0825 0.0338 0.0864 
 196      196   (0)      2 :  0.0491 0.7097 0.0458 0.1954 
 197      197   (0)      2 :  0.0845 0.2207 0.4660 0.2287 
 198      198   (0)      2 :  0.7459 0.0765 0.0786 0.0989 
 199      199   (0)      2 :  0.0379 0.4433 0.1484 0.3703 
 200      200   (0)      2 :  0.1025 0.1293 0.6754 0.0927 
 201      201   (0)      2 :  0.0370 0.3975 0.1147 0.4508 
 202      202   (0)      2 :  0.0180 0.0559 0.8492 0.0769 
 203      203   (0)      2 :  0.0640 0.4109 0.2076 0.3175 
 204      204   (0)      2 :  0.0660 0.3158 0.2322 0.3860 
 205      205   (0)      2 :  0.1650 0.4447 0.1429 0.2473 
 206      206   (0)      2 :  0.8539 0.0495 0.0468 0.0498 
 207      207   (0)      2 :  0.3195 0.3067 0.1378 0.2361 
 208      208   (0)      2 :  0.0486 0.3028 0.0737 0.5749 
 209      209   (0)      2 :  0.5279 0.1193 0.2615 0.0914 
 210      210   (0)      2 :  0.8847 0.0513 0.0242 0.0398 
 211      211   (0)      2 :  0.2284 0.2775 0.2041 0.2901 
 212      212   (1)      2 :  0.2003 0.1259 0.5283 0.1454 
 213      213   (1)      2 :  0.0518 0.5623 0.1392 0.2467 
 214      214   (0)      2 :  0.0593 0.4664 0.0747 0.3996 
 215      215   (0)      2 :  0.0423 0.2251 0.1075 0.6251 
 216      216   (0)      2 :  0.7966 0.0867 0.0419 0.0748 
 217      217   (0)      2 :  0.4358 0.2178 0.1101 0.2362 
 218      218   (0)      2 :  0.0479 0.2323 0.5492 0.1705 
 219      219   (0)      2 :  0.1286 0.2972 0.0550 0.5192 
 220      220   (0)      2 :  0.0196 0.3249 0.2376 0.4178 
 221      221   (0)      2 :  0.2728 0.4303 0.1070 0.1899 
 222      222   (0)      2 :  0.0531 0.2510 0.4444 0.2514 
 223      223   (0)      2 :  0.0753 0.3793 0.1613 0.3841 
 224      224   (0)      2 :  0.0418 0.2976 0.0837 0.5769 
 225      225   (0)      2 :  0.9194 0.0274 0.0227 0.0305 
 226      226   (0)      2 :  0.2573 0.4052 0.0637 0.2737 
 227      227   (1)      2 :  0.8837 0.0356 0.0498 0.0309 
 228      228   (0)      2 :  0.0522 0.4079 0.0556 0.4843 
 229      229   (1)      2 :  0.0453 0.4659 0.2426 0.2462 
 230      230   (0)      2 :  0.2444 0.3377 0.2314 0.1866 
 231      231   (0)      2 :  0.1187 0.4329 0.0829 0.3655 
 232      232   (1)      2 :  0.0711 0.4183 0.2192 0.2914 
 233      233   (0)      2 :  0.2024 0.2953 0.1590 0.3433 
 234      234   (0)      2 :  0.8993 0.0323 0.0354 0.0330 
 235      235   (0)      2 :  0.6595 0.0798 0.1368 0.1238 
 236      236   (1)      2 :  0.0440 0.2099 0.2287 0.5174 
 237      237   (0)      2 :  0.0828 0.3067 0.1927 0.4178 
 238      238   (0)      2 :  0.1223 0.3530 0.0721 0.4525 
 239      239   (0)      2 :  0.1240 0.2760 0.1283 0.4717 
 240      240   (0)      2 :  0.0709 0.5017 0.1678 0.2596 
 241      241   (0)      2 :  0.1264 0.1810 0.5330 0.1596 
 242      242   (0)      2 :  0.0313 0.1965 0.2032 0.5690 
 243      243   (0)      2 :  0.0733 0.2368 0.4406 0.2493 
 244      244   (0)      2 :  0.0978 0.2239 0.5059 0.1724 
 245      245   (0)      2 :  0.9167 0.0304 0.0250 0.0279 
 246      246   (0)      2 :  0.2230 0.1220 0.5453 0.1097 
 247      247   (0)      2 :  0.6149 0.1205 0.1579 0.1067 
 248      248   (0)      2 :  0.5785 0.1789 0.1181 0.1245 
 249      249   (0)      2 :  0.0939 0.5017 0.0736 0.3308 
 250      250   (0)      2 :  0.1250 0.3050 0.1651 0.4048 
 251      251   (0)      2 :  0.0645 0.5594 0.1227 0.2534 
 252      252   (0)      2 :  0.0465 0.0813 0.8089 0.0633 
 253      253   (0)      2 :  0.1289 0.3344 0.1241 0.4126 
 254      254   (0)      2 :  0.0896 0.2000 0.5479 0.1624 
 255      255   (0)      2 :  0.0479 0.2456 0.5962 0.1103 
 256      256   (0)      2 :  0.3511 0.1499 0.3862 0.1129 
 257      257   (0)      2 :  0.1096 0.5661 0.0949 0.2294 
 258      258   (0)      1 :  0.2217 0.2666 0.2040 0.3077 
 259      259   (1)      1 :  0.4573 0.1879 0.1073 0.2474 
 260      260   (0)      1 :  0.0382 0.2398 0.0898 0.6322 
 261      261   (0)      1 :  0.0772 0.5238 0.0766 0.3224 
 262      262   (0)      1 :  0.1473 0.4179 0.1750 0.2599 
 263      263   (0)      1 :  0.0755 0.1820 0.5604 0.1821 
 264      264   (0)      1 :  0.0870 0.4432 0.1630 0.3068 
 265      265   (0)      1 :  0.0676 0.3563 0.3070 0.2692 
 266      266   (0)      1 :  0.0329 0.6455 0.0761 0.2455 
 267      267   (0)      1 :  0.1819 0.4193 0.1497 0.2492 
 268      268   (1)      1 :  0.2145 0.1417 0.4983 0.1455 
 269      269   (1)      1 :  0.2055 0.3459 0.0835 0.3651 
 270      270   (0)      1 :  0.0464 0.3349 0.4879 0.1307 
 271      271   (0)      1 :  0.3417 0.2282 0.1094 0.3208 
 272      272   (0)      1 :  0.2163 0.4262 0.0641 0.2934 
 273      273   (0)      1 :  0.0601 0.3022 0.2623 0.3754 
 274      274   (0)      1 :  0.7860 0.0953 0.0570 0.0617 
 275      275   (0)      1 :  0.1396 0.1817 0.3810 0.2977 
 276      276   (0)      1 :  0.0973 0.2789 0.1560 0.4677 
 277      277   (0)      1 :  0.1149 0.4078 0.0591 0.4182 
 278      278   (0)      1 :  0.3743 0.2572 0.0813 0.2872 
 279      279   (0)      1 :  0.2443 0.1815 0.0686 0.5056 
 280      280   (0)      1 :  0.1565 0.3324 0.3578 0.1534 
 281      281   (0)      1 :  0.0717 0.3412 0.1381 0.4490 
 282      282   (0)      1 :  0.2253 0.3654 0.1994 0.2100 
 283      283   (0)      1 :  0.0652 0.3882 0.1081 0.4384 
 284      284   (0)      1 :  0.0386 0.4007 0.2283 0.3323 
 285      285   (0)      1 :  0.0723 0.2613 0.3863 0.2801 
 286      286   (0)      1 :  0.0356 0.2894 0.3049 0.3701 
 287      287   (0)      1 :  0.9503 0.0178 0.0149 0.0170 
 288      288   (0)      1 :  0.7852 0.0698 0.0535 0.0915 
 289      289   (0)      1 :  0.1854 0.2394 0.1120 0.4632 
 290      290   (1)      1 :  0.9307 0.0217 0.0244 0.0232 
 291      291   (0)      1 :  0.4572 0.1802 0.2110 0.1515 
 292      292   (1)      1 :  0.2412 0.3415 0.0956 0.3218 
 293      293   (0)      1 :  0.0380 0.1192 0.7114 0.1314 
 294      294   (0)      1 :  0.4028 0.2134 0.0777 0.3061 
 295      295   (0)      1 :  0.0430 0.3720 0.2200 0.3650 
 296      296   (0)      1 :  0.0563 0.2792 0.1707 0.4939 
 297      297   (0)      1 :  0.7712 0.1003 0.0418 0.0866 
 298      298   (0)      1 :  0.0406 0.2757 0.0757 0.6080 
 299      299   (0)      1 :  0.3068 0.1459 0.3415 0.2058 
 300      300   (0)      1 :  0.0502 0.3459 0.1603 0.4437 
 301      301   (0)      1 :  0.8929 0.0415 0.0253 0.0403 
 302      302   (0)      1 :  0.5129 0.1704 0.0799 0.2368 
 303      303   (0)      1 :  0.1517 0.3348 0.0853 0.4282 
 304      304   (0)      1 :  0.1751 0.1756 0.1186 0.5307 
 305      305   (0)      1 :  0.0486 0.2690 0.1193 0.5631 
 306      306   (0)      1 :  0.7039 0.1659 0.0308 0.0993 
 307      307   (1)      1 :  0.0363 0.3582 0.3364 0.2691 
 308      308   (0)      1 :  0.1320 0.4516 0.0856 0.3308 
 309      309   (1)      1 :  0.8791 0.0421 0.0369 0.0419 
 310      310   (0)      1 :  0.4237 0.2805 0.1148 0.1811 
 311      311   (0)      1 :  0.5061 0.1698 0.0718 0.2522 
 312      312   (0)      1 :  0.0536 0.1956 0.5684 0.1824 
 313      313   (0)      1 :  0.0293 0.4433 0.1454 0.3820 
 314      314   (0)      1 :  0.0606 0.1280 0.6836 0.1278 
 315      315   (0)      1 :  0.0969 0.4183 0.1519 0.3329 
 316      316   (0)      1 :  0.0496 0.5393 0.1185 0.2926 
 317      317   (0)      1 :  0.0629 0.1580 0.5704 0.2087 
 318      318   (0)      1 :  0.0397 0.2625 0.5279 0.1700 
 319      319   (1)      1 :  0.0294 0.3087 0.1720 0.4899 
 320      320   (0)      1 :  0.0192 0.3592 0.0979 0.5237 
 321      321   (0)      1 :  0.0445 0.3859 0.1036 0.4659 
 322      322   (0)      1 :  0.5238 0.2017 0.1054 0.1691 
 323      323   (0)      1 :  0.0410 0.3863 0.0470 0.5257 
 324      324   (0)      1 :  0.0442 0.5367 0.1917 0.2274 
 325      325   (0)      1 :  0.3991 0.3514 0.0758 0.1737 
 326      326   (0)      1 :  0.0705 0.5338 0.0717 0.3240 
 327      327   (0)      1 :  0.0557 0.3609 0.2190 0.3644 
 328      328   (1)      1 :  0.0456 0.2513 0.2234 0.4796 
 329      329   (0)      1 :  0.1115 0.1691 0.4370 0.2824 
 330      330   (0)      1 :  0.1045 0.3332 0.2800 0.2823 
 331      331   (0)      1 :  0.3641 0.2356 0.2040 0.1963 
 332      332   (0)      1 :  0.2742 0.2344 0.3119 0.1794 
 333      333   (0)      1 :  0.3540 0.1977 0.3275 0.1209 
 334      334   (0)      1 :  0.0342 0.1324 0.6825 0.1509 
 335      335   (0)      1 :  0.0664 0.3643 0.2857 0.2835 
 336      336   (0)      1 :  0.1915 0.3508 0.1676 0.2901 
 337      337   (0)      1 :  0.4998 0.1792 0.0998 0.2212 
 338      338   (0)      1 :  0.1968 0.2625 0.3634 0.1773 
 339      339   (0)      1 :  0.1486 0.3499 0.1471 0.3544 
 340      340   (0)      1 :  0.0704 0.0884 0.7730 0.0683 
 341      341   (0)      1 :  0.1079 0.1149 0.6805 0.0966 
 342      342   (0)      1 :  0.2242 0.2286 0.3166 0.2305 
 343      343   (0)      1 :  0.0872 0.3360 0.4146 0.1622 
 344      344   (0)      1 :  0.2156 0.2455 0.4072 0.1317 
 345      345   (1)      1 :  0.1865 0.5056 0.0644 0.2435 
 346      346   (0)      1 :  0.2610 0.3576 0.1879 0.1935 
 347      347   (0)      1 :  0.2979 0.3483 0.1396 0.2141 
 348      348   (0)      1 :  0.2417 0.1154 0.5437 0.0992 
 349      349   (0)      1 :  0.0838 0.2988 0.4718 0.1456 
 350      350   (0)      1 :  0.1082 0.2524 0.1020 0.5375 
 351      351   (0)      1 :  0.1691 0.3114 0.3389 0.1806 
 352      352   (0)      1 :  0.0742 0.3051 0.1364 0.4843 
 353      353   (0)      1 :  0.0455 0.5370 0.1784 0.2391 
 354      354   (0)      1 :  0.3224 0.1346 0.4164 0.1266 
 355      355   (0)      1 :  0.0993 0.2120 0.4697 0.2190 
 356      356   (0)      1 :  0.0630 0.2831 0.2074 0.4466 
 357      357   (0)      1 :  0.1404 0.3502 0.0862 0.4232 
 358      358   (0)      1 :  0.0614 0.3465 0.1296 0.4625 
 359      359   (0)      1 :  0.2480 0.1574 0.0311 0.5635 
 360      360   (0)      1 :  0.2740 0.3030 0.1946 0.2284 
 361      361   (0)      1 :  0.0585 0.3503 0.0700 0.5213 
 362      362   (0)      1 :  0.0636 0.4138 0.0686 0.4539 
 363      363   (0)      1 :  0.1794 0.2759 0.3804 0.1644 
 364      364   (1)      1 :  0.0524 0.1457 0.5108 0.2911 
 365      365   (0)      1 :  0.0307 0.5156 0.1192 0.3345 
 366      366   (0)      1 :  0.0464 0.4209 0.3593 0.1734 
 367      367   (0)      1 :  0.1458 0.5021 0.1298 0.2224 
 368      368   (1)      1 :  0.1175 0.2679 0.0628 0.5517 
 369      369   (0)      1 :  0.3771 0.1859 0.2675 0.1694 
 370      370   (0)      1 :  0.7463 0.0855 0.0868 0.0814 
 371      371   (0)      1 :  0.8284 0.0624 0.0441 0.0651 
 372      372   (2)      1 :  0.9046 0.0366 0.0272 0.0316 
 373      373   (0)      1 :  0.4775 0.2723 0.0604 0.1898 
 374      374   (0)      1 :  0.0401 0.3315 0.2817 0.3466 
 375      375   (0)      1 :  0.1122 0.4574 0.1110 0.3194 
 376      376   (0)      1 :  0.5662 0.1558 0.1123 0.1656 
 377      377   (0)      1 :  0.0341 0.3153 0.4565 0.1941 
 378      378   (0)      1 :  0.0357 0.2995 0.2978 0.3671 
 379      379   (0)      1 :  0.4832 0.1845 0.1786 0.1537 
 380      380   (1)      1 :  0.0323 0.6234 0.0960 0.2483 
 381      381   (0)      1 :  0.1464 0.4135 0.0686 0.3716 
 382      382   (0)      1 :  0.8667 0.0549 0.0275 0.0509 
 383      383   (0)      1 :  0.1952 0.5077 0.0422 0.2549 
 384      384   (0)      1 :  0.3867 0.2047 0.2124 0.1961 
 385      385   (0)      1 :  0.2954 0.2635 0.0432 0.3980 
 386      386   (0)      1 :  0.1744 0.4774 0.1389 0.2094 
 387      387   (0)      1 :  0.3858 0.2593 0.0586 0.2963 
 388      388   (0)      1 :  0.3307 0.1802 0.3488 0.1404 
 389      389   (0)      1 :  0.0440 0.3281 0.0706 0.5573 
 390      390   (0)      1 :  0.0343 0.3564 0.1679 0.4414 
 391      391   (0)      1 :  0.4578 0.1404 0.2482 0.1535 
 392      392   (0)      1 :  0.3431 0.2387 0.2234 0.1949 
 393      393   (0)      1 :  0.0964 0.3881 0.2926 0.2229 
 394      394   (1)      1 :  0.1176 0.2509 0.0753 0.5562 
 395      395   (0)      1 :  0.0953 0.3712 0.2932 0.2403 
 396      396   (0)      1 :  0.0597 0.2850 0.1112 0.5441 
 397      397   (0)      1 :  0.3340 0.2780 0.0758 0.3122 
 398      398   (0)      1 :  0.7184 0.0785 0.1325 0.0705 
 399      399   (0)      1 :  0.2607 0.3621 0.1585 0.2187 
 400      400   (0)      1 :  0.1692 0.3739 0.1661 0.2907 
 401      401   (1)      1 :  0.8683 0.0361 0.0563 0.0393 
 402      402   (0)      1 :  0.0372 0.1919 0.6077 0.1632 
 403      403   (0)      1 :  0.1990 0.2101 0.3664 0.2245 
 404      404   (0)      1 :  0.0385 0.2890 0.4127 0.2598 
 405      405   (0)      1 :  0.3606 0.3509 0.0548 0.2338 
 406      406   (0)      1 :  0.1135 0.2659 0.3399 0.2808 
 407      407   (0)      1 :  0.0735 0.5268 0.0488 0.3509 
 408      408   (0)      1 :  0.1138 0.3087 0.3242 0.2532 
 409      409   (0)      1 :  0.0843 0.3904 0.0479 0.4774 
 410      410   (0)      1 :  0.8950 0.0363 0.0235 0.0452 
 411      411   (0)      1 :  0.6103 0.1317 0.0835 0.1745 
 412      412   (0)      1 :  0.1548 0.2193 0.4178 0.2080 
 413      413   (0)      1 :  0.0634 0.3459 0.0444 0.5463 
 414      414   (0)      1 :  0.4020 0.1408 0.3055 0.1517 
 415      415   (0)      1 :  0.0419 0.3915 0.2385 0.3281 
 416      416   (0)      1 :  0.1044 0.3634 0.2662 0.2660 
 417      417   (0)      1 :  0.0406 0.3198 0.1828 0.4569 
 418      418   (0)      1 :  0.2086 0.3610 0.1219 0.3084 
 419      419   (0)      1 :  0.4392 0.1903 0.0636 0.3069 
 420      420   (0)      1 :  0.0465 0.2713 0.3250 0.3572 
 421      421   (0)      1 :  0.1474 0.2538 0.3288 0.2700 
 422      422   (0)      1 :  0.8937 0.0368 0.0359 0.0336 
 423      423   (0)      1 :  0.0492 0.5563 0.0403 0.3542 
 424      424   (0)      1 :  0.0376 0.4007 0.0790 0.4828 
 425      425   (0)      1 :  0.8466 0.0291 0.0928 0.0315 
 426      426   (0)      1 :  0.1227 0.4499 0.1007 0.3267 
 427      427   (0)      1 :  0.2471 0.3573 0.1205 0.2752 
 428      428   (0)      1 :  0.9195 0.0278 0.0275 0.0252 
 429      429   (0)      1 :  0.0378 0.2729 0.1061 0.5831 
 430      430   (0)      1 :  0.1306 0.3950 0.0483 0.4261 
 431      431   (0)      1 :  0.5259 0.2077 0.1453 0.1211 
 432      432   (0)      1 :  0.8595 0.0482 0.0489 0.0434 
 433      433   (0)      1 :  0.8849 0.0322 0.0427 0.0402 
 434      434   (0)      1 :  0.2645 0.2941 0.0412 0.4002 
 435      435   (0)      1 :  0.0280 0.6199 0.1847 0.1673 
 436      436   (0)      1 :  0.0585 0.5864 0.0399 0.3152 
 437      437   (0)      1 :  0.6551 0.1061 0.0648 0.1740 
 438      438   (0)      1 :  0.4201 0.2084 0.0979 0.2736 
 439      439   (0)      1 :  0.0877 0.4627 0.0895 0.3601 
 440      440   (0)      1 :  0.7788 0.0847 0.0687 0.0678 
 441      441   (0)      1 :  0.0330 0.3542 0.1395 0.4734 
 442      442   (0)      1 :  0.0837 0.4106 0.0957 0.4100 
 443      443   (0)      1 :  0.0302 0.1652 0.5869 0.2177 
 444      444   (0)      1 :  0.1366 0.4476 0.0551 0.3607 
 445      445   (0)      1 :  0.1371 0.3379 0.0666 0.4584 
 446      446   (0)      2 :  0.0730 0.1918 0.5724 0.1628 
 447      447   (0)      2 :  0.0749 0.4895 0.1143 0.3213 
 448      448   (0)      2 :  0.0859 0.5797 0.0520 0.2823 
 449      449   (0)      2 :  0.6996 0.0935 0.0917 0.1151 
 450      450   (0)      2 :  0.7005 0.0889 0.1053 0.1053 
 451      451   (0)      2 :  0.8720 0.0451 0.0355 0.0474 
 452      452   (0)      2 :  0.3107 0.2502 0.2782 0.1609 
 453      453   (0)      2 :  0.0440 0.1421 0.6399 0.1740 
 454      454   (0)      2 :  0.8644 0.0513 0.0348 0.0495 
 455      455   (0)      2 :  0.0493 0.3034 0.0796 0.5677 
 456      456   (0)      2 :  0.8661 0.0552 0.0270 0.0517 
 457      457   (0)      2 :  0.0709 0.5088 0.0796 0.3407 
 458      458   (0)      2 :  0.1896 0.1583 0.4929 0.1593 
 459      459   (0)      2 :  0.0296 0.2401 0.4066 0.3236 
 460      460   (2)      2 :  0.4715 0.1880 0.1174 0.2232 
 461      461   (1)      2 :  0.3592 0.1975 0.2872 0.1562 
 462      462   (3)      2 :  0.4503 0.1730 0.1785 0.1983 
 463      463   (1)      2 :  0.7191 0.1029 0.0881 0.0899 
 464      464   (3)      2 :  0.0362 0.6016 0.0512 0.3110 
 465      465   (3)      2 :  0.0770 0.3050 0.0776 0.5405 
 466      466   (0)      2 :  0.2240 0.4197 0.1223 0.2340 
 467      467   (1)      2 :  0.0591 0.3568 0.1081 0.4759 
 468      468   (0)      2 :  0.0733 0.2552 0.0587 0.6128 
 469      469   (0)      2 :  0.7720 0.0768 0.0509 0.1003 
 470      470   (3)      2 :  0.5718 0.1409 0.1074 0.1799 
 471      471   (1)      2 :  0.3488 0.2722 0.1982 0.1807 
 472      472   (1)      2 :  0.1188 0.5078 0.0973 0.2761 
 473      473   (2)      2 :  0.0451 0.5955 0.1166 0.2428 
 474      474   (0)      2 :  0.0540 0.1995 0.5938 0.1527 
 475      475   (1)      2 :  0.6919 0.0531 0.2004 0.0546 
 476      476   (2)      2 :  0.0294 0.2669 0.4493 0.2543 
 477      477   (3)      2 :  0.1426 0.2917 0.1228 0.4429 
 478      478   (0)      2 :  0.0723 0.2752 0.4811 0.1714 
 479      479   (0)      2 :  0.0329 0.5067 0.0963 0.3641 
 480      480   (0)      2 :  0.1969 0.3931 0.1080 0.3020 
 481      481   (2)      2 :  0.2913 0.2499 0.2847 0.1740 
 482      482   (3)      2 :  0.0293 0.2582 0.1088 0.6037 
 483      483   (3)      2 :  0.0649 0.3711 0.0496 0.5144 
 484      484   (3)      2 :  0.0717 0.3156 0.2618 0.3509 
 485      485   (2)      2 :  0.6729 0.1465 0.0657 0.1148 
 486      486   (2)      2 :  0.4706 0.1762 0.0866 0.2666 
 487      487   (1)      2 :  0.1438 0.2753 0.4392 0.1417 
 488      488   (3)      2 :  0.0892 0.4753 0.1645 0.2710 
 489      489   (0)      2 :  0.0496 0.4097 0.2319 0.3088 
 490      490   (2)      2 :  0.1191 0.3328 0.1793 0.3688 
 491      491   (4)      2 :  0.1597 0.1153 0.6050 0.1200 
 492      492   (4)      2 :  0.0308 0.0815 0.7614 0.1263 
 493      493   (3)      2 :  0.1618 0.4121 0.0797 0.3464 
 494      494   (3)      2 :  0.8837 0.0417 0.0308 0.0438 
 495      495   (3)      2 :  0.1958 0.1324 0.5551 0.1166 
 496      496   (0)      2 :  0.1106 0.2359 0.3448 0.3088 
 497      497   (5)      2 :  0.1343 0.2814 0.2597 0.3246 
 498      498   (3)      2 :  0.2713 0.3418 0.2204 0.1665 
 499      499   (1)      2 :  0.0713 0.2999 0.2533 0.3755 
 500      500   (1)      2 :  0.0377 0.3367 0.1804 0.4451 
 501      501   (3)      2 :  0.5028 0.2204 0.1242 0.1525 
 502      502   (1)      2 :  0.2578 0.1991 0.0541 0.4890 
 503      503   (4)      2 :  0.0732 0.5004 0.0438 0.3826 
 504      504   (1)      2 :  0.3636 0.1818 0.0494 0.4053 
 505      505   (0)      2 :  0.2957 0.1518 0.3556 0.1969 
 506      506   (6)      2 :  0.0901 0.2534 0.4136 0.2429 
 507      507   (0)      2 :  0.1938 0.3462 0.1092 0.3509 
 508      508   (0)      2 :  0.1087 0.2400 0.1001 0.5512 
 509      509   (2)      2 :  0.8790 0.0363 0.0459 0.0388 
 510      510   (1)      2 :  0.0443 0.3966 0.2059 0.3532 
 511      511   (3)      2 :  0.1714 0.0806 0.6780 0.0700 
 512      512   (2)      2 :  0.7741 0.0974 0.0334 0.0950 
 513      513   (7)      2 :  0.2349 0.1254 0.5183 0.1215 
 514      514   (3)      2 :  0.5937 0.0834 0.2172 0.1057 
 515      515   (0)      2 :  0.0966 0.4033 0.1715 0.3286 
 516      516   (2)      2 :  0.2550 0.3521 0.1698 0.2230 
 517      517   (2)      2 :  0.3071 0.2202 0.3339 0.1388 
 518      518   (0)      2 :  0.0659 0.3809 0.1163 0.4369 
 519      519   (7)      2 :  0.0826 0.1011 0.7455 0.0709 
 520      520   (4)      2 :  0.2524 0.1795 0.4751 0.0929 
 521      521   (1)      2 :  0.2311 0.2281 0.3706 0.1703 
 522      522   (1)      2 :  0.1588 0.3512 0.0647 0.4253 
 523      523   (3)      2 :  0.0650 0.2785 0.1338 0.5227 
 524      524   (1)      2 :  0.0540 0.3454 0.0595 0.5411 
 525      525   (2)      2 :  0.2005 0.1429 0.3668 0.2898 
 526      526   (1)      2 :  0.1158 0.1908 0.3864 0.3071 
 527      527   (0)      2 :  0.0519 0.3443 0.3844 0.2195 
 528      528   (0)      2 :  0.0551 0.4423 0.1098 0.3928 
 529      529   (1)      2 :  0.0460 0.5800 0.1346 0.2394 
 530      530   (0)      2 :  0.0407 0.2373 0.0500 0.6720 
 531      531   (0)      2 :  0.0574 0.5923 0.0469 0.3034 
 532      532   (1)      2 :  0.0354 0.3486 0.0849 0.5311 
 533      533   (2)      2 :  0.0270 0.5310 0.2552 0.1868 
 534      534   (2)      2 :  0.0879 0.4340 0.1043 0.3739 
 535      535   (0)      2 :  0.0753 0.2646 0.4577 0.2025 
 536      536   (0)      2 :  0.0445 0.1089 0.7783 0.0683 
 537      537   (0)      2 :  0.0439 0.2526 0.4845 0.2190 
 538      538   (0)      2 :  0.0590 0.6131 0.0512 0.2767 
 539      539   (1)      2 :  0.0805 0.3024 0.1116 0.5055 
 540      540   (6)      2 :  0.0741 0.4859 0.1939 0.2461 
 541      541   (1)      2 :  0.0756 0.5066 0.1904 0.2274 
 542      542   (1)      2 :  0.2118 0.4066 0.1803 0.2012 
 543      543   (0)      2 :  0.2724 0.3740 0.1022 0.2513 
 544      544   (2)      2 :  0.0607 0.4456 0.2623 0.2314 
 545      545   (1)      2 :  0.6172 0.1065 0.0313 0.2450 
 546      546   (6)      2 :  0.0244 0.5782 0.0772 0.3201 
 547      547   (0)      2 :  0.1549 0.3842 0.0398 0.4211 
 548      548   (1)      2 :  0.2126 0.3341 0.2457 0.2077 
 549      549   (0)      2 :  0.0609 0.5535 0.0818 0.3038 
 550      550   (1)      2 :  0.7926 0.0736 0.0684 0.0654 
 551      551   (1)      2 :  0.0807 0.1552 0.6449 0.1192 
 552      552   (2)      2 :  0.1325 0.4534 0.1057 0.3084 
 553      553   (7)      2 :  0.0996 0.3993 0.1848 0.3163 
 554      554   (2)      2 :  0.0484 0.5241 0.1584 0.2691 
 555      555   (3)      2 :  0.0515 0.3985 0.2890 0.2611 
 556      556   (0)      2 :  0.0909 0.0971 0.7619 0.0501 
 557      557   (1)      2 :  0.5688 0.1692 0.1080 0.1540 
 558      558   (0)      2 :  0.1765 0.0729 0.6930 0.0577 
 559      559   (0)      2 :  0.0361 0.2703 0.0773 0.6163 
 560      560   (5)      2 :  0.1451 0.2411 0.3073 0.3066 
 561      561   (0)      2 :  0.0375 0.2499 0.0540 0.6587 
 562      562   (6)      2 :  0.0662 0.3461 0.4211 0.1665 
 563      563   (2)      2 :  0.0967 0.4113 0.2596 0.2324 
 564      564   (3)      2 :  0.3199 0.1540 0.4273 0.0988 
 565      565   (3)      2 :  0.1331 0.2991 0.2034 0.3645 
 566      566   (1)      2 :  0.0907 0.2891 0.0859 0.5343 
 567      567   (0)      2 :  0.0382 0.2588 0.0996 0.6033 
 568      568   (3)      2 :  0.1549 0.3432 0.3747 0.1273 
 569      569   (2)      2 :  0.0699 0.3611 0.1528 0.4162 
 570      570   (0)      2 :  0.0945 0.3712 0.0575 0.4768 
 571      571   (1)      2 :  0.0315 0.5229 0.0437 0.4019 
 572      572   (4)      2 :  0.0708 0.1511 0.5239 0.2542 
 573      573   (3)      2 :  0.4878 0.1421 0.1879 0.1822 
 574      574   (5)      2 :  0.2461 0.3867 0.1762 0.1910 
 575      575   (3)      2 :  0.0405 0.2993 0.5010 0.1592 
 576      576   (0)      2 :  0.0893 0.3860 0.2476 0.2772 
 577      577   (0)      2 :  0.8616 0.0579 0.0299 0.0506 
 578      578   (1)      2 :  0.0491 0.4596 0.0636 0.4277 
 579      579   (0)      2 :  0.7796 0.0584 0.0975 0.0645 
 580      580   (0)      2 :  0.0249 0.2937 0.3362 0.3453 
 581      581   (3)      2 :  0.0847 0.3029 0.1078 0.5046 
 582      582   (6)      2 :  0.0419 0.3707 0.2881 0.2993 
 583      583   (3)      2 :  0.0479 0.2708 0.4966 0.1847 
 584      584   (3)      2 :  0.1005 0.2956 0.2896 0.3144 
 585      585   (1)      2 :  0.1058 0.4688 0.1224 0.3030 
 586      586   (1)      2 :  0.0253 0.5086 0.1261 0.3400 
 587      587   (0)      2 :  0.9151 0.0320 0.0236 0.0293 
 588      588   (0)      2 :  0.2535 0.1017 0.5189 0.1259 
 589      589   (1)      2 :  0.0979 0.4468 0.2143 0.2410 
 590      590   (2)      2 :  0.0148 0.6062 0.0424 0.3365 
 591      591   (0)      2 :  0.0800 0.3877 0.1789 0.3535 
 592      592   (3)      2 :  0.0861 0.4688 0.1057 0.3394 
 593      593   (0)      2 :  0.1581 0.2290 0.4053 0.2076 
 594      594   (1)      2 :  0.0569 0.4537 0.1326 0.3568 
 595      595   (0)      2 :  0.1137 0.2109 0.5318 0.1436 
 596      596   (1)      2 :  0.1303 0.3242 0.1763 0.3693 
 597      597   (0)      2 :  0.0949 0.4026 0.2590 0.2435 
 598      598   (1)      2 :  0.0959 0.3677 0.0883 0.4482 
 599      599   (0)      2 :  0.0832 0.4464 0.1013 0.3691 
 600      600   (0)      2 :  0.0563 0.2598 0.5367 0.1472 
 601      601   (0)      2 :  0.0505 0.3079 0.2923 0.3493 
 602      602   (0)      2 :  0.1090 0.1964 0.0841 0.6105 
 603      603   (0)      2 :  0.0452 0.2607 0.4641 0.2300 
 604      604   (0)      2 :  0.0694 0.3665 0.2470 0.3171 
 605      605   (0)      2 :  0.0377 0.0975 0.7510 0.1138 
 606      606   (0)      2 :  0.0907 0.3382 0.3935 0.1776 
 607      607   (0)      2 :  0.0753 0.3159 0.0841 0.5247 
 608      608   (0)      2 :  0.0359 0.3813 0.0492 0.5336 
 609      609   (0)      2 :  0.0707 0.1008 0.6808 0.1476 
 610      610   (4)      2 :  0.8197 0.0436 0.0957 0.0410 
 611      611   (0)      2 :  0.3187 0.2215 0.3100 0.1499 
 612      612   (2)      2 :  0.0655 0.4097 0.2106 0.3142 
 613      613   (0)      2 :  0.1160 0.4238 0.2647 0.1955 
 614      614   (0)      2 :  0.1671 0.4923 0.0472 0.2933 
 615      615   (0)      2 :  0.0268 0.4491 0.2967 0.2273 
 616      616   (0)      2 :  0.1690 0.1910 0.3167 0.3233 
 617      617   (0)      2 :  0.0617 0.3563 0.2745 0.3076 
 618      618   (0)      2 :  0.1454 0.4727 0.0540 0.3279 
 619      619   (0)      2 :  0.0464 0.3057 0.4715 0.1764 
 620      620   (0)      2 :  0.1931 0.1481 0.5251 0.1337 
 621      621   (1)      2 :  0.1192 0.2240 0.3140 0.3427 
 622      622   (2)      2 :  0.0787 0.1768 0.5864 0.1580 
 623      623   (1)      2 :  0.0955 0.4373 0.1001 0.3671 
 624      624   (2)      2 :  0.0733 0.5761 0.1248 0.2257 
 625      625   (0)      2 :  0.1491 0.5224 0.0632 0.2653 
 626      626   (6)      2 :  0.0552 0.5201 0.1849 0.2398 
 627      627   (0)      2 :  0.1937 0.2790 0.3500 0.1774 
 628      628   (0)      2 :  0.9356 0.0203 0.0219 0.0222 
 629      629   (1)      2 :  0.1693 0.1461 0.5594 0.1252 
 630      630   (1)      2 :  0.0388 0.1474 0.6572 0.1566 
 631      631   (3)      2 :  0.0469 0.5848 0.0836 0.2847 
 632      632   (0)      2 :  0.0360 0.0569 0.8451 0.0620 
 633      633   (4)      2 :  0.0548 0.4608 0.1710 0.3134 
 634      634   (2)      2 :  0.3922 0.1076 0.4247 0.0755 
 635      635   (0)      2 :  0.0278 0.1996 0.3692 0.4035 
 636      636   (0)      2 :  0.5442 0.1343 0.1869 0.1346 
 637      637   (0)      2 :  0.1289 0.3822 0.3133 0.1757 
 638      638   (0)      2 :  0.0590 0.1886 0.2138 0.5387 
 639      639   (1)      2 :  0.1325 0.5085 0.1522 0.2068 
 640      640   (1)      2 :  0.4087 0.3241 0.0980 0.1692 
 641      641   (0)      2 :  0.3442 0.1359 0.3911 0.1289 
 642      642   (3)      2 :  0.1439 0.4486 0.1457 0.2619 
 643      643   (1)      2 :  0.0625 0.2350 0.3549 0.3475 
 644      644   (7)      2 :  0.0253 0.5256 0.0884 0.3606 
 645      645   (4)      2 :  0.1283 0.3625 0.1327 0.3766 
 646      646   (0)      2 :  0.0387 0.2654 0.2940 0.4019 
 647      647   (1)      2 :  0.0421 0.4787 0.0634 0.4158 
 648      648   (1)      2 :  0.1052 0.2541 0.4821 0.1586 
 649      649   (0)      2 :  0.0573 0.2410 0.1437 0.5580 
 650      650   (1)      2 :  0.0249 0.4093 0.1659 0.3999 
 651      651   (5)      2 :  0.8587 0.0399 0.0589 0.0425 
 652      652   (1)      2 :  0.1676 0.2740 0.2941 0.2644 
 653      653   (3)      2 :  0.0948 0.2239 0.4164 0.2649 
 654      654   (1)      2 :  0.1271 0.3918 0.0860 0.3951 
 655      655   (2)      2 :  0.3057 0.2483 0.1366 0.3093 
 656      656   (0)      2 :  0.0378 0.5324 0.1236 0.3062 
 657      657   (0)      2 :  0.0634 0.2765 0.3759 0.2843 
 658      658   (0)      2 :  0.0703 0.3056 0.1854 0.4386 
 659      659   (5)      2 :  0.0199 0.3044 0.3588 0.3170 
 660      660   (3)      2 :  0.1594 0.3170 0.1628 0.3607 
 661      661   (2)      2 :  0.0301 0.2864 0.4494 0.2341 
 662      662   (1)      2 :  0.1011 0.2952 0.4849 0.1188 
 663      663   (2)      2 :  0.3150 0.1923 0.2462 0.2465 
 664      664   (0)      2 :  0.0568 0.2564 0.4418 0.2451 
 665      665   (0)      2 :  0.1205 0.2109 0.5138 0.1549 
 666      666   (0)      2 :  0.8063 0.0702 0.0475 0.0760 
 667      667   (0)      2 :  0.3845 0.1402 0.2494 0.2258 
 668      668   (2)      2 :  0.2802 0.2922 0.0993 0.3283 
 669      669   (4)      2 :  0.1461 0.2717 0.0791 0.5031 
 670      670   (6)      2 :  0.0505 0.3062 0.0363 0.6070 
 671      671   (3)      2 :  0.0366 0.0726 0.8457 0.0451 
 672      672   (0)      2 :  0.0319 0.1836 0.6334 0.1511 
 673      673   (4)      2 :  0.0351 0.1884 0.4027 0.3738 
 674      674   (0)      2 :  0.1353 0.2514 0.2992 0.3140 
 675      675   (0)      2 :  0.0549 0.3730 0.3078 0.2644 
 676      676   (1)      2 :  0.0669 0.3734 0.3222 0.2375 
 677      677   (3)      2 :  0.2879 0.2230 0.1043 0.3847 
 678      678   (6)      2 :  0.0445 0.1506 0.5769 0.2280 
 679      679   (1)      2 :  0.2355 0.2714 0.0436 0.4496 
 680      680   (1)      2 :  0.0641 0.2416 0.5607 0.1336 
 681      681   (1)      2 :  0.3471 0.1353 0.2762 0.2413 
 682      682   (1)      2 :  0.4125 0.2240 0.1887 0.1748 
 683      683   (0)      2 :  0.0931 0.5228 0.0521 0.3320 
 684      684   (0)      2 :  0.0451 0.5375 0.1246 0.2928 
 685      685   (0)      2 :  0.0554 0.2079 0.0680 0.6687 
 686      686   (0)      2 :  0.0318 0.2095 0.0848 0.6739 
 687      687   (3)      2 :  0.0520 0.3311 0.1638 0.4532 
 688      688   (1)      2 :  0.3152 0.2437 0.2996 0.1415 
 689      689   (1)      2 :  0.5656 0.1271 0.1606 0.1467 
 690      690   (5)      2 :  0.1325 0.1265 0.6608 0.0801 
 691      691   (5)      2 :  0.2639 0.1261 0.2308 0.3792 
 692      692   (0)      2 :  0.2918 0.1972 0.0837 0.4273 
 693      693   (2)      2 :  0.0408 0.2920 0.3777 0.2895 
 694      694   (0)      2 :  0.0290 0.0973 0.7189 0.1548 
 695      695   (0)      2 :  0.3612 0.1676 0.0960 0.3752 
 696      696   (0)      2 :  0.0267 0.1682 0.0286 0.7765 
 697      697   (2)      2 :  0.0950 0.1996 0.5405 0.1649 
 698      698   (0)      2 :  0.0229 0.2891 0.4310 0.2569 
 699      699   (1)      2 :  0.1225 0.1366 0.6564 0.0845 
 700      700   (0)      2 :  0.1213 0.5150 0.0559 0.3078 
 701      701   (0)      2 :  0.0900 0.2072 0.3972 0.3056 
 702      702   (1)      2 :  0.3661 0.1060 0.2524 0.2754 
 703      703   (1)      2 :  0.2298 0.2164 0.0392 0.5145 
 704      704   (0)      2 :  0.5743 0.1098 0.1123 0.2037 
 705      705   (0)      2 :  0.0434 0.4994 0.2346 0.2226 
 706      706   (0)      2 :  0.3875 0.1506 0.1985 0.2635 
 707      707   (1)      2 :  0.0441 0.0664 0.8271 0.0624 
 708      708   (1)      2 :  0.1965 0.3311 0.2883 0.1841 
 709      709   (0)      2 :  0.4263 0.1498 0.1796 0.2443 
 710      710   (0)      2 :  0.0918 0.4020 0.2297 0.2765 
 711      711   (0)      2 :  0.2585 0.3865 0.0608 0.2941 
 712      712   (1)      2 :  0.0723 0.3893 0.1657 0.3727 
 713      713   (0)      2 :  0.1110 0.1655 0.1119 0.6115 
 714      714   (0)      2 :  0.0840 0.6137 0.0630 0.2393 
 715      715   (0)      2 :  0.1445 0.3814 0.0704 0.4037 
 716      716   (0)      2 :  0.5530 0.1533 0.1184 0.1752 
 717      717   (1)      2 :  0.1010 0.1273 0.5795 0.1921 
 718      718   (1)      2 :  0.0576 0.1778 0.6121 0.1525 
 719      719   (7)      2 :  0.0231 0.1180 0.7272 0.1317 
 720      720   (2)      2 :  0.0827 0.5390 0.0774 0.3009 
 721      721   (1)      2 :  0.0652 0.2381 0.4594 0.2373 
 722      722   (0)      2 :  0.0643 0.2144 0.2360 0.4853 
 723      723   (1)      2 :  0.0573 0.1770 0.6107 0.1550 
 724      724   (0)      2 :  0.4871 0.1762 0.0618 0.2750 
 725      725   (0)      2 :  0.0676 0.4901 0.2318 0.2105 
 726      726   (0)      2 :  0.0586 0.3716 0.2760 0.2937 
 727      727   (1)      2 :  0.0767 0.0598 0.7974 0.0661 
 728      728   (0)      2 :  0.2695 0.2230 0.3510 0.1564 
 729      729   (1)      2 :  0.0697 0.4123 0.3104 0.2077 
 730      730   (0)      2 :  0.1626 0.2684 0.1309 0.4380 
 731      731   (2)      2 :  0.7036 0.0975 0.1014 0.0975 
 732      732   (1)      2 :  0.2710 0.0866 0.5758 0.0666 
 733      733   (0)      2 :  0.0438 0.3393 0.0990 0.5179 
 734      734   (0)      2 :  0.0477 0.6160 0.0855 0.2508 
 735      735   (0)      2 :  0.0397 0.3756 0.3551 0.2296 
 736      736   (0)      2 :  0.1618 0.3001 0.0649 0.4732 
 737      737   (0)      2 :  0.1117 0.2208 0.0896 0.5780 
 738      738   (0)      2 :  0.2881 0.2898 0.1588 0.2633 
 739      739   (0)      2 :  0.1345 0.3243 0.3668 0.1743 
 740      740   (0)      2 :  0.0183 0.4356 0.3469 0.1992 
 741      741   (0)      2 :  0.2625 0.1860 0.0765 0.4750 
 742      742   (0)      2 :  0.1129 0.3058 0.2747 0.3066 
 743      743   (0)      2 :  0.0575 0.2082 0.0416 0.6926 
 744      744   (0)      2 :  0.0306 0.6168 0.1211 0.2315 
 745      745   (0)      2 :  0.0479 0.4553 0.1075 0.3893 
 746      746   (0)      2 :  0.5185 0.2069 0.0679 0.2067 
 747      747   (0)      2 :  0.8992 0.0412 0.0210 0.0386 
 748      748   (2)      2 :  0.1146 0.1620 0.0356 0.6878 
 749      749   (5)      2 :  0.2954 0.1026 0.4730 0.1291 
 750      750   (1)      2 :  0.1009 0.4333 0.1399 0.3259 
 751      751   (0)      2 :  0.3539 0.2645 0.0392 0.3424 
 752      752   (3)      2 :  0.0253 0.2231 0.1679 0.5837 
 753      753   (0)      2 :  0.0245 0.2282 0.0285 0.7188 
 754      754   (0)      2 :  0.0576 0.3718 0.1472 0.4234 
 755      755   (0)      2 :  0.0364 0.0438 0.8731 0.0467 
 756      756   (0)      2 :  0.1921 0.2830 0.0583 0.4666 
 757      757   (0)      2 :  0.0775 0.2089 0.4538 0.2598 
 758      758   (1)      2 :  0.1698 0.4457 0.1449 0.2396 
 759      759   (0)      2 :  0.1195 0.2381 0.2099 0.4325 
 760      760   (0)      2 :  0.3888 0.2328 0.1481 0.2304 
 761      761   (0)      2 :  0.0188 0.3035 0.0447 0.6330 
 762      762   (0)      2 :  0.0369 0.3550 0.0594 0.5487 
 763      763   (0)      2 :  0.2495 0.2377 0.1241 0.3886 
 764      764   (0)      4 :  0.0698 0.4234 0.1671 0.3397 
 765      765   (0)      2 :  0.0952 0.2043 0.1067 0.5939 
 766      766   (0)      4 :  0.0298 0.4322 0.1202 0.4179 
 767      767   (0)      4 :  0.0235 0.2431 0.0420 0.6914 
 768      768   (0)      4 :  0.0793 0.2247 0.0487 0.6474 
 769      769   (0)      2 :  0.0520 0.2600 0.2755 0.4125 
 770      770   (0)      4 :  0.0571 0.2879 0.1024 0.5526 
 771      771   (1)      3 :  0.0518 0.1668 0.5640 0.2175 
 772      772   (0)      2 :  0.0496 0.2368 0.0843 0.6294 
 773      773   (0)      3 :  0.1871 0.1589 0.5461 0.1079 
 774      774   (0)      3 :  0.0475 0.0765 0.8144 0.0616 
 775      775   (0)      3 :  0.0243 0.0411 0.9028 0.0318 
 776      776   (0)      3 :  0.0847 0.0443 0.8311 0.0399 
 777      777   (0)      3 :  0.0292 0.0493 0.8818 0.0397 
 778      778   (3)      4 :  0.1589 0.4540 0.0384 0.3487 
 779      779   (1)      2 :  0.1177 0.3019 0.1951 0.3853 
 780      780   (0)      4 :  0.0767 0.3847 0.1462 0.3924 
 781      781   (0)      4 :  0.0423 0.2707 0.0637 0.6233 
 782      782   (0)      4 :  0.0952 0.5484 0.1377 0.2188 
 783      783   (0)      4 :  0.1615 0.2651 0.0500 0.5234 
 784      784   (0)      2 :  0.5493 0.1358 0.1734 0.1414 
 785      785   (0)      4 :  0.0622 0.2371 0.0441 0.6566 
 786      786   (0)      3 :  0.3512 0.2151 0.2737 0.1601 
 787      787   (0)      3 :  0.0397 0.0348 0.8880 0.0374 
 788      788   (0)      3 :  0.0221 0.1193 0.8031 0.0555 
 789      789   (0)      3 :  0.0812 0.1247 0.5828 0.2112 
 790      790   (1)      3 :  0.0539 0.0925 0.7635 0.0901 
 791      791   (0)      3 :  0.0525 0.2998 0.4760 0.1717 
 792      792   (2)      4 :  0.0389 0.3592 0.1806 0.4213 
 793      793   (4)      4 :  0.0715 0.4405 0.1098 0.3782 
 794      794   (0)      4 :  0.0238 0.2192 0.2591 0.4979 
 795      795   (2)      4 :  0.1867 0.3426 0.0772 0.3935 
 796      796   (0)      4 :  0.0793 0.3183 0.1834 0.4190 
 797      797   (1)      2 :  0.3602 0.2668 0.1447 0.2284 
 798      798   (0)      4 :  0.1936 0.3084 0.2305 0.2676 
 799      799   (1)      3 :  0.1231 0.1297 0.6289 0.1182 
 800      800   (0)      2 :  0.1099 0.1748 0.5761 0.1391 
 801      801   (1)      3 :  0.0416 0.2365 0.4989 0.2230 
 802      802   (1)      3 :  0.1380 0.0316 0.7967 0.0337 
 803      803   (0)      3 :  0.0325 0.0628 0.8460 0.0587 
 804      804   (0)      3 :  0.0270 0.0385 0.8949 0.0396 
 805      805   (0)      4 :  0.0752 0.5712 0.1139 0.2397 
 806      806   (1)      4 :  0.0293 0.3267 0.0753 0.5687 
 807      807   (0)      4 :  0.0794 0.6030 0.1546 0.1630 
 808      808   (0)      4 :  0.0814 0.5137 0.0671 0.3379 
 809      809   (0)      2 :  0.0951 0.1777 0.5449 0.1824 
 810      810   (0)      4 :  0.0665 0.3435 0.1076 0.4823 
 811      811   (0)      2 :  0.0845 0.5408 0.1720 0.2027 
 812      812   (1)      3 :  0.0552 0.2887 0.4029 0.2532 
 813      813   (0)      3 :  0.0177 0.1005 0.7984 0.0834 
 814      814   (0)      3 :  0.1671 0.1466 0.6253 0.0610 
 815      815   (0)      3 :  0.0580 0.0727 0.8249 0.0444 
 816      816   (0)      3 :  0.0554 0.0726 0.8092 0.0628 
 817      817   (6)      4 :  0.0808 0.3897 0.1171 0.4124 
 818      818   (0)      2 :  0.4200 0.2196 0.1087 0.2517 
 819      819   (2)      4 :  0.0519 0.3347 0.2075 0.4059 
 820      820   (1)      4 :  0.0498 0.3374 0.1311 0.4817 
 821      821   (2)      4 :  0.1486 0.3523 0.0701 0.4291 
 822      822   (0)      4 :  0.0618 0.3524 0.0645 0.5213 
 823      823   (0)      2 :  0.1120 0.2675 0.0606 0.5599 
 824      824   (0)      4 :  0.0678 0.3001 0.0821 0.5500 
 825      825   (0)      2 :  0.7960 0.0782 0.0322 0.0936 
 826      826   (1)      3 :  0.0207 0.0389 0.8920 0.0484 
 827      827   (0)      2 :  0.8213 0.0526 0.0766 0.0495 
 828      828   (0)      3 :  0.0600 0.1963 0.5801 0.1637 
 829      829   (0)      3 :  0.0748 0.1040 0.7493 0.0719 
 830      830   (0)      3 :  0.0937 0.0703 0.7711 0.0649 
 831      831   (0)      3 :  0.0220 0.0425 0.8913 0.0442 
 832      832   (0)      4 :  0.0952 0.2899 0.3511 0.2639 
 833      833   (0)      2 :  0.0333 0.2217 0.2030 0.5420 
 834      834   (2)      4 :  0.0395 0.6122 0.0598 0.2885 
 835      835   (0)      4 :  0.0952 0.2328 0.2024 0.4696 
 836      836   (4)      4 :  0.0398 0.5294 0.0624 0.3684 
 837      837   (0)      4 :  0.1231 0.4006 0.2149 0.2613 
 838      838   (0)      2 :  0.2062 0.3361 0.1514 0.3063 
 839      839   (0)      2 :  0.1551 0.3655 0.2484 0.2311 
 840      840   (1)      3 :  0.1054 0.1084 0.6763 0.1099 
 841      841   (0)      3 :  0.0642 0.0379 0.8535 0.0444 
 842      842   (0)      3 :  0.0126 0.0441 0.8889 0.0544 
 843      843   (1)      3 :  0.0240 0.0401 0.8868 0.0491 
 844      844   (0)      3 :  0.0246 0.0430 0.8878 0.0446 
 845      845   (1)      2 :  0.0369 0.2845 0.0780 0.6007 
 846      846   (2)      4 :  0.0476 0.5726 0.0541 0.3257 
 847      847   (0)      4 :  0.1333 0.2959 0.1341 0.4367 
 848      848   (1)      4 :  0.0976 0.3425 0.3748 0.1850 
 849      849   (0)      4 :  0.0726 0.2022 0.0737 0.6515 
 850      850   (0)      3 :  0.1575 0.1342 0.5976 0.1107 
 851      851   (0)      3 :  0.0358 0.0556 0.8017 0.1069 
 852      852   (0)      3 :  0.0243 0.0523 0.8677 0.0557 
 853      853   (1)      3 :  0.0443 0.0549 0.8043 0.0965 
 854      854   (1)      3 :  0.0155 0.0458 0.8973 0.0414 
 855      855   (0)      2 :  0.4849 0.1315 0.2944 0.0892 
 856      856   (0)      4 :  0.0318 0.5469 0.0774 0.3439 
 857      857   (0)      4 :  0.0520 0.4949 0.2120 0.2410 
 858      858   (0)      4 :  0.0661 0.4756 0.1569 0.3014 
 859      859   (0)      2 :  0.1951 0.1610 0.3759 0.2680 
 860      860   (0)      2 :  0.0505 0.4718 0.1527 0.3250 
 861      861   (0)      3 :  0.0471 0.2152 0.6093 0.1284 
 862      862   (0)      3 :  0.0501 0.0445 0.8698 0.0356 
 863      863   (0)      3 :  0.0143 0.0408 0.9058 0.0391 
 864      864   (0)      3 :  0.0249 0.1289 0.5925 0.2537 
 865      865   (0)      3 :  0.0318 0.0754 0.7863 0.1065 
 866      866   (0)      2 :  0.6282 0.1228 0.1019 0.1471 
 867      867   (0)      2 :  0.3900 0.1981 0.1021 0.3097 
 868      868   (0)      2 :  0.0710 0.0881 0.7414 0.0996 
 869      869   (0)      2 :  0.8683 0.0456 0.0545 0.0316 
 870      870   (0)      2 :  0.0462 0.1786 0.6733 0.1019 
 871      871   (0)      2 :  0.1440 0.2590 0.0675 0.5296 
 872      872   (0)      2 :  0.0781 0.2246 0.5893 0.1080 
 873      873   (0)      2 :  0.1454 0.3779 0.0565 0.4202 
 874      874   (0)      2 :  0.8797 0.0332 0.0496 0.0375 
 875      875   (0)      2 :  0.6580 0.0691 0.2144 0.0586 
 876      876   (1)      2 :  0.7998 0.0828 0.0315 0.0859 
 877      877   (0)      2 :  0.0662 0.3009 0.0725 0.5604 
 878      878   (0)      2 :  0.0755 0.3250 0.2222 0.3773 
 879      879   (0)      2 :  0.0455 0.4288 0.1552 0.3704 
 880      880   (0)      2 :  0.1141 0.3337 0.0742 0.4780 
 881      881   (0)      2 :  0.4728 0.1888 0.2099 0.1286 
 882      882   (1)      2 :  0.4610 0.2092 0.1922 0.1377 
 883      883   (0)      2 :  0.1662 0.3509 0.2447 0.2381 
 884      884   (3)      2 :  0.4836 0.0675 0.3545 0.0944 
 885      885   (0)      2 :  0.0467 0.2409 0.2112 0.5011 
 886      886   (0)      2 :  0.8837 0.0360 0.0397 0.0406 
 887      887   (0)      2 :  0.0405 0.3573 0.0568 0.5454 
 888      888   (0)      2 :  0.0495 0.2848 0.0231 0.6426 
 889      889   (0)      2 :  0.2457 0.3665 0.1156 0.2723 
 890      890   (0)      2 :  0.0920 0.3053 0.1796 0.4230 
 891      891   (0)      2 :  0.1110 0.1156 0.5628 0.2106 
 892      892   (0)      2 :  0.1542 0.2231 0.1891 0.4337 
 893      893   (0)      2 :  0.2109 0.4314 0.0787 0.2790 
 894      894   (0)      2 :  0.0233 0.4110 0.1057 0.4600 
 895      895   (0)      2 :  0.0356 0.1463 0.6671 0.1510 
 896      896   (0)      2 :  0.0525 0.2890 0.3176 0.3409 
 897      897   (6)      2 :  0.8669 0.0503 0.0305 0.0523 
 898      898   (1)      2 :  0.0461 0.5748 0.1765 0.2026 
 899      899   (0)      2 :  0.1171 0.3277 0.2601 0.2950 
 900      900   (0)      2 :  0.0304 0.1073 0.7358 0.1266 
 901      901   (0)      2 :  0.1885 0.1918 0.0678 0.5518 
 902      902   (1)      2 :  0.4324 0.2344 0.1372 0.1960 
 903      903   (0)      2 :  0.5079 0.1164 0.2790 0.0967 
 904      904   (1)      2 :  0.0436 0.2726 0.0620 0.6218 
 905      905   (0)      2 :  0.1189 0.4300 0.0407 0.4103 
 906      906   (0)      2 :  0.0385 0.4589 0.1531 0.3495 
 907      907   (0)      2 :  0.0488 0.1961 0.5598 0.1952 
 908      908   (0)      2 :  0.3826 0.2630 0.0486 0.3057 
 909      909   (1)      2 :  0.9225 0.0265 0.0226 0.0284 
 910      910   (2)      2 :  0.0285 0.3298 0.1253 0.5164 
 911      911   (1)      2 :  0.0376 0.0641 0.8434 0.0549 
 912      912   (0)      2 :  0.0497 0.0670 0.8282 0.0551 
 913      913   (0)      2 :  0.8559 0.0454 0.0565 0.0422 
 914      914   (0)      2 :  0.1008 0.3054 0.2329 0.3609 
 915      915   (0)      2 :  0.1371 0.4171 0.1544 0.2914 
 916      916   (0)      2 :  0.1031 0.0880 0.6816 0.1272 
 917      917   (0)      2 :  0.5722 0.1393 0.2026 0.0859 
 918      918   (0)      2 :  0.4667 0.2705 0.0397 0.2231 
 919      919   (0)      2 :  0.8539 0.0562 0.0392 0.0507 
 920      920   (0)      2 :  0.0799 0.2375 0.5506 0.1321 
 921      921   (1)      2 :  0.0347 0.0746 0.8281 0.0626 
 922      922   (0)      2 :  0.0369 0.4388 0.0955 0.4288 
 923      923   (0)      2 :  0.0794 0.2748 0.0454 0.6005 
 924      924   (0)      2 :  0.0547 0.3164 0.0545 0.5744 
 925      925   (0)      2 :  0.3619 0.2663 0.1117 0.2600 
 926      926   (0)      2 :  0.8461 0.0506 0.0412 0.0621 
 927      927   (1)      2 :  0.3235 0.2620 0.0371 0.3773 
 928      928   (0)      2 :  0.8485 0.0452 0.0597 0.0466 
 929      929   (0)      2 :  0.8852 0.0430 0.0354 0.0364 
 930      930   (0)      2 :  0.1159 0.2741 0.1935 0.4164 
 931      931   (0)      2 :  0.7999 0.0664 0.0798 0.0539 
 932      932   (0)      2 :  0.8591 0.0357 0.0737 0.0315 
 933      933   (0)      2 :  0.0618 0.3620 0.1986 0.3776 
 934      934   (0)      2 :  0.1329 0.0903 0.7202 0.0565 
 935      935   (0)      2 :  0.0940 0.6464 0.0688 0.1908 
 936      936   (1)      2 :  0.8176 0.0484 0.0934 0.0407 
 937      937   (1)      2 :  0.1908 0.0469 0.7242 0.0380 
 938      938   (0)      2 :  0.1736 0.4987 0.0941 0.2337 
 939      939   (0)      2 :  0.8616 0.0567 0.0339 0.0478 
 940      940   (1)      2 :  0.2411 0.3817 0.0916 0.2856 
 941      941   (0)      2 :  0.5471 0.1835 0.0617 0.2077 
 942      942   (0)      2 :  0.7824 0.0887 0.0658 0.0631 
 943      943   (0)      2 :  0.0175 0.3748 0.0861 0.5216 
 944      944   (0)      2 :  0.8421 0.0627 0.0408 0.0544 
 945      945   (0)      2 :  0.1903 0.2107 0.4488 0.1503 
 946      946   (0)      2 :  0.0427 0.4273 0.1924 0.3377 
 947      947   (0)      2 :  0.4851 0.2129 0.1407 0.1612 
 948      948   (0)      2 :  0.0387 0.2273 0.0643 0.6697 
 949      949   (0)      2 :  0.8087 0.0418 0.1089 0.0405 
 950      950   (0)      2 :  0.0572 0.4283 0.2509 0.2637 
 951      951   (0)      2 :  0.0335 0.3143 0.1478 0.5044 
 952      952   (0)      2 :  0.0571 0.2433 0.1170 0.5826 
 953      953   (0)      2 :  0.2606 0.2678 0.3097 0.1619 
 954      954   (0)      2 :  0.6220 0.1250 0.1769 0.0760 
 955      955   (0)      2 :  0.3467 0.2269 0.1222 0.3043 
 956      956   (0)      2 :  0.0610 0.0737 0.8038 0.0615 
 957      957   (1)      2 :  0.0378 0.3292 0.2056 0.4273 
 958      958   (0)      2 :  0.1157 0.4626 0.0812 0.3405 
 959      959   (4)      2 :  0.5107 0.2153 0.1745 0.0995 
 960      960   (0)      2 :  0.8593 0.0538 0.0389 0.0480 
 961      961   (1)      2 :  0.9141 0.0277 0.0281 0.0301 
 962      962   (0)      2 :  0.4364 0.2166 0.1400 0.2071 
 963      963   (0)      2 :  0.1260 0.2903 0.2733 0.3105 
 964      964   (0)      2 :  0.1185 0.2676 0.2547 0.3592 
 965      965   (0)      2 :  0.0569 0.5980 0.1036 0.2415 
 966      966   (0)      2 :  0.8938 0.0461 0.0230 0.0371 
 967      967   (0)      2 :  0.0488 0.1566 0.6123 0.1822 
 968      968   (0)      2 :  0.0577 0.2637 0.1237 0.5548 
 969      969   (0)      2 :  0.0931 0.4225 0.1866 0.2978 
 970      970   (0)      2 :  0.4246 0.1524 0.3007 0.1223 
 971      971   (0)      2 :  0.5567 0.1205 0.2065 0.1164 
 972      972   (0)      2 :  0.4983 0.1664 0.2158 0.1195 
 973      973   (0)      2 :  0.0691 0.3342 0.1010 0.4957 
 974      974   (5)      2 :  0.1454 0.4997 0.1513 0.2037 
 975      975   (0)      2 :  0.0349 0.6693 0.0526 0.2432 
 976      976   (0)      2 :  0.0666 0.1489 0.6133 0.1712 
 977      977   (0)      2 :  0.7520 0.0757 0.0633 0.1090 
 978      978   (0)      2 :  0.9311 0.0249 0.0195 0.0245 
 979      979   (0)      2 :  0.8711 0.0411 0.0495 0.0383 
 980      980   (0)      2 :  0.2097 0.2801 0.3906 0.1196 
 981      981   (0)      2 :  0.8621 0.0402 0.0596 0.0381 
 982      982   (3)      2 :  0.7610 0.0786 0.0796 0.0808 
 983      983   (0)      2 :  0.0575 0.0521 0.8497 0.0407 
 984      984   (0)      2 :  0.2582 0.1736 0.0309 0.5373 
 985      985   (0)      2 :  0.0485 0.1799 0.5659 0.2057 
 986      986   (0)      2 :  0.0543 0.4315 0.1755 0.3387 
 987      987   (1)      2 :  0.0573 0.1650 0.6242 0.1535 
 988      988   (0)      2 :  0.8237 0.0522 0.0728 0.0513 
 989      989   (0)      2 :  0.1131 0.0545 0.7911 0.0413 
 990      990   (0)      2 :  0.0891 0.2933 0.5019 0.1157 
 991      991   (0)      2 :  0.8741 0.0493 0.0318 0.0448 
 992      992   (0)      2 :  0.0665 0.3308 0.0741 0.5286 
 993      993   (0)      2 :  0.1597 0.1656 0.5339 0.1408 
 994      994   (1)      2 :  0.1204 0.1451 0.6383 0.0962 
 995      995   (1)      2 :  0.4445 0.3027 0.0725 0.1803 
 996      996   (0)      2 :  0.2865 0.3633 0.1443 0.2059 
 997      997   (1)      2 :  0.9289 0.0250 0.0229 0.0232 
 998      998   (0)      2 :  0.3092 0.2070 0.3023 0.1814 
 999      999   (1)      2 :  0.7661 0.0936 0.0760 0.0643 
1000     1000   (0)      2 :  0.0904 0.4509 0.1928 0.2659 
