   1        1   (0)      1 :  0.2238 0.1797 0.1940 0.3028 0.0873 0.0123 
   2        2   (0)      1 :  0.1484 0.4521 0.1042 0.2029 0.0404 0.0519 
   3        3   (0)      1 :  0.2779 0.3270 0.1153 0.1662 0.0655 0.0482 
   4        4   (0)      1 :  0.1799 0.1460 0.0918 0.2087 0.3549 0.0186 
   5        5   (1)      1 :  0.0115 0.0112 0.0095 0.0129 0.0105 0.9444 
   6        6   (0)      1 :  0.3500 0.1344 0.0379 0.2705 0.0792 0.1279 
   7        7   (0)      1 :  0.1456 0.0978 0.1068 0.2170 0.2846 0.1481 
   8        8   (0)      1 :  0.0902 0.4052 0.1223 0.1412 0.2282 0.0129 
   9        9   (0)      1 :  0.1971 0.1710 0.1158 0.2517 0.0643 0.2002 
  10       10   (0)      1 :  0.0897 0.1698 0.1085 0.1498 0.0582 0.4239 
  11       11   (0)      1 :  0.2234 0.0488 0.1212 0.1686 0.3951 0.0428 
  12       12   (0)      1 :  0.5288 0.0913 0.0392 0.1745 0.0911 0.0751 
  13       13   (0)      1 :  0.0629 0.2674 0.1048 0.1046 0.4396 0.0206 
  14       14   (0)      1 :  0.1137 0.0783 0.0251 0.1027 0.2529 0.4274 
  15       15   (0)      1 :  0.0655 0.0517 0.0283 0.0929 0.3731 0.3885 
  16       16   (0)      1 :  0.1736 0.1207 0.1151 0.2135 0.3088 0.0682 
  17       17   (0)      1 :  0.1801 0.4080 0.0144 0.1820 0.1598 0.0557 
  18       18   (2)      1 :  0.0919 0.3666 0.1691 0.1932 0.1619 0.0173 
  19       19   (1)      1 :  0.0667 0.2993 0.0983 0.1814 0.3185 0.0359 
  20       20   (0)      1 :  0.2856 0.0994 0.0229 0.2408 0.1392 0.2121 
  21       21   (1)      1 :  0.1328 0.2781 0.0848 0.1649 0.1538 0.1857 
  22       22   (0)      1 :  0.2186 0.2065 0.2147 0.1685 0.1352 0.0565 
  23       23   (0)      1 :  0.1136 0.3393 0.0782 0.1912 0.0715 0.2061 
  24       24   (0)      1 :  0.0755 0.0369 0.7948 0.0439 0.0357 0.0133 
  25       25   (0)      1 :  0.0952 0.2071 0.0575 0.1446 0.3030 0.1926 
  26       26   (0)      1 :  0.0964 0.4211 0.1849 0.1694 0.0592 0.0690 
  27       27   (1)      1 :  0.1667 0.0680 0.0404 0.1226 0.5640 0.0382 
  28       28   (0)      1 :  0.0371 0.0346 0.8470 0.0372 0.0230 0.0210 
  29       29   (0)      1 :  0.1687 0.2590 0.0635 0.3251 0.1430 0.0407 
  30       30   (0)      1 :  0.0538 0.1133 0.0358 0.0801 0.0355 0.6814 
  31       31   (0)      1 :  0.2744 0.2220 0.0810 0.2485 0.1441 0.0300 
  32       32   (0)      1 :  0.1118 0.2531 0.1607 0.2083 0.1664 0.0997 
  33       33   (1)      1 :  0.2750 0.1387 0.2594 0.1674 0.0780 0.0815 
  34       34   (0)      1 :  0.0648 0.0882 0.0553 0.0981 0.2051 0.4884 
  35       35   (0)      1 :  0.1764 0.3285 0.2239 0.1403 0.0844 0.0466 
  36       36   (0)      1 :  0.1190 0.3425 0.0826 0.1569 0.1863 0.1128 
  37       37   (0)      1 :  0.0592 0.0763 0.6289 0.0737 0.0803 0.0815 
  38       38   (0)      1 :  0.0570 0.0852 0.3439 0.0568 0.0550 0.4020 
  39       39   (0)      1 :  0.0946 0.6225 0.0299 0.1329 0.0764 0.0438 
  40       40   (0)      1 :  0.2772 0.1027 0.0313 0.1340 0.1601 0.2947 
  41       41   (1)      1 :  0.2133 0.0974 0.0715 0.2069 0.3807 0.0303 
  42       42   (0)      1 :  0.0446 0.0382 0.0162 0.0362 0.0417 0.8231 
  43       43   (0)      1 :  0.4340 0.2323 0.1018 0.1551 0.0471 0.0297 
  44       44   (6)      1 :  0.3710 0.2438 0.0632 0.2391 0.0591 0.0238 
  45       45   (1)      1 :  0.1764 0.0810 0.2253 0.1241 0.0636 0.3297 
  46       46   (0)      1 :  0.1093 0.2251 0.3220 0.2084 0.0778 0.0575 
  47       47   (0)      1 :  0.0806 0.0550 0.6703 0.0906 0.0578 0.0457 
  48       48   (0)      1 :  0.2295 0.2269 0.0936 0.3398 0.0822 0.0281 
  49       49   (0)      1 :  0.2032 0.1645 0.2558 0.1746 0.1767 0.0251 
  50       50   (0)      1 :  0.3055 0.2113 0.0190 0.1818 0.2656 0.0167 
  51       51   (2)      1 :  0.0561 0.0394 0.0403 0.0506 0.0745 0.7390 
  52       52   (0)      1 :  0.0298 0.0310 0.0277 0.0294 0.0295 0.8527 
  53       53   (1)      1 :  0.1179 0.0795 0.6679 0.0691 0.0380 0.0276 
  54       54   (0)      1 :  0.1304 0.1434 0.4561 0.1366 0.0805 0.0529 
  55       55   (3)      1 :  0.2492 0.3188 0.0407 0.1418 0.1897 0.0598 
  56       56   (0)      1 :  0.0509 0.0833 0.5981 0.0901 0.1206 0.0569 
  57       57   (0)      1 :  0.0729 0.1484 0.6082 0.0799 0.0751 0.0155 
  58       58   (0)      1 :  0.0551 0.0844 0.0443 0.0870 0.0593 0.6700 
  59       59   (0)      1 :  0.2179 0.1033 0.4504 0.1232 0.0911 0.0141 
  60       60   (1)      1 :  0.1067 0.1222 0.0709 0.2176 0.4028 0.0799 
  61       61   (0)      1 :  0.1551 0.1481 0.2944 0.2945 0.0743 0.0336 
  62       62   (0)      1 :  0.2537 0.3150 0.0487 0.2857 0.0722 0.0248 
  63       63   (0)      1 :  0.1173 0.0720 0.4264 0.0987 0.0724 0.2131 
  64       64   (2)      1 :  0.3318 0.1188 0.0896 0.1999 0.1959 0.0640 
  65       65   (0)      1 :  0.1507 0.2803 0.0886 0.1739 0.2710 0.0355 
  66       66   (3)      1 :  0.0938 0.1283 0.0294 0.1536 0.3545 0.2404 
  67       67   (0)      1 :  0.0699 0.0992 0.4677 0.1863 0.1538 0.0230 
  68       68   (1)      1 :  0.1246 0.2701 0.2397 0.2716 0.0546 0.0393 
  69       69   (2)      1 :  0.0459 0.1119 0.4890 0.1164 0.0680 0.1687 
  70       70   (0)      1 :  0.2704 0.2824 0.1731 0.1426 0.1074 0.0241 
  71       71   (0)      1 :  0.1586 0.2957 0.0975 0.2115 0.2080 0.0288 
  72       72   (4)      1 :  0.2899 0.1489 0.0920 0.2872 0.1627 0.0193 
  73       73   (0)      1 :  0.1797 0.3320 0.1481 0.1601 0.0440 0.1362 
  74       74   (0)      1 :  0.5365 0.0645 0.0271 0.1637 0.1856 0.0226 
  75       75   (0)      1 :  0.0971 0.1927 0.2194 0.1665 0.2260 0.0983 
  76       76   (0)      1 :  0.0737 0.1116 0.6454 0.0918 0.0390 0.0385 
  77       77   (1)      1 :  0.0218 0.0127 0.0139 0.0163 0.0170 0.9183 
  78       78   (0)      1 :  0.1953 0.4295 0.0611 0.1859 0.0986 0.0296 
  79       79   (2)      1 :  0.1820 0.3433 0.0913 0.2765 0.0717 0.0352 
  80       80   (1)      1 :  0.0546 0.0395 0.0744 0.0553 0.0778 0.6984 
  81       81   (2)      1 :  0.1585 0.1167 0.0700 0.2008 0.0755 0.3784 
  82       82   (1)      1 :  0.1128 0.0991 0.6410 0.0673 0.0659 0.0139 
  83       83   (0)      1 :  0.1526 0.1967 0.2837 0.1542 0.1767 0.0361 
  84       84   (0)      1 :  0.1508 0.2943 0.0437 0.3282 0.0844 0.0986 
  85       85   (5)      1 :  0.0946 0.4064 0.1311 0.1368 0.2068 0.0244 
  86       86   (0)      1 :  0.1856 0.1096 0.0206 0.1733 0.4231 0.0879 
  87       87   (1)      1 :  0.1335 0.2455 0.2257 0.2831 0.0826 0.0295 
  88       88   (0)      2 :  0.0349 0.0509 0.0202 0.0358 0.0322 0.8259 
  89       89   (0)      2 :  0.1235 0.4138 0.0487 0.2514 0.1197 0.0429 
  90       90   (0)      2 :  0.0210 0.0220 0.0131 0.0222 0.0221 0.8996 
  91       91   (1)      2 :  0.1253 0.1446 0.3524 0.1554 0.2105 0.0117 
  92       92   (0)      2 :  0.0623 0.1067 0.6215 0.0898 0.0760 0.0436 
  93       93   (0)      2 :  0.0380 0.0756 0.7713 0.0574 0.0445 0.0133 
  94       94   (0)      2 :  0.3342 0.2478 0.0277 0.1616 0.1174 0.1113 
  95       95   (0)      2 :  0.2614 0.3780 0.0216 0.2015 0.0612 0.0763 
  96       96   (0)      2 :  0.1331 0.1211 0.0399 0.1110 0.5443 0.0506 
  97       97   (0)      2 :  0.0344 0.0556 0.7246 0.0405 0.0219 0.1231 
  98       98   (0)      2 :  0.2202 0.1929 0.1013 0.2558 0.2048 0.0251 
  99       99   (0)      2 :  0.1230 0.0782 0.4493 0.1434 0.1428 0.0634 
 100      100   (1)      2 :  0.1128 0.5207 0.0505 0.1405 0.1445 0.0311 
 101      101   (0)      2 :  0.0709 0.1619 0.1367 0.0870 0.0712 0.4723 
 102      102   (0)      2 :  0.1201 0.1956 0.0379 0.2489 0.3366 0.0610 
 103      103   (0)      2 :  0.1371 0.3246 0.0833 0.2431 0.1118 0.1002 
 104      104   (0)      2 :  0.1147 0.2623 0.3429 0.1885 0.0685 0.0232 
 105      105   (0)      2 :  0.1952 0.0277 0.5161 0.0898 0.0621 0.1091 
 106      106   (0)      2 :  0.0137 0.0133 0.0276 0.0154 0.0112 0.9188 
 107      107   (1)      2 :  0.0832 0.0583 0.1178 0.1909 0.4767 0.0731 
 108      108   (0)      2 :  0.1926 0.1521 0.1935 0.1856 0.2264 0.0497 
 109      109   (0)      2 :  0.1049 0.1196 0.0223 0.1123 0.5104 0.1306 
 110      110   (0)      2 :  0.0661 0.0873 0.4566 0.0989 0.0497 0.2413 
 111      111   (1)      2 :  0.0796 0.1400 0.4277 0.1578 0.1252 0.0696 
 112      112   (2)      2 :  0.2486 0.1691 0.0457 0.2215 0.2256 0.0895 
 113      113   (0)      2 :  0.0869 0.0887 0.0450 0.0826 0.1084 0.5884 
 114      114   (3)      2 :  0.1557 0.4310 0.0472 0.2347 0.1018 0.0296 
 115      115   (1)      2 :  0.4925 0.0762 0.2473 0.1116 0.0285 0.0438 
 116      116   (0)      2 :  0.1225 0.4921 0.0435 0.1967 0.0868 0.0583 
 117      117   (0)      2 :  0.1604 0.3323 0.0350 0.2318 0.1267 0.1137 
 118      118   (0)      2 :  0.1861 0.3641 0.0816 0.2619 0.0879 0.0184 
 119      119   (2)      2 :  0.1685 0.1342 0.0420 0.2906 0.3310 0.0336 
 120      120   (0)      2 :  0.0311 0.0403 0.8474 0.0380 0.0316 0.0116 
 121      121   (0)      2 :  0.3224 0.2544 0.0286 0.1907 0.1714 0.0326 
 122      122   (0)      2 :  0.1659 0.3025 0.1131 0.2105 0.1618 0.0462 
 123      123   (0)      2 :  0.1277 0.1487 0.1232 0.1621 0.4222 0.0160 
 124      124   (0)      2 :  0.5336 0.0979 0.0369 0.1610 0.0759 0.0948 
 125      125   (0)      2 :  0.2308 0.1728 0.2797 0.1879 0.0422 0.0866 
 126      126   (1)      2 :  0.0993 0.0559 0.0370 0.0676 0.0579 0.6825 
 127      127   (0)      2 :  0.0511 0.0381 0.0364 0.1232 0.7235 0.0277 
 128      128   (1)      2 :  0.0650 0.1358 0.4848 0.1559 0.1279 0.0307 
 129      129   (0)      2 :  0.0631 0.3911 0.0868 0.1827 0.0632 0.2131 
 130      130   (2)      2 :  0.4985 0.1726 0.0197 0.2120 0.0591 0.0380 
 131      131   (0)      2 :  0.2396 0.3525 0.1103 0.1605 0.0844 0.0528 
 132      132   (1)      2 :  0.1069 0.1202 0.4262 0.1871 0.1262 0.0333 
 133      133   (0)      2 :  0.2072 0.4324 0.0600 0.1909 0.0908 0.0187 
 134      134   (0)      2 :  0.1309 0.1587 0.0717 0.3339 0.2567 0.0481 
 135      135   (1)      2 :  0.0259 0.0276 0.8671 0.0388 0.0222 0.0184 
 136      136   (3)      2 :  0.1433 0.3262 0.0944 0.2711 0.1371 0.0279 
 137      137   (0)      2 :  0.2246 0.0567 0.0355 0.1275 0.4072 0.1485 
 138      138   (0)      2 :  0.0740 0.0974 0.0223 0.0565 0.0594 0.6904 
 139      139   (2)      2 :  0.2605 0.4269 0.0426 0.1656 0.0882 0.0163 
 140      140   (2)      2 :  0.1197 0.3220 0.0538 0.1469 0.2857 0.0720 
 141      141   (0)      2 :  0.1026 0.2277 0.1062 0.1591 0.1738 0.2307 
 142      142   (0)      2 :  0.1080 0.1407 0.1629 0.1462 0.1849 0.2574 
 143      143   (0)      2 :  0.1103 0.0859 0.6454 0.0814 0.0370 0.0399 
 144      144   (0)      2 :  0.1353 0.5391 0.0386 0.1675 0.1072 0.0123 
 145      145   (0)      2 :  0.3038 0.1335 0.0322 0.2460 0.2603 0.0242 
 146      146   (1)      2 :  0.0906 0.1814 0.5171 0.1024 0.0551 0.0534 
 147      147   (0)      2 :  0.0880 0.0747 0.1082 0.1814 0.5033 0.0443 
 148      148   (0)      2 :  0.2326 0.0838 0.1255 0.2112 0.3304 0.0166 
 149      149   (1)      2 :  0.0923 0.1968 0.3533 0.2044 0.1014 0.0518 
 150      150   (1)      2 :  0.1005 0.1371 0.3599 0.2001 0.1604 0.0419 
 151      151   (0)      2 :  0.1040 0.4060 0.0910 0.1823 0.1394 0.0774 
 152      152   (0)      2 :  0.2273 0.0562 0.0921 0.2678 0.3254 0.0311 
 153      153   (0)      2 :  0.0281 0.0249 0.8587 0.0357 0.0300 0.0226 
 154      154   (1)      2 :  0.2664 0.1548 0.0330 0.3423 0.1634 0.0402 
 155      155   (0)      2 :  0.1566 0.2151 0.1786 0.2732 0.1137 0.0628 
 156      156   (1)      2 :  0.2433 0.0971 0.1535 0.1849 0.2368 0.0844 
 157      157   (0)      2 :  0.2390 0.2136 0.1584 0.2308 0.1072 0.0511 
 158      158   (0)      2 :  0.1233 0.2936 0.1233 0.2634 0.1829 0.0134 
 159      159   (0)      2 :  0.2636 0.1523 0.0270 0.1792 0.3489 0.0289 
 160      160   (0)      2 :  0.2408 0.0641 0.2045 0.1971 0.2502 0.0433 
 161      161   (0)      2 :  0.3416 0.1321 0.2065 0.1536 0.1472 0.0191 
 162      162   (0)      2 :  0.1057 0.0873 0.1131 0.2438 0.4111 0.0391 
 163      163   (0)      2 :  0.1203 0.0718 0.4916 0.1827 0.1025 0.0312 
 164      164   (0)      2 :  0.2124 0.2239 0.0577 0.1681 0.3167 0.0212 
 165      165   (0)      2 :  0.2341 0.2185 0.1432 0.2251 0.1622 0.0169 
 166      166   (0)      2 :  0.4180 0.1563 0.0509 0.2300 0.1092 0.0357 
 167      167   (1)      2 :  0.1692 0.1656 0.2797 0.2054 0.1164 0.0637 
 168      168   (0)      2 :  0.0757 0.5165 0.0547 0.2032 0.1063 0.0436 
 169      169   (0)      2 :  0.0176 0.0151 0.0111 0.0177 0.0248 0.9137 
 170      170   (0)      2 :  0.0912 0.0790 0.6215 0.0929 0.0706 0.0448 
 171      171   (0)      2 :  0.2490 0.2149 0.0854 0.1947 0.2348 0.0212 
 172      172   (0)      2 :  0.0632 0.1432 0.3029 0.1218 0.0971 0.2719 
 173      173   (0)      2 :  0.0263 0.0221 0.0234 0.0300 0.0278 0.8704 
 174      174   (0)      2 :  0.3942 0.1804 0.1118 0.2156 0.0745 0.0236 
 175      175   (0)      2 :  0.2091 0.4169 0.0401 0.1914 0.1199 0.0226 
 176      176   (0)      2 :  0.0492 0.1629 0.4450 0.1869 0.0957 0.0602 
 177      177   (0)      2 :  0.0766 0.0292 0.7941 0.0561 0.0325 0.0115 
 178      178   (0)      2 :  0.2087 0.0545 0.0158 0.1122 0.5771 0.0317 
 179      179   (0)      2 :  0.1791 0.1483 0.3422 0.1854 0.1305 0.0145 
 180      180   (0)      2 :  0.0269 0.0414 0.0360 0.0333 0.0225 0.8399 
 181      181   (0)      2 :  0.3111 0.1145 0.0506 0.3712 0.1201 0.0326 
 182      182   (0)      2 :  0.0989 0.4180 0.0613 0.1732 0.1484 0.1002 
 183      183   (0)      2 :  0.3055 0.1320 0.0565 0.2668 0.2160 0.0232 
 184      184   (0)      2 :  0.0402 0.1245 0.0899 0.0960 0.0741 0.5753 
 185      185   (1)      2 :  0.0501 0.7994 0.0295 0.0671 0.0460 0.0079 
 186      186   (0)      2 :  0.0899 0.2111 0.4685 0.1117 0.0448 0.0741 
 187      187   (0)      2 :  0.6439 0.0387 0.0389 0.2028 0.0571 0.0186 
 188      188   (0)      2 :  0.2551 0.2884 0.1070 0.1950 0.1258 0.0287 
 189      189   (0)      2 :  0.1338 0.2026 0.2007 0.2664 0.0767 0.1197 
 190      190   (0)      2 :  0.0617 0.0772 0.6600 0.1149 0.0605 0.0257 
 191      191   (0)      2 :  0.3782 0.0799 0.3111 0.1403 0.0645 0.0260 
 192      192   (0)      2 :  0.0485 0.0806 0.0225 0.1730 0.6482 0.0272 
 193      193   (1)      2 :  0.2515 0.1290 0.0972 0.1665 0.2656 0.0901 
 194      194   (0)      2 :  0.0391 0.0538 0.0391 0.1397 0.7159 0.0124 
 195      195   (0)      2 :  0.0564 0.0474 0.0171 0.0456 0.0454 0.7880 
 196      196   (0)      2 :  0.6092 0.0873 0.0192 0.2255 0.0355 0.0234 
 197      197   (0)      2 :  0.1959 0.1466 0.3169 0.1886 0.1116 0.0404 
 198      198   (0)      2 :  0.0432 0.0538 0.0509 0.0558 0.0891 0.7073 
 199      199   (0)      2 :  0.1493 0.5242 0.0616 0.1287 0.1186 0.0175 
 200      200   (0)      2 :  0.0764 0.1360 0.5802 0.0942 0.0552 0.0580 
 201      201   (0)      2 :  0.3423 0.0990 0.0575 0.2383 0.2440 0.0189 
 202      202   (0)      2 :  0.0380 0.0331 0.8324 0.0340 0.0523 0.0103 
 203      203   (0)      2 :  0.4157 0.0954 0.0825 0.2142 0.1604 0.0319 
 204      204   (0)      2 :  0.2713 0.1085 0.1302 0.2189 0.2380 0.0330 
 205      205   (0)      2 :  0.4813 0.1038 0.0609 0.1636 0.1008 0.0896 
 206      206   (0)      2 :  0.0311 0.0447 0.0277 0.0418 0.0332 0.8214 
 207      207   (0)      2 :  0.2406 0.1401 0.0768 0.1688 0.1586 0.2151 
 208      208   (0)      2 :  0.1781 0.1515 0.0418 0.1535 0.4483 0.0267 
 209      209   (0)      2 :  0.0623 0.2085 0.1701 0.0705 0.0518 0.4369 
 210      210   (0)      2 :  0.0354 0.0222 0.0133 0.0273 0.0218 0.8800 
 211      211   (0)      2 :  0.0837 0.4407 0.0579 0.1993 0.1186 0.0999 
 212      212   (1)      2 :  0.1385 0.0669 0.3610 0.1928 0.1073 0.1335 
 213      213   (1)      2 :  0.3840 0.2448 0.0505 0.2175 0.0781 0.0251 
 214      214   (0)      2 :  0.4229 0.0441 0.0345 0.1940 0.2771 0.0274 
 215      215   (0)      2 :  0.0715 0.1109 0.0529 0.2366 0.5091 0.0190 
 216      216   (0)      2 :  0.0754 0.0450 0.0242 0.0432 0.0434 0.7688 
 217      217   (0)      2 :  0.1102 0.1052 0.0595 0.2158 0.1818 0.3275 
 218      218   (0)      2 :  0.2245 0.0931 0.3971 0.1523 0.1085 0.0245 
 219      219   (0)      2 :  0.1558 0.1113 0.0262 0.2367 0.4016 0.0684 
 220      220   (0)      2 :  0.1268 0.2016 0.1132 0.1940 0.3540 0.0104 
 221      221   (0)      2 :  0.2316 0.1736 0.0443 0.2872 0.0965 0.1667 
 222      222   (0)      2 :  0.3137 0.1260 0.2273 0.1996 0.1069 0.0265 
 223      223   (0)      2 :  0.3040 0.0921 0.0654 0.2543 0.2455 0.0387 
 224      224   (0)      2 :  0.0912 0.1128 0.0505 0.1246 0.5980 0.0228 
 225      225   (0)      2 :  0.0177 0.0158 0.0145 0.0164 0.0189 0.9167 
 226      226   (0)      2 :  0.1164 0.4367 0.0253 0.2002 0.0853 0.1362 
 227      227   (1)      2 :  0.0302 0.0224 0.0306 0.0209 0.0176 0.8783 
 228      228   (0)      2 :  0.3831 0.1037 0.0328 0.1516 0.2988 0.0300 
 229      229   (1)      2 :  0.2198 0.2630 0.1063 0.2990 0.0926 0.0193 
 230      230   (0)      2 :  0.2376 0.1150 0.1052 0.2901 0.1143 0.1378 
 231      231   (0)      2 :  0.2801 0.1734 0.0392 0.2461 0.1995 0.0618 
 232      232   (1)      2 :  0.1232 0.4534 0.0912 0.1794 0.1202 0.0327 
 233      233   (0)      2 :  0.1809 0.1150 0.0783 0.2943 0.2223 0.1092 
 234      234   (0)      2 :  0.0170 0.0269 0.0218 0.0226 0.0220 0.8897 
 235      235   (0)      2 :  0.0415 0.0705 0.0945 0.0666 0.1141 0.6129 
 236      236   (1)      2 :  0.0798 0.0592 0.1247 0.1736 0.5431 0.0195 
 237      237   (0)      2 :  0.1510 0.1144 0.1249 0.2252 0.3422 0.0424 
 238      238   (0)      2 :  0.1786 0.0601 0.0377 0.2660 0.3919 0.0656 
 239      239   (0)      2 :  0.0628 0.2944 0.0492 0.3633 0.1827 0.0475 
 240      240   (0)      2 :  0.2329 0.3640 0.0727 0.1775 0.1167 0.0361 
 241      241   (0)      2 :  0.1908 0.1522 0.3147 0.1937 0.0858 0.0627 
 242      242   (0)      2 :  0.0568 0.0825 0.1141 0.2416 0.4906 0.0144 
 243      243   (0)      2 :  0.2777 0.1693 0.2545 0.1217 0.1384 0.0385 
 244      244   (0)      2 :  0.2530 0.1010 0.2894 0.1964 0.1089 0.0512 
 245      245   (0)      2 :  0.0184 0.0288 0.0145 0.0206 0.0165 0.9012 
 246      246   (0)      2 :  0.1217 0.0684 0.4683 0.1189 0.0772 0.1456 
 247      247   (0)      2 :  0.0884 0.0627 0.1180 0.0919 0.0700 0.5690 
 248      248   (0)      2 :  0.0814 0.2556 0.0403 0.0876 0.0565 0.4785 
 249      249   (0)      2 :  0.3404 0.1535 0.0364 0.2320 0.1922 0.0455 
 250      250   (0)      2 :  0.1259 0.2758 0.0779 0.2304 0.2246 0.0654 
 251      251   (0)      2 :  0.4024 0.1352 0.0489 0.2962 0.0873 0.0301 
 252      252   (0)      2 :  0.0546 0.0708 0.7215 0.0962 0.0316 0.0254 
 253      253   (0)      2 :  0.1038 0.4479 0.0459 0.1728 0.1665 0.0630 
 254      254   (0)      2 :  0.1859 0.1243 0.3495 0.2126 0.0823 0.0454 
 255      255   (0)      2 :  0.2380 0.1504 0.3770 0.1544 0.0556 0.0247 
 256      256   (0)      2 :  0.2095 0.0624 0.2606 0.1190 0.0800 0.2686 
 257      257   (0)      2 :  0.4351 0.1461 0.0408 0.2562 0.0695 0.0524 
 258      258   (0)      1 :  0.1873 0.2178 0.1080 0.1216 0.2347 0.1306 
 259      259   (1)      1 :  0.1200 0.1619 0.0575 0.1358 0.1843 0.3403 
 260      260   (0)      1 :  0.0882 0.1436 0.0501 0.1930 0.5057 0.0194 
 261      261   (0)      1 :  0.1271 0.4401 0.0278 0.2846 0.0864 0.0341 
 262      262   (0)      1 :  0.1311 0.3137 0.0884 0.3118 0.0893 0.0658 
 263      263   (0)      1 :  0.1896 0.0702 0.4027 0.1711 0.1246 0.0417 
 264      264   (0)      1 :  0.3995 0.1523 0.0526 0.2572 0.1025 0.0359 
 265      265   (0)      1 :  0.2668 0.1207 0.1529 0.2969 0.1308 0.0320 
 266      266   (0)      1 :  0.5347 0.1326 0.0384 0.2088 0.0692 0.0162 
 267      267   (0)      1 :  0.1633 0.2806 0.0597 0.2736 0.1230 0.0997 
 268      268   (1)      1 :  0.1149 0.1980 0.3272 0.1096 0.1204 0.1298 
 269      269   (1)      1 :  0.1570 0.3525 0.0391 0.1536 0.1860 0.1119 
 270      270   (0)      1 :  0.2835 0.1717 0.2802 0.1823 0.0588 0.0236 
 271      271   (0)      1 :  0.0771 0.2854 0.0529 0.1502 0.2365 0.1978 
 272      272   (0)      1 :  0.5222 0.0810 0.0266 0.1584 0.0879 0.1238 
 273      273   (0)      1 :  0.1846 0.2872 0.0826 0.1852 0.2301 0.0302 
 274      274   (0)      1 :  0.0582 0.0781 0.0300 0.0637 0.0325 0.7374 
 275      275   (0)      1 :  0.0973 0.1691 0.2445 0.1763 0.2379 0.0749 
 276      276   (0)      1 :  0.2337 0.2233 0.0592 0.1947 0.2459 0.0431 
 277      277   (0)      1 :  0.1896 0.2845 0.0278 0.2161 0.2256 0.0564 
 278      278   (0)      1 :  0.1858 0.0988 0.0425 0.1579 0.2357 0.2793 
 279      279   (0)      1 :  0.0581 0.0900 0.0342 0.0937 0.5848 0.1392 
 280      280   (0)      1 :  0.1233 0.2894 0.2541 0.1913 0.0600 0.0819 
 281      281   (0)      1 :  0.0920 0.4883 0.0575 0.1052 0.2224 0.0346 
 282      282   (0)      1 :  0.1448 0.2520 0.0711 0.3261 0.0812 0.1249 
 283      283   (0)      1 :  0.2723 0.2010 0.0574 0.2181 0.2185 0.0325 
 284      284   (0)      1 :  0.4924 0.0883 0.1055 0.1984 0.0965 0.0188 
 285      285   (0)      1 :  0.1941 0.1300 0.2326 0.2499 0.1568 0.0366 
 286      286   (0)      1 :  0.2472 0.1595 0.1857 0.1692 0.2201 0.0183 
 287      287   (0)      1 :  0.0090 0.0116 0.0074 0.0110 0.0088 0.9522 
 288      288   (0)      1 :  0.0385 0.0483 0.0369 0.0513 0.0720 0.7530 
 289      289   (0)      1 :  0.1060 0.1792 0.0561 0.1248 0.4323 0.1016 
 290      290   (1)      1 :  0.0150 0.0146 0.0158 0.0151 0.0144 0.9251 
 291      291   (0)      1 :  0.1406 0.0986 0.1018 0.1774 0.1009 0.3808 
 292      292   (1)      1 :  0.2292 0.2780 0.0538 0.1132 0.1672 0.1585 
 293      293   (0)      1 :  0.0781 0.0948 0.6017 0.1059 0.0987 0.0207 
 294      294   (0)      1 :  0.1110 0.0984 0.0380 0.1584 0.2881 0.3062 
 295      295   (0)      1 :  0.2642 0.1837 0.1013 0.2216 0.2090 0.0202 
 296      296   (0)      1 :  0.1733 0.1735 0.1102 0.1845 0.3297 0.0289 
 297      297   (0)      1 :  0.0676 0.0633 0.0227 0.0664 0.0569 0.7230 
 298      298   (0)      1 :  0.1614 0.0669 0.0415 0.1405 0.5707 0.0190 
 299      299   (0)      1 :  0.0777 0.0951 0.2083 0.2284 0.1961 0.1943 
 300      300   (0)      1 :  0.1287 0.3646 0.0730 0.1494 0.2612 0.0230 
 301      301   (0)      1 :  0.0296 0.0260 0.0138 0.0249 0.0246 0.8811 
 302      302   (0)      1 :  0.1164 0.0679 0.0474 0.0936 0.2348 0.4400 
 303      303   (0)      1 :  0.1582 0.3028 0.0398 0.1108 0.3054 0.0830 
 304      304   (0)      1 :  0.0649 0.0918 0.0597 0.0916 0.6034 0.0887 
 305      305   (0)      1 :  0.1047 0.1639 0.0566 0.1594 0.4914 0.0240 
 306      306   (0)      1 :  0.1388 0.0842 0.0159 0.0757 0.0500 0.6355 
 307      307   (1)      1 :  0.1598 0.2896 0.1690 0.1794 0.1838 0.0184 
 308      308   (0)      1 :  0.2372 0.2026 0.0341 0.3204 0.1390 0.0667 
 309      309   (1)      1 :  0.0329 0.0325 0.0234 0.0263 0.0275 0.8574 
 310      310   (0)      1 :  0.1483 0.2484 0.0453 0.1681 0.0752 0.3146 
 311      311   (0)      1 :  0.0943 0.0750 0.0357 0.1920 0.1842 0.4188 
 312      312   (0)      1 :  0.0919 0.1405 0.4361 0.1460 0.1591 0.0266 
 313      313   (0)      1 :  0.2456 0.1060 0.0786 0.3340 0.2224 0.0134 
 314      314   (0)      1 :  0.0952 0.1060 0.5186 0.1625 0.0841 0.0337 
 315      315   (0)      1 :  0.2684 0.1876 0.0763 0.2286 0.1913 0.0477 
 316      316   (0)      1 :  0.2250 0.1881 0.0500 0.4157 0.0971 0.0241 
 317      317   (0)      1 :  0.0470 0.3899 0.3334 0.0818 0.1182 0.0296 
 318      318   (0)      1 :  0.2138 0.1820 0.3483 0.1629 0.0733 0.0198 
 319      319   (1)      1 :  0.2135 0.1803 0.0841 0.1700 0.3373 0.0148 
 320      320   (0)      1 :  0.3775 0.0389 0.0404 0.1958 0.3386 0.0087 
 321      321   (0)      1 :  0.2483 0.2219 0.0532 0.1397 0.3157 0.0212 
 322      322   (0)      1 :  0.1294 0.2128 0.0473 0.1108 0.0771 0.4225 
 323      323   (0)      1 :  0.3544 0.1160 0.0229 0.2284 0.2565 0.0218 
 324      324   (0)      1 :  0.6689 0.0591 0.0647 0.1383 0.0503 0.0188 
 325      325   (0)      1 :  0.1461 0.3489 0.0260 0.1920 0.0511 0.2359 
 326      326   (0)      1 :  0.3751 0.1560 0.0387 0.2599 0.1327 0.0376 
 327      327   (0)      1 :  0.5346 0.0406 0.0921 0.1573 0.1507 0.0247 
 328      328   (1)      1 :  0.1032 0.1079 0.1494 0.2453 0.3698 0.0243 
 329      329   (0)      1 :  0.0973 0.1278 0.2165 0.2560 0.2458 0.0567 
 330      330   (0)      1 :  0.2736 0.2196 0.1431 0.1912 0.1175 0.0552 
 331      331   (0)      1 :  0.2193 0.0843 0.0956 0.2502 0.1189 0.2316 
 332      332   (0)      1 :  0.2294 0.2018 0.1503 0.1643 0.0743 0.1800 
 333      333   (0)      1 :  0.1464 0.0697 0.2573 0.2062 0.0626 0.2577 
 334      334   (0)      1 :  0.1089 0.3193 0.3434 0.1277 0.0841 0.0166 
 335      335   (0)      1 :  0.2228 0.1505 0.1372 0.2954 0.1644 0.0298 
 336      336   (0)      1 :  0.1095 0.3100 0.0511 0.3265 0.1290 0.0740 
 337      337   (0)      1 :  0.1121 0.1136 0.0512 0.1492 0.1733 0.4005 
 338      338   (0)      1 :  0.1587 0.2356 0.1862 0.2357 0.0724 0.1115 
 339      339   (0)      1 :  0.2278 0.2015 0.0747 0.1886 0.2302 0.0773 
 340      340   (0)      1 :  0.0627 0.0785 0.7145 0.0766 0.0337 0.0340 
 341      341   (0)      1 :  0.0772 0.0852 0.6168 0.1131 0.0468 0.0609 
 342      342   (0)      1 :  0.1662 0.0999 0.2481 0.2064 0.1445 0.1350 
 343      343   (0)      1 :  0.2336 0.2251 0.1772 0.2572 0.0680 0.0389 
 344      344   (0)      1 :  0.3716 0.0850 0.2186 0.1493 0.0527 0.1229 
 345      345   (1)      1 :  0.1564 0.3534 0.0262 0.2975 0.0719 0.0945 
 346      346   (0)      1 :  0.2946 0.1469 0.0875 0.2459 0.0721 0.1529 
 347      347   (0)      1 :  0.2109 0.2080 0.0605 0.2181 0.1021 0.2004 
 348      348   (0)      1 :  0.0887 0.0480 0.5731 0.0827 0.0518 0.1558 
 349      349   (0)      1 :  0.2592 0.1698 0.2104 0.2784 0.0448 0.0374 
 350      350   (0)      1 :  0.1074 0.1249 0.0380 0.2083 0.4679 0.0536 
 351      351   (0)      1 :  0.2197 0.1603 0.1717 0.3096 0.0667 0.0719 
 352      352   (0)      1 :  0.1620 0.1285 0.0778 0.2299 0.3631 0.0388 
 353      353   (0)      1 :  0.2263 0.1596 0.0611 0.4520 0.0805 0.0205 
 354      354   (0)      1 :  0.0650 0.2945 0.2345 0.1409 0.0701 0.1951 
 355      355   (0)      1 :  0.0597 0.4174 0.2178 0.1559 0.1088 0.0404 
 356      356   (0)      1 :  0.1819 0.1754 0.1297 0.2316 0.2489 0.0325 
 357      357   (0)      1 :  0.2288 0.1214 0.0389 0.1515 0.3888 0.0706 
 358      358   (0)      1 :  0.2449 0.0912 0.0709 0.2213 0.3420 0.0296 
 359      359   (0)      1 :  0.0478 0.0715 0.0159 0.1112 0.5919 0.1618 
 360      360   (0)      1 :  0.2042 0.2115 0.0739 0.1969 0.1503 0.1632 
 361      361   (0)      1 :  0.3858 0.0632 0.0345 0.1275 0.3570 0.0320 
 362      362   (0)      1 :  0.1310 0.2848 0.0288 0.2963 0.2326 0.0264 
 363      363   (0)      1 :  0.1458 0.1304 0.2449 0.2990 0.0783 0.1015 
 364      364   (1)      1 :  0.0732 0.1261 0.3734 0.1624 0.2389 0.0260 
 365      365   (0)      1 :  0.3298 0.1134 0.0463 0.3968 0.0991 0.0147 
 366      366   (0)      1 :  0.3880 0.1825 0.1768 0.1758 0.0545 0.0224 
 367      367   (0)      1 :  0.4361 0.1780 0.0513 0.1804 0.0820 0.0722 
 368      368   (1)      1 :  0.0859 0.1576 0.0350 0.3299 0.3262 0.0654 
 369      369   (0)      1 :  0.0651 0.2216 0.1828 0.1644 0.1025 0.2637 
 370      370   (0)      1 :  0.0793 0.0712 0.0485 0.0811 0.0373 0.6825 
 371      371   (0)      1 :  0.0284 0.0502 0.0251 0.0390 0.0436 0.8137 
 372      372   (2)      1 :  0.0251 0.0203 0.0134 0.0237 0.0176 0.8999 
 373      373   (0)      1 :  0.2163 0.1025 0.0369 0.1431 0.0904 0.4109 
 374      374   (0)      1 :  0.3757 0.1409 0.1151 0.1384 0.2117 0.0183 
 375      375   (0)      1 :  0.2223 0.1220 0.0435 0.4090 0.1488 0.0543 
 376      376   (0)      1 :  0.0614 0.2271 0.0420 0.1260 0.0934 0.4500 
 377      377   (0)      1 :  0.3499 0.1222 0.2639 0.1631 0.0842 0.0167 
 378      378   (0)      1 :  0.0860 0.2993 0.1196 0.3035 0.1751 0.0165 
 379      379   (0)      1 :  0.1087 0.1203 0.0950 0.1580 0.1142 0.4038 
 380      380   (1)      1 :  0.4360 0.2258 0.0345 0.2099 0.0778 0.0160 
 381      381   (0)      1 :  0.4058 0.1600 0.0286 0.1623 0.1713 0.0721 
 382      382   (0)      1 :  0.0360 0.0360 0.0143 0.0346 0.0299 0.8492 
 383      383   (0)      1 :  0.1893 0.3869 0.0180 0.2260 0.0884 0.0913 
 384      384   (0)      1 :  0.1128 0.2249 0.1164 0.1669 0.0979 0.2812 
 385      385   (0)      1 :  0.1863 0.1605 0.0207 0.1186 0.3163 0.1977 
 386      386   (0)      1 :  0.2526 0.1734 0.0508 0.3688 0.0632 0.0912 
 387      387   (0)      1 :  0.2455 0.0506 0.0264 0.1501 0.2012 0.3262 
 388      388   (0)      1 :  0.1485 0.1191 0.1976 0.2222 0.0892 0.2234 
 389      389   (0)      1 :  0.1228 0.0502 0.0353 0.1771 0.5935 0.0211 
 390      390   (0)      1 :  0.2422 0.2312 0.0915 0.1492 0.2681 0.0178 
 391      391   (0)      1 :  0.0778 0.0801 0.1981 0.1060 0.1277 0.4104 
 392      392   (0)      1 :  0.1502 0.1598 0.1176 0.2282 0.1084 0.2359 
 393      393   (0)      1 :  0.2013 0.1477 0.1110 0.3919 0.1055 0.0427 
 394      394   (1)      1 :  0.0912 0.1477 0.0326 0.2537 0.4171 0.0577 
 395      395   (0)      1 :  0.1400 0.3944 0.1498 0.1902 0.0825 0.0432 
 396      396   (0)      1 :  0.2123 0.0915 0.0502 0.1242 0.4922 0.0296 
 397      397   (0)      1 :  0.2243 0.1638 0.0330 0.1865 0.1693 0.2232 
 398      398   (0)      1 :  0.0668 0.0591 0.0785 0.0509 0.0485 0.6963 
 399      399   (0)      1 :  0.1707 0.1987 0.0804 0.2917 0.0975 0.1610 
 400      400   (0)      1 :  0.2721 0.2014 0.0710 0.2305 0.1308 0.0942 
 401      401   (1)      1 :  0.0225 0.0337 0.0476 0.0236 0.0258 0.8468 
 402      402   (0)      1 :  0.1136 0.1678 0.4654 0.1233 0.1100 0.0198 
 403      403   (0)      1 :  0.0669 0.2501 0.1726 0.2807 0.1304 0.0993 
 404      404   (0)      1 :  0.1912 0.3159 0.1604 0.1945 0.1194 0.0187 
 405      405   (0)      1 :  0.1603 0.1206 0.0239 0.2796 0.1261 0.2894 
 406      406   (0)      1 :  0.1062 0.3280 0.1488 0.1859 0.1731 0.0579 
 407      407   (0)      1 :  0.4203 0.1313 0.0236 0.2065 0.1786 0.0397 
 408      408   (0)      1 :  0.1385 0.2886 0.1891 0.2149 0.1083 0.0606 
 409      409   (0)      1 :  0.3692 0.0966 0.0220 0.1809 0.2851 0.0463 
 410      410   (0)      1 :  0.0261 0.0231 0.0111 0.0217 0.0310 0.8870 
 411      411   (0)      1 :  0.0650 0.0999 0.0374 0.0931 0.1577 0.5469 
 412      412   (0)      1 :  0.1715 0.0898 0.3631 0.1463 0.1280 0.1012 
 413      413   (0)      1 :  0.3898 0.0680 0.0212 0.1404 0.3477 0.0329 
 414      414   (0)      1 :  0.0976 0.1713 0.1622 0.1627 0.1048 0.3015 
 415      415   (0)      1 :  0.1513 0.3605 0.1059 0.2024 0.1605 0.0194 
 416      416   (0)      1 :  0.2196 0.2417 0.1427 0.1953 0.1436 0.0570 
 417      417   (0)      1 :  0.1963 0.0605 0.1000 0.2106 0.4142 0.0185 
 418      418   (0)      1 :  0.2940 0.1250 0.0557 0.2735 0.1448 0.1069 
 419      419   (0)      1 :  0.1652 0.0758 0.0309 0.1429 0.2074 0.3779 
 420      420   (0)      1 :  0.1822 0.1659 0.1458 0.2702 0.2147 0.0212 
 421      421   (0)      1 :  0.1800 0.2298 0.1557 0.2024 0.1495 0.0826 
 422      422   (0)      1 :  0.0267 0.0278 0.0207 0.0263 0.0215 0.8770 
 423      423   (0)      1 :  0.5865 0.0565 0.0186 0.1615 0.1523 0.0246 
 424      424   (0)      1 :  0.1120 0.4832 0.0334 0.1419 0.2102 0.0194 
 425      425   (0)      1 :  0.0186 0.0288 0.0719 0.0203 0.0192 0.8412 
 426      426   (0)      1 :  0.2115 0.3547 0.0339 0.2208 0.1186 0.0605 
 427      427   (0)      1 :  0.3488 0.1497 0.0492 0.1706 0.1395 0.1421 
 428      428   (0)      1 :  0.0201 0.0182 0.0178 0.0214 0.0167 0.9058 
 429      429   (0)      1 :  0.1386 0.0674 0.0528 0.1283 0.5933 0.0197 
 430      430   (0)      1 :  0.1889 0.2705 0.0225 0.2199 0.2287 0.0695 
 431      431   (0)      1 :  0.0774 0.1950 0.0671 0.1847 0.0566 0.4193 
 432      432   (0)      1 :  0.0358 0.0354 0.0285 0.0321 0.0259 0.8423 
 433      433   (0)      1 :  0.0177 0.0238 0.0262 0.0235 0.0266 0.8822 
 434      434   (0)      1 :  0.0750 0.2914 0.0201 0.1809 0.2783 0.1544 
 435      435   (0)      1 :  0.2464 0.3330 0.0571 0.3237 0.0278 0.0121 
 436      436   (0)      1 :  0.4026 0.1273 0.0189 0.2899 0.1314 0.0299 
 437      437   (0)      1 :  0.0659 0.0519 0.0356 0.0850 0.1583 0.6033 
 438      438   (0)      1 :  0.0645 0.4002 0.0420 0.1228 0.1398 0.2308 
 439      439   (0)      1 :  0.2208 0.2852 0.0459 0.2001 0.2090 0.0390 
 440      440   (0)      1 :  0.0721 0.0514 0.0444 0.0528 0.0368 0.7425 
 441      441   (0)      1 :  0.2612 0.1410 0.0806 0.2318 0.2684 0.0171 
 442      442   (0)      1 :  0.1311 0.2468 0.0403 0.3653 0.1801 0.0363 
 443      443   (0)      1 :  0.0447 0.3230 0.3891 0.1366 0.0937 0.0129 
 444      444   (0)      1 :  0.2386 0.1026 0.0284 0.2835 0.2714 0.0756 
 445      445   (0)      1 :  0.1529 0.1770 0.0320 0.1766 0.3864 0.0752 
 446      446   (0)      2 :  0.1780 0.0681 0.4969 0.1166 0.1014 0.0389 
 447      447   (0)      2 :  0.2527 0.2700 0.0588 0.2300 0.1526 0.0359 
 448      448   (0)      2 :  0.4623 0.1811 0.0224 0.1662 0.1206 0.0473 
 449      449   (0)      2 :  0.0566 0.0532 0.0597 0.0656 0.1060 0.6589 
 450      450   (0)      2 :  0.0646 0.0683 0.0598 0.0978 0.0699 0.6396 
 451      451   (0)      2 :  0.0224 0.0509 0.0168 0.0274 0.0340 0.8485 
 452      452   (0)      2 :  0.3180 0.1499 0.1333 0.1327 0.0537 0.2124 
 453      453   (0)      2 :  0.0738 0.1479 0.4829 0.1396 0.1338 0.0221 
 454      454   (0)      2 :  0.0262 0.0454 0.0202 0.0404 0.0299 0.8380 
 455      455   (0)      2 :  0.1822 0.1711 0.0360 0.1364 0.4513 0.0231 
 456      456   (0)      2 :  0.0329 0.0334 0.0140 0.0453 0.0324 0.8420 
 457      457   (0)      2 :  0.2678 0.3711 0.0270 0.2048 0.0952 0.0341 
 458      458   (0)      2 :  0.1401 0.0936 0.3571 0.1581 0.1265 0.1247 
 459      459   (0)      2 :  0.1758 0.1260 0.1634 0.3192 0.2021 0.0136 
 460      460   (2)      2 :  0.1202 0.1762 0.0567 0.1941 0.1101 0.3428 
 461      461   (1)      2 :  0.1412 0.1793 0.1238 0.2076 0.0899 0.2583 
 462      462   (3)      2 :  0.0745 0.2364 0.0800 0.1766 0.1303 0.3021 
 463      463   (1)      2 :  0.0610 0.0617 0.0616 0.0924 0.0704 0.6529 
 464      464   (3)      2 :  0.6528 0.1036 0.0194 0.1368 0.0700 0.0175 
 465      465   (3)      2 :  0.1527 0.1470 0.0423 0.1404 0.4777 0.0399 
 466      466   (0)      2 :  0.1270 0.4604 0.0418 0.1976 0.0735 0.0996 
 467      467   (1)      2 :  0.1344 0.1998 0.0485 0.2386 0.3496 0.0291 
 468      468   (0)      2 :  0.0628 0.0793 0.0260 0.2246 0.5752 0.0321 
 469      469   (0)      2 :  0.0378 0.0590 0.0250 0.0498 0.0895 0.7390 
 470      470   (3)      2 :  0.0851 0.0814 0.0474 0.1171 0.2279 0.4412 
 471      471   (1)      2 :  0.1960 0.1779 0.0925 0.2320 0.0877 0.2139 
 472      472   (1)      2 :  0.3530 0.3102 0.0336 0.1789 0.0676 0.0567 
 473      473   (2)      2 :  0.4804 0.2214 0.0465 0.1709 0.0587 0.0222 
 474      474   (0)      2 :  0.1278 0.0992 0.4912 0.1634 0.0872 0.0313 
 475      475   (1)      2 :  0.0386 0.0444 0.1932 0.0412 0.0389 0.6437 
 476      476   (2)      2 :  0.2371 0.1630 0.2654 0.2012 0.1196 0.0137 
 477      477   (3)      2 :  0.1117 0.2570 0.0599 0.2420 0.2584 0.0710 
 478      478   (0)      2 :  0.1522 0.2936 0.2623 0.1775 0.0777 0.0365 
 479      479   (0)      2 :  0.6177 0.0704 0.0378 0.1429 0.1166 0.0145 
 480      480   (0)      2 :  0.3610 0.1667 0.0477 0.2275 0.0857 0.1114 
 481      481   (2)      2 :  0.1722 0.2500 0.1456 0.1949 0.0700 0.1674 
 482      482   (3)      2 :  0.0999 0.1594 0.0538 0.2384 0.4342 0.0144 
 483      483   (3)      2 :  0.1879 0.2595 0.0234 0.1572 0.3407 0.0313 
 484      484   (3)      2 :  0.1271 0.2576 0.0941 0.3042 0.1873 0.0297 
 485      485   (2)      2 :  0.1315 0.0800 0.0350 0.0827 0.0643 0.6065 
 486      486   (2)      2 :  0.0999 0.1321 0.0441 0.1250 0.2133 0.3857 
 487      487   (1)      2 :  0.1048 0.4324 0.1501 0.1993 0.0472 0.0661 
 488      488   (3)      2 :  0.1403 0.4212 0.0463 0.2616 0.0932 0.0374 
 489      489   (0)      2 :  0.1332 0.3884 0.0610 0.2666 0.1298 0.0210 
 490      490   (2)      2 :  0.1930 0.2288 0.0672 0.2769 0.1818 0.0523 
 491      491   (4)      2 :  0.1095 0.0899 0.5054 0.1214 0.0776 0.0963 
 492      492   (4)      2 :  0.0414 0.0657 0.7327 0.0630 0.0806 0.0165 
 493      493   (3)      2 :  0.1399 0.3897 0.0357 0.1737 0.1781 0.0829 
 494      494   (3)      2 :  0.0283 0.0266 0.0191 0.0330 0.0288 0.8643 
 495      495   (3)      2 :  0.2052 0.1408 0.3233 0.1002 0.0910 0.1396 
 496      496   (0)      2 :  0.0941 0.2030 0.1943 0.2339 0.2146 0.0600 
 497      497   (5)      2 :  0.2381 0.1106 0.1376 0.2709 0.1798 0.0629 
 498      498   (3)      2 :  0.1459 0.3120 0.0741 0.2841 0.0593 0.1245 
 499      499   (1)      2 :  0.1643 0.2951 0.0954 0.2051 0.2043 0.0358 
 500      500   (1)      2 :  0.1772 0.1661 0.0768 0.2906 0.2712 0.0181 
 501      501   (3)      2 :  0.1578 0.2008 0.0581 0.1256 0.0678 0.3900 
 502      502   (1)      2 :  0.1203 0.0326 0.0233 0.1187 0.5588 0.1463 
 503      503   (4)      2 :  0.3743 0.1334 0.0237 0.1699 0.2586 0.0400 
 504      504   (1)      2 :  0.0708 0.0811 0.0283 0.0812 0.4962 0.2423 
 505      505   (0)      2 :  0.1154 0.1528 0.2235 0.1273 0.1679 0.2132 
 506      506   (6)      2 :  0.0952 0.3771 0.2081 0.1542 0.1232 0.0423 
 507      507   (0)      2 :  0.1372 0.2604 0.0530 0.2941 0.1557 0.0996 
 508      508   (0)      2 :  0.1192 0.1179 0.0511 0.1453 0.5036 0.0629 
 509      509   (2)      2 :  0.0217 0.0261 0.0255 0.0250 0.0250 0.8767 
 510      510   (1)      2 :  0.1574 0.2701 0.1184 0.2707 0.1635 0.0199 
 511      511   (3)      2 :  0.0682 0.0609 0.6467 0.0708 0.0454 0.1081 
 512      512   (2)      2 :  0.0517 0.0510 0.0182 0.0592 0.0738 0.7462 
 513      513   (7)      2 :  0.0747 0.2284 0.3408 0.1200 0.1053 0.1307 
 514      514   (3)      2 :  0.0781 0.0390 0.1764 0.0505 0.0939 0.5622 
 515      515   (0)      2 :  0.2065 0.2309 0.0786 0.2887 0.1442 0.0511 
 516      516   (2)      2 :  0.3316 0.1310 0.0805 0.2020 0.0945 0.1604 
 517      517   (2)      2 :  0.0967 0.2957 0.2188 0.1253 0.0663 0.1971 
 518      518   (0)      2 :  0.1976 0.1202 0.0678 0.3040 0.2778 0.0326 
 519      519   (7)      2 :  0.1287 0.0665 0.6393 0.0870 0.0348 0.0437 
 520      520   (4)      2 :  0.1487 0.2358 0.2428 0.1726 0.0450 0.1551 
 521      521   (1)      2 :  0.1877 0.2946 0.1844 0.1106 0.0884 0.1343 
 522      522   (1)      2 :  0.1325 0.3687 0.0263 0.1081 0.2906 0.0738 
 523      523   (3)      2 :  0.1246 0.1408 0.0694 0.2164 0.4168 0.0319 
 524      524   (1)      2 :  0.1586 0.2273 0.0329 0.1651 0.3874 0.0287 
 525      525   (2)      2 :  0.0779 0.0652 0.2848 0.1352 0.3212 0.1158 
 526      526   (1)      2 :  0.1600 0.0774 0.2604 0.1854 0.2629 0.0538 
 527      527   (0)      2 :  0.2069 0.2336 0.1917 0.2347 0.1091 0.0239 
 528      528   (0)      2 :  0.3101 0.1019 0.0458 0.2953 0.2232 0.0237 
 529      529   (1)      2 :  0.4421 0.2567 0.0475 0.1766 0.0542 0.0229 
 530      530   (0)      2 :  0.1416 0.0668 0.0231 0.1078 0.6410 0.0198 
 531      531   (0)      2 :  0.5856 0.0641 0.0223 0.1579 0.1421 0.0280 
 532      532   (1)      2 :  0.1451 0.3005 0.0506 0.2112 0.2755 0.0171 
 533      533   (2)      2 :  0.2809 0.3080 0.1095 0.2275 0.0614 0.0126 
 534      534   (2)      2 :  0.2161 0.3593 0.0415 0.1533 0.1855 0.0443 
 535      535   (0)      2 :  0.3389 0.1011 0.2515 0.1824 0.0930 0.0330 
 536      536   (0)      2 :  0.1110 0.0651 0.6787 0.0890 0.0307 0.0254 
 537      537   (0)      2 :  0.2398 0.2143 0.2374 0.1618 0.1259 0.0209 
 538      538   (0)      2 :  0.4975 0.1578 0.0270 0.1996 0.0877 0.0305 
 539      539   (1)      2 :  0.1438 0.0918 0.0679 0.1551 0.4983 0.0432 
 540      540   (6)      2 :  0.0648 0.6548 0.0427 0.1653 0.0474 0.0250 
 541      541   (1)      2 :  0.4357 0.1119 0.1030 0.2356 0.0768 0.0370 
 542      542   (1)      2 :  0.3373 0.0760 0.0869 0.2994 0.0799 0.1205 
 543      543   (0)      2 :  0.1332 0.2696 0.0413 0.2633 0.1323 0.1604 
 544      544   (2)      2 :  0.3597 0.1490 0.1194 0.2651 0.0768 0.0300 
 545      545   (1)      2 :  0.0385 0.0783 0.0142 0.0633 0.2457 0.5600 
 546      546   (6)      2 :  0.6288 0.0517 0.0336 0.2002 0.0736 0.0120 
 547      547   (0)      2 :  0.1712 0.3024 0.0178 0.1570 0.2673 0.0843 
 548      548   (1)      2 :  0.0987 0.4866 0.0829 0.1472 0.0815 0.1030 
 549      549   (0)      2 :  0.5426 0.1310 0.0341 0.1849 0.0809 0.0265 
 550      550   (1)      2 :  0.0457 0.0647 0.0375 0.0539 0.0376 0.7606 
 551      551   (1)      2 :  0.1018 0.2107 0.4550 0.1353 0.0541 0.0431 
 552      552   (2)      2 :  0.2622 0.3405 0.0395 0.2046 0.0858 0.0675 
 553      553   (7)      2 :  0.4253 0.0695 0.1023 0.2106 0.1411 0.0511 
 554      554   (2)      2 :  0.2597 0.1711 0.0977 0.3273 0.1190 0.0253 
 555      555   (3)      2 :  0.1935 0.2375 0.1811 0.2295 0.1325 0.0258 
 556      556   (0)      2 :  0.0949 0.0741 0.6706 0.0819 0.0245 0.0539 
 557      557   (1)      2 :  0.0717 0.2065 0.0476 0.1025 0.0894 0.4824 
 558      558   (0)      2 :  0.0614 0.0666 0.6818 0.0578 0.0299 0.1024 
 559      559   (0)      2 :  0.1096 0.1196 0.0347 0.3627 0.3570 0.0164 
 560      560   (5)      2 :  0.0570 0.4109 0.1175 0.1616 0.1949 0.0581 
 561      561   (0)      2 :  0.1180 0.0821 0.0271 0.1014 0.6515 0.0199 
 562      562   (6)      2 :  0.2190 0.1331 0.2360 0.2644 0.1132 0.0342 
 563      563   (2)      2 :  0.1946 0.2488 0.1331 0.2507 0.1240 0.0488 
 564      564   (3)      2 :  0.1770 0.0830 0.2621 0.2015 0.0521 0.2244 
 565      565   (3)      2 :  0.1287 0.2712 0.0972 0.2312 0.2099 0.0618 
 566      566   (1)      2 :  0.0810 0.3583 0.0370 0.1522 0.3264 0.0450 
 567      567   (0)      2 :  0.1076 0.1439 0.0721 0.1574 0.4974 0.0216 
 568      568   (3)      2 :  0.3526 0.0879 0.2105 0.2290 0.0444 0.0757 
 569      569   (2)      2 :  0.1276 0.2863 0.0860 0.2067 0.2597 0.0336 
 570      570   (0)      2 :  0.2373 0.1875 0.0301 0.1399 0.3491 0.0561 
 571      571   (1)      2 :  0.3856 0.0843 0.0178 0.3171 0.1795 0.0157 
 572      572   (4)      2 :  0.1039 0.0852 0.3725 0.1501 0.2516 0.0367 
 573      573   (3)      2 :  0.1175 0.1028 0.1072 0.1500 0.1221 0.4005 
 574      574   (5)      2 :  0.3118 0.1500 0.0998 0.1953 0.0821 0.1611 
 575      575   (3)      2 :  0.2138 0.2866 0.2516 0.1610 0.0658 0.0212 
 576      576   (0)      2 :  0.3050 0.0978 0.1222 0.3004 0.1317 0.0428 
 577      577   (0)      2 :  0.0392 0.0279 0.0155 0.0374 0.0295 0.8505 
 578      578   (1)      2 :  0.3702 0.1081 0.0220 0.3434 0.1342 0.0222 
 579      579   (0)      2 :  0.0388 0.0734 0.0639 0.0454 0.0496 0.7289 
 580      580   (0)      2 :  0.2455 0.1382 0.1841 0.1347 0.2848 0.0128 
 581      581   (3)      2 :  0.1400 0.1830 0.0521 0.2461 0.3357 0.0431 
 582      582   (6)      2 :  0.2775 0.1812 0.1564 0.1974 0.1662 0.0213 
 583      583   (3)      2 :  0.4584 0.0405 0.2893 0.1084 0.0799 0.0235 
 584      584   (3)      2 :  0.2664 0.1098 0.2116 0.1552 0.2014 0.0557 
 585      585   (1)      2 :  0.1247 0.6077 0.0280 0.1413 0.0596 0.0386 
 586      586   (1)      2 :  0.4282 0.0793 0.0691 0.2690 0.1414 0.0130 
 587      587   (0)      2 :  0.0226 0.0170 0.0135 0.0201 0.0206 0.9062 
 588      588   (0)      2 :  0.0908 0.0763 0.4902 0.0891 0.0789 0.1746 
 589      589   (1)      2 :  0.1919 0.3119 0.0820 0.2896 0.0829 0.0417 
 590      590   (2)      2 :  0.5676 0.0797 0.0201 0.2412 0.0841 0.0074 
 591      591   (0)      2 :  0.2820 0.2484 0.0790 0.1795 0.1724 0.0387 
 592      592   (3)      2 :  0.5206 0.0858 0.0456 0.1618 0.1485 0.0378 
 593      593   (0)      2 :  0.1473 0.2663 0.2218 0.1938 0.0888 0.0821 
 594      594   (1)      2 :  0.2118 0.2416 0.0618 0.2955 0.1612 0.0282 
 595      595   (0)      2 :  0.0924 0.3597 0.2834 0.1481 0.0657 0.0507 
 596      596   (1)      2 :  0.2398 0.1018 0.0905 0.3206 0.1861 0.0613 
 597      597   (0)      2 :  0.1542 0.3999 0.1235 0.1739 0.1018 0.0467 
 598      598   (1)      2 :  0.3155 0.1670 0.0407 0.1930 0.2362 0.0477 
 599      599   (0)      2 :  0.2378 0.1632 0.0553 0.2268 0.2714 0.0454 
 600      600   (0)      2 :  0.1398 0.2264 0.2394 0.3060 0.0624 0.0259 
 601      601   (0)      2 :  0.1671 0.1843 0.1611 0.1855 0.2767 0.0254 
 602      602   (0)      2 :  0.0438 0.0990 0.0369 0.1026 0.6591 0.0586 
 603      603   (0)      2 :  0.1133 0.2973 0.2813 0.1472 0.1387 0.0223 
 604      604   (0)      2 :  0.2853 0.1069 0.1199 0.2749 0.1765 0.0365 
 605      605   (0)      2 :  0.0473 0.2588 0.5297 0.0739 0.0716 0.0187 
 606      606   (0)      2 :  0.1922 0.2072 0.1780 0.3025 0.0773 0.0427 
 607      607   (0)      2 :  0.1755 0.1573 0.0396 0.2344 0.3557 0.0376 
 608      608   (0)      2 :  0.2013 0.1074 0.0247 0.2139 0.4349 0.0179 
 609      609   (0)      2 :  0.0672 0.0543 0.6387 0.0727 0.1267 0.0403 
 610      610   (4)      2 :  0.0309 0.0404 0.0657 0.0307 0.0240 0.8082 
 611      611   (0)      2 :  0.0688 0.4382 0.1346 0.1244 0.0633 0.1707 
 612      612   (2)      2 :  0.5604 0.1019 0.0839 0.1431 0.0784 0.0322 
 613      613   (0)      2 :  0.2326 0.2584 0.1059 0.2866 0.0600 0.0566 
 614      614   (0)      2 :  0.3473 0.1502 0.0220 0.2847 0.1047 0.0911 
 615      615   (0)      2 :  0.3406 0.2116 0.1486 0.1962 0.0891 0.0139 
 616      616   (0)      2 :  0.0709 0.1792 0.2058 0.1703 0.2898 0.0841 
 617      617   (0)      2 :  0.2203 0.1674 0.1561 0.2392 0.1862 0.0309 
 618      618   (0)      2 :  0.4188 0.1352 0.0246 0.1818 0.1549 0.0848 
 619      619   (0)      2 :  0.2444 0.2067 0.2052 0.2400 0.0827 0.0209 
 620      620   (0)      2 :  0.0862 0.1582 0.3133 0.2597 0.0795 0.1032 
 621      621   (1)      2 :  0.1460 0.1035 0.1446 0.2227 0.3252 0.0581 
 622      622   (2)      2 :  0.0693 0.3225 0.3866 0.1177 0.0650 0.0388 
 623      623   (1)      2 :  0.5429 0.0415 0.0413 0.1912 0.1383 0.0448 
 624      624   (2)      2 :  0.5014 0.0888 0.0692 0.2237 0.0800 0.0370 
 625      625   (0)      2 :  0.3355 0.2694 0.0301 0.1453 0.1307 0.0890 
 626      626   (6)      2 :  0.3666 0.2590 0.0793 0.1721 0.0980 0.0249 
 627      627   (0)      2 :  0.1839 0.2914 0.1690 0.1726 0.0734 0.1097 
 628      628   (0)      2 :  0.0130 0.0161 0.0132 0.0155 0.0147 0.9275 
 629      629   (1)      2 :  0.1000 0.0568 0.5248 0.1236 0.0931 0.1019 
 630      630   (1)      2 :  0.1780 0.0940 0.4991 0.1116 0.0982 0.0192 
 631      631   (3)      2 :  0.1902 0.5285 0.0265 0.1684 0.0649 0.0215 
 632      632   (0)      2 :  0.0391 0.0258 0.8348 0.0345 0.0458 0.0201 
 633      633   (4)      2 :  0.1367 0.4225 0.0619 0.2151 0.1372 0.0266 
 634      634   (2)      2 :  0.1208 0.0695 0.3166 0.1192 0.0472 0.3268 
 635      635   (0)      2 :  0.0929 0.0794 0.2898 0.1363 0.3885 0.0131 
 636      636   (0)      2 :  0.0801 0.1216 0.1303 0.1197 0.0796 0.4686 
 637      637   (0)      2 :  0.3435 0.1605 0.1657 0.1875 0.0763 0.0665 
 638      638   (0)      2 :  0.0780 0.1269 0.1331 0.1788 0.4518 0.0316 
 639      639   (1)      2 :  0.1306 0.3863 0.0405 0.3543 0.0429 0.0454 
 640      640   (1)      2 :  0.3206 0.1028 0.0490 0.1820 0.0638 0.2818 
 641      641   (0)      2 :  0.1141 0.2020 0.2337 0.1744 0.0699 0.2060 
 642      642   (3)      2 :  0.2851 0.1253 0.0623 0.3655 0.0966 0.0651 
 643      643   (1)      2 :  0.0602 0.5261 0.1166 0.0952 0.1740 0.0279 
 644      644   (7)      2 :  0.2043 0.2179 0.0370 0.3615 0.1668 0.0124 
 645      645   (4)      2 :  0.3984 0.0889 0.0581 0.1822 0.2013 0.0710 
 646      646   (0)      2 :  0.3044 0.1067 0.1710 0.1802 0.2193 0.0185 
 647      647   (1)      2 :  0.3343 0.0905 0.0342 0.3076 0.2125 0.0209 
 648      648   (1)      2 :  0.1604 0.2499 0.2923 0.1569 0.0911 0.0493 
 649      649   (0)      2 :  0.1467 0.0774 0.0751 0.1768 0.4961 0.0280 
 650      650   (1)      2 :  0.2224 0.2039 0.1165 0.1984 0.2460 0.0128 
 651      651   (5)      2 :  0.0223 0.0412 0.0380 0.0306 0.0278 0.8402 
 652      652   (1)      2 :  0.4091 0.0897 0.1078 0.1493 0.1592 0.0849 
 653      653   (3)      2 :  0.1394 0.1517 0.2240 0.2839 0.1547 0.0463 
 654      654   (1)      2 :  0.2226 0.1760 0.0374 0.2077 0.2860 0.0704 
 655      655   (2)      2 :  0.1815 0.1532 0.0641 0.1840 0.2219 0.1953 
 656      656   (0)      2 :  0.3382 0.2742 0.0592 0.2106 0.0990 0.0188 
 657      657   (0)      2 :  0.2618 0.1318 0.2562 0.1545 0.1632 0.0326 
 658      658   (0)      2 :  0.2309 0.1671 0.0990 0.1809 0.2864 0.0357 
 659      659   (5)      2 :  0.4513 0.0964 0.1509 0.1680 0.1236 0.0097 
 660      660   (3)      2 :  0.2078 0.2267 0.0627 0.2206 0.2030 0.0793 
 661      661   (2)      2 :  0.2332 0.1426 0.2736 0.1845 0.1512 0.0149 
 662      662   (1)      2 :  0.1144 0.5306 0.1814 0.0910 0.0430 0.0396 
 663      663   (2)      2 :  0.0835 0.1938 0.1421 0.2347 0.1616 0.1842 
 664      664   (0)      2 :  0.1879 0.1845 0.2453 0.2062 0.1487 0.0276 
 665      665   (0)      2 :  0.2173 0.1974 0.2191 0.2244 0.0788 0.0630 
 666      666   (0)      2 :  0.0531 0.0498 0.0306 0.0458 0.0526 0.7681 
 667      667   (0)      2 :  0.0744 0.1520 0.1311 0.1908 0.1870 0.2648 
 668      668   (2)      2 :  0.2727 0.1178 0.0478 0.1886 0.1940 0.1790 
 669      669   (4)      2 :  0.1776 0.1294 0.0403 0.2299 0.3377 0.0851 
 670      670   (6)      2 :  0.2308 0.1656 0.0163 0.1197 0.4428 0.0248 
 671      671   (3)      2 :  0.0514 0.0652 0.7894 0.0492 0.0241 0.0206 
 672      672   (0)      2 :  0.0810 0.2253 0.4501 0.1490 0.0795 0.0151 
 673      673   (4)      2 :  0.0979 0.0912 0.2717 0.1446 0.3777 0.0169 
 674      674   (0)      2 :  0.1016 0.2618 0.1403 0.2106 0.2223 0.0635 
 675      675   (0)      2 :  0.1533 0.4105 0.1042 0.2283 0.0811 0.0227 
 676      676   (1)      2 :  0.1488 0.3648 0.1264 0.2311 0.0983 0.0305 
 677      677   (3)      2 :  0.0942 0.2366 0.0430 0.2285 0.2390 0.1586 
 678      678   (6)      2 :  0.1437 0.1257 0.3697 0.1430 0.1921 0.0259 
 679      679   (1)      2 :  0.1102 0.3051 0.0185 0.1307 0.2982 0.1373 
 680      680   (1)      2 :  0.1446 0.1394 0.4746 0.1404 0.0687 0.0322 
 681      681   (1)      2 :  0.0593 0.3024 0.1189 0.1782 0.1198 0.2213 
 682      682   (1)      2 :  0.1773 0.0951 0.0881 0.2409 0.1087 0.2898 
 683      683   (0)      2 :  0.2457 0.4333 0.0203 0.1530 0.1064 0.0412 
 684      684   (0)      2 :  0.3343 0.2029 0.0633 0.2514 0.1246 0.0234 
 685      685   (0)      2 :  0.1055 0.0517 0.0439 0.1227 0.6478 0.0285 
 686      686   (0)      2 :  0.0518 0.0931 0.0408 0.1835 0.6156 0.0151 
 687      687   (3)      2 :  0.2885 0.0816 0.0815 0.1967 0.3266 0.0250 
 688      688   (1)      2 :  0.2374 0.1433 0.1271 0.2398 0.0570 0.1955 
 689      689   (1)      2 :  0.0631 0.1441 0.1302 0.0691 0.0890 0.5045 
 690      690   (5)      2 :  0.0875 0.2927 0.4150 0.0926 0.0431 0.0692 
 691      691   (5)      2 :  0.0386 0.0780 0.1098 0.1865 0.4453 0.1418 
 692      692   (0)      2 :  0.1035 0.1098 0.0411 0.2543 0.3184 0.1729 
 693      693   (2)      2 :  0.1078 0.1868 0.2474 0.2563 0.1817 0.0199 
 694      694   (0)      2 :  0.0574 0.0891 0.5267 0.1265 0.1856 0.0147 
 695      695   (0)      2 :  0.0864 0.1371 0.0454 0.1430 0.3396 0.2485 
 696      696   (0)      2 :  0.0246 0.0540 0.0144 0.1060 0.7882 0.0128 
 697      697   (2)      2 :  0.0659 0.5037 0.1827 0.1392 0.0701 0.0384 
 698      698   (0)      2 :  0.0983 0.3148 0.2668 0.1527 0.1556 0.0118 
 699      699   (1)      2 :  0.1208 0.1646 0.4968 0.1061 0.0416 0.0701 
 700      700   (0)      2 :  0.3759 0.1524 0.0310 0.2191 0.1502 0.0714 
 701      701   (0)      2 :  0.0857 0.2443 0.2032 0.2326 0.1956 0.0385 
 702      702   (1)      2 :  0.0397 0.0656 0.1769 0.1047 0.3442 0.2688 
 703      703   (1)      2 :  0.1294 0.0457 0.0215 0.1772 0.4972 0.1291 
 704      704   (0)      2 :  0.0506 0.0746 0.0653 0.0880 0.2335 0.4880 
 705      705   (0)      2 :  0.3903 0.1376 0.1132 0.2587 0.0807 0.0194 
 706      706   (0)      2 :  0.0649 0.2153 0.0852 0.1858 0.2169 0.2318 
 707      707   (1)      2 :  0.0529 0.0500 0.7822 0.0543 0.0369 0.0237 
 708      708   (1)      2 :  0.1129 0.3796 0.1199 0.1977 0.0912 0.0987 
 709      709   (0)      2 :  0.0586 0.0916 0.1151 0.1458 0.2452 0.3438 
 710      710   (0)      2 :  0.1380 0.3713 0.0672 0.2684 0.1189 0.0362 
 711      711   (0)      2 :  0.3007 0.1266 0.0379 0.1692 0.1763 0.1894 
 712      712   (1)      2 :  0.2661 0.2376 0.0660 0.2062 0.1913 0.0329 
 713      713   (0)      2 :  0.0671 0.0319 0.0493 0.1057 0.6878 0.0582 
 714      714   (0)      2 :  0.3755 0.1402 0.0265 0.3556 0.0571 0.0452 
 715      715   (0)      2 :  0.3092 0.0723 0.0349 0.3070 0.2122 0.0643 
 716      716   (0)      2 :  0.0996 0.1263 0.0674 0.0875 0.1318 0.4873 
 717      717   (1)      2 :  0.1138 0.1219 0.3954 0.1623 0.1474 0.0592 
 718      718   (1)      2 :  0.0936 0.2807 0.3411 0.1827 0.0742 0.0278 
 719      719   (7)      2 :  0.0479 0.1343 0.6744 0.0676 0.0639 0.0120 
 720      720   (2)      2 :  0.5914 0.0843 0.0343 0.1747 0.0757 0.0397 
 721      721   (1)      2 :  0.1932 0.1142 0.3085 0.1543 0.1955 0.0342 
 722      722   (0)      2 :  0.1013 0.0768 0.1661 0.1595 0.4654 0.0309 
 723      723   (1)      2 :  0.1566 0.0605 0.5581 0.1075 0.0855 0.0319 
 724      724   (0)      2 :  0.0892 0.0714 0.0330 0.1239 0.3020 0.3806 
 725      725   (0)      2 :  0.6058 0.0633 0.0763 0.1828 0.0433 0.0284 
 726      726   (0)      2 :  0.3542 0.0994 0.1344 0.2560 0.1279 0.0280 
 727      727   (1)      2 :  0.0326 0.0871 0.7222 0.0658 0.0513 0.0409 
 728      728   (0)      2 :  0.3221 0.0951 0.2147 0.1284 0.0611 0.1786 
 729      729   (1)      2 :  0.2323 0.2360 0.1117 0.3001 0.0887 0.0311 
 730      730   (0)      2 :  0.1305 0.0865 0.0738 0.2010 0.4205 0.0877 
 731      731   (2)      2 :  0.0700 0.0714 0.0630 0.0732 0.0654 0.6571 
 732      732   (1)      2 :  0.0524 0.1474 0.4502 0.1247 0.0415 0.1837 
 733      733   (0)      2 :  0.1096 0.2240 0.0460 0.2237 0.3756 0.0211 
 734      734   (0)      2 :  0.4077 0.1660 0.0358 0.2815 0.0831 0.0260 
 735      735   (0)      2 :  0.3210 0.1668 0.2300 0.1725 0.0920 0.0178 
 736      736   (0)      2 :  0.1966 0.1385 0.0313 0.1636 0.3839 0.0860 
 737      737   (0)      2 :  0.0981 0.1250 0.0419 0.1990 0.4810 0.0550 
 738      738   (0)      2 :  0.1712 0.0751 0.0939 0.2389 0.2349 0.1861 
 739      739   (0)      2 :  0.2869 0.1516 0.1875 0.2366 0.0687 0.0688 
 740      740   (0)      2 :  0.2473 0.3729 0.1559 0.1561 0.0586 0.0092 
 741      741   (0)      2 :  0.0650 0.1541 0.0263 0.1210 0.4865 0.1470 
 742      742   (0)      2 :  0.1031 0.3991 0.0872 0.2817 0.0802 0.0487 
 743      743   (0)      2 :  0.0555 0.0486 0.0186 0.1503 0.7016 0.0254 
 744      744   (0)      2 :  0.6811 0.0633 0.0448 0.1482 0.0498 0.0128 
 745      745   (0)      2 :  0.3139 0.2584 0.0541 0.1815 0.1645 0.0276 
 746      746   (0)      2 :  0.0987 0.1763 0.0349 0.1672 0.1003 0.4225 
 747      747   (0)      2 :  0.0279 0.0203 0.0113 0.0239 0.0280 0.8886 
 748      748   (2)      2 :  0.0305 0.0397 0.0164 0.0940 0.7620 0.0574 
 749      749   (5)      2 :  0.0749 0.1305 0.3110 0.2098 0.1006 0.1731 
 750      750   (1)      2 :  0.1459 0.1348 0.0686 0.3938 0.2131 0.0438 
 751      751   (0)      2 :  0.1481 0.1685 0.0167 0.1560 0.2282 0.2825 
 752      752   (3)      2 :  0.0792 0.0671 0.0983 0.1538 0.5879 0.0136 
 753      753   (0)      2 :  0.0993 0.1123 0.0146 0.1855 0.5759 0.0124 
 754      754   (0)      2 :  0.1671 0.1754 0.0648 0.3543 0.2112 0.0272 
 755      755   (0)      2 :  0.0260 0.0399 0.8557 0.0289 0.0280 0.0215 
 756      756   (0)      2 :  0.1281 0.1660 0.0271 0.2819 0.2880 0.1090 
 757      757   (0)      2 :  0.0617 0.5058 0.1397 0.1348 0.1237 0.0343 
 758      758   (1)      2 :  0.4679 0.0683 0.0563 0.2454 0.0721 0.0901 
 759      759   (0)      2 :  0.1472 0.0771 0.0996 0.1765 0.4364 0.0631 
 760      760   (0)      2 :  0.1374 0.1493 0.0770 0.2429 0.1379 0.2555 
 761      761   (0)      2 :  0.1003 0.1170 0.0230 0.1324 0.6180 0.0094 
 762      762   (0)      2 :  0.1690 0.0717 0.0302 0.2150 0.4971 0.0170 
 763      763   (0)      2 :  0.0997 0.1047 0.0524 0.2542 0.3435 0.1454 
 764      764   (0)      4 :  0.3550 0.1752 0.0673 0.1788 0.1882 0.0356 
 765      765   (0)      2 :  0.0685 0.0925 0.0614 0.1301 0.6015 0.0461 
 766      766   (0)      4 :  0.2902 0.1904 0.0622 0.2412 0.2014 0.0145 
 767      767   (0)      4 :  0.1640 0.0847 0.0211 0.1793 0.5388 0.0122 
 768      768   (0)      4 :  0.1092 0.0872 0.0243 0.1341 0.6003 0.0450 
 769      769   (0)      2 :  0.1005 0.1972 0.1718 0.2104 0.2961 0.0241 
 770      770   (0)      4 :  0.1209 0.1860 0.0428 0.2027 0.4202 0.0274 
 771      771   (1)      3 :  0.0895 0.1211 0.3717 0.2329 0.1578 0.0269 
 772      772   (0)      2 :  0.0871 0.0621 0.0424 0.1395 0.6448 0.0241 
 773      773   (0)      3 :  0.1972 0.1052 0.3313 0.1740 0.0824 0.1098 
 774      774   (0)      3 :  0.0739 0.0598 0.7302 0.0714 0.0385 0.0261 
 775      775   (0)      3 :  0.0228 0.0271 0.8960 0.0257 0.0153 0.0131 
 776      776   (0)      3 :  0.0251 0.0290 0.8439 0.0301 0.0241 0.0478 
 777      777   (0)      3 :  0.0343 0.0330 0.8584 0.0374 0.0204 0.0166 
 778      778   (3)      4 :  0.1798 0.2718 0.0177 0.2295 0.2136 0.0875 
 779      779   (1)      2 :  0.1942 0.1504 0.1214 0.1801 0.2954 0.0585 
 780      780   (0)      4 :  0.1069 0.4940 0.0477 0.1566 0.1599 0.0349 
 781      781   (0)      4 :  0.1002 0.2210 0.0285 0.1259 0.5024 0.0220 
 782      782   (0)      4 :  0.2727 0.2562 0.0660 0.2589 0.0976 0.0486 
 783      783   (0)      4 :  0.1601 0.0688 0.0252 0.1671 0.4909 0.0878 
 784      784   (0)      2 :  0.0709 0.1552 0.1122 0.0965 0.1097 0.4556 
 785      785   (0)      4 :  0.0706 0.0999 0.0246 0.1314 0.6412 0.0324 
 786      786   (0)      3 :  0.1571 0.1452 0.1514 0.2145 0.0814 0.2504 
 787      787   (0)      3 :  0.0183 0.0166 0.9040 0.0220 0.0192 0.0199 
 788      788   (0)      3 :  0.0958 0.0952 0.6680 0.1062 0.0235 0.0113 
 789      789   (0)      3 :  0.0571 0.1143 0.4162 0.1868 0.1871 0.0384 
 790      790   (1)      3 :  0.0567 0.0892 0.7017 0.0749 0.0492 0.0282 
 791      791   (0)      3 :  0.1789 0.1611 0.3588 0.1974 0.0770 0.0269 
 792      792   (2)      4 :  0.0990 0.2720 0.0758 0.2850 0.2501 0.0181 
 793      793   (4)      4 :  0.2628 0.0986 0.0520 0.2430 0.3084 0.0351 
 794      794   (0)      4 :  0.1148 0.1150 0.1383 0.2238 0.3959 0.0122 
 795      795   (2)      4 :  0.2157 0.1135 0.0414 0.2450 0.2815 0.1029 
 796      796   (0)      4 :  0.1834 0.1839 0.0892 0.2160 0.2885 0.0391 
 797      797   (1)      2 :  0.1991 0.1069 0.0776 0.2304 0.1226 0.2633 
 798      798   (0)      4 :  0.0806 0.4975 0.0891 0.1636 0.0782 0.0909 
 799      799   (1)      3 :  0.1012 0.1907 0.4268 0.1517 0.0619 0.0678 
 800      800   (0)      2 :  0.2204 0.0774 0.4375 0.1135 0.0896 0.0615 
 801      801   (1)      3 :  0.0661 0.4316 0.1978 0.2072 0.0786 0.0188 
 802      802   (1)      3 :  0.0161 0.0254 0.8367 0.0226 0.0200 0.0792 
 803      803   (0)      3 :  0.0273 0.0821 0.8019 0.0387 0.0323 0.0177 
 804      804   (0)      3 :  0.0229 0.0221 0.8985 0.0204 0.0220 0.0141 
 805      805   (0)      4 :  0.4475 0.1244 0.0495 0.2566 0.0854 0.0366 
 806      806   (1)      4 :  0.1489 0.1953 0.0362 0.3457 0.2593 0.0145 
 807      807   (0)      4 :  0.3197 0.2758 0.0640 0.2720 0.0331 0.0354 
 808      808   (0)      4 :  0.3985 0.1502 0.0324 0.2168 0.1607 0.0415 
 809      809   (0)      2 :  0.1273 0.0963 0.4985 0.1010 0.1221 0.0549 
 810      810   (0)      4 :  0.0967 0.4270 0.0406 0.2045 0.2012 0.0300 
 811      811   (0)      2 :  0.1668 0.4163 0.0792 0.2414 0.0560 0.0404 
 812      812   (1)      3 :  0.1003 0.5234 0.1264 0.1489 0.0784 0.0226 
 813      813   (0)      3 :  0.0567 0.0524 0.7884 0.0547 0.0380 0.0097 
 814      814   (0)      3 :  0.1489 0.1401 0.4621 0.1089 0.0263 0.1136 
 815      815   (0)      3 :  0.0387 0.0758 0.7889 0.0456 0.0215 0.0295 
 816      816   (0)      3 :  0.0439 0.0903 0.7505 0.0535 0.0297 0.0321 
 817      817   (6)      4 :  0.1936 0.1484 0.0561 0.2922 0.2680 0.0417 
 818      818   (0)      2 :  0.1620 0.1577 0.0536 0.1958 0.1671 0.2639 
 819      819   (2)      4 :  0.3124 0.1494 0.0829 0.1769 0.2525 0.0258 
 820      820   (1)      4 :  0.1570 0.0852 0.0456 0.2422 0.4482 0.0217 
 821      821   (2)      4 :  0.2719 0.1123 0.0390 0.1448 0.3462 0.0857 
 822      822   (0)      4 :  0.1815 0.1840 0.0343 0.2160 0.3534 0.0308 
 823      823   (0)      2 :  0.1296 0.1754 0.0312 0.1746 0.4262 0.0630 
 824      824   (0)      4 :  0.1338 0.1789 0.0389 0.1298 0.4817 0.0369 
 825      825   (0)      2 :  0.0522 0.0277 0.0198 0.0509 0.0780 0.7714 
 826      826   (1)      3 :  0.0186 0.0280 0.8887 0.0260 0.0278 0.0109 
 827      827   (0)      2 :  0.0343 0.0514 0.0451 0.0449 0.0283 0.7960 
 828      828   (0)      3 :  0.1881 0.1789 0.2981 0.2190 0.0921 0.0237 
 829      829   (0)      3 :  0.0620 0.1284 0.6364 0.1033 0.0304 0.0397 
 830      830   (0)      3 :  0.0425 0.0620 0.7340 0.0718 0.0408 0.0490 
 831      831   (0)      3 :  0.0264 0.0259 0.8760 0.0369 0.0227 0.0121 
 832      832   (0)      4 :  0.3255 0.1589 0.1515 0.1733 0.1473 0.0434 
 833      833   (0)      2 :  0.1203 0.1437 0.0758 0.2676 0.3761 0.0165 
 834      834   (2)      4 :  0.5780 0.1194 0.0234 0.1835 0.0763 0.0193 
 835      835   (0)      4 :  0.1007 0.2074 0.0826 0.1486 0.4142 0.0464 
 836      836   (4)      4 :  0.3027 0.3086 0.0269 0.2208 0.1200 0.0211 
 837      837   (0)      4 :  0.1962 0.2198 0.1043 0.3292 0.0905 0.0599 
 838      838   (0)      2 :  0.3051 0.1440 0.0715 0.2260 0.1369 0.1165 
 839      839   (0)      2 :  0.3042 0.0770 0.1555 0.2600 0.1211 0.0822 
 840      840   (1)      3 :  0.0521 0.1460 0.6076 0.0622 0.0744 0.0576 
 841      841   (0)      3 :  0.0213 0.0242 0.8718 0.0254 0.0263 0.0310 
 842      842   (0)      3 :  0.0220 0.0212 0.9005 0.0257 0.0239 0.0067 
 843      843   (1)      3 :  0.0256 0.0346 0.8601 0.0398 0.0269 0.0130 
 844      844   (0)      3 :  0.0327 0.0182 0.8945 0.0202 0.0215 0.0129 
 845      845   (1)      2 :  0.0783 0.2523 0.0325 0.1934 0.4258 0.0178 
 846      846   (2)      4 :  0.4489 0.1277 0.0268 0.1966 0.1741 0.0260 
 847      847   (0)      4 :  0.1573 0.2384 0.0672 0.1530 0.3152 0.0688 
 848      848   (1)      4 :  0.1334 0.2739 0.2836 0.1586 0.0988 0.0518 
 849      849   (0)      4 :  0.0592 0.0412 0.0324 0.1369 0.6972 0.0331 
 850      850   (0)      3 :  0.1865 0.1055 0.4111 0.1337 0.0726 0.0906 
 851      851   (0)      3 :  0.0243 0.0345 0.7844 0.0445 0.0935 0.0187 
 852      852   (0)      3 :  0.0287 0.0228 0.8790 0.0292 0.0275 0.0128 
 853      853   (1)      3 :  0.0249 0.0402 0.7972 0.0360 0.0784 0.0233 
 854      854   (1)      3 :  0.0205 0.0293 0.9009 0.0206 0.0207 0.0080 
 855      855   (0)      2 :  0.0935 0.1525 0.1738 0.1367 0.0526 0.3908 
 856      856   (0)      4 :  0.6196 0.0584 0.0311 0.1500 0.1270 0.0140 
 857      857   (0)      4 :  0.2737 0.3328 0.0762 0.2256 0.0671 0.0246 
 858      858   (0)      4 :  0.1996 0.2984 0.0885 0.2366 0.1442 0.0328 
 859      859   (0)      2 :  0.0858 0.0832 0.2521 0.2197 0.2546 0.1047 
 860      860   (0)      2 :  0.1890 0.1926 0.0921 0.3201 0.1810 0.0252 
 861      861   (0)      3 :  0.1655 0.1400 0.4579 0.1427 0.0683 0.0255 
 862      862   (0)      3 :  0.0276 0.0306 0.8554 0.0344 0.0230 0.0290 
 863      863   (0)      3 :  0.0223 0.0190 0.9118 0.0223 0.0176 0.0070 
 864      864   (0)      3 :  0.0576 0.1141 0.3739 0.2193 0.2229 0.0121 
 865      865   (0)      3 :  0.0376 0.0538 0.7605 0.0668 0.0646 0.0167 
 866      866   (0)      2 :  0.0985 0.0515 0.0579 0.0769 0.1498 0.5654 
 867      867   (0)      2 :  0.0663 0.1492 0.0499 0.1664 0.3027 0.2656 
 868      868   (0)      2 :  0.0436 0.1064 0.6790 0.0686 0.0657 0.0367 
 869      869   (0)      2 :  0.0416 0.0199 0.0373 0.0279 0.0187 0.8546 
 870      870   (0)      2 :  0.1209 0.2837 0.4238 0.0945 0.0525 0.0246 
 871      871   (0)      2 :  0.1091 0.1011 0.0361 0.1704 0.5085 0.0747 
 872      872   (0)      2 :  0.2169 0.1847 0.3609 0.1522 0.0441 0.0411 
 873      873   (0)      2 :  0.3372 0.1050 0.0276 0.2009 0.2480 0.0813 
 874      874   (0)      2 :  0.0216 0.0260 0.0320 0.0258 0.0254 0.8692 
 875      875   (0)      2 :  0.0520 0.0634 0.1490 0.0689 0.0357 0.6310 
 876      876   (1)      2 :  0.0564 0.0464 0.0149 0.0504 0.0682 0.7637 
 877      877   (0)      2 :  0.1563 0.1224 0.0357 0.1744 0.4757 0.0354 
 878      878   (0)      2 :  0.3294 0.1802 0.1150 0.1924 0.1433 0.0397 
 879      879   (0)      2 :  0.3347 0.1574 0.0983 0.1761 0.2116 0.0219 
 880      880   (0)      2 :  0.2055 0.1274 0.0390 0.2001 0.3647 0.0633 
 881      881   (0)      2 :  0.1028 0.2327 0.0963 0.1420 0.0577 0.3685 
 882      882   (1)      2 :  0.1313 0.1577 0.1090 0.1575 0.0671 0.3774 
 883      883   (0)      2 :  0.1702 0.2471 0.0757 0.3425 0.0886 0.0759 
 884      884   (3)      2 :  0.0399 0.1370 0.2461 0.0691 0.0865 0.4214 
 885      885   (0)      2 :  0.0892 0.3110 0.1361 0.1363 0.3016 0.0258 
 886      886   (0)      2 :  0.0206 0.0381 0.0223 0.0337 0.0266 0.8587 
 887      887   (0)      2 :  0.0711 0.4650 0.0228 0.1444 0.2765 0.0202 
 888      888   (0)      2 :  0.0336 0.3858 0.0109 0.1217 0.4275 0.0205 
 889      889   (0)      2 :  0.2508 0.2039 0.0470 0.1765 0.1817 0.1403 
 890      890   (0)      2 :  0.1727 0.1384 0.0773 0.2688 0.3006 0.0423 
 891      891   (0)      2 :  0.1074 0.0713 0.4595 0.1035 0.1913 0.0669 
 892      892   (0)      2 :  0.0907 0.1717 0.1034 0.1960 0.3521 0.0861 
 893      893   (0)      2 :  0.1602 0.2018 0.0365 0.3135 0.1604 0.1275 
 894      894   (0)      2 :  0.2441 0.0992 0.0568 0.2429 0.3452 0.0119 
 895      895   (0)      2 :  0.1323 0.2505 0.3771 0.1048 0.1151 0.0202 
 896      896   (0)      2 :  0.1660 0.1407 0.1664 0.2765 0.2238 0.0267 
 897      897   (6)      2 :  0.0414 0.0255 0.0176 0.0309 0.0316 0.8531 
 898      898   (1)      2 :  0.5979 0.0694 0.0671 0.1939 0.0503 0.0213 
 899      899   (0)      2 :  0.1044 0.4142 0.0667 0.2725 0.1005 0.0417 
 900      900   (0)      2 :  0.0756 0.0967 0.5675 0.1131 0.1313 0.0157 
 901      901   (0)      2 :  0.0862 0.0608 0.0360 0.0949 0.6293 0.0928 
 902      902   (1)      2 :  0.1533 0.1653 0.0760 0.2300 0.0978 0.2776 
 903      903   (0)      2 :  0.0688 0.2046 0.1785 0.0840 0.0527 0.4114 
 904      904   (1)      2 :  0.0798 0.2046 0.0297 0.1466 0.5166 0.0227 
 905      905   (0)      2 :  0.2125 0.1590 0.0223 0.2717 0.2746 0.0598 
 906      906   (0)      2 :  0.2774 0.2703 0.0666 0.2140 0.1530 0.0187 
 907      907   (0)      2 :  0.1317 0.1176 0.3734 0.2186 0.1344 0.0244 
 908      908   (0)      2 :  0.1837 0.1417 0.0242 0.1876 0.2029 0.2599 
 909      909   (1)      2 :  0.0195 0.0155 0.0144 0.0169 0.0191 0.9146 
 910      910   (2)      2 :  0.1224 0.1428 0.0571 0.3432 0.3203 0.0142 
 911      911   (1)      2 :  0.0711 0.0628 0.7692 0.0475 0.0277 0.0217 
 912      912   (0)      2 :  0.0449 0.0721 0.7746 0.0550 0.0290 0.0244 
 913      913   (0)      2 :  0.0379 0.0309 0.0327 0.0349 0.0254 0.8382 
 914      914   (0)      2 :  0.1336 0.3787 0.0815 0.2037 0.1591 0.0434 
 915      915   (0)      2 :  0.5535 0.0460 0.0573 0.1522 0.1265 0.0645 
 916      916   (0)      2 :  0.0383 0.0627 0.6585 0.0824 0.1050 0.0532 
 917      917   (0)      2 :  0.0843 0.0911 0.1376 0.1467 0.0541 0.4862 
 918      918   (0)      2 :  0.1813 0.0765 0.0227 0.1619 0.1662 0.3915 
 919      919   (0)      2 :  0.0360 0.0392 0.0226 0.0340 0.0280 0.8402 
 920      920   (0)      2 :  0.1196 0.1798 0.4170 0.1823 0.0597 0.0415 
 921      921   (1)      2 :  0.0445 0.0407 0.8140 0.0425 0.0385 0.0198 
 922      922   (0)      2 :  0.2078 0.1565 0.0454 0.1948 0.3773 0.0183 
 923      923   (0)      2 :  0.1285 0.1147 0.0191 0.1349 0.5625 0.0404 
 924      924   (0)      2 :  0.1321 0.1722 0.0273 0.1627 0.4795 0.0263 
 925      925   (0)      2 :  0.1078 0.2960 0.0406 0.2471 0.0968 0.2117 
 926      926   (0)      2 :  0.0273 0.0436 0.0256 0.0366 0.0509 0.8160 
 927      927   (1)      2 :  0.1092 0.1121 0.0192 0.1869 0.3186 0.2540 
 928      928   (0)      2 :  0.0303 0.0384 0.0350 0.0366 0.0282 0.8315 
 929      929   (0)      2 :  0.0241 0.0251 0.0225 0.0246 0.0218 0.8819 
 930      930   (0)      2 :  0.1400 0.2327 0.1005 0.2249 0.2432 0.0587 
 931      931   (0)      2 :  0.0474 0.0405 0.0473 0.0477 0.0306 0.7865 
 932      932   (0)      2 :  0.0252 0.0280 0.0488 0.0226 0.0194 0.8560 
 933      933   (0)      2 :  0.3173 0.1539 0.0970 0.1616 0.2390 0.0313 
 934      934   (0)      2 :  0.0694 0.1263 0.6208 0.0697 0.0315 0.0822 
 935      935   (0)      2 :  0.4448 0.1197 0.0309 0.3179 0.0411 0.0457 
 936      936   (1)      2 :  0.0421 0.0376 0.0654 0.0326 0.0243 0.7980 
 937      937   (1)      2 :  0.0323 0.0452 0.7117 0.0449 0.0197 0.1461 
 938      938   (0)      2 :  0.3645 0.2704 0.0309 0.1790 0.0597 0.0956 
 939      939   (0)      2 :  0.0435 0.0298 0.0172 0.0431 0.0274 0.8390 
 940      940   (1)      2 :  0.2168 0.1986 0.0453 0.2601 0.1361 0.1430 
 941      941   (0)      2 :  0.1087 0.0971 0.0405 0.1064 0.1450 0.5022 
 942      942   (0)      2 :  0.0781 0.0407 0.0454 0.0533 0.0344 0.7482 
 943      943   (0)      2 :  0.2313 0.1153 0.0396 0.1860 0.4181 0.0097 
 944      944   (0)      2 :  0.0387 0.0547 0.0227 0.0584 0.0300 0.7956 
 945      945   (0)      2 :  0.1421 0.3250 0.2181 0.1580 0.0622 0.0947 
 946      946   (0)      2 :  0.4658 0.1691 0.0668 0.1635 0.1140 0.0207 
 947      947   (0)      2 :  0.1807 0.0595 0.0706 0.2299 0.1041 0.3552 
 948      948   (0)      2 :  0.0626 0.0965 0.0324 0.1411 0.6486 0.0188 
 949      949   (0)      2 :  0.0352 0.0257 0.0827 0.0337 0.0262 0.7965 
 950      950   (0)      2 :  0.2975 0.2032 0.1389 0.2076 0.1245 0.0282 
 951      951   (0)      2 :  0.1431 0.1135 0.0698 0.2252 0.4318 0.0166 
 952      952   (0)      2 :  0.1048 0.0726 0.0584 0.1523 0.5841 0.0278 
 953      953   (0)      2 :  0.2761 0.0901 0.1692 0.2130 0.0787 0.1729 
 954      954   (0)      2 :  0.0627 0.1753 0.0975 0.1042 0.0345 0.5258 
 955      955   (0)      2 :  0.1171 0.1618 0.0503 0.2257 0.2102 0.2348 
 956      956   (0)      2 :  0.0359 0.1093 0.7502 0.0388 0.0316 0.0342 
 957      957   (1)      2 :  0.0996 0.4464 0.0759 0.1491 0.2114 0.0176 
 958      958   (0)      2 :  0.2154 0.2640 0.0298 0.3235 0.1157 0.0516 
 959      959   (4)      2 :  0.0344 0.6377 0.0239 0.0450 0.0237 0.2353 
 960      960   (0)      2 :  0.0431 0.0341 0.0197 0.0428 0.0264 0.8338 
 961      961   (1)      2 :  0.0153 0.0171 0.0169 0.0147 0.0191 0.9169 
 962      962   (0)      2 :  0.1696 0.1171 0.0675 0.1870 0.1307 0.3282 
 963      963   (0)      2 :  0.1376 0.3273 0.1020 0.2287 0.1514 0.0530 
 964      964   (0)      2 :  0.0616 0.4591 0.0951 0.1618 0.1703 0.0521 
 965      965   (0)      2 :  0.5739 0.0740 0.0362 0.2374 0.0519 0.0266 
 966      966   (0)      2 :  0.0299 0.0287 0.0135 0.0321 0.0199 0.8759 
 967      967   (0)      2 :  0.0956 0.0888 0.5548 0.1103 0.1242 0.0262 
 968      968   (0)      2 :  0.1305 0.0738 0.0654 0.1210 0.5818 0.0276 
 969      969   (0)      2 :  0.1584 0.4195 0.0679 0.2109 0.1029 0.0403 
 970      970   (0)      2 :  0.1762 0.0735 0.2229 0.0900 0.0897 0.3478 
 971      971   (0)      2 :  0.0924 0.1280 0.1420 0.0971 0.0660 0.4746 
 972      972   (0)      2 :  0.1375 0.0942 0.1452 0.1292 0.0718 0.4222 
 973      973   (0)      2 :  0.2536 0.1475 0.0443 0.2169 0.3041 0.0336 
 974      974   (5)      2 :  0.1607 0.5135 0.0489 0.1535 0.0584 0.0651 
 975      975   (0)      2 :  0.3134 0.3577 0.0262 0.2063 0.0781 0.0184 
 976      976   (0)      2 :  0.0569 0.4428 0.2826 0.0862 0.0968 0.0347 
 977      977   (0)      2 :  0.0485 0.0434 0.0387 0.0445 0.1043 0.7207 
 978      978   (0)      2 :  0.0176 0.0122 0.0113 0.0148 0.0157 0.9284 
 979      979   (0)      2 :  0.0239 0.0334 0.0301 0.0328 0.0222 0.8576 
 980      980   (0)      2 :  0.1582 0.2424 0.1883 0.2530 0.0479 0.1103 
 981      981   (0)      2 :  0.0316 0.0299 0.0411 0.0321 0.0263 0.8390 
 982      982   (3)      2 :  0.0432 0.0686 0.0451 0.0863 0.0494 0.7075 
 983      983   (0)      2 :  0.0331 0.0653 0.7815 0.0595 0.0263 0.0344 
 984      984   (0)      2 :  0.0447 0.0705 0.0139 0.1132 0.6123 0.1454 
 985      985   (0)      2 :  0.0939 0.1494 0.4046 0.2110 0.1155 0.0257 
 986      986   (0)      2 :  0.4580 0.1391 0.0785 0.1827 0.1174 0.0244 
 987      987   (1)      2 :  0.1162 0.0730 0.5175 0.1536 0.1082 0.0315 
 988      988   (0)      2 :  0.0436 0.0289 0.0522 0.0282 0.0308 0.8163 
 989      989   (0)      2 :  0.0372 0.0338 0.8092 0.0309 0.0226 0.0663 
 990      990   (0)      2 :  0.3466 0.1210 0.2789 0.1471 0.0539 0.0525 
 991      991   (0)      2 :  0.0331 0.0388 0.0170 0.0345 0.0270 0.8496 
 992      992   (0)      2 :  0.1485 0.1492 0.0312 0.3511 0.2920 0.0280 
 993      993   (0)      2 :  0.1001 0.2444 0.2535 0.2447 0.0868 0.0705 
 994      994   (1)      2 :  0.1112 0.0889 0.5496 0.1253 0.0590 0.0661 
 995      995   (1)      2 :  0.2397 0.1257 0.0381 0.1255 0.0803 0.3908 
 996      996   (0)      2 :  0.2509 0.1432 0.0667 0.2686 0.0971 0.1735 
 997      997   (1)      2 :  0.0150 0.0141 0.0118 0.0171 0.0161 0.9259 
 998      998   (0)      2 :  0.1747 0.0918 0.2199 0.1809 0.1044 0.2284 
 999      999   (1)      2 :  0.0564 0.1004 0.0429 0.0525 0.0361 0.7117 
1000     1000   (0)      2 :  0.4509 0.1302 0.1157 0.1621 0.0976 0.0436 
