   1        1   (0)      1 :  0.5238 0.4241 0.0521 
   2        2   (0)      1 :  0.5889 0.1939 0.2172 
   3        3   (0)      1 :  0.5812 0.2231 0.1957 
   4        4   (0)      1 :  0.3974 0.5268 0.0758 
   5        5   (1)      1 :  0.0291 0.0379 0.9330 
   6        6   (0)      1 :  0.2196 0.4110 0.3695 
   7        7   (0)      1 :  0.2891 0.3542 0.3566 
   8        8   (0)      1 :  0.5051 0.4356 0.0593 
   9        9   (0)      1 :  0.3793 0.2067 0.4139 
  10       10   (0)      1 :  0.2931 0.1562 0.5507 
  11       11   (0)      1 :  0.3260 0.5080 0.1660 
  12       12   (0)      1 :  0.1572 0.6026 0.2403 
  13       13   (0)      1 :  0.4023 0.5012 0.0964 
  14       14   (0)      1 :  0.0793 0.3552 0.5655 
  15       15   (0)      1 :  0.0943 0.3773 0.5284 
  16       16   (0)      1 :  0.3572 0.4107 0.2321 
  17       17   (0)      1 :  0.0806 0.7121 0.2073 
  18       18   (2)      1 :  0.6746 0.2440 0.0814 
  19       19   (1)      1 :  0.4172 0.4198 0.1630 
  20       20   (0)      1 :  0.1335 0.4912 0.3754 
  21       21   (1)      1 :  0.3072 0.2773 0.4155 
  22       22   (0)      1 :  0.6267 0.1848 0.1885 
  23       23   (0)      1 :  0.3081 0.2290 0.4629 
  24       24   (0)      1 :  0.8321 0.1165 0.0514 
  25       25   (0)      1 :  0.2279 0.3865 0.3857 
  26       26   (0)      1 :  0.5283 0.2199 0.2518 
  27       27   (1)      1 :  0.1519 0.6944 0.1537 
  28       28   (0)      1 :  0.8360 0.0763 0.0877 
  29       29   (0)      1 :  0.3898 0.4219 0.1883 
  30       30   (0)      1 :  0.1328 0.1090 0.7582 
  31       31   (0)      1 :  0.3872 0.4759 0.1370 
  32       32   (0)      1 :  0.4591 0.2499 0.2911 
  33       33   (1)      1 :  0.5324 0.2498 0.2177 
  34       34   (0)      1 :  0.1591 0.2376 0.6033 
  35       35   (0)      1 :  0.6054 0.2228 0.1719 
  36       36   (0)      1 :  0.2581 0.3946 0.3473 
  37       37   (0)      1 :  0.6130 0.1380 0.2489 
  38       38   (0)      1 :  0.3690 0.1060 0.5250 
  39       39   (0)      1 :  0.2441 0.4917 0.2642 
  40       40   (0)      1 :  0.1281 0.4190 0.4528 
  41       41   (1)      1 :  0.2038 0.6721 0.1240 
  42       42   (0)      1 :  0.0533 0.0996 0.8471 
  43       43   (0)      1 :  0.4268 0.4368 0.1363 
  44       44   (6)      1 :  0.4064 0.4638 0.1298 
  45       45   (1)      1 :  0.3795 0.1674 0.4531 
  46       46   (0)      1 :  0.6216 0.1868 0.1916 
  47       47   (0)      1 :  0.6960 0.1435 0.1604 
  48       48   (0)      1 :  0.3637 0.5035 0.1328 
  49       49   (0)      1 :  0.5435 0.3600 0.0965 
  50       50   (0)      1 :  0.1179 0.8074 0.0747 
  51       51   (2)      1 :  0.0945 0.1306 0.7749 
  52       52   (0)      1 :  0.0720 0.0669 0.8611 
  53       53   (1)      1 :  0.7763 0.1275 0.0962 
  54       54   (0)      1 :  0.6189 0.2001 0.1811 
  55       55   (3)      1 :  0.1928 0.5957 0.2115 
  56       56   (0)      1 :  0.6574 0.1434 0.1992 
  57       57   (0)      1 :  0.7802 0.1586 0.0612 
  58       58   (0)      1 :  0.1180 0.1415 0.7404 
  59       59   (0)      1 :  0.6968 0.2415 0.0617 
  60       60   (1)      1 :  0.2475 0.4597 0.2928 
  61       61   (0)      1 :  0.6318 0.2230 0.1453 
  62       62   (0)      1 :  0.3567 0.5262 0.1171 
  63       63   (0)      1 :  0.4918 0.1546 0.3536 
  64       64   (2)      1 :  0.2473 0.5575 0.1952 
  65       65   (0)      1 :  0.3411 0.5321 0.1268 
  66       66   (3)      1 :  0.1348 0.3898 0.4755 
  67       67   (0)      1 :  0.6958 0.2089 0.0954 
  68       68   (1)      1 :  0.5972 0.2288 0.1740 
  69       69   (2)      1 :  0.5500 0.0925 0.3575 
  70       70   (0)      1 :  0.5279 0.3690 0.1031 
  71       71   (0)      1 :  0.4103 0.4704 0.1193 
  72       72   (4)      1 :  0.2953 0.6160 0.0887 
  73       73   (0)      1 :  0.4755 0.1703 0.3542 
  74       74   (0)      1 :  0.1019 0.8124 0.0857 
  75       75   (0)      1 :  0.4166 0.3157 0.2678 
  76       76   (0)      1 :  0.7586 0.1067 0.1347 
  77       77   (1)      1 :  0.0388 0.0485 0.9127 
  78       78   (0)      1 :  0.2869 0.5785 0.1346 
  79       79   (2)      1 :  0.5025 0.3224 0.1750 
  80       80   (1)      1 :  0.1314 0.1397 0.7289 
  81       81   (2)      1 :  0.1921 0.2465 0.5614 
  82       82   (1)      1 :  0.7904 0.1544 0.0552 
  83       83   (0)      1 :  0.6144 0.2377 0.1479 
  84       84   (0)      1 :  0.2406 0.3954 0.3640 
  85       85   (5)      1 :  0.5104 0.3796 0.1100 
  86       86   (0)      1 :  0.0839 0.6553 0.2608 
  87       87   (1)      1 :  0.6410 0.2238 0.1351 
  88       88   (0)      2 :  0.0636 0.0820 0.8544 
  89       89   (0)      2 :  0.2798 0.4907 0.2295 
  90       90   (0)      2 :  0.0467 0.0581 0.8952 
  91       91   (1)      2 :  0.4929 0.4616 0.0456 
  92       92   (0)      2 :  0.7114 0.1427 0.1460 
  93       93   (0)      2 :  0.8368 0.1122 0.0510 
  94       94   (0)      2 :  0.1353 0.5356 0.3290 
  95       95   (0)      2 :  0.1708 0.5205 0.3087 
  96       96   (0)      2 :  0.1862 0.6179 0.1959 
  97       97   (0)      2 :  0.6710 0.0695 0.2595 
  98       98   (0)      2 :  0.3524 0.5397 0.1079 
  99       99   (0)      2 :  0.6341 0.1733 0.1926 
 100      100   (1)      2 :  0.3293 0.5156 0.1551 
 101      101   (0)      2 :  0.2892 0.1307 0.5801 
 102      102   (0)      2 :  0.2048 0.5714 0.2238 
 103      103   (0)      2 :  0.4215 0.2633 0.3151 
 104      104   (0)      2 :  0.7224 0.1857 0.0918 
 105      105   (0)      2 :  0.5579 0.1650 0.2771 
 106      106   (0)      2 :  0.0606 0.0366 0.9028 
 107      107   (1)      2 :  0.2863 0.4687 0.2451 
 108      108   (0)      2 :  0.5011 0.3312 0.1677 
 109      109   (0)      2 :  0.1016 0.5398 0.3586 
 110      110   (0)      2 :  0.4843 0.1102 0.4056 
 111      111   (1)      2 :  0.6561 0.1385 0.2055 
 112      112   (2)      2 :  0.1631 0.5779 0.2590 
 113      113   (0)      2 :  0.1243 0.1658 0.7098 
 114      114   (3)      2 :  0.4010 0.4428 0.1561 
 115      115   (1)      2 :  0.6537 0.1944 0.1519 
 116      116   (0)      2 :  0.2701 0.4710 0.2588 
 117      117   (0)      2 :  0.2068 0.4451 0.3480 
 118      118   (0)      2 :  0.4755 0.4451 0.0794 
 119      119   (2)      2 :  0.2154 0.6356 0.1490 
 120      120   (0)      2 :  0.8210 0.1283 0.0507 
 121      121   (0)      2 :  0.1807 0.6839 0.1354 
 122      122   (0)      2 :  0.4195 0.4019 0.1786 
 123      123   (0)      2 :  0.4086 0.5173 0.0741 
 124      124   (0)      2 :  0.2095 0.4939 0.2967 
 125      125   (0)      2 :  0.5865 0.1851 0.2284 
 126      126   (1)      2 :  0.0958 0.1583 0.7460 
 127      127   (0)      2 :  0.1704 0.7108 0.1189 
 128      128   (1)      2 :  0.7399 0.1342 0.1260 
 129      129   (0)      2 :  0.3696 0.1834 0.4469 
 130      130   (2)      2 :  0.1039 0.7487 0.1474 
 131      131   (0)      2 :  0.5238 0.2511 0.2250 
 132      132   (1)      2 :  0.6762 0.1984 0.1254 
 133      133   (0)      2 :  0.4326 0.4732 0.0942 
 134      134   (0)      2 :  0.3371 0.4416 0.2212 
 135      135   (1)      2 :  0.8540 0.0732 0.0728 
 136      136   (3)      2 :  0.3792 0.5037 0.1171 
 137      137   (0)      2 :  0.1242 0.5425 0.3333 
 138      138   (0)      2 :  0.0759 0.1543 0.7698 
 139      139   (2)      2 :  0.3205 0.5975 0.0820 
 140      140   (2)      2 :  0.2449 0.5189 0.2363 
 141      141   (0)      2 :  0.2867 0.2637 0.4497 
 142      142   (0)      2 :  0.3119 0.2509 0.4371 
 143      143   (0)      2 :  0.7648 0.1020 0.1332 
 144      144   (0)      2 :  0.3363 0.6020 0.0617 
 145      145   (0)      2 :  0.1547 0.7392 0.1060 
 146      146   (1)      2 :  0.6929 0.1396 0.1675 
 147      147   (0)      2 :  0.3282 0.4783 0.1934 
 148      148   (0)      2 :  0.3758 0.5527 0.0715 
 149      149   (1)      2 :  0.6213 0.1913 0.1875 
 150      150   (1)      2 :  0.6629 0.1903 0.1468 
 151      151   (0)      2 :  0.3717 0.3458 0.2826 
 152      152   (0)      2 :  0.3176 0.5414 0.1410 
 153      153   (0)      2 :  0.8222 0.0783 0.0995 
 154      154   (1)      2 :  0.1774 0.6381 0.1845 
 155      155   (0)      2 :  0.4446 0.3310 0.2245 
 156      156   (1)      2 :  0.3486 0.4130 0.2384 
 157      157   (0)      2 :  0.4785 0.3267 0.1949 
 158      158   (0)      2 :  0.5059 0.4331 0.0610 
 159      159   (0)      2 :  0.1247 0.7484 0.1269 
 160      160   (0)      2 :  0.4895 0.3463 0.1643 
 161      161   (0)      2 :  0.5656 0.3578 0.0766 
 162      162   (0)      2 :  0.3445 0.4934 0.1621 
 163      163   (0)      2 :  0.7063 0.1800 0.1137 
 164      164   (0)      2 :  0.2319 0.6781 0.0900 
 165      165   (0)      2 :  0.3675 0.5623 0.0703 
 166      166   (0)      2 :  0.2173 0.6287 0.1540 
 167      167   (1)      2 :  0.5398 0.2472 0.2131 
 168      168   (0)      2 :  0.2916 0.5253 0.1831 
 169      169   (0)      2 :  0.0327 0.0515 0.9158 
 170      170   (0)      2 :  0.7351 0.1240 0.1408 
 171      171   (0)      2 :  0.2112 0.7052 0.0836 
 172      172   (0)      2 :  0.4042 0.1436 0.4523 
 173      173   (0)      2 :  0.0566 0.0681 0.8753 
 174      174   (0)      2 :  0.4365 0.4501 0.1133 
 175      175   (0)      2 :  0.2766 0.6195 0.1039 
 176      176   (0)      2 :  0.6306 0.1673 0.2021 
 177      177   (0)      2 :  0.8553 0.1039 0.0408 
 178      178   (0)      2 :  0.0651 0.8132 0.1217 
 179      179   (0)      2 :  0.6900 0.2443 0.0657 
 180      180   (0)      2 :  0.0975 0.0628 0.8397 
 181      181   (0)      2 :  0.2857 0.5390 0.1753 
 182      182   (0)      2 :  0.2567 0.4192 0.3240 
 183      183   (0)      2 :  0.2672 0.6326 0.1002 
 184      184   (0)      2 :  0.1766 0.1404 0.6830 
 185      185   (1)      2 :  0.4275 0.5255 0.0470 
 186      186   (0)      2 :  0.6736 0.1366 0.1898 
 187      187   (0)      2 :  0.1961 0.7164 0.0875 
 188      188   (0)      2 :  0.3521 0.5383 0.1096 
 189      189   (0)      2 :  0.5029 0.1791 0.3180 
 190      190   (0)      2 :  0.7553 0.1350 0.1097 
 191      191   (0)      2 :  0.7055 0.1955 0.0990 
 192      192   (0)      2 :  0.0902 0.7886 0.1212 
 193      193   (1)      2 :  0.3133 0.4041 0.2827 
 194      194   (0)      2 :  0.1468 0.7936 0.0596 
 195      195   (0)      2 :  0.0642 0.1324 0.8034 
 196      196   (0)      2 :  0.1421 0.7357 0.1222 
 197      197   (0)      2 :  0.5937 0.2451 0.1612 
 198      198   (0)      2 :  0.1124 0.1163 0.7713 
 199      199   (0)      2 :  0.3147 0.6019 0.0834 
 200      200   (0)      2 :  0.6627 0.1517 0.1855 
 201      201   (0)      2 :  0.2398 0.6846 0.0756 
 202      202   (0)      2 :  0.8358 0.1246 0.0396 
 203      203   (0)      2 :  0.4070 0.4608 0.1322 
 204      204   (0)      2 :  0.3336 0.5358 0.1306 
 205      205   (0)      2 :  0.2658 0.4555 0.2786 
 206      206   (0)      2 :  0.0741 0.0703 0.8556 
 207      207   (0)      2 :  0.1990 0.3881 0.4128 
 208      208   (0)      2 :  0.1414 0.7525 0.1060 
 209      209   (0)      2 :  0.3046 0.1207 0.5747 
 210      210   (0)      2 :  0.0441 0.0711 0.8848 
 211      211   (0)      2 :  0.3624 0.2936 0.3439 
 212      212   (1)      2 :  0.5539 0.1556 0.2905 
 213      213   (1)      2 :  0.3447 0.5358 0.1195 
 214      214   (0)      2 :  0.1690 0.6940 0.1370 
 215      215   (0)      2 :  0.2593 0.6488 0.0919 
 216      216   (0)      2 :  0.0654 0.1229 0.8118 
 217      217   (0)      2 :  0.1940 0.2772 0.5288 
 218      218   (0)      2 :  0.6523 0.2506 0.0971 
 219      219   (0)      2 :  0.1061 0.6545 0.2394 
 220      220   (0)      2 :  0.4670 0.4896 0.0434 
 221      221   (0)      2 :  0.2447 0.3230 0.4322 
 222      222   (0)      2 :  0.5989 0.2938 0.1073 
 223      223   (0)      2 :  0.2707 0.5821 0.1472 
 224      224   (0)      2 :  0.1520 0.7667 0.0813 
 225      225   (0)      2 :  0.0403 0.0446 0.9151 
 226      226   (0)      2 :  0.1412 0.4693 0.3896 
 227      227   (1)      2 :  0.0758 0.0498 0.8744 
 228      228   (0)      2 :  0.1056 0.7976 0.0968 
 229      229   (1)      2 :  0.5031 0.3935 0.1034 
 230      230   (0)      2 :  0.3895 0.2438 0.3666 
 231      231   (0)      2 :  0.1667 0.6025 0.2308 
 232      232   (1)      2 :  0.4145 0.4350 0.1504 
 233      233   (0)      2 :  0.2680 0.4126 0.3195 
 234      234   (0)      2 :  0.0651 0.0492 0.8857 
 235      235   (0)      2 :  0.1820 0.1284 0.6897 
 236      236   (1)      2 :  0.3579 0.5415 0.1006 
 237      237   (0)      2 :  0.3196 0.5219 0.1585 
 238      238   (0)      2 :  0.1507 0.6212 0.2281 
 239      239   (0)      2 :  0.2552 0.5031 0.2417 
 240      240   (0)      2 :  0.3531 0.4992 0.1478 
 241      241   (0)      2 :  0.5779 0.1990 0.2231 
 242      242   (0)      2 :  0.4199 0.5063 0.0738 
 243      243   (0)      2 :  0.5599 0.3041 0.1360 
 244      244   (0)      2 :  0.5817 0.2461 0.1722 
 245      245   (0)      2 :  0.0425 0.0450 0.9125 
 246      246   (0)      2 :  0.5123 0.1582 0.3295 
 247      247   (0)      2 :  0.2040 0.1495 0.6465 
 248      248   (0)      2 :  0.2121 0.1644 0.6236 
 249      249   (0)      2 :  0.1855 0.6025 0.2119 
 250      250   (0)      2 :  0.2953 0.4824 0.2223 
 251      251   (0)      2 :  0.2819 0.5721 0.1460 
 252      252   (0)      2 :  0.8057 0.0961 0.0983 
 253      253   (0)      2 :  0.2986 0.4490 0.2525 
 254      254   (0)      2 :  0.5874 0.2444 0.1681 
 255      255   (0)      2 :  0.7090 0.1916 0.0994 
 256      256   (0)      2 :  0.4014 0.1625 0.4361 
 257      257   (0)      2 :  0.2560 0.4957 0.2483 
 258      258   (0)      1 :  0.3097 0.3657 0.3246 
 259      259   (1)      1 :  0.1671 0.2799 0.5530 
 260      260   (0)      1 :  0.1902 0.7261 0.0837 
 261      261   (0)      1 :  0.1817 0.6427 0.1755 
 262      262   (0)      1 :  0.3112 0.4247 0.2642 
 263      263   (0)      1 :  0.6296 0.2328 0.1376 
 264      264   (0)      1 :  0.3086 0.5042 0.1872 
 265      265   (0)      1 :  0.4381 0.4241 0.1379 
 266      266   (0)      1 :  0.1915 0.7332 0.0753 
 267      267   (0)      1 :  0.2908 0.3990 0.3102 
 268      268   (1)      1 :  0.5137 0.1829 0.3034 
 269      269   (1)      1 :  0.1901 0.4725 0.3374 
 270      270   (0)      1 :  0.6533 0.2424 0.1043 
 271      271   (0)      1 :  0.1962 0.3318 0.4721 
 272      272   (0)      1 :  0.1406 0.5199 0.3395 
 273      273   (0)      1 :  0.4927 0.3895 0.1178 
 274      274   (0)      1 :  0.0950 0.0962 0.8088 
 275      275   (0)      1 :  0.4808 0.2696 0.2497 
 276      276   (0)      1 :  0.2961 0.5018 0.2022 
 277      277   (0)      1 :  0.1296 0.6523 0.2181 
 278      278   (0)      1 :  0.1526 0.3708 0.4765 
 279      279   (0)      1 :  0.1360 0.4950 0.3690 
 280      280   (0)      1 :  0.4824 0.2467 0.2709 
 281      281   (0)      1 :  0.2676 0.5793 0.1531 
 282      282   (0)      1 :  0.3684 0.3025 0.3290 
 283      283   (0)      1 :  0.1774 0.6877 0.1349 
 284      284   (0)      1 :  0.3705 0.5491 0.0804 
 285      285   (0)      1 :  0.4972 0.3683 0.1345 
 286      286   (0)      1 :  0.4098 0.5186 0.0716 
 287      287   (0)      1 :  0.0260 0.0305 0.9435 
 288      288   (0)      1 :  0.0804 0.1107 0.8089 
 289      289   (0)      1 :  0.2188 0.4726 0.3085 
 290      290   (1)      1 :  0.0431 0.0382 0.9187 
 291      291   (0)      1 :  0.3029 0.1798 0.5173 
 292      292   (1)      1 :  0.1990 0.4549 0.3462 
 293      293   (0)      1 :  0.7648 0.1550 0.0802 
 294      294   (0)      1 :  0.1433 0.3577 0.4990 
 295      295   (0)      1 :  0.3870 0.5235 0.0895 
 296      296   (0)      1 :  0.2559 0.6305 0.1136 
 297      297   (0)      1 :  0.0702 0.1242 0.8056 
 298      298   (0)      1 :  0.1364 0.7812 0.0824 
 299      299   (0)      1 :  0.4057 0.1924 0.4019 
 300      300   (0)      1 :  0.2882 0.5958 0.1160 
 301      301   (0)      1 :  0.0480 0.0612 0.8908 
 302      302   (0)      1 :  0.1149 0.3155 0.5696 
 303      303   (0)      1 :  0.1886 0.5446 0.2668 
 304      304   (0)      1 :  0.2249 0.4617 0.3134 
 305      305   (0)      1 :  0.2700 0.6194 0.1106 
 306      306   (0)      1 :  0.0578 0.1961 0.7461 
 307      307   (1)      1 :  0.4977 0.4246 0.0777 
 308      308   (0)      1 :  0.1741 0.5869 0.2390 
 309      309   (1)      1 :  0.0621 0.0621 0.8758 
 310      310   (0)      1 :  0.2102 0.2779 0.5119 
 311      311   (0)      1 :  0.1312 0.2793 0.5895 
 312      312   (0)      1 :  0.6004 0.2881 0.1115 
 313      313   (0)      1 :  0.3219 0.6102 0.0679 
 314      314   (0)      1 :  0.7170 0.1686 0.1144 
 315      315   (0)      1 :  0.2994 0.5050 0.1956 
 316      316   (0)      1 :  0.2942 0.5864 0.1194 
 317      317   (0)      1 :  0.6721 0.2036 0.1243 
 318      318   (0)      1 :  0.6957 0.2298 0.0745 
 319      319   (1)      1 :  0.3599 0.5807 0.0594 
 320      320   (0)      1 :  0.1829 0.7764 0.0407 
 321      321   (0)      1 :  0.2153 0.6834 0.1013 
 322      322   (0)      1 :  0.1930 0.2273 0.5797 
 323      323   (0)      1 :  0.0951 0.8219 0.0830 
 324      324   (0)      1 :  0.3649 0.5325 0.1026 
 325      325   (0)      1 :  0.1871 0.2890 0.5239 
 326      326   (0)      1 :  0.1523 0.6991 0.1486 
 327      327   (0)      1 :  0.3142 0.5738 0.1120 
 328      328   (1)      1 :  0.3555 0.5525 0.0920 
 329      329   (0)      1 :  0.5260 0.2768 0.1973 
 330      330   (0)      1 :  0.3853 0.4262 0.1885 
 331      331   (0)      1 :  0.2914 0.2388 0.4697 
 332      332   (0)      1 :  0.4236 0.2210 0.3554 
 333      333   (0)      1 :  0.3877 0.1754 0.4369 
 334      334   (0)      1 :  0.7309 0.1960 0.0730 
 335      335   (0)      1 :  0.4555 0.4130 0.1314 
 336      336   (0)      1 :  0.3334 0.3393 0.3272 
 337      337   (0)      1 :  0.1822 0.2436 0.5742 
 338      338   (0)      1 :  0.4710 0.2470 0.2819 
 339      339   (0)      1 :  0.2537 0.4929 0.2534 
 340      340   (0)      1 :  0.7413 0.1168 0.1419 
 341      341   (0)      1 :  0.6622 0.1473 0.1905 
 342      342   (0)      1 :  0.3709 0.2978 0.3313 
 343      343   (0)      1 :  0.6024 0.2256 0.1720 
 344      344   (0)      1 :  0.4822 0.1945 0.3232 
 345      345   (1)      1 :  0.1641 0.4972 0.3386 
 346      346   (0)      1 :  0.3012 0.3202 0.3785 
 347      347   (0)      1 :  0.2553 0.3619 0.3828 
 348      348   (0)      1 :  0.5049 0.1583 0.3369 
 349      349   (0)      1 :  0.6225 0.2115 0.1660 
 350      350   (0)      1 :  0.2521 0.5247 0.2231 
 351      351   (0)      1 :  0.4523 0.2642 0.2836 
 352      352   (0)      1 :  0.2408 0.6131 0.1461 
 353      353   (0)      1 :  0.4100 0.4815 0.1085 
 354      354   (0)      1 :  0.4481 0.1372 0.4148 
 355      355   (0)      1 :  0.5454 0.2721 0.1825 
 356      356   (0)      1 :  0.2959 0.5835 0.1206 
 357      357   (0)      1 :  0.1727 0.5746 0.2527 
 358      358   (0)      1 :  0.1938 0.6807 0.1254 
 359      359   (0)      1 :  0.0640 0.5776 0.3584 
 360      360   (0)      1 :  0.2962 0.3125 0.3912 
 361      361   (0)      1 :  0.1313 0.7562 0.1125 
 362      362   (0)      1 :  0.1731 0.6853 0.1415 
 363      363   (0)      1 :  0.4814 0.2255 0.2931 
 364      364   (1)      1 :  0.6218 0.2658 0.1124 
 365      365   (0)      1 :  0.2855 0.6479 0.0666 
 366      366   (0)      1 :  0.5304 0.3693 0.1003 
 367      367   (0)      1 :  0.2785 0.4525 0.2689 
 368      368   (1)      1 :  0.1335 0.6290 0.2375 
 369      369   (0)      1 :  0.3442 0.2030 0.4529 
 370      370   (0)      1 :  0.1237 0.1185 0.7578 
 371      371   (0)      1 :  0.0764 0.0944 0.8292 
 372      372   (2)      1 :  0.0482 0.0588 0.8930 
 373      373   (0)      1 :  0.1171 0.3299 0.5530 
 374      374   (0)      1 :  0.4360 0.4759 0.0881 
 375      375   (0)      1 :  0.2480 0.5379 0.2141 
 376      376   (0)      1 :  0.1917 0.1930 0.6154 
 377      377   (0)      1 :  0.6285 0.3036 0.0679 
 378      378   (0)      1 :  0.5350 0.3831 0.0819 
 379      379   (0)      1 :  0.2598 0.1933 0.5469 
 380      380   (1)      1 :  0.3061 0.6199 0.0740 
 381      381   (0)      1 :  0.1385 0.6094 0.2521 
 382      382   (0)      1 :  0.0469 0.0738 0.8793 
 383      383   (0)      1 :  0.1097 0.5298 0.3605 
 384      384   (0)      1 :  0.3096 0.2137 0.4767 
 385      385   (0)      1 :  0.0885 0.4993 0.4122 
 386      386   (0)      1 :  0.3496 0.3517 0.2988 
 387      387   (0)      1 :  0.1180 0.4196 0.4625 
 388      388   (0)      1 :  0.3987 0.1723 0.4291 
 389      389   (0)      1 :  0.1477 0.7527 0.0996 
 390      390   (0)      1 :  0.2717 0.6576 0.0707 
 391      391   (0)      1 :  0.2792 0.2087 0.5121 
 392      392   (0)      1 :  0.3238 0.2508 0.4254 
 393      393   (0)      1 :  0.4645 0.3409 0.1946 
 394      394   (1)      1 :  0.1962 0.5769 0.2269 
 395      395   (0)      1 :  0.4287 0.3855 0.1858 
 396      396   (0)      1 :  0.2347 0.6311 0.1343 
 397      397   (0)      1 :  0.1519 0.4116 0.4365 
 398      398   (0)      1 :  0.1838 0.0997 0.7166 
 399      399   (0)      1 :  0.2652 0.3709 0.3639 
 400      400   (0)      1 :  0.2984 0.4182 0.2834 
 401      401   (1)      1 :  0.0783 0.0563 0.8654 
 402      402   (0)      1 :  0.6744 0.2466 0.0790 
 403      403   (0)      1 :  0.4576 0.2442 0.2983 
 404      404   (0)      1 :  0.6372 0.2819 0.0809 
 405      405   (0)      1 :  0.1348 0.4069 0.4583 
 406      406   (0)      1 :  0.5097 0.2782 0.2121 
 407      407   (0)      1 :  0.1078 0.7433 0.1489 
 408      408   (0)      1 :  0.4474 0.3469 0.2057 
 409      409   (0)      1 :  0.1022 0.7368 0.1610 
 410      410   (0)      1 :  0.0389 0.0684 0.8927 
 411      411   (0)      1 :  0.1468 0.1980 0.6552 
 412      412   (0)      1 :  0.5020 0.2467 0.2513 
 413      413   (0)      1 :  0.0932 0.7823 0.1245 
 414      414   (0)      1 :  0.3533 0.1651 0.4817 
 415      415   (0)      1 :  0.3981 0.5122 0.0897 
 416      416   (0)      1 :  0.4061 0.3898 0.2041 
 417      417   (0)      1 :  0.2947 0.6147 0.0906 
 418      418   (0)      1 :  0.2177 0.4475 0.3349 
 419      419   (0)      1 :  0.1113 0.3768 0.5119 
 420      420   (0)      1 :  0.4827 0.4188 0.0985 
 421      421   (0)      1 :  0.4685 0.2831 0.2484 
 422      422   (0)      1 :  0.0569 0.0516 0.8915 
 423      423   (0)      1 :  0.0902 0.8175 0.0923 
 424      424   (0)      1 :  0.1677 0.7493 0.0831 
 425      425   (0)      1 :  0.1172 0.0480 0.8348 
 426      426   (0)      1 :  0.2310 0.5392 0.2299 
 427      427   (0)      1 :  0.2279 0.3783 0.3938 
 428      428   (0)      1 :  0.0466 0.0454 0.9080 
 429      429   (0)      1 :  0.2093 0.7065 0.0842 
 430      430   (0)      1 :  0.0992 0.6629 0.2379 
 431      431   (0)      1 :  0.2255 0.1718 0.6027 
 432      432   (0)      1 :  0.0772 0.0726 0.8502 
 433      433   (0)      1 :  0.0692 0.0577 0.8731 
 434      434   (0)      1 :  0.0861 0.5271 0.3868 
 435      435   (0)      1 :  0.6097 0.3161 0.0742 
 436      436   (0)      1 :  0.1026 0.7775 0.1199 
 437      437   (0)      1 :  0.1089 0.1901 0.7010 
 438      438   (0)      1 :  0.1787 0.2724 0.5489 
 439      439   (0)      1 :  0.1735 0.6326 0.1940 
 440      440   (0)      1 :  0.0954 0.1104 0.7941 
 441      441   (0)      1 :  0.2566 0.6739 0.0695 
 442      442   (0)      1 :  0.2322 0.5854 0.1823 
 443      443   (0)      1 :  0.6631 0.2728 0.0641 
 444      444   (0)      1 :  0.1160 0.6307 0.2533 
 445      445   (0)      1 :  0.1565 0.5915 0.2520 
 446      446   (0)      2 :  0.5950 0.2709 0.1341 
 447      447   (0)      2 :  0.2461 0.5898 0.1640 
 448      448   (0)      2 :  0.1174 0.7143 0.1684 
 449      449   (0)      2 :  0.1376 0.1422 0.7202 
 450      450   (0)      2 :  0.1532 0.1270 0.7198 
 451      451   (0)      2 :  0.0636 0.0715 0.8649 
 452      452   (0)      2 :  0.3591 0.2423 0.3986 
 453      453   (0)      2 :  0.7118 0.1975 0.0907 
 454      454   (0)      2 :  0.0605 0.0704 0.8691 
 455      455   (0)      2 :  0.1686 0.7236 0.1078 
 456      456   (0)      2 :  0.0448 0.0790 0.8762 
 457      457   (0)      2 :  0.2241 0.6119 0.1640 
 458      458   (0)      2 :  0.5024 0.2126 0.2850 
 459      459   (0)      2 :  0.6005 0.3331 0.0664 
 460      460   (2)      2 :  0.1998 0.2490 0.5513 
 461      461   (1)      2 :  0.3954 0.1774 0.4271 
 462      462   (3)      2 :  0.2600 0.2065 0.5335 
 463      463   (1)      2 :  0.1295 0.1169 0.7536 
 464      464   (3)      2 :  0.1173 0.8082 0.0745 
 465      465   (3)      2 :  0.1510 0.6934 0.1556 
 466      466   (0)      2 :  0.2584 0.3706 0.3710 
 467      467   (1)      2 :  0.2344 0.6399 0.1257 
 468      468   (0)      2 :  0.1484 0.6789 0.1727 
 469      469   (0)      2 :  0.0853 0.1358 0.7789 
 470      470   (3)      2 :  0.1601 0.1981 0.6417 
 471      471   (1)      2 :  0.3090 0.2455 0.4455 
 472      472   (1)      2 :  0.2451 0.5091 0.2458 
 473      473   (2)      2 :  0.3160 0.5827 0.1013 
 474      474   (0)      2 :  0.6224 0.2708 0.1068 
 475      475   (1)      2 :  0.2236 0.0723 0.7041 
 476      476   (2)      2 :  0.6111 0.3236 0.0653 
 477      477   (3)      2 :  0.2729 0.4578 0.2693 
 478      478   (0)      2 :  0.6405 0.2144 0.1451 
 479      479   (0)      2 :  0.1704 0.7595 0.0701 
 480      480   (0)      2 :  0.2149 0.4664 0.3187 
 481      481   (2)      2 :  0.3624 0.2586 0.3790 
 482      482   (3)      2 :  0.2325 0.7053 0.0622 
 483      483   (3)      2 :  0.1038 0.7623 0.1338 
 484      484   (3)      2 :  0.3824 0.4663 0.1512 
 485      485   (2)      2 :  0.1139 0.1749 0.7112 
 486      486   (2)      2 :  0.1371 0.3111 0.5518 
 487      487   (1)      2 :  0.5612 0.1911 0.2477 
 488      488   (3)      2 :  0.4019 0.4054 0.1926 
 489      489   (0)      2 :  0.4890 0.3963 0.1146 
 490      490   (2)      2 :  0.2818 0.4943 0.2239 
 491      491   (4)      2 :  0.5983 0.1521 0.2496 
 492      492   (4)      2 :  0.7842 0.1528 0.0630 
 493      493   (3)      2 :  0.1624 0.5624 0.2752 
 494      494   (3)      2 :  0.0502 0.0631 0.8867 
 495      495   (3)      2 :  0.5693 0.1462 0.2845 
 496      496   (0)      2 :  0.4826 0.3153 0.2021 
 497      497   (5)      2 :  0.3794 0.3735 0.2471 
 498      498   (3)      2 :  0.3965 0.2167 0.3867 
 499      499   (1)      2 :  0.4264 0.4295 0.1441 
 500      500   (1)      2 :  0.3641 0.5511 0.0848 
 501      501   (3)      2 :  0.2003 0.2182 0.5815 
 502      502   (1)      2 :  0.0965 0.5464 0.3571 
 503      503   (4)      2 :  0.0859 0.7728 0.1413 
 504      504   (1)      2 :  0.0931 0.4517 0.4553 
 505      505   (0)      2 :  0.3942 0.2194 0.3865 
 506      506   (6)      2 :  0.5807 0.2537 0.1657 
 507      507   (0)      2 :  0.2202 0.4618 0.3180 
 508      508   (0)      2 :  0.1859 0.6107 0.2034 
 509      509   (2)      2 :  0.0742 0.0582 0.8676 
 510      510   (1)      2 :  0.3259 0.5815 0.0926 
 511      511   (3)      2 :  0.6363 0.1043 0.2594 
 512      512   (2)      2 :  0.0647 0.1466 0.7888 
 513      513   (7)      2 :  0.5350 0.1324 0.3326 
 514      514   (3)      2 :  0.2491 0.1373 0.6136 
 515      515   (0)      2 :  0.2818 0.5250 0.1932 
 516      516   (2)      2 :  0.3011 0.3418 0.3570 
 517      517   (2)      2 :  0.3888 0.2074 0.4038 
 518      518   (0)      2 :  0.2406 0.6165 0.1429 
 519      519   (7)      2 :  0.7360 0.1040 0.1600 
 520      520   (4)      2 :  0.5224 0.1251 0.3525 
 521      521   (1)      2 :  0.4663 0.2085 0.3253 
 522      522   (1)      2 :  0.1329 0.5799 0.2872 
 523      523   (3)      2 :  0.2362 0.6247 0.1391 
 524      524   (1)      2 :  0.1297 0.7639 0.1064 
 525      525   (2)      2 :  0.4410 0.2478 0.3112 
 526      526   (1)      2 :  0.4614 0.3240 0.2146 
 527      527   (0)      2 :  0.5684 0.3200 0.1116 
 528      528   (0)      2 :  0.2486 0.6321 0.1193 
 529      529   (1)      2 :  0.3602 0.5290 0.1108 
 530      530   (0)      2 :  0.1026 0.8164 0.0810 
 531      531   (0)      2 :  0.1026 0.7772 0.1202 
 532      532   (1)      2 :  0.1674 0.7546 0.0779 
 533      533   (2)      2 :  0.5928 0.3403 0.0669 
 534      534   (2)      2 :  0.2272 0.5858 0.1870 
 535      535   (0)      2 :  0.5231 0.3238 0.1531 
 536      536   (0)      2 :  0.7913 0.1191 0.0896 
 537      537   (0)      2 :  0.6291 0.2823 0.0886 
 538      538   (0)      2 :  0.1288 0.7442 0.1271 
 539      539   (1)      2 :  0.1951 0.6460 0.1589 
 540      540   (6)      2 :  0.4906 0.3453 0.1641 
 541      541   (1)      2 :  0.3894 0.4561 0.1546 
 542      542   (1)      2 :  0.3150 0.3533 0.3316 
 543      543   (0)      2 :  0.2331 0.3542 0.4127 
 544      544   (2)      2 :  0.4488 0.4144 0.1369 
 545      545   (1)      2 :  0.0658 0.2664 0.6678 
 546      546   (6)      2 :  0.1774 0.7689 0.0537 
 547      547   (0)      2 :  0.0896 0.6301 0.2803 
 548      548   (1)      2 :  0.4288 0.2565 0.3148 
 549      549   (0)      2 :  0.1820 0.6712 0.1469 
 550      550   (1)      2 :  0.1169 0.0860 0.7970 
 551      551   (1)      2 :  0.7065 0.1468 0.1467 
 552      552   (2)      2 :  0.2690 0.4606 0.2703 
 553      553   (7)      2 :  0.2884 0.5259 0.1856 
 554      554   (2)      2 :  0.3096 0.5890 0.1014 
 555      555   (3)      2 :  0.5023 0.3842 0.1135 
 556      556   (0)      2 :  0.7683 0.0757 0.1560 
 557      557   (1)      2 :  0.1652 0.2107 0.6241 
 558      558   (0)      2 :  0.6415 0.0881 0.2704 
 559      559   (0)      2 :  0.1620 0.7534 0.0846 
 560      560   (5)      2 :  0.4518 0.2920 0.2563 
 561      561   (0)      2 :  0.0975 0.8239 0.0786 
 562      562   (6)      2 :  0.6126 0.2640 0.1234 
 563      563   (2)      2 :  0.4484 0.3709 0.1808 
 564      564   (3)      2 :  0.4831 0.1225 0.3943 
 565      565   (3)      2 :  0.3116 0.4506 0.2378 
 566      566   (1)      2 :  0.2188 0.5838 0.1974 
 567      567   (0)      2 :  0.1581 0.7548 0.0871 
 568      568   (3)      2 :  0.5221 0.2081 0.2698 
 569      569   (2)      2 :  0.2589 0.5896 0.1515 
 570      570   (0)      2 :  0.1095 0.7080 0.1825 
 571      571   (1)      2 :  0.1031 0.8270 0.0699 
 572      572   (4)      2 :  0.6100 0.2576 0.1324 
 573      573   (3)      2 :  0.2564 0.1907 0.5529 
 574      574   (5)      2 :  0.2976 0.3469 0.3556 
 575      575   (3)      2 :  0.7007 0.2174 0.0819 
 576      576   (0)      2 :  0.3752 0.4489 0.1759 
 577      577   (0)      2 :  0.0527 0.0822 0.8651 
 578      578   (1)      2 :  0.1624 0.7258 0.1118 
 579      579   (0)      2 :  0.1322 0.0825 0.7853 
 580      580   (0)      2 :  0.5093 0.4389 0.0518 
 581      581   (3)      2 :  0.2101 0.6262 0.1637 
 582      582   (6)      2 :  0.4253 0.4874 0.0873 
 583      583   (3)      2 :  0.6092 0.2981 0.0927 
 584      584   (3)      2 :  0.4282 0.3980 0.1738 
 585      585   (1)      2 :  0.3352 0.4294 0.2353 
 586      586   (1)      2 :  0.2335 0.7128 0.0537 
 587      587   (0)      2 :  0.0421 0.0520 0.9059 
 588      588   (0)      2 :  0.4966 0.1538 0.3497 
 589      589   (1)      2 :  0.4460 0.3507 0.2034 
 590      590   (2)      2 :  0.0921 0.8771 0.0308 
 591      591   (0)      2 :  0.3043 0.5352 0.1605 
 592      592   (3)      2 :  0.2012 0.6224 0.1765 
 593      593   (0)      2 :  0.5155 0.2255 0.2590 
 594      594   (1)      2 :  0.2898 0.5932 0.1170 
 595      595   (0)      2 :  0.6235 0.1824 0.1941 
 596      596   (1)      2 :  0.2984 0.4567 0.2450 
 597      597   (0)      2 :  0.4121 0.4045 0.1835 
 598      598   (1)      2 :  0.2106 0.6039 0.1855 
 599      599   (0)      2 :  0.2064 0.6279 0.1657 
 600      600   (0)      2 :  0.6826 0.2026 0.1149 
 601      601   (0)      2 :  0.4698 0.4259 0.1043 
 602      602   (0)      2 :  0.1819 0.5946 0.2235 
 603      603   (0)      2 :  0.6133 0.2922 0.0945 
 604      604   (0)      2 :  0.4235 0.4361 0.1405 
 605      605   (0)      2 :  0.8019 0.1175 0.0806 
 606      606   (0)      2 :  0.5633 0.2572 0.1795 
 607      607   (0)      2 :  0.1948 0.6428 0.1624 
 608      608   (0)      2 :  0.1127 0.8116 0.0757 
 609      609   (0)      2 :  0.6864 0.1795 0.1341 
 610      610   (4)      2 :  0.1251 0.0602 0.8147 
 611      611   (0)      2 :  0.4179 0.1704 0.4117 
 612      612   (2)      2 :  0.3386 0.5301 0.1313 
 613      613   (0)      2 :  0.5117 0.2798 0.2086 
 614      614   (0)      2 :  0.1292 0.5653 0.3055 
 615      615   (0)      2 :  0.5323 0.4099 0.0578 
 616      616   (0)      2 :  0.3992 0.3222 0.2786 
 617      617   (0)      2 :  0.4238 0.4494 0.1267 
 618      618   (0)      2 :  0.1059 0.6582 0.2359 
 619      619   (0)      2 :  0.6714 0.2385 0.0901 
 620      620   (0)      2 :  0.5763 0.1368 0.2869 
 621      621   (1)      2 :  0.4460 0.3312 0.2228 
 622      622   (2)      2 :  0.6601 0.1841 0.1558 
 623      623   (1)      2 :  0.1594 0.6652 0.1755 
 624      624   (2)      2 :  0.2866 0.5468 0.1666 
 625      625   (0)      2 :  0.1454 0.5848 0.2698 
 626      626   (6)      2 :  0.3845 0.4929 0.1225 
 627      627   (0)      2 :  0.4455 0.2632 0.2914 
 628      628   (0)      2 :  0.0372 0.0348 0.9280 
 629      629   (1)      2 :  0.5571 0.1691 0.2738 
 630      630   (1)      2 :  0.7254 0.1941 0.0805 
 631      631   (3)      2 :  0.2835 0.6072 0.1093 
 632      632   (0)      2 :  0.8100 0.1143 0.0757 
 633      633   (4)      2 :  0.3525 0.5241 0.1234 
 634      634   (2)      2 :  0.4474 0.1044 0.4483 
 635      635   (0)      2 :  0.5170 0.4226 0.0604 
 636      636   (0)      2 :  0.2150 0.1875 0.5975 
 637      637   (0)      2 :  0.4818 0.2823 0.2359 
 638      638   (0)      2 :  0.3657 0.4970 0.1373 
 639      639   (1)      2 :  0.3793 0.3371 0.2836 
 640      640   (1)      2 :  0.1839 0.2931 0.5230 
 641      641   (0)      2 :  0.4194 0.1461 0.4344 
 642      642   (3)      2 :  0.2808 0.4473 0.2720 
 643      643   (1)      2 :  0.5899 0.2781 0.1320 
 644      644   (7)      2 :  0.1780 0.7648 0.0572 
 645      645   (4)      2 :  0.1939 0.5800 0.2261 
 646      646   (0)      2 :  0.3631 0.5583 0.0786 
 647      647   (1)      2 :  0.1278 0.7791 0.0931 
 648      648   (1)      2 :  0.5893 0.2172 0.1935 
 649      649   (0)      2 :  0.2599 0.6227 0.1174 
 650      650   (1)      2 :  0.2861 0.6596 0.0543 
 651      651   (5)      2 :  0.0928 0.0588 0.8484 
 652      652   (1)      2 :  0.3926 0.3394 0.2680 
 653      653   (3)      2 :  0.5447 0.2727 0.1826 
 654      654   (1)      2 :  0.1965 0.5659 0.2377 
 655      655   (2)      2 :  0.2404 0.3319 0.4277 
 656      656   (0)      2 :  0.2749 0.6371 0.0880 
 657      657   (0)      2 :  0.4988 0.3744 0.1267 
 658      658   (0)      2 :  0.2964 0.5599 0.1437 
 659      659   (5)      2 :  0.5259 0.4311 0.0430 
 660      660   (3)      2 :  0.3379 0.3847 0.2773 
 661      661   (2)      2 :  0.6113 0.3270 0.0617 
 662      662   (1)      2 :  0.6365 0.1729 0.1906 
 663      663   (2)      2 :  0.3328 0.2320 0.4351 
 664      664   (0)      2 :  0.5973 0.2828 0.1199 
 665      665   (0)      2 :  0.6019 0.1939 0.2042 
 666      666   (0)      2 :  0.0814 0.0958 0.8227 
 667      667   (0)      2 :  0.3230 0.2027 0.4743 
 668      668   (2)      2 :  0.1983 0.4091 0.3927 
 669      669   (4)      2 :  0.1477 0.6022 0.2501 
 670      670   (6)      2 :  0.0842 0.8061 0.1097 
 671      671   (3)      2 :  0.8453 0.0739 0.0808 
 672      672   (0)      2 :  0.7457 0.1895 0.0648 
 673      673   (4)      2 :  0.5495 0.3729 0.0776 
 674      674   (0)      2 :  0.4338 0.3274 0.2389 
 675      675   (0)      2 :  0.5059 0.3780 0.1161 
 676      676   (1)      2 :  0.5144 0.3586 0.1271 
 677      677   (3)      2 :  0.1807 0.4114 0.4079 
 678      678   (6)      2 :  0.6350 0.2742 0.0908 
 679      679   (1)      2 :  0.1011 0.5616 0.3373 
 680      680   (1)      2 :  0.6405 0.2344 0.1251 
 681      681   (1)      2 :  0.3812 0.1796 0.4391 
 682      682   (1)      2 :  0.2732 0.2130 0.5137 
 683      683   (0)      2 :  0.1301 0.6824 0.1875 
 684      684   (0)      2 :  0.2165 0.6903 0.0931 
 685      685   (0)      2 :  0.1238 0.7664 0.1098 
 686      686   (0)      2 :  0.1737 0.7560 0.0703 
 687      687   (3)      2 :  0.2882 0.6036 0.1082 
 688      688   (1)      2 :  0.4178 0.1661 0.4161 
 689      689   (1)      2 :  0.2049 0.1851 0.6101 
 690      690   (5)      2 :  0.6832 0.1015 0.2153 
 691      691   (5)      2 :  0.3461 0.2767 0.3772 
 692      692   (0)      2 :  0.1577 0.4330 0.4093 
 693      693   (2)      2 :  0.5465 0.3635 0.0900 
 694      694   (0)      2 :  0.7871 0.1497 0.0632 
 695      695   (0)      2 :  0.1727 0.3609 0.4665 
 696      696   (0)      2 :  0.0688 0.8681 0.0631 
 697      697   (2)      2 :  0.6552 0.1677 0.1771 
 698      698   (0)      2 :  0.6436 0.3054 0.0510 
 699      699   (1)      2 :  0.6852 0.1213 0.1935 
 700      700   (0)      2 :  0.1301 0.6445 0.2254 
 701      701   (0)      2 :  0.5459 0.2742 0.1799 
 702      702   (1)      2 :  0.2982 0.2350 0.4668 
 703      703   (1)      2 :  0.0743 0.5793 0.3464 
 704      704   (0)      2 :  0.1657 0.1945 0.6398 
 705      705   (0)      2 :  0.4375 0.4623 0.1002 
 706      706   (0)      2 :  0.3002 0.1959 0.5038 
 707      707   (1)      2 :  0.8187 0.0862 0.0951 
 708      708   (1)      2 :  0.4310 0.2600 0.3089 
 709      709   (0)      2 :  0.2493 0.2555 0.4952 
 710      710   (0)      2 :  0.4319 0.3708 0.1973 
 711      711   (0)      2 :  0.1095 0.5508 0.3397 
 712      712   (1)      2 :  0.2850 0.5695 0.1455 
 713      713   (0)      2 :  0.2194 0.5712 0.2094 
 714      714   (0)      2 :  0.1885 0.6116 0.1999 
 715      715   (0)      2 :  0.1335 0.6183 0.2482 
 716      716   (0)      2 :  0.1802 0.1993 0.6205 
 717      717   (1)      2 :  0.6532 0.1744 0.1724 
 718      718   (1)      2 :  0.7033 0.1848 0.1120 
 719      719   (7)      2 :  0.7526 0.2008 0.0466 
 720      720   (2)      2 :  0.1619 0.6659 0.1722 
 721      721   (1)      2 :  0.5511 0.3173 0.1316 
 722      722   (0)      2 :  0.3992 0.4638 0.1370 
 723      723   (1)      2 :  0.6138 0.2715 0.1147 
 724      724   (0)      2 :  0.1080 0.3253 0.5667 
 725      725   (0)      2 :  0.4022 0.4550 0.1428 
 726      726   (0)      2 :  0.4333 0.4479 0.1189 
 727      727   (1)      2 :  0.7581 0.0944 0.1476 
 728      728   (0)      2 :  0.4019 0.2362 0.3619 
 729      729   (1)      2 :  0.5444 0.3075 0.1481 
 730      730   (0)      2 :  0.2095 0.5254 0.2652 
 731      731   (2)      2 :  0.1446 0.1278 0.7276 
 732      732   (1)      2 :  0.5475 0.0862 0.3663 
 733      733   (0)      2 :  0.2613 0.6368 0.1019 
 734      734   (0)      2 :  0.2217 0.6720 0.1064 
 735      735   (0)      2 :  0.5406 0.3688 0.0906 
 736      736   (0)      2 :  0.1387 0.5764 0.2849 
 737      737   (0)      2 :  0.1642 0.6080 0.2278 
 738      738   (0)      2 :  0.2691 0.3306 0.4004 
 739      739   (0)      2 :  0.5130 0.2445 0.2425 
 740      740   (0)      2 :  0.6167 0.3420 0.0413 
 741      741   (0)      2 :  0.1754 0.4250 0.3997 
 742      742   (0)      2 :  0.4348 0.3554 0.2098 
 743      743   (0)      2 :  0.0878 0.7851 0.1271 
 744      744   (0)      2 :  0.2732 0.6541 0.0727 
 745      745   (0)      2 :  0.2455 0.6536 0.1009 
 746      746   (0)      2 :  0.1203 0.3071 0.5726 
 747      747   (0)      2 :  0.0388 0.0670 0.8942 
 748      748   (2)      2 :  0.0806 0.6922 0.2272 
 749      749   (5)      2 :  0.4972 0.1220 0.3807 
 750      750   (1)      2 :  0.2878 0.5066 0.2056 
 751      751   (0)      2 :  0.0796 0.4905 0.4299 
 752      752   (3)      2 :  0.3272 0.6142 0.0586 
 753      753   (0)      2 :  0.0650 0.8810 0.0540 
 754      754   (0)      2 :  0.3124 0.5589 0.1287 
 755      755   (0)      2 :  0.8506 0.0714 0.0780 
 756      756   (0)      2 :  0.1139 0.5665 0.3196 
 757      757   (0)      2 :  0.6249 0.2254 0.1497 
 758      758   (1)      2 :  0.2773 0.4336 0.2890 
 759      759   (0)      2 :  0.3191 0.4694 0.2115 
 760      760   (0)      2 :  0.2365 0.2735 0.4900 
 761      761   (0)      2 :  0.0869 0.8719 0.0412 
 762      762   (0)      2 :  0.1444 0.7762 0.0794 
 763      763   (0)      2 :  0.2196 0.4214 0.3590 
 764      764   (0)      4 :  0.3124 0.5413 0.1463 
 765      765   (0)      2 :  0.1998 0.5981 0.2021 
 766      766   (0)      4 :  0.2513 0.6827 0.0660 
 767      767   (0)      4 :  0.0759 0.8726 0.0515 
 768      768   (0)      4 :  0.1087 0.7412 0.1501 
 769      769   (0)      2 :  0.3945 0.4881 0.1174 
 770      770   (0)      4 :  0.1981 0.6815 0.1204 
 771      771   (1)      3 :  0.6425 0.2540 0.1035 
 772      772   (0)      2 :  0.1629 0.7262 0.1109 
 773      773   (0)      3 :  0.5633 0.1532 0.2835 
 774      774   (0)      3 :  0.8077 0.0951 0.0972 
 775      775   (0)      3 :  0.8856 0.0610 0.0534 
 776      776   (0)      3 :  0.7930 0.0630 0.1440 
 777      777   (0)      3 :  0.8637 0.0717 0.0646 
 778      778   (3)      4 :  0.0940 0.6219 0.2841 
 779      779   (1)      2 :  0.3284 0.4475 0.2241 
 780      780   (0)      4 :  0.3334 0.4983 0.1683 
 781      781   (0)      4 :  0.1587 0.7473 0.0940 
 782      782   (0)      4 :  0.3498 0.4469 0.2032 
 783      783   (0)      4 :  0.0979 0.6287 0.2734 
 784      784   (0)      2 :  0.2211 0.1656 0.6133 
 785      785   (0)      4 :  0.0944 0.7730 0.1326 
 786      786   (0)      3 :  0.3686 0.1992 0.4321 
 787      787   (0)      3 :  0.8562 0.0596 0.0842 
 788      788   (0)      3 :  0.8510 0.1014 0.0476 
 789      789   (0)      3 :  0.6185 0.2198 0.1617 
 790      790   (1)      3 :  0.7499 0.1377 0.1124 
 791      791   (0)      3 :  0.6079 0.2855 0.1066 
 792      792   (2)      4 :  0.3786 0.5336 0.0878 
 793      793   (4)      4 :  0.2072 0.6410 0.1518 
 794      794   (0)      4 :  0.5004 0.4475 0.0521 
 795      795   (2)      4 :  0.1592 0.5473 0.2935 
 796      796   (0)      4 :  0.3136 0.5239 0.1624 
 797      797   (1)      2 :  0.2254 0.3229 0.4518 
 798      798   (0)      4 :  0.3514 0.3430 0.3056 
 799      799   (1)      3 :  0.6563 0.1316 0.2121 
 800      800   (0)      2 :  0.6186 0.2018 0.1796 
 801      801   (1)      3 :  0.6639 0.2448 0.0913 
 802      802   (1)      3 :  0.7083 0.0551 0.2366 
 803      803   (0)      3 :  0.8519 0.0820 0.0662 
 804      804   (0)      3 :  0.8766 0.0668 0.0566 
 805      805   (0)      4 :  0.2622 0.5606 0.1772 
 806      806   (1)      4 :  0.2083 0.7224 0.0693 
 807      807   (0)      4 :  0.4073 0.3992 0.1935 
 808      808   (0)      4 :  0.1434 0.6901 0.1665 
 809      809   (0)      2 :  0.5616 0.2598 0.1786 
 810      810   (0)      4 :  0.2974 0.5537 0.1489 
 811      811   (0)      2 :  0.4090 0.4047 0.1863 
 812      812   (1)      3 :  0.5710 0.3132 0.1158 
 813      813   (0)      3 :  0.8159 0.1489 0.0352 
 814      814   (0)      3 :  0.6379 0.1101 0.2520 
 815      815   (0)      3 :  0.8067 0.0753 0.1180 
 816      816   (0)      3 :  0.7688 0.1132 0.1179 
 817      817   (6)      4 :  0.2368 0.6002 0.1630 
 818      818   (0)      2 :  0.1803 0.2787 0.5410 
 819      819   (2)      4 :  0.3831 0.5032 0.1137 
 820      820   (1)      4 :  0.2473 0.6490 0.1037 
 821      821   (2)      4 :  0.1171 0.6469 0.2360 
 822      822   (0)      4 :  0.1569 0.7039 0.1393 
 823      823   (0)      2 :  0.1371 0.6487 0.2142 
 824      824   (0)      4 :  0.1715 0.6976 0.1309 
 825      825   (0)      2 :  0.0495 0.1385 0.8120 
 826      826   (1)      3 :  0.8786 0.0768 0.0446 
 827      827   (0)      2 :  0.1185 0.0660 0.8155 
 828      828   (0)      3 :  0.6483 0.2324 0.1193 
 829      829   (0)      3 :  0.7590 0.1067 0.1343 
 830      830   (0)      3 :  0.7358 0.0916 0.1726 
 831      831   (0)      3 :  0.8810 0.0684 0.0506 
 832      832   (0)      4 :  0.4884 0.3260 0.1855 
 833      833   (0)      2 :  0.3959 0.5328 0.0714 
 834      834   (2)      4 :  0.1248 0.7897 0.0855 
 835      835   (0)      4 :  0.3588 0.4549 0.1863 
 836      836   (4)      4 :  0.1371 0.7781 0.0848 
 837      837   (0)      4 :  0.3884 0.3876 0.2239 
 838      838   (0)      2 :  0.2487 0.4274 0.3238 
 839      839   (0)      2 :  0.3828 0.3562 0.2611 
 840      840   (1)      3 :  0.6602 0.1457 0.1941 
 841      841   (0)      3 :  0.8069 0.0648 0.1283 
 842      842   (0)      3 :  0.8690 0.1049 0.0261 
 843      843   (1)      3 :  0.8837 0.0660 0.0503 
 844      844   (0)      3 :  0.8627 0.0872 0.0501 
 845      845   (1)      2 :  0.1870 0.7275 0.0855 
 846      846   (2)      4 :  0.1234 0.7751 0.1015 
 847      847   (0)      4 :  0.2111 0.5739 0.2149 
 848      848   (1)      4 :  0.4961 0.3157 0.1883 
 849      849   (0)      4 :  0.1550 0.6873 0.1576 
 850      850   (0)      3 :  0.5894 0.1589 0.2517 
 851      851   (0)      3 :  0.8083 0.1140 0.0777 
 852      852   (0)      3 :  0.8491 0.0977 0.0532 
 853      853   (1)      3 :  0.7873 0.1141 0.0986 
 854      854   (1)      3 :  0.8861 0.0798 0.0341 
 855      855   (0)      2 :  0.3590 0.1096 0.5314 
 856      856   (0)      4 :  0.1548 0.7733 0.0719 
 857      857   (0)      4 :  0.4204 0.4727 0.1070 
 858      858   (0)      4 :  0.3138 0.5421 0.1441 
 859      859   (0)      2 :  0.4036 0.2847 0.3118 
 860      860   (0)      2 :  0.2913 0.5977 0.1110 
 861      861   (0)      3 :  0.7073 0.1962 0.0965 
 862      862   (0)      3 :  0.8384 0.0617 0.0999 
 863      863   (0)      3 :  0.8993 0.0710 0.0297 
 864      864   (0)      3 :  0.6913 0.2546 0.0541 
 865      865   (0)      3 :  0.8144 0.1215 0.0641 
 866      866   (0)      2 :  0.1519 0.1815 0.6666 
 867      867   (0)      2 :  0.1869 0.3072 0.5059 
 868      868   (0)      2 :  0.7346 0.1243 0.1412 
 869      869   (0)      2 :  0.0797 0.0596 0.8607 
 870      870   (0)      2 :  0.7462 0.1643 0.0895 
 871      871   (0)      2 :  0.1265 0.6165 0.2570 
 872      872   (0)      2 :  0.7023 0.1533 0.1444 
 873      873   (0)      2 :  0.1053 0.6501 0.2446 
 874      874   (0)      2 :  0.0771 0.0548 0.8681 
 875      875   (0)      2 :  0.2516 0.0774 0.6710 
 876      876   (1)      2 :  0.0554 0.1261 0.8185 
 877      877   (0)      2 :  0.1431 0.7316 0.1253 
 878      878   (0)      2 :  0.3582 0.4928 0.1490 
 879      879   (0)      2 :  0.2571 0.6472 0.0957 
 880      880   (0)      2 :  0.1510 0.6364 0.2126 
 881      881   (0)      2 :  0.3095 0.1663 0.5242 
 882      882   (1)      2 :  0.2759 0.1902 0.5339 
 883      883   (0)      2 :  0.4248 0.2927 0.2824 
 884      884   (3)      2 :  0.3599 0.1054 0.5347 
 885      885   (0)      2 :  0.3695 0.5323 0.0982 
 886      886   (0)      2 :  0.0622 0.0561 0.8817 
 887      887   (0)      2 :  0.1174 0.7903 0.0923 
 888      888   (0)      2 :  0.0497 0.8397 0.1106 
 889      889   (0)      2 :  0.2468 0.3612 0.3920 
 890      890   (0)      2 :  0.3096 0.5140 0.1764 
 891      891   (0)      2 :  0.5796 0.2316 0.1887 
 892      892   (0)      2 :  0.3067 0.4299 0.2633 
 893      893   (0)      2 :  0.2148 0.4477 0.3375 
 894      894   (0)      2 :  0.1904 0.7547 0.0549 
 895      895   (0)      2 :  0.7362 0.1927 0.0710 
 896      896   (0)      2 :  0.5508 0.3341 0.1151 
 897      897   (6)      2 :  0.0516 0.0858 0.8626 
 898      898   (1)      2 :  0.3888 0.4982 0.1131 
 899      899   (0)      2 :  0.4512 0.3274 0.2215 
 900      900   (0)      2 :  0.7845 0.1506 0.0649 
 901      901   (0)      2 :  0.1204 0.5670 0.3127 
 902      902   (1)      2 :  0.2115 0.2565 0.5320 
 903      903   (0)      2 :  0.3326 0.1186 0.5488 
 904      904   (1)      2 :  0.1366 0.7656 0.0978 
 905      905   (0)      2 :  0.0864 0.6798 0.2338 
 906      906   (0)      2 :  0.3027 0.6098 0.0875 
 907      907   (0)      2 :  0.6603 0.2396 0.1002 
 908      908   (0)      2 :  0.0975 0.4067 0.4958 
 909      909   (1)      2 :  0.0374 0.0477 0.9149 
 910      910   (2)      2 :  0.2345 0.7029 0.0626 
 911      911   (1)      2 :  0.8293 0.0911 0.0795 
 912      912   (0)      2 :  0.8235 0.0740 0.1024 
 913      913   (0)      2 :  0.0867 0.0662 0.8471 
 914      914   (0)      2 :  0.3996 0.3901 0.2102 
 915      915   (0)      2 :  0.2652 0.4826 0.2522 
 916      916   (0)      2 :  0.6685 0.1400 0.1914 
 917      917   (0)      2 :  0.2490 0.1214 0.6296 
 918      918   (0)      2 :  0.0869 0.3579 0.5552 
 919      919   (0)      2 :  0.0660 0.0807 0.8533 
 920      920   (0)      2 :  0.6700 0.1822 0.1478 
 921      921   (1)      2 :  0.8246 0.1032 0.0722 
 922      922   (0)      2 :  0.2095 0.7118 0.0787 
 923      923   (0)      2 :  0.1012 0.7275 0.1712 
 924      924   (0)      2 :  0.1172 0.7580 0.1248 
 925      925   (0)      2 :  0.1781 0.3473 0.4746 
 926      926   (0)      2 :  0.0649 0.0820 0.8530 
 927      927   (1)      2 :  0.0740 0.5248 0.4012 
 928      928   (0)      2 :  0.0888 0.0674 0.8438 
 929      929   (0)      2 :  0.0595 0.0615 0.8790 
 930      930   (0)      2 :  0.3625 0.4162 0.2213 
 931      931   (0)      2 :  0.1195 0.0838 0.7967 
 932      932   (0)      2 :  0.1019 0.0474 0.8507 
 933      933   (0)      2 :  0.3396 0.5332 0.1272 
 934      934   (0)      2 :  0.6773 0.1024 0.2204 
 935      935   (0)      2 :  0.2036 0.5883 0.2081 
 936      936   (1)      2 :  0.1218 0.0634 0.8148 
 937      937   (1)      2 :  0.6643 0.0584 0.2773 
 938      938   (0)      2 :  0.2419 0.4488 0.3094 
 939      939   (0)      2 :  0.0594 0.0782 0.8624 
 940      940   (1)      2 :  0.1780 0.4398 0.3823 
 941      941   (0)      2 :  0.1072 0.2794 0.6134 
 942      942   (0)      2 :  0.1005 0.1066 0.7929 
 943      943   (0)      2 :  0.1935 0.7677 0.0388 
 944      944   (0)      2 :  0.0640 0.0780 0.8580 
 945      945   (0)      2 :  0.5235 0.1795 0.2970 
 946      946   (0)      2 :  0.3665 0.5405 0.0930 
 947      947   (0)      2 :  0.2309 0.2066 0.5625 
 948      948   (0)      2 :  0.1359 0.7760 0.0881 
 949      949   (0)      2 :  0.1414 0.0585 0.8001 
 950      950   (0)      2 :  0.3799 0.5024 0.1177 
 951      951   (0)      2 :  0.2874 0.6357 0.0769 
 952      952   (0)      2 :  0.2478 0.6213 0.1309 
 953      953   (0)      2 :  0.4032 0.2455 0.3513 
 954      954   (0)      2 :  0.2365 0.1075 0.6560 
 955      955   (0)      2 :  0.2050 0.3465 0.4484 
 956      956   (0)      2 :  0.7842 0.0950 0.1208 
 957      957   (1)      2 :  0.3848 0.5342 0.0810 
 958      958   (0)      2 :  0.1878 0.5898 0.2225 
 959      959   (4)      2 :  0.2746 0.1380 0.5874 
 960      960   (0)      2 :  0.0691 0.0780 0.8529 
 961      961   (1)      2 :  0.0453 0.0444 0.9103 
 962      962   (0)      2 :  0.2359 0.2459 0.5182 
 963      963   (0)      2 :  0.3992 0.3572 0.2435 
 964      964   (0)      2 :  0.4559 0.3214 0.2228 
 965      965   (0)      2 :  0.2561 0.6067 0.1372 
 966      966   (0)      2 :  0.0406 0.0731 0.8863 
 967      967   (0)      2 :  0.6392 0.2557 0.1051 
 968      968   (0)      2 :  0.2536 0.6224 0.1240 
 969      969   (0)      2 :  0.3646 0.4425 0.1929 
 970      970   (0)      2 :  0.3349 0.1745 0.4906 
 971      971   (0)      2 :  0.2603 0.1406 0.5991 
 972      972   (0)      2 :  0.2606 0.1814 0.5580 
 973      973   (0)      2 :  0.2186 0.6401 0.1413 
 974      974   (5)      2 :  0.3269 0.4055 0.2676 
 975      975   (0)      2 :  0.1650 0.7494 0.0856 
 976      976   (0)      2 :  0.6868 0.1903 0.1229 
 977      977   (0)      2 :  0.0956 0.1380 0.7664 
 978      978   (0)      2 :  0.0342 0.0433 0.9225 
 979      979   (0)      2 :  0.0794 0.0552 0.8654 
 980      980   (0)      2 :  0.5053 0.1869 0.3078 
 981      981   (0)      2 :  0.0858 0.0553 0.8589 
 982      982   (3)      2 :  0.1179 0.1071 0.7750 
 983      983   (0)      2 :  0.8223 0.0642 0.1136 
 984      984   (0)      2 :  0.0690 0.5445 0.3865 
 985      985   (0)      2 :  0.6530 0.2517 0.0953 
 986      986   (0)      2 :  0.3621 0.5171 0.1208 
 987      987   (1)      2 :  0.6671 0.2168 0.1161 
 988      988   (0)      2 :  0.0952 0.0782 0.8266 
 989      989   (0)      2 :  0.7314 0.0765 0.1921 
 990      990   (0)      2 :  0.6430 0.1858 0.1713 
 991      991   (0)      2 :  0.0552 0.0705 0.8743 
 992      992   (0)      2 :  0.1712 0.6819 0.1470 
 993      993   (0)      2 :  0.6002 0.1419 0.2579 
 994      994   (1)      2 :  0.6573 0.1343 0.2084 
 995      995   (1)      2 :  0.1412 0.3401 0.5187 
 996      996   (0)      2 :  0.2720 0.3353 0.3926 
 997      997   (1)      2 :  0.0371 0.0379 0.9250 
 998      998   (0)      2 :  0.3499 0.2509 0.3991 
 999      999   (1)      2 :  0.1163 0.1062 0.7775 
1000     1000   (0)      2 :  0.2958 0.5347 0.1695 
