1        1   (0)      1  : 0.2620 0.0265 0.3655 0.3460
2        2   (0)      1  : 0.1650 0.1235 0.4260 0.2855
3        3   (0)      1  : 0.2295 0.1140 0.3830 0.2735
4        4   (0)      1  : 0.5445 0.0345 0.2020 0.2190
5        5   (1)      1  : 0.0200 0.9415 0.0165 0.0220
6        6   (0)      1  : 0.4029 0.2212 0.0916 0.2843
7        7   (0)      1  : 0.2844 0.2339 0.1919 0.2898
8        8   (0)      1  : 0.2331 0.0260 0.2871 0.4537
9        9   (0)      1  : 0.2200 0.3085 0.2740 0.1975
10       10   (0)      1  : 0.0911 0.5065 0.2002 0.2022
11       11   (0)      1  : 0.5253 0.0855 0.2019 0.1874
12       12   (0)      1  : 0.3710 0.1485 0.0830 0.3975
13       13   (0)      1  : 0.3145 0.0440 0.2125 0.4290
14       14   (0)      1  : 0.2474 0.5003 0.0465 0.2059
15       15   (0)      1  : 0.2565 0.4805 0.0600 0.2030
16       16   (0)      1  : 0.3460 0.1305 0.2135 0.3100
17       17   (0)      1  : 0.3790 0.1185 0.0360 0.4665
18       18   (2)      1  : 0.1680 0.0390 0.3815 0.4115
19       19   (1)      1  : 0.3147 0.0839 0.2253 0.3761
20       20   (0)      1  : 0.3420 0.2875 0.0550 0.3155
21       21   (1)      1  : 0.2458 0.2997 0.1778 0.2767
22       22   (0)      1  : 0.1699 0.1094 0.4533 0.2674
23       23   (0)      1  : 0.2110 0.3530 0.2040 0.2320
24       24   (0)      1  : 0.0835 0.0240 0.8140 0.0785
25       25   (0)      1  : 0.2740 0.2945 0.1395 0.2920
26       26   (0)      1  : 0.1765 0.1540 0.4400 0.2295
27       27   (1)      1  : 0.5483 0.0765 0.0900 0.2851
28       28   (0)      1  : 0.0505 0.0410 0.8586 0.0500
29       29   (0)      1  : 0.3165 0.1005 0.1875 0.3955
30       30   (0)      1  : 0.0721 0.7402 0.0711 0.1166
31       31   (0)      1  : 0.3535 0.0650 0.2145 0.3670
32       32   (0)      1  : 0.1985 0.1800 0.3165 0.3050
33       33   (1)      1  : 0.2235 0.1460 0.4075 0.2230
34       34   (0)      1  : 0.1491 0.5573 0.1021 0.1916
35       35   (0)      1  : 0.1661 0.0965 0.4702 0.2671
36       36   (0)      1  : 0.3631 0.2368 0.1573 0.2428
37       37   (0)      1  : 0.1035 0.1340 0.6685 0.0940
38       38   (0)      1  : 0.0640 0.4565 0.3860 0.0935
39       39   (0)      1  : 0.2165 0.1225 0.0925 0.5685
40       40   (0)      1  : 0.2925 0.3675 0.0775 0.2625
41       41   (1)      1  : 0.4320 0.0635 0.1185 0.3860
42       42   (0)      1  : 0.0740 0.8420 0.0295 0.0545
43       43   (0)      1  : 0.2451 0.0630 0.2281 0.4637
44       44   (6)      1  : 0.3670 0.0505 0.1790 0.4035
45       45   (1)      1  : 0.1321 0.3997 0.3117 0.1566
46       46   (0)      1  : 0.1444 0.1029 0.5490 0.2038
47       47   (0)      1  : 0.0905 0.0805 0.7355 0.0935
48       48   (0)      1  : 0.2260 0.0580 0.1835 0.5325
49       49   (0)      1  : 0.3467 0.0465 0.4122 0.1946
50       50   (0)      1  : 0.3397 0.0355 0.0509 0.5739
51       51   (2)      1  : 0.1005 0.7525 0.0655 0.0815
52       52   (0)      1  : 0.0511 0.8624 0.0445 0.0420
53       53   (1)      1  : 0.0765 0.0520 0.7665 0.1050
54       54   (0)      1  : 0.1284 0.0949 0.5907 0.1859
55       55   (3)      1  : 0.2775 0.1170 0.0905 0.5150
56       56   (0)      1  : 0.1136 0.1081 0.6793 0.0991
57       57   (0)      1  : 0.1166 0.0285 0.7277 0.1271
58       58   (0)      1  : 0.1120 0.7105 0.0710 0.1065
59       59   (0)      1  : 0.1445 0.0280 0.5830 0.2445
60       60   (1)      1  : 0.4675 0.1465 0.1395 0.2465
61       61   (0)      1  : 0.1340 0.0760 0.5295 0.2605
62       62   (0)      1  : 0.3388 0.0560 0.1429 0.4623
63       63   (0)      1  : 0.1260 0.2605 0.5130 0.1005
64       64   (2)      1  : 0.4355 0.1085 0.1750 0.2810
65       65   (0)      1  : 0.3055 0.0655 0.1835 0.4455
66       66   (3)      1  : 0.2701 0.3637 0.0730 0.2931
67       67   (0)      1  : 0.1510 0.0495 0.6820 0.1175
68       68   (1)      1  : 0.1410 0.0915 0.4655 0.3020
69       69   (2)      1  : 0.0805 0.2500 0.5845 0.0850
70       70   (0)      1  : 0.2739 0.0535 0.3393 0.3333
71       71   (0)      1  : 0.3398 0.0590 0.2214 0.3798
72       72   (4)      1  : 0.4558 0.0390 0.1569 0.3483
73       73   (0)      1  : 0.1204 0.2344 0.3483 0.2968
74       74   (0)      1  : 0.6455 0.0440 0.0555 0.2550
75       75   (0)      1  : 0.2584 0.1699 0.3143 0.2574
76       76   (0)      1  : 0.0835 0.0760 0.7505 0.0900
77       77   (1)      1  : 0.0290 0.9210 0.0225 0.0275
78       78   (0)      1  : 0.2426 0.0600 0.1256 0.5718
79       79   (2)      1  : 0.2295 0.0880 0.2435 0.4390
80       80   (1)      1  : 0.1025 0.7181 0.1079 0.0715
81       81   (2)      1  : 0.1910 0.4830 0.1220 0.2040
82       82   (1)      1  : 0.1250 0.0290 0.7310 0.1150
83       83   (0)      1  : 0.1798 0.0714 0.5065 0.2423
84       84   (0)      1  : 0.2819 0.2119 0.1059 0.4003
85       85   (5)      1  : 0.3315 0.0525 0.2995 0.3165
86       86   (0)      1  : 0.4392 0.1651 0.0415 0.3542
87       87   (1)      1  : 0.2352 0.0616 0.5345 0.1687
88       88   (0)      2  : 0.0485 0.8405 0.0370 0.0740
89       89   (0)      2  : 0.2915 0.1185 0.1525 0.4375
90       90   (0)      2  : 0.0330 0.9046 0.0250 0.0375
91       91   (1)      2  : 0.2945 0.0220 0.4020 0.2815
92       92   (0)      2  : 0.0970 0.0825 0.7104 0.1101
93       93   (0)      2  : 0.0846 0.0245 0.8278 0.0631
94       94   (0)      2  : 0.3618 0.1869 0.0640 0.3873
95       95   (0)      2  : 0.2365 0.1760 0.0640 0.5235
96       96   (0)      2  : 0.5045 0.1045 0.0925 0.2985
97       97   (0)      2  : 0.0415 0.1923 0.7108 0.0554
98       98   (0)      2  : 0.3966 0.0490 0.1873 0.3671
99       99   (0)      2  : 0.1419 0.1129 0.5827 0.1624
100      100   (1)      2  : 0.3820 0.0715 0.1470 0.3995
101      101   (0)      2  : 0.1240 0.5445 0.2165 0.1150
102      102   (0)      2  : 0.4259 0.1201 0.1061 0.3478
103      103   (0)      2  : 0.2276 0.2031 0.2766 0.2927
104      104   (0)      2  : 0.1236 0.0505 0.5978 0.2281
105      105   (0)      2  : 0.1645 0.1900 0.5585 0.0870
106      106   (0)      2  : 0.0235 0.9165 0.0380 0.0220
107      107   (1)      2  : 0.4467 0.1496 0.1901 0.2136
108      108   (0)      2  : 0.3164 0.0960 0.3558 0.2319
109      109   (0)      2  : 0.4910 0.2185 0.0450 0.2455
110      110   (0)      2  : 0.0780 0.3207 0.4977 0.1036
111      111   (1)      2  : 0.1030 0.1260 0.6360 0.1350
112      112   (2)      2  : 0.3915 0.1555 0.0845 0.3685
113      113   (0)      2  : 0.1225 0.6630 0.0795 0.1350
114      114   (3)      2  : 0.2260 0.0650 0.1570 0.5520
115      115   (1)      2  : 0.1841 0.0895 0.5343 0.1921
116      116   (0)      2  : 0.3029 0.1414 0.1414 0.4143
117      117   (0)      2  : 0.3565 0.2080 0.1035 0.3320
118      118   (0)      2  : 0.2379 0.0440 0.2389 0.4793
119      119   (2)      2  : 0.4897 0.0700 0.0945 0.3457
120      120   (0)      2  : 0.0690 0.0250 0.8331 0.0730
121      121   (0)      2  : 0.3595 0.0645 0.0700 0.5060
122      122   (0)      2  : 0.3098 0.0925 0.2509 0.3468
123      123   (0)      2  : 0.4157 0.0335 0.2431 0.3077
124      124   (0)      2  : 0.3710 0.1740 0.0895 0.3655
125      125   (0)      2  : 0.0855 0.1460 0.4735 0.2950
126      126   (1)      2  : 0.1330 0.7080 0.0645 0.0945
127      127   (0)      2  : 0.5205 0.0605 0.0865 0.3325
128      128   (1)      2  : 0.1320 0.0675 0.7050 0.0955
129      129   (0)      2  : 0.1094 0.3643 0.2819 0.2444
130      130   (2)      2  : 0.3762 0.0790 0.0465 0.4983
131      131   (0)      2  : 0.2490 0.1210 0.3500 0.2800
132      132   (1)      2  : 0.2035 0.0625 0.6010 0.1330
133      133   (0)      2  : 0.3450 0.0395 0.1755 0.4400
134      134   (0)      2  : 0.2672 0.1201 0.1886 0.4242
135      135   (1)      2  : 0.0465 0.0350 0.8759 0.0425
136      136   (3)      2  : 0.3495 0.0615 0.2100 0.3790
137      137   (0)      2  : 0.4235 0.2395 0.0755 0.2615
138      138   (0)      2  : 0.1241 0.7294 0.0420 0.1046
139      139   (2)      2  : 0.2360 0.0385 0.1325 0.5930
140      140   (2)      2  : 0.3015 0.1360 0.1230 0.4395
141      141   (0)      2  : 0.1980 0.3535 0.2000 0.2485
142      142   (0)      2  : 0.2075 0.3445 0.2535 0.1945
143      143   (0)      2  : 0.0865 0.0720 0.7545 0.0870
144      144   (0)      2  : 0.2375 0.0290 0.1170 0.6165
145      145   (0)      2  : 0.5820 0.0495 0.0620 0.3065
146      146   (1)      2  : 0.0830 0.1016 0.6728 0.1426
147      147   (0)      2  : 0.4778 0.0900 0.1904 0.2419
148      148   (0)      2  : 0.4527 0.0305 0.2006 0.3162
149      149   (1)      2  : 0.1435 0.0965 0.5590 0.2010
150      150   (1)      2  : 0.1810 0.0805 0.5760 0.1625
151      151   (0)      2  : 0.1625 0.1460 0.2160 0.4755
152      152   (0)      2  : 0.5918 0.0690 0.1631 0.1761
153      153   (0)      2  : 0.0450 0.0485 0.8570 0.0495
154      154   (1)      2  : 0.3615 0.0890 0.0715 0.4780
155      155   (0)      2  : 0.2126 0.1241 0.3477 0.3156
156      156   (1)      2  : 0.2980 0.1505 0.2650 0.2865
157      157   (0)      2  : 0.3115 0.1050 0.3290 0.2545
158      158   (0)      2  : 0.3645 0.0290 0.2990 0.3075
159      159   (0)      2  : 0.5530 0.0575 0.0555 0.3340
160      160   (0)      2  : 0.2853 0.0845 0.3653 0.2649
161      161   (0)      2  : 0.2565 0.0360 0.4270 0.2805
162      162   (0)      2  : 0.4802 0.0810 0.1886 0.2501
163      163   (0)      2  : 0.1490 0.0555 0.6385 0.1570
164      164   (0)      2  : 0.4523 0.0445 0.1189 0.3843
165      165   (0)      2  : 0.4415 0.0330 0.2285 0.2970
166      166   (0)      2  : 0.3348 0.0730 0.1099 0.4823
167      167   (1)      2  : 0.1700 0.1195 0.4925 0.2180
168      168   (0)      2  : 0.3353 0.0965 0.1589 0.4093
169      169   (0)      2  : 0.0320 0.9210 0.0175 0.0295
170      170   (0)      2  : 0.1095 0.0775 0.7301 0.0830
171      171   (0)      2  : 0.4905 0.0405 0.1165 0.3525
172      172   (0)      2  : 0.1034 0.3498 0.4153 0.1314
173      173   (0)      2  : 0.0480 0.8735 0.0410 0.0375
174      174   (0)      2  : 0.3493 0.0515 0.2259 0.3733
175      175   (0)      2  : 0.4710 0.0495 0.1200 0.3595
176      176   (0)      2  : 0.1145 0.1145 0.6315 0.1395
177      177   (0)      2  : 0.0730 0.0200 0.8410 0.0660
178      178   (0)      2  : 0.6709 0.0670 0.0330 0.2291
179      179   (0)      2  : 0.2074 0.0305 0.5387 0.2234
180      180   (0)      2  : 0.0415 0.8535 0.0570 0.0480
181      181   (0)      2  : 0.3767 0.0695 0.1091 0.4447
182      182   (0)      2  : 0.2249 0.1849 0.1439 0.4463
183      183   (0)      2  : 0.3861 0.0485 0.1184 0.4471
184      184   (0)      2  : 0.0954 0.6382 0.1449 0.1214
185      185   (1)      2  : 0.2040 0.0185 0.2240 0.5535
186      186   (0)      2  : 0.1060 0.1200 0.6420 0.1320
187      187   (0)      2  : 0.5589 0.0355 0.0879 0.3177
188      188   (0)      2  : 0.4025 0.0570 0.2215 0.3190
189      189   (0)      2  : 0.1450 0.2275 0.3920 0.2355
190      190   (0)      2  : 0.0915 0.0480 0.7515 0.1090
191      191   (0)      2  : 0.2295 0.0480 0.5850 0.1375
192      192   (0)      2  : 0.5615 0.0530 0.0480 0.3375
193      193   (1)      2  : 0.3973 0.1604 0.1734 0.2689
194      194   (0)      2  : 0.5465 0.0310 0.0835 0.3390
195      195   (0)      2  : 0.0900 0.7999 0.0325 0.0775
196      196   (0)      2  : 0.4140 0.0525 0.0510 0.4825
197      197   (0)      2  : 0.1646 0.0825 0.4437 0.3092
198      198   (0)      2  : 0.0905 0.7501 0.0775 0.0820
199      199   (0)      2  : 0.2610 0.0380 0.1445 0.5565
200      200   (0)      2  : 0.0996 0.1076 0.6878 0.1050
201      201   (0)      2  : 0.4728 0.0410 0.1159 0.3703
202      202   (0)      2  : 0.0715 0.0195 0.8521 0.0570
203      203   (0)      2  : 0.3750 0.0645 0.2055 0.3550
204      204   (0)      2  : 0.3209 0.0655 0.2359 0.3778
205      205   (0)      2  : 0.3990 0.1660 0.1425 0.2925
206      206   (0)      2  : 0.0545 0.8419 0.0525 0.0510
207      207   (0)      2  : 0.3045 0.3195 0.1385 0.2375
208      208   (0)      2  : 0.5541 0.0495 0.0776 0.3188
209      209   (0)      2  : 0.0785 0.5252 0.2559 0.1404
210      210   (0)      2  : 0.0535 0.8709 0.0260 0.0495
211      211   (0)      2  : 0.2545 0.2165 0.2175 0.3115
212      212   (1)      2  : 0.1371 0.2101 0.5138 0.1391
213      213   (1)      2  : 0.2950 0.0545 0.1460 0.5045
214      214   (0)      2  : 0.6568 0.0585 0.0745 0.2101
215      215   (0)      2  : 0.3556 0.0435 0.1049 0.4960
216      216   (0)      2  : 0.0855 0.7876 0.0420 0.0850
217      217   (0)      2  : 0.2339 0.4363 0.1149 0.2149
218      218   (0)      2  : 0.2701 0.0495 0.5483 0.1321
219      219   (0)      2  : 0.3683 0.1279 0.0575 0.4462
220      220   (0)      2  : 0.4730 0.0190 0.2510 0.2570
221      221   (0)      2  : 0.3685 0.2840 0.1145 0.2330
222      222   (0)      2  : 0.1939 0.0565 0.4063 0.3433
223      223   (0)      2  : 0.4895 0.0726 0.1607 0.2773
224      224   (0)      2  : 0.5617 0.0420 0.0845 0.3119
225      225   (0)      2  : 0.0320 0.9135 0.0245 0.0300
226      226   (0)      2  : 0.2680 0.2640 0.0600 0.4080
227      227   (1)      2  : 0.0340 0.8856 0.0455 0.0350
228      228   (0)      2  : 0.4047 0.0535 0.0555 0.4863
229      229   (1)      2  : 0.3975 0.0475 0.2685 0.2865
230      230   (0)      2  : 0.3338 0.2434 0.2319 0.1909
231      231   (0)      2  : 0.4327 0.1266 0.0810 0.3597
232      232   (1)      2  : 0.2839 0.0740 0.2404 0.4018
233      233   (0)      2  : 0.3865 0.2055 0.1630 0.2450
234      234   (0)      2  : 0.0365 0.8985 0.0405 0.0245
235      235   (0)      2  : 0.1060 0.6580 0.1420 0.0940
236      236   (1)      2  : 0.4753 0.0420 0.2529 0.2299
237      237   (0)      2  : 0.3812 0.0835 0.1971 0.3382
238      238   (0)      2  : 0.5708 0.1191 0.0755 0.2346
239      239   (0)      2  : 0.2314 0.1239 0.1229 0.5217
240      240   (0)      2  : 0.3740 0.0765 0.1790 0.3705
241      241   (0)      2  : 0.1195 0.1296 0.4998 0.2511
242      242   (0)      2  : 0.3055 0.0345 0.2130 0.4470
243      243   (0)      2  : 0.2144 0.0745 0.4433 0.2679
244      244   (0)      2  : 0.2475 0.0960 0.4920 0.1645
245      245   (0)      2  : 0.0280 0.9160 0.0265 0.0295
246      246   (0)      2  : 0.1325 0.2290 0.5215 0.1170
247      247   (0)      2  : 0.1259 0.6042 0.1659 0.1039
248      248   (0)      2  : 0.1114 0.5822 0.1234 0.1829
249      249   (0)      2  : 0.5760 0.0970 0.0720 0.2550
250      250   (0)      2  : 0.3570 0.1260 0.1720 0.3450
251      251   (0)      2  : 0.3815 0.0680 0.1240 0.4265
252      252   (0)      2  : 0.0825 0.0455 0.8100 0.0620
253      253   (0)      2  : 0.2559 0.1319 0.1289 0.4833
254      254   (0)      2  : 0.1976 0.0940 0.5343 0.1741
255      255   (0)      2  : 0.1640 0.0495 0.6305 0.1560
256      256   (0)      2  : 0.1520 0.3545 0.3770 0.1165
257      257   (0)      2  : 0.4712 0.1161 0.1051 0.3077
258      258   (0)      1  : 0.2191 0.2286 0.2131 0.3392
259      259   (1)      1  : 0.2156 0.4447 0.1166 0.2231
260      260   (0)      1  : 0.4700 0.0370 0.0895 0.4035
261      261   (0)      1  : 0.3568 0.0785 0.0820 0.4827
262      262   (0)      1  : 0.2358 0.1469 0.1758 0.4416
263      263   (0)      1  : 0.2030 0.0760 0.5560 0.1650
264      264   (0)      1  : 0.3503 0.0845 0.1529 0.4123
265      265   (0)      1  : 0.4083 0.0640 0.2889 0.2389
266      266   (0)      1  : 0.5230 0.0345 0.0855 0.3570
267      267   (0)      1  : 0.2830 0.1880 0.1360 0.3930
268      268   (1)      1  : 0.1466 0.2251 0.4818 0.1466
269      269   (1)      1  : 0.2930 0.1990 0.0875 0.4205
270      270   (0)      1  : 0.2861 0.0490 0.5183 0.1466
271      271   (0)      1  : 0.2728 0.3483 0.1046 0.2743
272      272   (0)      1  : 0.2900 0.2125 0.0610 0.4365
273      273   (0)      1  : 0.2571 0.0620 0.2616 0.4192
274      274   (0)      1  : 0.0670 0.7879 0.0585 0.0865
275      275   (0)      1  : 0.2054 0.1399 0.3853 0.2694
276      276   (0)      1  : 0.2729 0.0984 0.1534 0.4753
277      277   (0)      1  : 0.2998 0.1174 0.0635 0.5192
278      278   (0)      1  : 0.3820 0.3665 0.0740 0.1775
279      279   (0)      1  : 0.3205 0.2600 0.0715 0.3480
280      280   (0)      1  : 0.2575 0.1645 0.3660 0.2120
281      281   (0)      1  : 0.3698 0.0730 0.1449 0.4123
282      282   (0)      1  : 0.2060 0.2345 0.2095 0.3500
283      283   (0)      1  : 0.3892 0.0630 0.0985 0.4492
284      284   (0)      1  : 0.3628 0.0395 0.2269 0.3708
285      285   (0)      1  : 0.2340 0.0720 0.3745 0.3195
286      286   (0)      1  : 0.3090 0.0415 0.2870 0.3625
287      287   (0)      1  : 0.0160 0.9520 0.0145 0.0175
288      288   (0)      1  : 0.0966 0.7738 0.0546 0.0751
289      289   (0)      1  : 0.3652 0.1846 0.1035 0.3467
290      290   (1)      1  : 0.0220 0.9295 0.0235 0.0250
291      291   (0)      1  : 0.1804 0.4503 0.1904 0.1789
292      292   (1)      1  : 0.2750 0.2335 0.1005 0.3910
293      293   (0)      1  : 0.1185 0.0410 0.7150 0.1255
294      294   (0)      1  : 0.3347 0.4056 0.0809 0.1788
295      295   (0)      1  : 0.3262 0.0450 0.2256 0.4032
296      296   (0)      1  : 0.2825 0.0615 0.1790 0.4770
297      297   (0)      1  : 0.0926 0.7724 0.0425 0.0925
298      298   (0)      1  : 0.5972 0.0405 0.0815 0.2808
299      299   (0)      1  : 0.2219 0.3023 0.3428 0.1329
300      300   (0)      1  : 0.5065 0.0480 0.1630 0.2825
301      301   (0)      1  : 0.0435 0.8905 0.0255 0.0405
302      302   (0)      1  : 0.2211 0.5213 0.0805 0.1771
303      303   (0)      1  : 0.2796 0.1531 0.0895 0.4778
304      304   (0)      1  : 0.4137 0.1836 0.1196 0.2831
305      305   (0)      1  : 0.5360 0.0520 0.1205 0.2915
306      306   (0)      1  : 0.1341 0.6993 0.0300 0.1366
307      307   (1)      1  : 0.3985 0.0385 0.3390 0.2240
308      308   (0)      1  : 0.4351 0.1344 0.0884 0.3422
309      309   (1)      1  : 0.0430 0.8760 0.0375 0.0435
310      310   (0)      1  : 0.1895 0.4235 0.1180 0.2690
311      311   (0)      1  : 0.1341 0.4973 0.0750 0.2936
312      312   (0)      1  : 0.2159 0.0545 0.5692 0.1604
313      313   (0)      1  : 0.4795 0.0325 0.1545 0.3335
314      314   (0)      1  : 0.1245 0.0635 0.6565 0.1555
315      315   (0)      1  : 0.3843 0.1005 0.1509 0.3643
316      316   (0)      1  : 0.5077 0.0495 0.1206 0.3222
317      317   (0)      1  : 0.1314 0.0635 0.5777 0.2274
318      318   (0)      1  : 0.1569 0.0375 0.5267 0.2789
319      319   (1)      1  : 0.3825 0.0275 0.1725 0.4175
320      320   (0)      1  : 0.6710 0.0180 0.0955 0.2155
321      321   (0)      1  : 0.5203 0.0480 0.1081 0.3237
322      322   (0)      1  : 0.1200 0.5120 0.1080 0.2600
323      323   (0)      1  : 0.4460 0.0435 0.0495 0.4610
324      324   (0)      1  : 0.3625 0.0455 0.1615 0.4305
325      325   (0)      1  : 0.2126 0.4157 0.0790 0.2927
326      326   (0)      1  : 0.5525 0.0745 0.0790 0.2940
327      327   (0)      1  : 0.4617 0.0540 0.1916 0.2927
328      328   (1)      1  : 0.4107 0.0455 0.2316 0.3121
329      329   (0)      1  : 0.2581 0.1151 0.4517 0.1751
330      330   (0)      1  : 0.3091 0.1045 0.2807 0.3057
331      331   (0)      1  : 0.3055 0.3480 0.1905 0.1560
332      332   (0)      1  : 0.1651 0.2721 0.2897 0.2731
333      333   (0)      1  : 0.1960 0.3390 0.3140 0.1510
334      334   (0)      1  : 0.1079 0.0340 0.6647 0.1934
335      335   (0)      1  : 0.2825 0.0655 0.2850 0.3670
336      336   (0)      1  : 0.3136 0.1841 0.1661 0.3362
337      337   (0)      1  : 0.2069 0.4992 0.1069 0.1869
338      338   (0)      1  : 0.1735 0.1965 0.3595 0.2705
339      339   (0)      1  : 0.3617 0.1391 0.1511 0.3482
340      340   (0)      1  : 0.0805 0.0695 0.7610 0.0890
341      341   (0)      1  : 0.0890 0.1065 0.6800 0.1245
342      342   (0)      1  : 0.2329 0.2294 0.3218 0.2159
343      343   (0)      1  : 0.2006 0.0865 0.4212 0.2916
344      344   (0)      1  : 0.1630 0.2100 0.3730 0.2540
345      345   (1)      1  : 0.3680 0.1945 0.0645 0.3730
346      346   (0)      1  : 0.3398 0.2659 0.2029 0.1914
347      347   (0)      1  : 0.2420 0.3025 0.1305 0.3250
348      348   (0)      1  : 0.1254 0.2363 0.5405 0.0979
349      349   (0)      1  : 0.1820 0.0810 0.4450 0.2920
350      350   (0)      1  : 0.5073 0.1076 0.1011 0.2841
351      351   (0)      1  : 0.2041 0.1686 0.3342 0.2931
352      352   (0)      1  : 0.3740 0.0780 0.1520 0.3960
353      353   (0)      1  : 0.4230 0.0480 0.2055 0.3235
354      354   (0)      1  : 0.1145 0.3170 0.4140 0.1545
355      355   (0)      1  : 0.1926 0.0961 0.4577 0.2537
356      356   (0)      1  : 0.3375 0.0645 0.2120 0.3860
357      357   (0)      1  : 0.5502 0.1339 0.0820 0.2339
358      358   (0)      1  : 0.4542 0.0620 0.1291 0.3547
359      359   (0)      1  : 0.4175 0.2555 0.0320 0.2950
360      360   (0)      1  : 0.2770 0.2700 0.2055 0.2475
361      361   (0)      1  : 0.6085 0.0585 0.0690 0.2640
362      362   (0)      1  : 0.4545 0.0640 0.0750 0.4065
363      363   (0)      1  : 0.1903 0.1818 0.3906 0.2373
364      364   (1)      1  : 0.2220 0.0560 0.5040 0.2180
365      365   (0)      1  : 0.4092 0.0295 0.1106 0.4507
366      366   (0)      1  : 0.2855 0.0475 0.3790 0.2880
367      367   (0)      1  : 0.2950 0.1480 0.1280 0.4290
368      368   (1)      1  : 0.3063 0.1196 0.0661 0.5080
369      369   (0)      1  : 0.1578 0.3756 0.2792 0.1873
370      370   (0)      1  : 0.0720 0.7355 0.0945 0.0980
371      371   (0)      1  : 0.0745 0.8156 0.0495 0.0605
372      372   (2)      1  : 0.0335 0.9019 0.0280 0.0365
373      373   (0)      1  : 0.2555 0.4765 0.0610 0.2070
374      374   (0)      1  : 0.2916 0.0380 0.2801 0.3902
375      375   (0)      1  : 0.4765 0.1155 0.1110 0.2970
376      376   (0)      1  : 0.1454 0.5622 0.1089 0.1834
377      377   (0)      1  : 0.2561 0.0370 0.4462 0.2606
378      378   (0)      1  : 0.2761 0.0375 0.2831 0.4032
379      379   (0)      1  : 0.1845 0.4875 0.1700 0.1580
380      380   (1)      1  : 0.4780 0.0325 0.1110 0.3785
381      381   (0)      1  : 0.3360 0.1470 0.0700 0.4470
382      382   (0)      1  : 0.0600 0.8631 0.0280 0.0490
383      383   (0)      1  : 0.4450 0.2115 0.0480 0.2955
384      384   (0)      1  : 0.1540 0.3845 0.2095 0.2520
385      385   (0)      1  : 0.3608 0.3029 0.0470 0.2893
386      386   (0)      1  : 0.3440 0.1740 0.1410 0.3410
387      387   (0)      1  : 0.3705 0.3815 0.0585 0.1895
388      388   (0)      1  : 0.1305 0.3225 0.3470 0.2000
389      389   (0)      1  : 0.6794 0.0455 0.0650 0.2101
390      390   (0)      1  : 0.3963 0.0350 0.1804 0.3883
391      391   (0)      1  : 0.1570 0.4590 0.2515 0.1325
392      392   (0)      1  : 0.1840 0.3450 0.2300 0.2410
393      393   (0)      1  : 0.4045 0.0945 0.2920 0.2090
394      394   (1)      1  : 0.3973 0.1114 0.0810 0.4103
395      395   (0)      1  : 0.1984 0.0945 0.3143 0.3928
396      396   (0)      1  : 0.5365 0.0630 0.1150 0.2855
397      397   (0)      1  : 0.2726 0.3437 0.0790 0.3047
398      398   (0)      1  : 0.0800 0.7156 0.1289 0.0755
399      399   (0)      1  : 0.2231 0.2616 0.1616 0.3537
400      400   (0)      1  : 0.2414 0.1624 0.1639 0.4323
401      401   (1)      1  : 0.0325 0.8659 0.0525 0.0490
402      402   (0)      1  : 0.1940 0.0400 0.6045 0.1615
403      403   (0)      1  : 0.2189 0.1954 0.3463 0.2394
404      404   (0)      1  : 0.2630 0.0425 0.4185 0.2760
405      405   (0)      1  : 0.3975 0.3605 0.0515 0.1905
406      406   (0)      1  : 0.2690 0.1140 0.3460 0.2710
407      407   (0)      1  : 0.4540 0.0745 0.0555 0.4160
408      408   (0)      1  : 0.2491 0.1181 0.3402 0.2926
409      409   (0)      1  : 0.5390 0.0835 0.0505 0.3270
410      410   (0)      1  : 0.0455 0.8880 0.0255 0.0410
411      411   (0)      1  : 0.1485 0.6155 0.0830 0.1530
412      412   (0)      1  : 0.2780 0.1530 0.3915 0.1775
413      413   (0)      1  : 0.5025 0.0665 0.0440 0.3870
414      414   (0)      1  : 0.0935 0.4108 0.2949 0.2009
415      415   (0)      1  : 0.3585 0.0410 0.2405 0.3600
416      416   (0)      1  : 0.3278 0.1069 0.2594 0.3059
417      417   (0)      1  : 0.5435 0.0430 0.1698 0.2438
418      418   (0)      1  : 0.2740 0.2035 0.1155 0.4070
419      419   (0)      1  : 0.2880 0.4400 0.0655 0.2065
420      420   (0)      1  : 0.2313 0.0460 0.3297 0.3931
421      421   (0)      1  : 0.3042 0.1576 0.3327 0.2056
422      422   (0)      1  : 0.0315 0.8840 0.0400 0.0445
423      423   (0)      1  : 0.6347 0.0535 0.0410 0.2709
424      424   (0)      1  : 0.3958 0.0385 0.0855 0.4803
425      425   (0)      1  : 0.0310 0.8431 0.0950 0.0310
426      426   (0)      1  : 0.3780 0.1235 0.1055 0.3930
427      427   (0)      1  : 0.2805 0.2430 0.1200 0.3565
428      428   (0)      1  : 0.0250 0.9190 0.0275 0.0285
429      429   (0)      1  : 0.6142 0.0405 0.1069 0.2384
430      430   (0)      1  : 0.3110 0.1280 0.0480 0.5130
431      431   (0)      1  : 0.1731 0.5313 0.1466 0.1491
432      432   (0)      1  : 0.0435 0.8589 0.0465 0.0510
433      433   (0)      1  : 0.0365 0.8806 0.0445 0.0385
434      434   (0)      1  : 0.4287 0.2651 0.0420 0.2641
435      435   (0)      1  : 0.2560 0.0280 0.1880 0.5280
436      436   (0)      1  : 0.5717 0.0595 0.0400 0.3288
437      437   (0)      1  : 0.1781 0.6468 0.0640 0.1111
438      438   (0)      1  : 0.2016 0.4082 0.1076 0.2826
439      439   (0)      1  : 0.2924 0.0935 0.0870 0.5272
440      440   (0)      1  : 0.0825 0.7735 0.0700 0.0740
441      441   (0)      1  : 0.3073 0.0350 0.1529 0.5048
442      442   (0)      1  : 0.2630 0.0850 0.0995 0.5525
443      443   (0)      1  : 0.1385 0.0270 0.5440 0.2905
444      444   (0)      1  : 0.5530 0.1405 0.0545 0.2520
445      445   (0)      1  : 0.3775 0.1430 0.0695 0.4100
446      446   (0)      2  : 0.1922 0.0801 0.5686 0.1592
447      447   (0)      2  : 0.3947 0.0780 0.1171 0.4102
448      448   (0)      2  : 0.4792 0.0865 0.0530 0.3812
449      449   (0)      2  : 0.1165 0.6940 0.0850 0.1045
450      450   (0)      2  : 0.0849 0.7088 0.1034 0.1029
451      451   (0)      2  : 0.0465 0.8696 0.0355 0.0485
452      452   (0)      2  : 0.1444 0.3043 0.2689 0.2824
453      453   (0)      2  : 0.1629 0.0420 0.6517 0.1434
454      454   (0)      2  : 0.0465 0.8609 0.0380 0.0545
455      455   (0)      2  : 0.4235 0.0530 0.0810 0.4425
456      456   (0)      2  : 0.0500 0.8630 0.0265 0.0605
457      457   (0)      2  : 0.2999 0.0715 0.0695 0.5592
458      458   (0)      2  : 0.1604 0.1909 0.4868 0.1619
459      459   (0)      2  : 0.2270 0.0295 0.4030 0.3405
460      460   (2)      2  : 0.1565 0.4635 0.1205 0.2595
461      461   (1)      2  : 0.1836 0.3567 0.2796 0.1801
462      462   (3)      2  : 0.1491 0.4479 0.1587 0.2442
463      463   (1)      2  : 0.1171 0.7038 0.0915 0.0875
464      464   (3)      2  : 0.6060 0.0395 0.0545 0.3000
465      465   (3)      2  : 0.4390 0.0760 0.0785 0.4065
466      466   (0)      2  : 0.2451 0.2361 0.1201 0.3987
467      467   (1)      2  : 0.4145 0.0650 0.1180 0.4025
468      468   (0)      2  : 0.6160 0.0695 0.0570 0.2575
469      469   (0)      2  : 0.0830 0.7706 0.0510 0.0955
470      470   (3)      2  : 0.2081 0.5678 0.1136 0.1105
471      471   (1)      2  : 0.2074 0.3458 0.1884 0.2584
472      472   (1)      2  : 0.2071 0.1181 0.1001 0.5748
473      473   (2)      2  : 0.3532 0.0445 0.1166 0.4857
474      474   (0)      2  : 0.1905 0.0515 0.5945 0.1635
475      475   (1)      2  : 0.0505 0.6925 0.2040 0.0530
476      476   (2)      2  : 0.1926 0.0310 0.4282 0.3482
477      477   (3)      2  : 0.2284 0.1394 0.1134 0.5187
478      478   (0)      2  : 0.1716 0.0715 0.4877 0.2691
479      479   (0)      2  : 0.5005 0.0350 0.0950 0.3695
480      480   (0)      2  : 0.2960 0.1955 0.1085 0.4000
481      481   (2)      2  : 0.1515 0.2940 0.2790 0.2755
482      482   (3)      2  : 0.5275 0.0295 0.1170 0.3260
483      483   (3)      2  : 0.4453 0.0675 0.0530 0.4343
484      484   (3)      2  : 0.3437 0.0785 0.2626 0.3152
485      485   (2)      2  : 0.1470 0.6715 0.0625 0.1190
486      486   (2)      2  : 0.2370 0.4720 0.0805 0.2105
487      487   (1)      2  : 0.1759 0.1514 0.4563 0.2164
488      488   (3)      2  : 0.3828 0.0930 0.1779 0.3463
489      489   (0)      2  : 0.2410 0.0505 0.2310 0.4775
490      490   (2)      2  : 0.2968 0.1211 0.1777 0.4044
491      491   (4)      2  : 0.1139 0.1554 0.5932 0.1374
492      492   (4)      2  : 0.0855 0.0315 0.7904 0.0925
493      493   (3)      2  : 0.4532 0.1571 0.0820 0.3076
494      494   (3)      2  : 0.0485 0.8745 0.0330 0.0440
495      495   (3)      2  : 0.1236 0.2001 0.5328 0.1436
496      496   (0)      2  : 0.2399 0.1084 0.3568 0.2949
497      497   (5)      2  : 0.2551 0.1356 0.2691 0.3402
498      498   (3)      2  : 0.1674 0.2659 0.2264 0.3403
499      499   (1)      2  : 0.2590 0.0705 0.2480 0.4225
500      500   (1)      2  : 0.3447 0.0390 0.1721 0.4442
501      501   (3)      2  : 0.1465 0.5005 0.1190 0.2340
502      502   (1)      2  : 0.4510 0.2635 0.0550 0.2305
503      503   (4)      2  : 0.4552 0.0745 0.0470 0.4232
504      504   (1)      2  : 0.3035 0.3675 0.0500 0.2790
505      505   (0)      2  : 0.1900 0.2995 0.3510 0.1595
506      506   (6)      2  : 0.1951 0.0905 0.4077 0.3067
507      507   (0)      2  : 0.2605 0.1955 0.1185 0.4255
508      508   (0)      2  : 0.4645 0.1124 0.1054 0.3177
509      509   (2)      2  : 0.0400 0.8759 0.0501 0.0340
510      510   (1)      2  : 0.4187 0.0485 0.2101 0.3227
511      511   (3)      2  : 0.0775 0.1785 0.6655 0.0785
512      512   (2)      2  : 0.1251 0.7658 0.0320 0.0771
513      513   (7)      2  : 0.1189 0.2364 0.5217 0.1229
514      514   (3)      2  : 0.1070 0.5925 0.2165 0.0840
515      515   (0)      2  : 0.3642 0.0975 0.1681 0.3702
516      516   (2)      2  : 0.3075 0.2620 0.1700 0.2605
517      517   (2)      2  : 0.1309 0.2964 0.3159 0.2569
518      518   (0)      2  : 0.5077 0.0630 0.1274 0.3019
519      519   (7)      2  : 0.0919 0.0764 0.7273 0.1044
520      520   (4)      2  : 0.1060 0.2450 0.4720 0.1770
521      521   (1)      2  : 0.1710 0.2325 0.3695 0.2270
522      522   (1)      2  : 0.3190 0.1630 0.0760 0.4420
523      523   (3)      2  : 0.5662 0.0670 0.1359 0.2309
524      524   (1)      2  : 0.5240 0.0540 0.0645 0.3575
525      525   (2)      2  : 0.2269 0.2084 0.3803 0.1844
526      526   (1)      2  : 0.2694 0.1194 0.3968 0.2144
527      527   (0)      2  : 0.3099 0.0590 0.3763 0.2549
528      528   (0)      2  : 0.5743 0.0565 0.1081 0.2611
529      529   (1)      2  : 0.3337 0.0465 0.1291 0.4908
530      530   (0)      2  : 0.5640 0.0395 0.0450 0.3515
531      531   (0)      2  : 0.5803 0.0575 0.0470 0.3152
532      532   (1)      2  : 0.3483 0.0345 0.0935 0.5238
533      533   (2)      2  : 0.3567 0.0290 0.3002 0.3142
534      534   (2)      2  : 0.3530 0.0920 0.1170 0.4380
535      535   (0)      2  : 0.1700 0.0740 0.4190 0.3370
536      536   (0)      2  : 0.0956 0.0415 0.7704 0.0925
537      537   (0)      2  : 0.2080 0.0435 0.4955 0.2530
538      538   (0)      2  : 0.4785 0.0625 0.0565 0.4025
539      539   (1)      2  : 0.5335 0.0805 0.1095 0.2765
540      540   (6)      2  : 0.2512 0.0795 0.2076 0.4617
541      541   (1)      2  : 0.4282 0.0755 0.1911 0.3052
542      542   (1)      2  : 0.3337 0.2126 0.1826 0.2711
543      543   (0)      2  : 0.3650 0.2750 0.1055 0.2545
544      544   (2)      2  : 0.3483 0.0660 0.2684 0.3173
545      545   (1)      2  : 0.1925 0.6065 0.0365 0.1645
546      546   (6)      2  : 0.4748 0.0235 0.0775 0.4242
547      547   (0)      2  : 0.3715 0.1605 0.0410 0.4270
548      548   (1)      2  : 0.2080 0.2060 0.2590 0.3270
549      549   (0)      2  : 0.3993 0.0570 0.0790 0.4647
550      550   (1)      2  : 0.0655 0.7804 0.0785 0.0755
551      551   (1)      2  : 0.1246 0.0845 0.6223 0.1686
552      552   (2)      2  : 0.2516 0.1341 0.0940 0.5203
553      553   (7)      2  : 0.4343 0.0989 0.1799 0.2869
554      554   (2)      2  : 0.4295 0.0540 0.1740 0.3425
555      555   (3)      2  : 0.2524 0.0510 0.3143 0.3823
556      556   (0)      2  : 0.0755 0.0930 0.7521 0.0795
557      557   (1)      2  : 0.1406 0.5698 0.1081 0.1816
558      558   (0)      2  : 0.0620 0.1789 0.6792 0.0800
559      559   (0)      2  : 0.2902 0.0380 0.0754 0.5964
560      560   (5)      2  : 0.2765 0.1475 0.3080 0.2680
561      561   (0)      2  : 0.5695 0.0385 0.0510 0.3410
562      562   (6)      2  : 0.2890 0.0705 0.4355 0.2050
563      563   (2)      2  : 0.2840 0.1015 0.2865 0.3280
564      564   (3)      2  : 0.1335 0.3090 0.4245 0.1330
565      565   (3)      2  : 0.3375 0.1370 0.2070 0.3185
566      566   (1)      2  : 0.3229 0.0930 0.0910 0.4932
567      567   (0)      2  : 0.4255 0.0375 0.0955 0.4415
568      568   (3)      2  : 0.2468 0.1494 0.3786 0.2253
569      569   (2)      2  : 0.3193 0.0725 0.1584 0.4498
570      570   (0)      2  : 0.3430 0.0960 0.0610 0.5000
571      571   (1)      2  : 0.3965 0.0320 0.0425 0.5290
572      572   (4)      2  : 0.2163 0.0744 0.5155 0.1938
573      573   (3)      2  : 0.1201 0.4777 0.1851 0.2171
574      574   (5)      2  : 0.2716 0.2571 0.1876 0.2837
575      575   (3)      2  : 0.2141 0.0405 0.5133 0.2321
576      576   (0)      2  : 0.3957 0.0910 0.2601 0.2531
577      577   (0)      2  : 0.0580 0.8586 0.0295 0.0540
578      578   (1)      2  : 0.3918 0.0500 0.0610 0.4972
579      579   (0)      2  : 0.0530 0.7816 0.0944 0.0710
580      580   (0)      2  : 0.3380 0.0235 0.3420 0.2965
581      581   (3)      2  : 0.4195 0.0865 0.1210 0.3730
582      582   (6)      2  : 0.3802 0.0425 0.2967 0.2806
583      583   (3)      2  : 0.2460 0.0510 0.4970 0.2060
584      584   (3)      2  : 0.3200 0.0970 0.2840 0.2990
585      585   (1)      2  : 0.1835 0.0935 0.1175 0.6055
586      586   (1)      2  : 0.5445 0.0255 0.1385 0.2915
587      587   (0)      2  : 0.0355 0.9115 0.0230 0.0300
588      588   (0)      2  : 0.0825 0.2485 0.5045 0.1645
589      589   (1)      2  : 0.2880 0.1035 0.2565 0.3520
590      590   (2)      2  : 0.6745 0.0160 0.0420 0.2675
591      591   (0)      2  : 0.3925 0.0775 0.1855 0.3445
592      592   (3)      2  : 0.4982 0.0865 0.1064 0.3089
593      593   (0)      2  : 0.1414 0.1564 0.3838 0.3183
594      594   (1)      2  : 0.2902 0.0580 0.1426 0.5093
595      595   (0)      2  : 0.1525 0.1150 0.5380 0.1945
596      596   (1)      2  : 0.3860 0.1305 0.1735 0.3100
597      597   (0)      2  : 0.2820 0.0970 0.2770 0.3440
598      598   (1)      2  : 0.3610 0.0975 0.0915 0.4500
599      599   (0)      2  : 0.5158 0.0860 0.1020 0.2961
600      600   (0)      2  : 0.1781 0.0595 0.5208 0.2416
601      601   (0)      2  : 0.4070 0.0470 0.2800 0.2660
602      602   (0)      2  : 0.4877 0.1136 0.0780 0.3207
603      603   (0)      2  : 0.1842 0.0465 0.4945 0.2748
604      604   (0)      2  : 0.3665 0.0655 0.2595 0.3085
605      605   (0)      2  : 0.0785 0.0340 0.7250 0.1625
606      606   (0)      2  : 0.2400 0.0915 0.3905 0.2780
607      607   (0)      2  : 0.3215 0.0720 0.0855 0.5210
608      608   (0)      2  : 0.6558 0.0415 0.0510 0.2516
609      609   (0)      2  : 0.1461 0.0695 0.6894 0.0950
610      610   (4)      2  : 0.0400 0.8076 0.1010 0.0515
611      611   (0)      2  : 0.1235 0.3200 0.2930 0.2635
612      612   (2)      2  : 0.3475 0.0695 0.1980 0.3850
613      613   (0)      2  : 0.2481 0.1086 0.2617 0.3817
614      614   (0)      2  : 0.3860 0.1725 0.0500 0.3915
615      615   (0)      2  : 0.2623 0.0250 0.2873 0.4254
616      616   (0)      2  : 0.2880 0.1695 0.3065 0.2360
617      617   (0)      2  : 0.3280 0.0640 0.2745 0.3335
618      618   (0)      2  : 0.4197 0.1436 0.0570 0.3797
619      619   (0)      2  : 0.2620 0.0460 0.4440 0.2480
620      620   (0)      2  : 0.1020 0.1920 0.5220 0.1840
621      621   (1)      2  : 0.3152 0.1201 0.3062 0.2586
622      622   (2)      2  : 0.1300 0.0790 0.5765 0.2145
623      623   (1)      2  : 0.4620 0.0979 0.0954 0.3447
624      624   (2)      2  : 0.3944 0.0786 0.1346 0.3924
625      625   (0)      2  : 0.4558 0.1744 0.0720 0.2979
626      626   (6)      2  : 0.2974 0.0565 0.1959 0.4503
627      627   (0)      2  : 0.2050 0.2045 0.3410 0.2495
628      628   (0)      2  : 0.0220 0.9354 0.0205 0.0220
629      629   (1)      2  : 0.1725 0.1785 0.5440 0.1050
630      630   (1)      2  : 0.1466 0.0400 0.6558 0.1576
631      631   (3)      2  : 0.3077 0.0455 0.0900 0.5568
632      632   (0)      2  : 0.0680 0.0370 0.8426 0.0525
633      633   (4)      2  : 0.3455 0.0550 0.1780 0.4215
634      634   (2)      2  : 0.0950 0.3880 0.4140 0.1030
635      635   (0)      2  : 0.2997 0.0275 0.4011 0.2717
636      636   (0)      2  : 0.0980 0.5278 0.1721 0.2021
637      637   (0)      2  : 0.2415 0.1360 0.3215 0.3010
638      638   (0)      2  : 0.3793 0.0620 0.2054 0.3533
639      639   (1)      2  : 0.2596 0.1316 0.1741 0.4347
640      640   (1)      2  : 0.2405 0.4020 0.1030 0.2545
641      641   (0)      2  : 0.0846 0.3458 0.3589 0.2107
642      642   (3)      2  : 0.3835 0.1455 0.1415 0.3295
643      643   (1)      2  : 0.1710 0.0650 0.3365 0.4275
644      644   (7)      2  : 0.4602 0.0280 0.0970 0.4147
645      645   (4)      2  : 0.3177 0.1269 0.1329 0.4226
646      646   (0)      2  : 0.3810 0.0405 0.2815 0.2970
647      647   (1)      2  : 0.6277 0.0445 0.0635 0.2644
648      648   (1)      2  : 0.1824 0.1069 0.4992 0.2114
649      649   (0)      2  : 0.4705 0.0590 0.1615 0.3090
650      650   (1)      2  : 0.5578 0.0240 0.1741 0.2441
651      651   (5)      2  : 0.0355 0.8454 0.0630 0.0560
652      652   (1)      2  : 0.3325 0.1625 0.2780 0.2270
653      653   (3)      2  : 0.1880 0.0965 0.4160 0.2995
654      654   (1)      2  : 0.5017 0.1306 0.0860 0.2816
655      655   (2)      2  : 0.1920 0.3015 0.1340 0.3725
656      656   (0)      2  : 0.4072 0.0400 0.1451 0.4077
657      657   (0)      2  : 0.2618 0.0636 0.3639 0.3108
658      658   (0)      2  : 0.3898 0.0725 0.1859 0.3518
659      659   (5)      2  : 0.2285 0.0190 0.3225 0.4300
660      660   (3)      2  : 0.2551 0.1636 0.1526 0.4287
661      661   (2)      2  : 0.3183 0.0295 0.4538 0.1984
662      662   (1)      2  : 0.1270 0.1085 0.5120 0.2525
663      663   (2)      2  : 0.1896 0.3172 0.2436 0.2496
664      664   (0)      2  : 0.2384 0.0565 0.4713 0.2339
665      665   (0)      2  : 0.1666 0.1156 0.5163 0.2016
666      666   (0)      2  : 0.0760 0.7909 0.0510 0.0820
667      667   (0)      2  : 0.1866 0.3707 0.2571 0.1856
668      668   (2)      2  : 0.3350 0.2820 0.1025 0.2805
669      669   (4)      2  : 0.4019 0.1507 0.0816 0.3659
670      670   (6)      2  : 0.4188 0.0530 0.0355 0.4928
671      671   (3)      2  : 0.0440 0.0345 0.8460 0.0755
672      672   (0)      2  : 0.1329 0.0335 0.6227 0.2109
673      673   (4)      2  : 0.3478 0.0370 0.3908 0.2244
674      674   (0)      2  : 0.2655 0.1320 0.3285 0.2740
675      675   (0)      2  : 0.2036 0.0510 0.3197 0.4257
676      676   (1)      2  : 0.3102 0.0700 0.3272 0.2927
677      677   (3)      2  : 0.2625 0.2905 0.1020 0.3450
678      678   (6)      2  : 0.2240 0.0455 0.5540 0.1765
679      679   (1)      2  : 0.4185 0.2365 0.0450 0.3000
680      680   (1)      2  : 0.1799 0.0675 0.5867 0.1659
681      681   (1)      2  : 0.1381 0.3372 0.2841 0.2406
682      682   (1)      2  : 0.2586 0.4087 0.1836 0.1491
683      683   (0)      2  : 0.2950 0.0950 0.0545 0.5555
684      684   (0)      2  : 0.4210 0.0475 0.1285 0.4030
685      685   (0)      2  : 0.5098 0.0580 0.0685 0.3636
686      686   (0)      2  : 0.4720 0.0335 0.0935 0.4010
687      687   (3)      2  : 0.4753 0.0510 0.1534 0.3203
688      688   (1)      2  : 0.1436 0.3147 0.2816 0.2601
689      689   (1)      2  : 0.1481 0.5563 0.1641 0.1316
690      690   (5)      2  : 0.0770 0.1335 0.6635 0.1260
691      691   (5)      2  : 0.2401 0.2736 0.2511 0.2351
692      692   (0)      2  : 0.2785 0.2965 0.0865 0.3385
693      693   (2)      2  : 0.2209 0.0435 0.3508 0.3848
694      694   (0)      2  : 0.1421 0.0315 0.7199 0.1066
695      695   (0)      2  : 0.2580 0.3620 0.1070 0.2730
696      696   (0)      2  : 0.5890 0.0310 0.0325 0.3475
697      697   (2)      2  : 0.1231 0.0986 0.5330 0.2452
698      698   (0)      2  : 0.2280 0.0225 0.4705 0.2790
699      699   (1)      2  : 0.0800 0.1200 0.6300 0.1700
700      700   (0)      2  : 0.5555 0.1235 0.0565 0.2645
701      701   (0)      2  : 0.1971 0.0845 0.4042 0.3142
702      702   (1)      2  : 0.2010 0.3675 0.2590 0.1725
703      703   (1)      2  : 0.4543 0.2364 0.0440 0.2654
704      704   (0)      2  : 0.1826 0.5828 0.1221 0.1126
705      705   (0)      2  : 0.3080 0.0450 0.2420 0.4050
706      706   (0)      2  : 0.1766 0.3977 0.1986 0.2271
707      707   (1)      2  : 0.0690 0.0430 0.8130 0.0750
708      708   (1)      2  : 0.2640 0.2045 0.3175 0.2140
709      709   (0)      2  : 0.2296 0.4297 0.1781 0.1626
710      710   (0)      2  : 0.2775 0.0870 0.2320 0.4035
711      711   (0)      2  : 0.3495 0.2650 0.0580 0.3275
712      712   (1)      2  : 0.3615 0.0805 0.1790 0.3790
713      713   (0)      2  : 0.4865 0.1225 0.1120 0.2790
714      714   (0)      2  : 0.4555 0.0890 0.0650 0.3905
715      715   (0)      2  : 0.4680 0.1415 0.0715 0.3190
716      716   (0)      2  : 0.1465 0.5405 0.1175 0.1955
717      717   (1)      2  : 0.1320 0.0935 0.6020 0.1725
718      718   (1)      2  : 0.1401 0.0575 0.5833 0.2191
719      719   (7)      2  : 0.1020 0.0225 0.7075 0.1680
720      720   (2)      2  : 0.3996 0.0874 0.0739 0.4391
721      721   (1)      2  : 0.2695 0.0665 0.4645 0.1995
722      722   (0)      2  : 0.3898 0.0650 0.2364 0.3089
723      723   (1)      2  : 0.1535 0.0555 0.6270 0.1640
724      724   (0)      2  : 0.2444 0.4893 0.0625 0.2039
725      725   (0)      2  : 0.3854 0.0681 0.2292 0.3173
726      726   (0)      2  : 0.3221 0.0590 0.2711 0.3477
727      727   (1)      2  : 0.0565 0.0790 0.7965 0.0680
728      728   (0)      2  : 0.1395 0.2675 0.3335 0.2595
729      729   (1)      2  : 0.3138 0.0725 0.3084 0.3053
730      730   (0)      2  : 0.4002 0.1631 0.1416 0.2952
731      731   (2)      2  : 0.0855 0.6980 0.1100 0.1065
732      732   (1)      2  : 0.0675 0.2834 0.5652 0.0840
733      733   (0)      2  : 0.5547 0.0445 0.1040 0.2969
734      734   (0)      2  : 0.3467 0.0515 0.0850 0.5168
735      735   (0)      2  : 0.3020 0.0425 0.3550 0.3005
736      736   (0)      2  : 0.3965 0.1620 0.0665 0.3750
737      737   (0)      2  : 0.4742 0.1171 0.1010 0.3077
738      738   (0)      2  : 0.3770 0.2870 0.1530 0.1830
739      739   (0)      2  : 0.2640 0.1350 0.3435 0.2575
740      740   (0)      2  : 0.2500 0.0195 0.3755 0.3550
741      741   (0)      2  : 0.3270 0.2660 0.0785 0.3285
742      742   (0)      2  : 0.1729 0.1079 0.2674 0.4518
743      743   (0)      2  : 0.6368 0.0570 0.0445 0.2617
744      744   (0)      2  : 0.4117 0.0315 0.1261 0.4307
745      745   (0)      2  : 0.2820 0.0480 0.1190 0.5510
746      746   (0)      2  : 0.1824 0.5097 0.0705 0.2374
747      747   (0)      2  : 0.0450 0.8970 0.0215 0.0365
748      748   (2)      2  : 0.5095 0.1205 0.0395 0.3305
749      749   (5)      2  : 0.1000 0.2970 0.4540 0.1490
750      750   (1)      2  : 0.4758 0.1059 0.1439 0.2743
751      751   (0)      2  : 0.2983 0.3533 0.0385 0.3098
752      752   (3)      2  : 0.4995 0.0260 0.1755 0.2990
753      753   (0)      2  : 0.4980 0.0240 0.0280 0.4500
754      754   (0)      2  : 0.2915 0.0595 0.1390 0.5100
755      755   (0)      2  : 0.0410 0.0365 0.8669 0.0555
756      756   (0)      2  : 0.3283 0.1967 0.0646 0.4104
757      757   (0)      2  : 0.1874 0.0765 0.4583 0.2779
758      758   (1)      2  : 0.4602 0.1711 0.1406 0.2281
759      759   (0)      2  : 0.4465 0.1225 0.1945 0.2365
760      760   (0)      2  : 0.2280 0.3930 0.1490 0.2300
761      761   (0)      2  : 0.5935 0.0200 0.0495 0.3370
762      762   (0)      2  : 0.6682 0.0345 0.0621 0.2352
763      763   (0)      2  : 0.3589 0.2603 0.1186 0.2623
764      764   (0)      4  : 0.4190 0.0680 0.1805 0.3325
765      765   (0)      2  : 0.4675 0.1024 0.1094 0.3207
766      766   (0)      4  : 0.4096 0.0290 0.1279 0.4336
767      767   (0)      4  : 0.4602 0.0235 0.0425 0.4738
768      768   (0)      4  : 0.5050 0.0835 0.0485 0.3630
769      769   (0)      2  : 0.3495 0.0520 0.2835 0.3150
770      770   (0)      4  : 0.4035 0.0605 0.1090 0.4270
771      771   (1)      3  : 0.1841 0.0535 0.5583 0.2041
772      772   (0)      2  : 0.5217 0.0505 0.0865 0.3413
773      773   (0)      3  : 0.1666 0.1896 0.5248 0.1191
774      774   (0)      3  : 0.0720 0.0500 0.8101 0.0680
775      775   (0)      3  : 0.0350 0.0245 0.9030 0.0375
776      776   (0)      3  : 0.0435 0.0966 0.8188 0.0410
777      777   (0)      3  : 0.0400 0.0260 0.8891 0.0450
778      778   (3)      4  : 0.5398 0.1536 0.0390 0.2676
779      779   (1)      2  : 0.3317 0.1134 0.2058 0.3492
780      780   (0)      4  : 0.2494 0.0740 0.1459 0.5308
781      781   (0)      4  : 0.3428 0.0425 0.0665 0.5482
782      782   (0)      4  : 0.3855 0.1030 0.1580 0.3535
783      783   (0)      4  : 0.4955 0.1565 0.0490 0.2990
784      784   (0)      2  : 0.1485 0.5350 0.1840 0.1325
785      785   (0)      4  : 0.3748 0.0620 0.0460 0.5172
786      786   (0)      3  : 0.1585 0.3565 0.2725 0.2125
787      787   (0)      3  : 0.0385 0.0410 0.8784 0.0420
788      788   (0)      3  : 0.0605 0.0245 0.7679 0.1471
789      789   (0)      3  : 0.1715 0.0845 0.5895 0.1545
790      790   (1)      3  : 0.0870 0.0605 0.7465 0.1060
791      791   (0)      3  : 0.2360 0.0525 0.4725 0.2390
792      792   (2)      4  : 0.3793 0.0405 0.1964 0.3838
793      793   (4)      4  : 0.5598 0.0665 0.1101 0.2636
794      794   (0)      4  : 0.3303 0.0260 0.2844 0.3593
795      795   (2)      4  : 0.4790 0.1850 0.0745 0.2615
796      796   (0)      4  : 0.4467 0.0810 0.1761 0.2961
797      797   (1)      2  : 0.2815 0.3420 0.1490 0.2275
798      798   (0)      4  : 0.1864 0.1884 0.2449 0.3803
799      799   (1)      3  : 0.0895 0.1265 0.5925 0.1915
800      800   (0)      2  : 0.1816 0.1126 0.5488 0.1571
801      801   (1)      3  : 0.1661 0.0435 0.4993 0.2911
802      802   (1)      3  : 0.0325 0.1336 0.7999 0.0340
803      803   (0)      3  : 0.0550 0.0290 0.8484 0.0675
804      804   (0)      3  : 0.0395 0.0245 0.8939 0.0420
805      805   (0)      4  : 0.4993 0.0800 0.1259 0.2948
806      806   (1)      4  : 0.2840 0.0270 0.0725 0.6165
807      807   (0)      4  : 0.2634 0.0800 0.1629 0.4937
808      808   (0)      4  : 0.5157 0.0870 0.0710 0.3263
809      809   (0)      2  : 0.2231 0.0950 0.5323 0.1496
810      810   (0)      4  : 0.2632 0.0640 0.1191 0.5538
811      811   (0)      2  : 0.3359 0.0885 0.1944 0.3813
812      812   (1)      3  : 0.1990 0.0545 0.3845 0.3620
813      813   (0)      3  : 0.0900 0.0170 0.8030 0.0900
814      814   (0)      3  : 0.0775 0.1740 0.6495 0.0990
815      815   (0)      3  : 0.0650 0.0605 0.8170 0.0575
816      816   (0)      3  : 0.0690 0.0620 0.7975 0.0715
817      817   (6)      4  : 0.5310 0.0825 0.1175 0.2690
818      818   (0)      2  : 0.2105 0.4180 0.1035 0.2680
819      819   (2)      4  : 0.3483 0.0560 0.2179 0.3778
820      820   (1)      4  : 0.6005 0.0470 0.1355 0.2170
821      821   (2)      4  : 0.3825 0.1470 0.0690 0.4015
822      822   (0)      4  : 0.3542 0.0665 0.0690 0.5102
823      823   (0)      2  : 0.4508 0.1169 0.0615 0.3708
824      824   (0)      4  : 0.4198 0.0705 0.0865 0.4233
825      825   (0)      2  : 0.1170 0.7730 0.0340 0.0760
826      826   (1)      3  : 0.0455 0.0205 0.8790 0.0550
827      827   (0)      2  : 0.0455 0.8160 0.0795 0.0590
828      828   (0)      3  : 0.1511 0.0590 0.5858 0.2041
829      829   (0)      3  : 0.0660 0.0745 0.7360 0.1235
830      830   (0)      3  : 0.0706 0.0981 0.7658 0.0656
831      831   (0)      3  : 0.0430 0.0255 0.8830 0.0485
832      832   (0)      4  : 0.2808 0.0995 0.3498 0.2699
833      833   (0)      2  : 0.2641 0.0310 0.1916 0.5133
834      834   (2)      4  : 0.4020 0.0415 0.0625 0.4940
835      835   (0)      4  : 0.4195 0.0935 0.2100 0.2770
836      836   (4)      4  : 0.2270 0.0410 0.0625 0.6695
837      837   (0)      4  : 0.3302 0.1231 0.2266 0.3202
838      838   (0)      2  : 0.2930 0.2020 0.1535 0.3515
839      839   (0)      2  : 0.3035 0.1575 0.2410 0.2980
840      840   (1)      3  : 0.1169 0.1139 0.6662 0.1030
841      841   (0)      3  : 0.0410 0.0725 0.8455 0.0410
842      842   (0)      3  : 0.0520 0.0130 0.8950 0.0400
843      843   (1)      3  : 0.0460 0.0300 0.8730 0.0510
844      844   (0)      3  : 0.0485 0.0265 0.8855 0.0395
845      845   (1)      2  : 0.2580 0.0395 0.0755 0.6270
846      846   (2)      4  : 0.6172 0.0500 0.0575 0.2754
847      847   (0)      4  : 0.3717 0.1351 0.1391 0.3542
848      848   (1)      4  : 0.2648 0.1076 0.4029 0.2247
849      849   (0)      4  : 0.5620 0.0820 0.0800 0.2760
850      850   (0)      3  : 0.1060 0.1631 0.5788 0.1521
851      851   (0)      3  : 0.0705 0.0370 0.8065 0.0860
852      852   (0)      3  : 0.0635 0.0270 0.8595 0.0500
853      853   (1)      3  : 0.0720 0.0460 0.8055 0.0765
854      854   (1)      3  : 0.0445 0.0160 0.8915 0.0480
855      855   (0)      2  : 0.1090 0.4855 0.2805 0.1250
856      856   (0)      4  : 0.3835 0.0295 0.0740 0.5130
857      857   (0)      4  : 0.2436 0.0520 0.2361 0.4682
858      858   (0)      4  : 0.3513 0.0725 0.1634 0.4128
859      859   (0)      2  : 0.2550 0.1970 0.3580 0.1900
860      860   (0)      2  : 0.4950 0.0505 0.1610 0.2935
861      861   (0)      3  : 0.1730 0.0485 0.6155 0.1630
862      862   (0)      3  : 0.0395 0.0445 0.8754 0.0405
863      863   (0)      3  : 0.0490 0.0160 0.9020 0.0330
864      864   (0)      3  : 0.1525 0.0265 0.6190 0.2020
865      865   (0)      3  : 0.0785 0.0335 0.7796 0.1084
866      866   (0)      2  : 0.1499 0.6317 0.0975 0.1209
867      867   (0)      2  : 0.2341 0.4092 0.1015 0.2551
868      868   (0)      2  : 0.0775 0.0775 0.7320 0.1130
869      869   (0)      2  : 0.0365 0.8736 0.0545 0.0355
870      870   (0)      2  : 0.1155 0.0495 0.6895 0.1455
871      871   (0)      2  : 0.4703 0.1444 0.0665 0.3188
872      872   (0)      2  : 0.1261 0.0800 0.5648 0.2291
873      873   (0)      2  : 0.5315 0.1465 0.0550 0.2670
874      874   (0)      2  : 0.0320 0.8820 0.0490 0.0370
875      875   (0)      2  : 0.0580 0.6552 0.2099 0.0770
876      876   (1)      2  : 0.0975 0.7900 0.0305 0.0820
877      877   (0)      2  : 0.5095 0.0720 0.0845 0.3340
878      878   (0)      2  : 0.2405 0.0745 0.2275 0.4575
879      879   (0)      2  : 0.4670 0.0465 0.1600 0.3265
880      880   (0)      2  : 0.4645 0.1250 0.0760 0.3345
881      881   (0)      2  : 0.1365 0.4685 0.2130 0.1820
882      882   (1)      2  : 0.1195 0.4545 0.1850 0.2410
883      883   (0)      2  : 0.2665 0.1620 0.2470 0.3245
884      884   (3)      2  : 0.0785 0.4792 0.3497 0.0925
885      885   (0)      2  : 0.2925 0.0465 0.2225 0.4385
886      886   (0)      2  : 0.0365 0.8851 0.0370 0.0415
887      887   (0)      2  : 0.4145 0.0395 0.0565 0.4895
888      888   (0)      2  : 0.2950 0.0505 0.0245 0.6300
889      889   (0)      2  : 0.3505 0.2425 0.1235 0.2835
890      890   (0)      2  : 0.3985 0.1005 0.1930 0.3080
891      891   (0)      2  : 0.1615 0.1125 0.5600 0.1660
892      892   (0)      2  : 0.3355 0.1500 0.2100 0.3045
893      893   (0)      2  : 0.5102 0.2089 0.0800 0.2009
894      894   (0)      2  : 0.6425 0.0215 0.1050 0.2310
895      895   (0)      2  : 0.1196 0.0365 0.6658 0.1781
896      896   (0)      2  : 0.3200 0.0500 0.3250 0.3050
897      897   (6)      2  : 0.0615 0.8575 0.0285 0.0525
898      898   (1)      2  : 0.4365 0.0480 0.1720 0.3435
899      899   (0)      2  : 0.2216 0.1186 0.2621 0.3977
900      900   (0)      2  : 0.1014 0.0295 0.7438 0.1254
901      901   (0)      2  : 0.4560 0.1887 0.0711 0.2843
902      902   (1)      2  : 0.1600 0.4110 0.1340 0.2950
903      903   (0)      2  : 0.0880 0.5015 0.2750 0.1355
904      904   (1)      2  : 0.4755 0.0445 0.0635 0.4165
905      905   (0)      2  : 0.5248 0.1181 0.0430 0.3142
906      906   (0)      2  : 0.2961 0.0395 0.1456 0.5188
907      907   (0)      2  : 0.2180 0.0480 0.5650 0.1690
908      908   (0)      2  : 0.2496 0.3717 0.0475 0.3312
909      909   (1)      2  : 0.0320 0.9145 0.0250 0.0285
910      910   (2)      2  : 0.3075 0.0290 0.1200 0.5435
911      911   (1)      2  : 0.0605 0.0400 0.8315 0.0680
912      912   (0)      2  : 0.0475 0.0470 0.8381 0.0675
913      913   (0)      2  : 0.0425 0.8460 0.0620 0.0495
914      914   (0)      2  : 0.2180 0.1015 0.2275 0.4530
915      915   (0)      2  : 0.4627 0.1386 0.1436 0.2552
916      916   (0)      2  : 0.1231 0.1015 0.6783 0.0971
917      917   (0)      2  : 0.1281 0.5698 0.2051 0.0970
918      918   (0)      2  : 0.3203 0.4618 0.0405 0.1774
919      919   (0)      2  : 0.0475 0.8515 0.0410 0.0600
920      920   (0)      2  : 0.1705 0.0775 0.5760 0.1760
921      921   (1)      2  : 0.0705 0.0340 0.8279 0.0675
922      922   (0)      2  : 0.6140 0.0365 0.0950 0.2545
923      923   (0)      2  : 0.4363 0.0835 0.0510 0.4293
924      924   (0)      2  : 0.5360 0.0550 0.0645 0.3445
925      925   (0)      2  : 0.2050 0.3460 0.1160 0.3330
926      926   (0)      2  : 0.0650 0.8395 0.0430 0.0525
927      927   (1)      2  : 0.3587 0.3222 0.0365 0.2826
928      928   (0)      2  : 0.0475 0.8415 0.0615 0.0495
929      929   (0)      2  : 0.0385 0.8826 0.0390 0.0400
930      930   (0)      2  : 0.3070 0.1165 0.1915 0.3850
931      931   (0)      2  : 0.0615 0.7900 0.0840 0.0645
932      932   (0)      2  : 0.0325 0.8620 0.0670 0.0385
933      933   (0)      2  : 0.3765 0.0670 0.2120 0.3445
934      934   (0)      2  : 0.0650 0.1311 0.7144 0.0895
935      935   (0)      2  : 0.3157 0.0930 0.0680 0.5233
936      936   (1)      2  : 0.0405 0.8206 0.0910 0.0480
937      937   (1)      2  : 0.0385 0.1921 0.7209 0.0485
938      938   (0)      2  : 0.3170 0.1800 0.1010 0.4020
939      939   (0)      2  : 0.0605 0.8565 0.0305 0.0525
940      940   (1)      2  : 0.3747 0.2501 0.0955 0.2796
941      941   (0)      2  : 0.1934 0.5482 0.0615 0.1969
942      942   (0)      2  : 0.0650 0.7889 0.0650 0.0810
943      943   (0)      2  : 0.5303 0.0165 0.0920 0.3612
944      944   (0)      2  : 0.0640 0.8301 0.0425 0.0635
945      945   (0)      2  : 0.1180 0.1845 0.4335 0.2640
946      946   (0)      2  : 0.3175 0.0430 0.2020 0.4375
947      947   (0)      2  : 0.2400 0.4745 0.1380 0.1475
948      948   (0)      2  : 0.5750 0.0395 0.0680 0.3175
949      949   (0)      2  : 0.0435 0.8079 0.1081 0.0405
950      950   (0)      2  : 0.3753 0.0575 0.2429 0.3243
951      951   (0)      2  : 0.4992 0.0325 0.1424 0.3258
952      952   (0)      2  : 0.5445 0.0560 0.1160 0.2835
953      953   (0)      2  : 0.2332 0.2598 0.3093 0.1977
954      954   (0)      2  : 0.0860 0.6075 0.1705 0.1360
955      955   (0)      2  : 0.2356 0.3397 0.1336 0.2911
956      956   (0)      2  : 0.0500 0.0590 0.8195 0.0715
957      957   (1)      2  : 0.3210 0.0365 0.2055 0.4370
958      958   (0)      2  : 0.2855 0.1195 0.0830 0.5120
959      959   (4)      2  : 0.0650 0.5172 0.1834 0.2344
960      960   (0)      2  : 0.0515 0.8625 0.0375 0.0485
961      961   (1)      2  : 0.0310 0.9090 0.0300 0.0300
962      962   (0)      2  : 0.1930 0.4345 0.1270 0.2455
963      963   (0)      2  : 0.2341 0.1301 0.2766 0.3592
964      964   (0)      2  : 0.2701 0.1171 0.2616 0.3512
965      965   (0)      2  : 0.5357 0.0600 0.1139 0.2904
966      966   (0)      2  : 0.0370 0.8955 0.0210 0.0465
967      967   (0)      2  : 0.1781 0.0485 0.6098 0.1636
968      968   (0)      2  : 0.5320 0.0575 0.1130 0.2975
969      969   (0)      2  : 0.2320 0.0905 0.1825 0.4950
970      970   (0)      2  : 0.1531 0.4217 0.2912 0.1341
971      971   (0)      2  : 0.0840 0.5420 0.2000 0.1740
972      972   (0)      2  : 0.1521 0.5003 0.2136 0.1341
973      973   (0)      2  : 0.3633 0.0710 0.1034 0.4623
974      974   (5)      2  : 0.2889 0.1464 0.1529 0.4118
975      975   (0)      2  : 0.4870 0.0375 0.0595 0.4160
976      976   (0)      2  : 0.1229 0.0665 0.6042 0.2064
977      977   (0)      2  : 0.1080 0.7590 0.0615 0.0715
978      978   (0)      2  : 0.0260 0.9295 0.0205 0.0240
979      979   (0)      2  : 0.0400 0.8630 0.0505 0.0465
980      980   (0)      2  : 0.1673 0.2108 0.3911 0.2308
981      981   (0)      2  : 0.0400 0.8574 0.0605 0.0420
982      982   (3)      2  : 0.0655 0.7474 0.0845 0.1026
983      983   (0)      2  : 0.0475 0.0605 0.8499 0.0420
984      984   (0)      2  : 0.3685 0.2665 0.0325 0.3325
985      985   (0)      2  : 0.1449 0.0500 0.5597 0.2454
986      986   (0)      2  : 0.2846 0.0565 0.1661 0.4927
987      987   (1)      2  : 0.2030 0.0560 0.6225 0.1185
988      988   (0)      2  : 0.0525 0.8185 0.0735 0.0555
989      989   (0)      2  : 0.0455 0.1080 0.7920 0.0545
990      990   (0)      2  : 0.1786 0.0925 0.5158 0.2131
991      991   (0)      2  : 0.0495 0.8680 0.0330 0.0495
992      992   (0)      2  : 0.3527 0.0685 0.0705 0.5082
993      993   (0)      2  : 0.1605 0.1590 0.5215 0.1590
994      994   (1)      2  : 0.1446 0.1221 0.6418 0.0915
995      995   (1)      2  : 0.2400 0.4535 0.0790 0.2275
996      996   (0)      2  : 0.3072 0.2897 0.1444 0.2587
997      997   (1)      2  : 0.0245 0.9305 0.0210 0.0240
998      998   (0)      2  : 0.2109 0.3163 0.2789 0.1939
999      999   (1)      2  : 0.0635 0.7640 0.0780 0.0945
1000     1000   (0)      2  : 0.3485 0.0955 0.1880 0.3680
