   1        1   (0)      1 :  0.2629 0.7371 
   2        2   (0)      1 :  0.4853 0.5147 
   3        3   (0)      1 :  0.4591 0.5409 
   4        4   (0)      1 :  0.3320 0.6680 
   5        5   (1)      1 :  0.8776 0.1224 
   6        6   (0)      1 :  0.5531 0.4469 
   7        7   (0)      1 :  0.5516 0.4484 
   8        8   (0)      1 :  0.2784 0.7216 
   9        9   (0)      1 :  0.5658 0.4342 
  10       10   (0)      1 :  0.6288 0.3712 
  11       11   (0)      1 :  0.4338 0.5662 
  12       12   (0)      1 :  0.4971 0.5029 
  13       13   (0)      1 :  0.3554 0.6446 
  14       14   (0)      1 :  0.6589 0.3411 
  15       15   (0)      1 :  0.6391 0.3609 
  16       16   (0)      1 :  0.4893 0.5107 
  17       17   (0)      1 :  0.4806 0.5194 
  18       18   (2)      1 :  0.3386 0.6614 
  19       19   (1)      1 :  0.4218 0.5782 
  20       20   (0)      1 :  0.5599 0.4401 
  21       21   (1)      1 :  0.5625 0.4375 
  22       22   (0)      1 :  0.4463 0.5537 
  23       23   (0)      1 :  0.6066 0.3934 
  24       24   (0)      1 :  0.2620 0.7380 
  25       25   (0)      1 :  0.5586 0.4414 
  26       26   (0)      1 :  0.4962 0.5038 
  27       27   (1)      1 :  0.4574 0.5426 
  28       28   (0)      1 :  0.3792 0.6208 
  29       29   (0)      1 :  0.4507 0.5493 
  30       30   (0)      1 :  0.7309 0.2691 
  31       31   (0)      1 :  0.4083 0.5917 
  32       32   (0)      1 :  0.5140 0.4860 
  33       33   (1)      1 :  0.4681 0.5319 
  34       34   (0)      1 :  0.6523 0.3477 
  35       35   (0)      1 :  0.4240 0.5760 
  36       36   (0)      1 :  0.5377 0.4623 
  37       37   (0)      1 :  0.5146 0.4854 
  38       38   (0)      1 :  0.6365 0.3635 
  39       39   (0)      1 :  0.5048 0.4952 
  40       40   (0)      1 :  0.6167 0.3833 
  41       41   (1)      1 :  0.4186 0.5814 
  42       42   (0)      1 :  0.8029 0.1971 
  43       43   (0)      1 :  0.4020 0.5980 
  44       44   (6)      1 :  0.4045 0.5955 
  45       45   (1)      1 :  0.5853 0.4147 
  46       46   (0)      1 :  0.4560 0.5440 
  47       47   (0)      1 :  0.4337 0.5663 
  48       48   (0)      1 :  0.3904 0.6096 
  49       49   (0)      1 :  0.3518 0.6482 
  50       50   (0)      1 :  0.3451 0.6549 
  51       51   (2)      1 :  0.7496 0.2504 
  52       52   (0)      1 :  0.8091 0.1909 
  53       53   (1)      1 :  0.3606 0.6394 
  54       54   (0)      1 :  0.4481 0.5519 
  55       55   (3)      1 :  0.4772 0.5228 
  56       56   (0)      1 :  0.4874 0.5126 
  57       57   (0)      1 :  0.2951 0.7049 
  58       58   (0)      1 :  0.7272 0.2728 
  59       59   (0)      1 :  0.2909 0.7091 
  60       60   (1)      1 :  0.5217 0.4783 
  61       61   (0)      1 :  0.4069 0.5931 
  62       62   (0)      1 :  0.3839 0.6161 
  63       63   (0)      1 :  0.5277 0.4723 
  64       64   (2)      1 :  0.4623 0.5377 
  65       65   (0)      1 :  0.3900 0.6100 
  66       66   (3)      1 :  0.6213 0.3787 
  67       67   (0)      1 :  0.3244 0.6756 
  68       68   (1)      1 :  0.4315 0.5685 
  69       69   (2)      1 :  0.5719 0.4281 
  70       70   (0)      1 :  0.3756 0.6244 
  71       71   (0)      1 :  0.3819 0.6181 
  72       72   (4)      1 :  0.3593 0.6407 
  73       73   (0)      1 :  0.5350 0.4650 
  74       74   (0)      1 :  0.3860 0.6140 
  75       75   (0)      1 :  0.4851 0.5149 
  76       76   (0)      1 :  0.4119 0.5881 
  77       77   (1)      1 :  0.8518 0.1482 
  78       78   (0)      1 :  0.4019 0.5981 
  79       79   (2)      1 :  0.4217 0.5783 
  80       80   (1)      1 :  0.7243 0.2757 
  81       81   (2)      1 :  0.6473 0.3527 
  82       82   (1)      1 :  0.2788 0.7212 
  83       83   (0)      1 :  0.4225 0.5775 
  84       84   (0)      1 :  0.5614 0.4386 
  85       85   (5)      1 :  0.3622 0.6378 
  86       86   (0)      1 :  0.5384 0.4616 
  87       87   (1)      1 :  0.4163 0.5837 
  88       88   (0)      2 :  0.7914 0.2086 
  89       89   (0)      2 :  0.4717 0.5283 
  90       90   (0)      2 :  0.8324 0.1676 
  91       91   (1)      2 :  0.2488 0.7512 
  92       92   (0)      2 :  0.3874 0.6126 
  93       93   (0)      2 :  0.2565 0.7435 
  94       94   (0)      2 :  0.5556 0.4444 
  95       95   (0)      2 :  0.5267 0.4733 
  96       96   (0)      2 :  0.4684 0.5316 
  97       97   (0)      2 :  0.5083 0.4917 
  98       98   (0)      2 :  0.3481 0.6519 
  99       99   (0)      2 :  0.4466 0.5534 
 100      100   (1)      2 :  0.4295 0.5705 
 101      101   (0)      2 :  0.6443 0.3557 
 102      102   (0)      2 :  0.4947 0.5053 
 103      103   (0)      2 :  0.5313 0.4687 
 104      104   (0)      2 :  0.3546 0.6454 
 105      105   (0)      2 :  0.5241 0.4759 
 106      106   (0)      2 :  0.8426 0.1574 
 107      107   (1)      2 :  0.4772 0.5228 
 108      108   (0)      2 :  0.4246 0.5754 
 109      109   (0)      2 :  0.5890 0.4110 
 110      110   (0)      2 :  0.5738 0.4262 
 111      111   (1)      2 :  0.4651 0.5349 
 112      112   (2)      2 :  0.5047 0.4953 
 113      113   (0)      2 :  0.7084 0.2916 
 114      114   (3)      2 :  0.4106 0.5894 
 115      115   (1)      2 :  0.4202 0.5798 
 116      116   (0)      2 :  0.5081 0.4919 
 117      117   (0)      2 :  0.5307 0.4693 
 118      118   (0)      2 :  0.3118 0.6882 
 119      119   (2)      2 :  0.4316 0.5684 
 120      120   (0)      2 :  0.2756 0.7244 
 121      121   (0)      2 :  0.4294 0.5706 
 122      122   (0)      2 :  0.4306 0.5694 
 123      123   (0)      2 :  0.3168 0.6832 
 124      124   (0)      2 :  0.5235 0.4765 
 125      125   (0)      2 :  0.4874 0.5126 
 126      126   (1)      2 :  0.7210 0.2790 
 127      127   (0)      2 :  0.4078 0.5922 
 128      128   (1)      2 :  0.4048 0.5952 
 129      129   (0)      2 :  0.5547 0.4453 
 130      130   (2)      2 :  0.4456 0.5544 
 131      131   (0)      2 :  0.4555 0.5445 
 132      132   (1)      2 :  0.4047 0.5953 
 133      133   (0)      2 :  0.3554 0.6446 
 134      134   (0)      2 :  0.4522 0.5478 
 135      135   (1)      2 :  0.3507 0.6493 
 136      136   (3)      2 :  0.3922 0.6078 
 137      137   (0)      2 :  0.5595 0.4405 
 138      138   (0)      2 :  0.7449 0.2551 
 139      139   (2)      2 :  0.3383 0.6617 
 140      140   (2)      2 :  0.4646 0.5354 
 141      141   (0)      2 :  0.5902 0.4098 
 142      142   (0)      2 :  0.5861 0.4139 
 143      143   (0)      2 :  0.4211 0.5789 
 144      144   (0)      2 :  0.3040 0.6960 
 145      145   (0)      2 :  0.3909 0.6091 
 146      146   (1)      2 :  0.4358 0.5642 
 147      147   (0)      2 :  0.4659 0.5341 
 148      148   (0)      2 :  0.3195 0.6805 
 149      149   (1)      2 :  0.4461 0.5539 
 150      150   (1)      2 :  0.4207 0.5793 
 151      151   (0)      2 :  0.5052 0.4948 
 152      152   (0)      2 :  0.4226 0.5774 
 153      153   (0)      2 :  0.4012 0.5988 
 154      154   (1)      2 :  0.4544 0.5456 
 155      155   (0)      2 :  0.4546 0.5454 
 156      156   (1)      2 :  0.4818 0.5182 
 157      157   (0)      2 :  0.4528 0.5472 
 158      158   (0)      2 :  0.2922 0.7078 
 159      159   (0)      2 :  0.4320 0.5680 
 160      160   (0)      2 :  0.4347 0.5653 
 161      161   (0)      2 :  0.3241 0.6759 
 162      162   (0)      2 :  0.4498 0.5502 
 163      163   (0)      2 :  0.3931 0.6069 
 164      164   (0)      2 :  0.3619 0.6381 
 165      165   (0)      2 :  0.3077 0.6923 
 166      166   (0)      2 :  0.4362 0.5638 
 167      167   (1)      2 :  0.4697 0.5303 
 168      168   (0)      2 :  0.4274 0.5726 
 169      169   (0)      2 :  0.8559 0.1441 
 170      170   (0)      2 :  0.4041 0.5959 
 171      171   (0)      2 :  0.3644 0.6356 
 172      172   (0)      2 :  0.6055 0.3945 
 173      173   (0)      2 :  0.8146 0.1854 
 174      174   (0)      2 :  0.3952 0.6048 
 175      175   (0)      2 :  0.3800 0.6200 
 176      176   (0)      2 :  0.4670 0.5330 
 177      177   (0)      2 :  0.2461 0.7539 
 178      178   (0)      2 :  0.4545 0.5455 
 179      179   (0)      2 :  0.3064 0.6936 
 180      180   (0)      2 :  0.7937 0.2063 
 181      181   (0)      2 :  0.4524 0.5476 
 182      182   (0)      2 :  0.5180 0.4820 
 183      183   (0)      2 :  0.3689 0.6311 
 184      184   (0)      2 :  0.6780 0.3220 
 185      185   (1)      2 :  0.2580 0.7420 
 186      186   (0)      2 :  0.4291 0.5709 
 187      187   (0)      2 :  0.3676 0.6324 
 188      188   (0)      2 :  0.3512 0.6488 
 189      189   (0)      2 :  0.5175 0.4825 
 190      190   (0)      2 :  0.3776 0.6224 
 191      191   (0)      2 :  0.3575 0.6425 
 192      192   (0)      2 :  0.4058 0.5942 
 193      193   (1)      2 :  0.5307 0.4693 
 194      194   (0)      2 :  0.3053 0.6947 
 195      195   (0)      2 :  0.7623 0.2377 
 196      196   (0)      2 :  0.4310 0.5690 
 197      197   (0)      2 :  0.4248 0.5752 
 198      198   (0)      2 :  0.7487 0.2513 
 199      199   (0)      2 :  0.3484 0.6516 
 200      200   (0)      2 :  0.4477 0.5523 
 201      201   (0)      2 :  0.3412 0.6588 
 202      202   (0)      2 :  0.2256 0.7744 
 203      203   (0)      2 :  0.3869 0.6131 
 204      204   (0)      2 :  0.4002 0.5998 
 205      205   (0)      2 :  0.5002 0.4998 
 206      206   (0)      2 :  0.8070 0.1930 
 207      207   (0)      2 :  0.5771 0.4229 
 208      208   (0)      2 :  0.3964 0.6036 
 209      209   (0)      2 :  0.6556 0.3444 
 210      210   (0)      2 :  0.8261 0.1739 
 211      211   (0)      2 :  0.5197 0.4803 
 212      212   (1)      2 :  0.5022 0.4978 
 213      213   (1)      2 :  0.3946 0.6054 
 214      214   (0)      2 :  0.4378 0.5622 
 215      215   (0)      2 :  0.3475 0.6525 
 216      216   (0)      2 :  0.7783 0.2217 
 217      217   (0)      2 :  0.6163 0.3837 
 218      218   (0)      2 :  0.3719 0.6281 
 219      219   (0)      2 :  0.5149 0.4851 
 220      220   (0)      2 :  0.2432 0.7568 
 221      221   (0)      2 :  0.5872 0.4128 
 222      222   (0)      2 :  0.3770 0.6230 
 223      223   (0)      2 :  0.4267 0.5733 
 224      224   (0)      2 :  0.3507 0.6493 
 225      225   (0)      2 :  0.8559 0.1441 
 226      226   (0)      2 :  0.5628 0.4372 
 227      227   (1)      2 :  0.8205 0.1795 
 228      228   (0)      2 :  0.4021 0.5979 
 229      229   (1)      2 :  0.3589 0.6411 
 230      230   (0)      2 :  0.5511 0.4489 
 231      231   (0)      2 :  0.5030 0.4970 
 232      232   (1)      2 :  0.4176 0.5824 
 233      233   (0)      2 :  0.5334 0.4666 
 234      234   (0)      2 :  0.8271 0.1729 
 235      235   (0)      2 :  0.7017 0.2983 
 236      236   (1)      2 :  0.3843 0.6157 
 237      237   (0)      2 :  0.4119 0.5881 
 238      238   (0)      2 :  0.4992 0.5008 
 239      239   (0)      2 :  0.4526 0.5474 
 240      240   (0)      2 :  0.4243 0.5757 
 241      241   (0)      2 :  0.4916 0.5084 
 242      242   (0)      2 :  0.3101 0.6899 
 243      243   (0)      2 :  0.3985 0.6015 
 244      244   (0)      2 :  0.4252 0.5748 
 245      245   (0)      2 :  0.8574 0.1426 
 246      246   (0)      2 :  0.5429 0.4571 
 247      247   (0)      2 :  0.6647 0.3353 
 248      248   (0)      2 :  0.6664 0.3336 
 249      249   (0)      2 :  0.4758 0.5242 
 250      250   (0)      2 :  0.4719 0.5281 
 251      251   (0)      2 :  0.4295 0.5705 
 252      252   (0)      2 :  0.3960 0.6040 
 253      253   (0)      2 :  0.4846 0.5154 
 254      254   (0)      2 :  0.4392 0.5608 
 255      255   (0)      2 :  0.3703 0.6297 
 256      256   (0)      2 :  0.5858 0.4142 
 257      257   (0)      2 :  0.4984 0.5016 
 258      258   (0)      1 :  0.5190 0.4810 
 259      259   (1)      1 :  0.6533 0.3467 
 260      260   (0)      1 :  0.3395 0.6605 
 261      261   (0)      1 :  0.4549 0.5451 
 262      262   (0)      1 :  0.4845 0.5155 
 263      263   (0)      1 :  0.4108 0.5892 
 264      264   (0)      1 :  0.4547 0.5453 
 265      265   (0)      1 :  0.3991 0.6009 
 266      266   (0)      1 :  0.3477 0.6523 
 267      267   (0)      1 :  0.5151 0.4849 
 268      268   (1)      1 :  0.5228 0.4772 
 269      269   (1)      1 :  0.5214 0.4786 
 270      270   (0)      1 :  0.3816 0.6184 
 271      271   (0)      1 :  0.6059 0.3941 
 272      272   (0)      1 :  0.5777 0.4223 
 273      273   (0)      1 :  0.3611 0.6389 
 274      274   (0)      1 :  0.7850 0.2150 
 275      275   (0)      1 :  0.4918 0.5082 
 276      276   (0)      1 :  0.4752 0.5248 
 277      277   (0)      1 :  0.4982 0.5018 
 278      278   (0)      1 :  0.6090 0.3910 
 279      279   (0)      1 :  0.5565 0.4435 
 280      280   (0)      1 :  0.4988 0.5012 
 281      281   (0)      1 :  0.4359 0.5641 
 282      282   (0)      1 :  0.5163 0.4837 
 283      283   (0)      1 :  0.4389 0.5611 
 284      284   (0)      1 :  0.3369 0.6631 
 285      285   (0)      1 :  0.3873 0.6127 
 286      286   (0)      1 :  0.3236 0.6764 
 287      287   (0)      1 :  0.8873 0.1127 
 288      288   (0)      1 :  0.7653 0.2347 
 289      289   (0)      1 :  0.5220 0.4780 
 290      290   (1)      1 :  0.8640 0.1360 
 291      291   (0)      1 :  0.6206 0.3794 
 292      292   (1)      1 :  0.5473 0.4527 
 293      293   (0)      1 :  0.3419 0.6581 
 294      294   (0)      1 :  0.6237 0.3763 
 295      295   (0)      1 :  0.3554 0.6446 
 296      296   (0)      1 :  0.3717 0.6283 
 297      297   (0)      1 :  0.7690 0.2310 
 298      298   (0)      1 :  0.3741 0.6259 
 299      299   (0)      1 :  0.5471 0.4529 
 300      300   (0)      1 :  0.3941 0.6059 
 301      301   (0)      1 :  0.8282 0.1718 
 302      302   (0)      1 :  0.6627 0.3373 
 303      303   (0)      1 :  0.5086 0.4914 
 304      304   (0)      1 :  0.5382 0.4618 
 305      305   (0)      1 :  0.3963 0.6037 
 306      306   (0)      1 :  0.7640 0.2360 
 307      307   (1)      1 :  0.3325 0.6675 
 308      308   (0)      1 :  0.5066 0.4934 
 309      309   (1)      1 :  0.8103 0.1897 
 310      310   (0)      1 :  0.6101 0.3899 
 311      311   (0)      1 :  0.6546 0.3454 
 312      312   (0)      1 :  0.3920 0.6080 
 313      313   (0)      1 :  0.3192 0.6808 
 314      314   (0)      1 :  0.3822 0.6178 
 315      315   (0)      1 :  0.4681 0.5319 
 316      316   (0)      1 :  0.3937 0.6063 
 317      317   (0)      1 :  0.3857 0.6143 
 318      318   (0)      1 :  0.3175 0.6825 
 319      319   (1)      1 :  0.2765 0.7235 
 320      320   (0)      1 :  0.2422 0.7578 
 321      321   (0)      1 :  0.3827 0.6173 
 322      322   (0)      1 :  0.6441 0.3559 
 323      323   (0)      1 :  0.3806 0.6194 
 324      324   (0)      1 :  0.3726 0.6274 
 325      325   (0)      1 :  0.6231 0.3769 
 326      326   (0)      1 :  0.4348 0.5652 
 327      327   (0)      1 :  0.3903 0.6097 
 328      328   (1)      1 :  0.3548 0.6452 
 329      329   (0)      1 :  0.4546 0.5454 
 330      330   (0)      1 :  0.4570 0.5430 
 331      331   (0)      1 :  0.5927 0.4073 
 332      332   (0)      1 :  0.5378 0.4622 
 333      333   (0)      1 :  0.5726 0.4274 
 334      334   (0)      1 :  0.3201 0.6799 
 335      335   (0)      1 :  0.3954 0.6046 
 336      336   (0)      1 :  0.5364 0.4636 
 337      337   (0)      1 :  0.6441 0.3559 
 338      338   (0)      1 :  0.4927 0.5073 
 339      339   (0)      1 :  0.4865 0.5135 
 340      340   (0)      1 :  0.4388 0.5612 
 341      341   (0)      1 :  0.4253 0.5747 
 342      342   (0)      1 :  0.5333 0.4667 
 343      343   (0)      1 :  0.4363 0.5637 
 344      344   (0)      1 :  0.5339 0.4661 
 345      345   (1)      1 :  0.5444 0.4556 
 346      346   (0)      1 :  0.5669 0.4331 
 347      347   (0)      1 :  0.5274 0.4726 
 348      348   (0)      1 :  0.5372 0.4628 
 349      349   (0)      1 :  0.4295 0.5705 
 350      350   (0)      1 :  0.4827 0.5173 
 351      351   (0)      1 :  0.5070 0.4930 
 352      352   (0)      1 :  0.4151 0.5849 
 353      353   (0)      1 :  0.3868 0.6132 
 354      354   (0)      1 :  0.5757 0.4243 
 355      355   (0)      1 :  0.4252 0.5748 
 356      356   (0)      1 :  0.3874 0.6126 
 357      357   (0)      1 :  0.5249 0.4751 
 358      358   (0)      1 :  0.4079 0.5921 
 359      359   (0)      1 :  0.5934 0.4066 
 360      360   (0)      1 :  0.5698 0.4302 
 361      361   (0)      1 :  0.4078 0.5922 
 362      362   (0)      1 :  0.4208 0.5792 
 363      363   (0)      1 :  0.5250 0.4750 
 364      364   (1)      1 :  0.3844 0.6156 
 365      365   (0)      1 :  0.3252 0.6748 
 366      366   (0)      1 :  0.3702 0.6298 
 367      367   (0)      1 :  0.4987 0.5013 
 368      368   (1)      1 :  0.5031 0.4969 
 369      369   (0)      1 :  0.5814 0.4186 
 370      370   (0)      1 :  0.7194 0.2806 
 371      371   (0)      1 :  0.7884 0.2116 
 372      372   (2)      1 :  0.8298 0.1702 
 373      373   (0)      1 :  0.6425 0.3575 
 374      374   (0)      1 :  0.3480 0.6520 
 375      375   (0)      1 :  0.4761 0.5239 
 376      376   (0)      1 :  0.6512 0.3488 
 377      377   (0)      1 :  0.2975 0.7025 
 378      378   (0)      1 :  0.3162 0.6838 
 379      379   (0)      1 :  0.6378 0.3622 
 380      380   (1)      1 :  0.3251 0.6749 
 381      381   (0)      1 :  0.5105 0.4895 
 382      382   (0)      1 :  0.8223 0.1777 
 383      383   (0)      1 :  0.5715 0.4285 
 384      384   (0)      1 :  0.5920 0.4080 
 385      385   (0)      1 :  0.6144 0.3856 
 386      386   (0)      1 :  0.5180 0.4820 
 387      387   (0)      1 :  0.6100 0.3900 
 388      388   (0)      1 :  0.5893 0.4107 
 389      389   (0)      1 :  0.3776 0.6224 
 390      390   (0)      1 :  0.3226 0.6774 
 391      391   (0)      1 :  0.6036 0.3964 
 392      392   (0)      1 :  0.5761 0.4239 
 393      393   (0)      1 :  0.4576 0.5424 
 394      394   (1)      1 :  0.4684 0.5316 
 395      395   (0)      1 :  0.4427 0.5573 
 396      396   (0)      1 :  0.4313 0.5687 
 397      397   (0)      1 :  0.5897 0.4103 
 398      398   (0)      1 :  0.7160 0.2840 
 399      399   (0)      1 :  0.5395 0.4605 
 400      400   (0)      1 :  0.5064 0.4936 
 401      401   (1)      1 :  0.7988 0.2012 
 402      402   (0)      1 :  0.3415 0.6585 
 403      403   (0)      1 :  0.4997 0.5003 
 404      404   (0)      1 :  0.3349 0.6651 
 405      405   (0)      1 :  0.5858 0.4142 
 406      406   (0)      1 :  0.4699 0.5301 
 407      407   (0)      1 :  0.4484 0.5516 
 408      408   (0)      1 :  0.4641 0.5359 
 409      409   (0)      1 :  0.4753 0.5247 
 410      410   (0)      1 :  0.8406 0.1594 
 411      411   (0)      1 :  0.6895 0.3105 
 412      412   (0)      1 :  0.4821 0.5179 
 413      413   (0)      1 :  0.4231 0.5769 
 414      414   (0)      1 :  0.6052 0.3948 
 415      415   (0)      1 :  0.3495 0.6505 
 416      416   (0)      1 :  0.4667 0.5333 
 417      417   (0)      1 :  0.3497 0.6503 
 418      418   (0)      1 :  0.5322 0.4678 
 419      419   (0)      1 :  0.6307 0.3693 
 420      420   (0)      1 :  0.3424 0.6576 
 421      421   (0)      1 :  0.4640 0.5360 
 422      422   (0)      1 :  0.8261 0.1739 
 423      423   (0)      1 :  0.4013 0.5987 
 424      424   (0)      1 :  0.3522 0.6478 
 425      425   (0)      1 :  0.7876 0.2124 
 426      426   (0)      1 :  0.4672 0.5328 
 427      427   (0)      1 :  0.5768 0.4232 
 428      428   (0)      1 :  0.8460 0.1540 
 429      429   (0)      1 :  0.3509 0.6491 
 430      430   (0)      1 :  0.5105 0.4895 
 431      431   (0)      1 :  0.6658 0.3342 
 432      432   (0)      1 :  0.7931 0.2069 
 433      433   (0)      1 :  0.8104 0.1896 
 434      434   (0)      1 :  0.5988 0.4012 
 435      435   (0)      1 :  0.3427 0.6573 
 436      436   (0)      1 :  0.4303 0.5697 
 437      437   (0)      1 :  0.7178 0.2822 
 438      438   (0)      1 :  0.6562 0.3438 
 439      439   (0)      1 :  0.4719 0.5281 
 440      440   (0)      1 :  0.7527 0.2473 
 441      441   (0)      1 :  0.3105 0.6895 
 442      442   (0)      1 :  0.4521 0.5479 
 443      443   (0)      1 :  0.2680 0.7320 
 444      444   (0)      1 :  0.5203 0.4797 
 445      445   (0)      1 :  0.5017 0.4983 
 446      446   (0)      2 :  0.4128 0.5872 
 447      447   (0)      2 :  0.4537 0.5463 
 448      448   (0)      2 :  0.4789 0.5211 
 449      449   (0)      2 :  0.7137 0.2863 
 450      450   (0)      2 :  0.7148 0.2852 
 451      451   (0)      2 :  0.8041 0.1959 
 452      452   (0)      2 :  0.5572 0.4428 
 453      453   (0)      2 :  0.3504 0.6496 
 454      454   (0)      2 :  0.7999 0.2001 
 455      455   (0)      2 :  0.3850 0.6150 
 456      456   (0)      2 :  0.8173 0.1827 
 457      457   (0)      2 :  0.4577 0.5423 
 458      458   (0)      2 :  0.5128 0.4872 
 459      459   (0)      2 :  0.3037 0.6963 
 460      460   (2)      2 :  0.6244 0.3756 
 461      461   (1)      2 :  0.5672 0.4328 
 462      462   (3)      2 :  0.6204 0.3796 
 463      463   (1)      2 :  0.7407 0.2593 
 464      464   (3)      2 :  0.3585 0.6415 
 465      465   (3)      2 :  0.4447 0.5553 
 466      466   (0)      2 :  0.5581 0.4419 
 467      467   (1)      2 :  0.4140 0.5860 
 468      468   (0)      2 :  0.4665 0.5335 
 469      469   (0)      2 :  0.7320 0.2680 
 470      470   (3)      2 :  0.6943 0.3057 
 471      471   (1)      2 :  0.5775 0.4225 
 472      472   (1)      2 :  0.4918 0.5082 
 473      473   (2)      2 :  0.3665 0.6335 
 474      474   (0)      2 :  0.3541 0.6459 
 475      475   (1)      2 :  0.7219 0.2781 
 476      476   (2)      2 :  0.3076 0.6924 
 477      477   (3)      2 :  0.4952 0.5048 
 478      478   (0)      2 :  0.4072 0.5928 
 479      479   (0)      2 :  0.3485 0.6515 
 480      480   (0)      2 :  0.5128 0.4872 
 481      481   (2)      2 :  0.5370 0.4630 
 482      482   (3)      2 :  0.2969 0.7031 
 483      483   (3)      2 :  0.4397 0.5603 
 484      484   (3)      2 :  0.4093 0.5907 
 485      485   (2)      2 :  0.7228 0.2772 
 486      486   (2)      2 :  0.6519 0.3481 
 487      487   (1)      2 :  0.5073 0.4927 
 488      488   (3)      2 :  0.4395 0.5605 
 489      489   (0)      2 :  0.3826 0.6174 
 490      490   (2)      2 :  0.4759 0.5241 
 491      491   (4)      2 :  0.4854 0.5146 
 492      492   (4)      2 :  0.3072 0.6928 
 493      493   (3)      2 :  0.5204 0.4796 
 494      494   (3)      2 :  0.8321 0.1679 
 495      495   (3)      2 :  0.5263 0.4737 
 496      496   (0)      2 :  0.4503 0.5497 
 497      497   (5)      2 :  0.4874 0.5126 
 498      498   (3)      2 :  0.5408 0.4592 
 499      499   (1)      2 :  0.4160 0.5840 
 500      500   (1)      2 :  0.3457 0.6543 
 501      501   (3)      2 :  0.6603 0.3397 
 502      502   (1)      2 :  0.5660 0.4340 
 503      503   (4)      2 :  0.4723 0.5277 
 504      504   (1)      2 :  0.6142 0.3858 
 505      505   (0)      2 :  0.5604 0.4396 
 506      506   (6)      2 :  0.4178 0.5822 
 507      507   (0)      2 :  0.5146 0.4854 
 508      508   (0)      2 :  0.4867 0.5133 
 509      509   (2)      2 :  0.8066 0.1934 
 510      510   (1)      2 :  0.3542 0.6458 
 511      511   (3)      2 :  0.5139 0.4861 
 512      512   (2)      2 :  0.7664 0.2336 
 513      513   (7)      2 :  0.5414 0.4586 
 514      514   (3)      2 :  0.6603 0.3397 
 515      515   (0)      2 :  0.4536 0.5464 
 516      516   (2)      2 :  0.5352 0.4648 
 517      517   (2)      2 :  0.5524 0.4476 
 518      518   (0)      2 :  0.4241 0.5759 
 519      519   (7)      2 :  0.4477 0.5523 
 520      520   (4)      2 :  0.5470 0.4530 
 521      521   (1)      2 :  0.5096 0.4904 
 522      522   (1)      2 :  0.5333 0.4667 
 523      523   (3)      2 :  0.4182 0.5818 
 524      524   (1)      2 :  0.4131 0.5869 
 525      525   (2)      2 :  0.5115 0.4885 
 526      526   (1)      2 :  0.4715 0.5285 
 527      527   (0)      2 :  0.3721 0.6279 
 528      528   (0)      2 :  0.3937 0.6063 
 529      529   (1)      2 :  0.3729 0.6271 
 530      530   (0)      2 :  0.3750 0.6250 
 531      531   (0)      2 :  0.4514 0.5486 
 532      532   (1)      2 :  0.3436 0.6564 
 533      533   (2)      2 :  0.3073 0.6927 
 534      534   (2)      2 :  0.4564 0.5436 
 535      535   (0)      2 :  0.4189 0.5811 
 536      536   (0)      2 :  0.3573 0.6427 
 537      537   (0)      2 :  0.3398 0.6602 
 538      538   (0)      2 :  0.4209 0.5791 
 539      539   (1)      2 :  0.4444 0.5556 
 540      540   (6)      2 :  0.4316 0.5684 
 541      541   (1)      2 :  0.4056 0.5944 
 542      542   (1)      2 :  0.5370 0.4630 
 543      543   (0)      2 :  0.5669 0.4331 
 544      544   (2)      2 :  0.4114 0.5886 
 545      545   (1)      2 :  0.7099 0.2901 
 546      546   (6)      2 :  0.2960 0.7040 
 547      547   (0)      2 :  0.5516 0.4484 
 548      548   (1)      2 :  0.5127 0.4873 
 549      549   (0)      2 :  0.4390 0.5610 
 550      550   (1)      2 :  0.7433 0.2567 
 551      551   (1)      2 :  0.4088 0.5912 
 552      552   (2)      2 :  0.5209 0.4791 
 553      553   (7)      2 :  0.4590 0.5410 
 554      554   (2)      2 :  0.3719 0.6281 
 555      555   (3)      2 :  0.3866 0.6134 
 556      556   (0)      2 :  0.4547 0.5453 
 557      557   (1)      2 :  0.6594 0.3406 
 558      558   (0)      2 :  0.5148 0.4852 
 559      559   (0)      2 :  0.3545 0.6455 
 560      560   (5)      2 :  0.4779 0.5221 
 561      561   (0)      2 :  0.3724 0.6276 
 562      562   (6)      2 :  0.3816 0.6184 
 563      563   (2)      2 :  0.4268 0.5732 
 564      564   (3)      2 :  0.5678 0.4322 
 565      565   (3)      2 :  0.4756 0.5244 
 566      566   (1)      2 :  0.4630 0.5370 
 567      567   (0)      2 :  0.3677 0.6323 
 568      568   (3)      2 :  0.4939 0.5061 
 569      569   (2)      2 :  0.4124 0.5876 
 570      570   (0)      2 :  0.4857 0.5143 
 571      571   (1)      2 :  0.3386 0.6614 
 572      572   (4)      2 :  0.4072 0.5928 
 573      573   (3)      2 :  0.6427 0.3573 
 574      574   (5)      2 :  0.5507 0.4493 
 575      575   (3)      2 :  0.3367 0.6633 
 576      576   (0)      2 :  0.4516 0.5484 
 577      577   (0)      2 :  0.8015 0.1985 
 578      578   (1)      2 :  0.4120 0.5880 
 579      579   (0)      2 :  0.7470 0.2530 
 580      580   (0)      2 :  0.2749 0.7251 
 581      581   (3)      2 :  0.4471 0.5529 
 582      582   (6)      2 :  0.3529 0.6471 
 583      583   (3)      2 :  0.3496 0.6504 
 584      584   (3)      2 :  0.4288 0.5712 
 585      585   (1)      2 :  0.4711 0.5289 
 586      586   (1)      2 :  0.2943 0.7057 
 587      587   (0)      2 :  0.8489 0.1511 
 588      588   (0)      2 :  0.5363 0.4637 
 589      589   (1)      2 :  0.4600 0.5400 
 590      590   (2)      2 :  0.2111 0.7889 
 591      591   (0)      2 :  0.4288 0.5712 
 592      592   (3)      2 :  0.4695 0.5305 
 593      593   (0)      2 :  0.4932 0.5068 
 594      594   (1)      2 :  0.3959 0.6041 
 595      595   (0)      2 :  0.4581 0.5419 
 596      596   (1)      2 :  0.4824 0.5176 
 597      597   (0)      2 :  0.4314 0.5686 
 598      598   (1)      2 :  0.4529 0.5471 
 599      599   (0)      2 :  0.4485 0.5515 
 600      600   (0)      2 :  0.3768 0.6232 
 601      601   (0)      2 :  0.3448 0.6552 
 602      602   (0)      2 :  0.4921 0.5079 
 603      603   (0)      2 :  0.3457 0.6543 
 604      604   (0)      2 :  0.4068 0.5932 
 605      605   (0)      2 :  0.3375 0.6625 
 606      606   (0)      2 :  0.4399 0.5601 
 607      607   (0)      2 :  0.4351 0.5649 
 608      608   (0)      2 :  0.3558 0.6442 
 609      609   (0)      2 :  0.4069 0.5931 
 610      610   (4)      2 :  0.7740 0.2260 
 611      611   (0)      2 :  0.5713 0.4287 
 612      612   (2)      2 :  0.4119 0.5881 
 613      613   (0)      2 :  0.4475 0.5525 
 614      614   (0)      2 :  0.5553 0.4447 
 615      615   (0)      2 :  0.2598 0.7402 
 616      616   (0)      2 :  0.4966 0.5034 
 617      617   (0)      2 :  0.3833 0.6167 
 618      618   (0)      2 :  0.5349 0.4651 
 619      619   (0)      2 :  0.3270 0.6730 
 620      620   (0)      2 :  0.5051 0.4949 
 621      621   (1)      2 :  0.4641 0.5359 
 622      622   (2)      2 :  0.4223 0.5777 
 623      623   (1)      2 :  0.4639 0.5361 
 624      624   (2)      2 :  0.4552 0.5448 
 625      625   (0)      2 :  0.5194 0.4806 
 626      626   (6)      2 :  0.3935 0.6065 
 627      627   (0)      2 :  0.4891 0.5109 
 628      628   (0)      2 :  0.8700 0.1300 
 629      629   (1)      2 :  0.5041 0.4959 
 630      630   (1)      2 :  0.3256 0.6744 
 631      631   (3)      2 :  0.3843 0.6157 
 632      632   (0)      2 :  0.3438 0.6562 
 633      633   (4)      2 :  0.3936 0.6064 
 634      634   (2)      2 :  0.5913 0.4087 
 635      635   (0)      2 :  0.2967 0.7033 
 636      636   (0)      2 :  0.6525 0.3475 
 637      637   (0)      2 :  0.4811 0.5189 
 638      638   (0)      2 :  0.4025 0.5975 
 639      639   (1)      2 :  0.4924 0.5076 
 640      640   (1)      2 :  0.6237 0.3763 
 641      641   (0)      2 :  0.5718 0.4282 
 642      642   (3)      2 :  0.5113 0.4887 
 643      643   (1)      2 :  0.3818 0.6182 
 644      644   (7)      2 :  0.2926 0.7074 
 645      645   (4)      2 :  0.4850 0.5150 
 646      646   (0)      2 :  0.3281 0.6719 
 647      647   (1)      2 :  0.4007 0.5993 
 648      648   (1)      2 :  0.4607 0.5393 
 649      649   (0)      2 :  0.3987 0.6013 
 650      650   (1)      2 :  0.2965 0.7035 
 651      651   (5)      2 :  0.7859 0.2141 
 652      652   (1)      2 :  0.4906 0.5094 
 653      653   (3)      2 :  0.4479 0.5521 
 654      654   (1)      2 :  0.5015 0.4985 
 655      655   (2)      2 :  0.5856 0.4144 
 656      656   (0)      2 :  0.3631 0.6369 
 657      657   (0)      2 :  0.3850 0.6150 
 658      658   (0)      2 :  0.4079 0.5921 
 659      659   (5)      2 :  0.2283 0.7717 
 660      660   (3)      2 :  0.4892 0.5108 
 661      661   (2)      2 :  0.2947 0.7053 
 662      662   (1)      2 :  0.4619 0.5381 
 663      663   (2)      2 :  0.5793 0.4207 
 664      664   (0)      2 :  0.4025 0.5975 
 665      665   (0)      2 :  0.4606 0.5394 
 666      666   (0)      2 :  0.7695 0.2305 
 667      667   (0)      2 :  0.5942 0.4058 
 668      668   (2)      2 :  0.5739 0.4261 
 669      669   (4)      2 :  0.4883 0.5117 
 670      670   (6)      2 :  0.4321 0.5679 
 671      671   (3)      2 :  0.3692 0.6308 
 672      672   (0)      2 :  0.2980 0.7020 
 673      673   (4)      2 :  0.3298 0.6702 
 674      674   (0)      2 :  0.4745 0.5255 
 675      675   (0)      2 :  0.3665 0.6335 
 676      676   (1)      2 :  0.3830 0.6170 
 677      677   (3)      2 :  0.5737 0.4263 
 678      678   (6)      2 :  0.3555 0.6445 
 679      679   (1)      2 :  0.5537 0.4463 
 680      680   (1)      2 :  0.3916 0.6084 
 681      681   (1)      2 :  0.5669 0.4331 
 682      682   (1)      2 :  0.6367 0.3633 
 683      683   (0)      2 :  0.4738 0.5262 
 684      684   (0)      2 :  0.3687 0.6313 
 685      685   (0)      2 :  0.4093 0.5907 
 686      686   (0)      2 :  0.3428 0.6572 
 687      687   (3)      2 :  0.3819 0.6181 
 688      688   (1)      2 :  0.5861 0.4139 
 689      689   (1)      2 :  0.6620 0.3380 
 690      690   (5)      2 :  0.4776 0.5224 
 691      691   (5)      2 :  0.5513 0.4487 
 692      692   (0)      2 :  0.5833 0.4167 
 693      693   (2)      2 :  0.3431 0.6569 
 694      694   (0)      2 :  0.3035 0.6965 
 695      695   (0)      2 :  0.5909 0.4091 
 696      696   (0)      2 :  0.3447 0.6553 
 697      697   (2)      2 :  0.4495 0.5505 
 698      698   (0)      2 :  0.2631 0.7369 
 699      699   (1)      2 :  0.4606 0.5394 
 700      700   (0)      2 :  0.4799 0.5201 
 701      701   (0)      2 :  0.4268 0.5732 
 702      702   (1)      2 :  0.5907 0.4093 
 703      703   (1)      2 :  0.5942 0.4058 
 704      704   (0)      2 :  0.6680 0.3320 
 705      705   (0)      2 :  0.3715 0.6285 
 706      706   (0)      2 :  0.6139 0.3861 
 707      707   (1)      2 :  0.3989 0.6011 
 708      708   (1)      2 :  0.5095 0.4905 
 709      709   (0)      2 :  0.6064 0.3936 
 710      710   (0)      2 :  0.4372 0.5628 
 711      711   (0)      2 :  0.5413 0.4587 
 712      712   (1)      2 :  0.4250 0.5750 
 713      713   (0)      2 :  0.4536 0.5464 
 714      714   (0)      2 :  0.4843 0.5157 
 715      715   (0)      2 :  0.5003 0.4997 
 716      716   (0)      2 :  0.6670 0.3330 
 717      717   (1)      2 :  0.4294 0.5706 
 718      718   (1)      2 :  0.3788 0.6212 
 719      719   (7)      2 :  0.2620 0.7380 
 720      720   (2)      2 :  0.4640 0.5360 
 721      721   (1)      2 :  0.4094 0.5906 
 722      722   (0)      2 :  0.4077 0.5923 
 723      723   (1)      2 :  0.3832 0.6168 
 724      724   (0)      2 :  0.6596 0.3404 
 725      725   (0)      2 :  0.3923 0.6077 
 726      726   (0)      2 :  0.3858 0.6142 
 727      727   (1)      2 :  0.4301 0.5699 
 728      728   (0)      2 :  0.5362 0.4638 
 729      729   (1)      2 :  0.4242 0.5758 
 730      730   (0)      2 :  0.4820 0.5180 
 731      731   (2)      2 :  0.7235 0.2765 
 732      732   (1)      2 :  0.5575 0.4425 
 733      733   (0)      2 :  0.3760 0.6240 
 734      734   (0)      2 :  0.4015 0.5985 
 735      735   (0)      2 :  0.3548 0.6452 
 736      736   (0)      2 :  0.5317 0.4683 
 737      737   (0)      2 :  0.4933 0.5067 
 738      738   (0)      2 :  0.5523 0.4477 
 739      739   (0)      2 :  0.4902 0.5098 
 740      740   (0)      2 :  0.2415 0.7585 
 741      741   (0)      2 :  0.5488 0.4512 
 742      742   (0)      2 :  0.4513 0.5487 
 743      743   (0)      2 :  0.4280 0.5720 
 744      744   (0)      2 :  0.3328 0.6672 
 745      745   (0)      2 :  0.3677 0.6323 
 746      746   (0)      2 :  0.6357 0.3643 
 747      747   (0)      2 :  0.8291 0.1709 
 748      748   (2)      2 :  0.5232 0.4768 
 749      749   (5)      2 :  0.5532 0.4468 
 750      750   (1)      2 :  0.4628 0.5372 
 751      751   (0)      2 :  0.5798 0.4202 
 752      752   (3)      2 :  0.2925 0.7075 
 753      753   (0)      2 :  0.3022 0.6978 
 754      754   (0)      2 :  0.4000 0.6000 
 755      755   (0)      2 :  0.3486 0.6514 
 756      756   (0)      2 :  0.5550 0.4450 
 757      757   (0)      2 :  0.4319 0.5681 
 758      758   (1)      2 :  0.5147 0.4853 
 759      759   (0)      2 :  0.4702 0.5298 
 760      760   (0)      2 :  0.6046 0.3954 
 761      761   (0)      2 :  0.2633 0.7367 
 762      762   (0)      2 :  0.3535 0.6465 
 763      763   (0)      2 :  0.5337 0.4663 
 764      764   (0)      4 :  0.4206 0.5794 
 765      765   (0)      2 :  0.4694 0.5306 
 766      766   (0)      4 :  0.3250 0.6750 
 767      767   (0)      4 :  0.2926 0.7074 
 768      768   (0)      4 :  0.4381 0.5619 
 769      769   (0)      2 :  0.4061 0.5939 
 770      770   (0)      4 :  0.4018 0.5982 
 771      771   (1)      3 :  0.3641 0.6359 
 772      772   (0)      2 :  0.4131 0.5869 
 773      773   (0)      3 :  0.5215 0.4785 
 774      774   (0)      3 :  0.3705 0.6295 
 775      775   (0)      3 :  0.3123 0.6877 
 776      776   (0)      3 :  0.4569 0.5431 
 777      777   (0)      3 :  0.3418 0.6582 
 778      778   (3)      4 :  0.5642 0.4358 
 779      779   (1)      2 :  0.4805 0.5195 
 780      780   (0)      4 :  0.4296 0.5704 
 781      781   (0)      4 :  0.3664 0.6336 
 782      782   (0)      4 :  0.4599 0.5401 
 783      783   (0)      4 :  0.5575 0.4425 
 784      784   (0)      2 :  0.6834 0.3166 
 785      785   (0)      4 :  0.4116 0.5884 
 786      786   (0)      3 :  0.5869 0.4131 
 787      787   (0)      3 :  0.3722 0.6278 
 788      788   (0)      3 :  0.2831 0.7169 
 789      789   (0)      3 :  0.4370 0.5630 
 790      790   (1)      3 :  0.3986 0.6014 
 791      791   (0)      3 :  0.3734 0.6266 
 792      792   (2)      4 :  0.3438 0.6562 
 793      793   (4)      4 :  0.4423 0.5577 
 794      794   (0)      4 :  0.2441 0.7559 
 795      795   (2)      4 :  0.5125 0.4875 
 796      796   (0)      4 :  0.4431 0.5569 
 797      797   (1)      2 :  0.5774 0.4226 
 798      798   (0)      4 :  0.5146 0.4854 
 799      799   (1)      3 :  0.4709 0.5291 
 800      800   (0)      2 :  0.4428 0.5572 
 801      801   (1)      3 :  0.3304 0.6696 
 802      802   (1)      3 :  0.5356 0.4644 
 803      803   (0)      3 :  0.3332 0.6668 
 804      804   (0)      3 :  0.3056 0.6944 
 805      805   (0)      4 :  0.4658 0.5342 
 806      806   (1)      4 :  0.3167 0.6833 
 807      807   (0)      4 :  0.4606 0.5394 
 808      808   (0)      4 :  0.4537 0.5463 
 809      809   (0)      2 :  0.4467 0.5533 
 810      810   (0)      4 :  0.4139 0.5861 
 811      811   (0)      2 :  0.4501 0.5499 
 812      812   (1)      3 :  0.3687 0.6313 
 813      813   (0)      3 :  0.1957 0.8043 
 814      814   (0)      3 :  0.4963 0.5037 
 815      815   (0)      3 :  0.4127 0.5873 
 816      816   (0)      3 :  0.3945 0.6055 
 817      817   (6)      4 :  0.4423 0.5577 
 818      818   (0)      2 :  0.6482 0.3518 
 819      819   (2)      4 :  0.3798 0.6202 
 820      820   (1)      4 :  0.3840 0.6160 
 821      821   (2)      4 :  0.4890 0.5110 
 822      822   (0)      4 :  0.4193 0.5807 
 823      823   (0)      2 :  0.4846 0.5154 
 824      824   (0)      4 :  0.4111 0.5889 
 825      825   (0)      2 :  0.7839 0.2161 
 826      826   (1)      3 :  0.2596 0.7404 
 827      827   (0)      2 :  0.7705 0.2295 
 828      828   (0)      3 :  0.3915 0.6085 
 829      829   (0)      3 :  0.4143 0.5857 
 830      830   (0)      3 :  0.4513 0.5487 
 831      831   (0)      3 :  0.2962 0.7038 
 832      832   (0)      4 :  0.4561 0.5439 
 833      833   (0)      2 :  0.3256 0.6744 
 834      834   (2)      4 :  0.3870 0.6130 
 835      835   (0)      4 :  0.4542 0.5458 
 836      836   (4)      4 :  0.3619 0.6381 
 837      837   (0)      4 :  0.4724 0.5276 
 838      838   (0)      2 :  0.5315 0.4685 
 839      839   (0)      2 :  0.4974 0.5026 
 840      840   (1)      3 :  0.4772 0.5228 
 841      841   (0)      3 :  0.4298 0.5702 
 842      842   (0)      3 :  0.1647 0.8353 
 843      843   (1)      3 :  0.2917 0.7083 
 844      844   (0)      3 :  0.2790 0.7210 
 845      845   (1)      2 :  0.3452 0.6548 
 846      846   (2)      4 :  0.4013 0.5987 
 847      847   (0)      4 :  0.4620 0.5380 
 848      848   (1)      4 :  0.4374 0.5626 
 849      849   (0)      4 :  0.4535 0.5465 
 850      850   (0)      3 :  0.5003 0.4997 
 851      851   (0)      3 :  0.3564 0.6436 
 852      852   (0)      3 :  0.2828 0.7172 
 853      853   (1)      3 :  0.3720 0.6280 
 854      854   (1)      3 :  0.2070 0.7930 
 855      855   (0)      2 :  0.6425 0.3575 
 856      856   (0)      4 :  0.3375 0.6625 
 857      857   (0)      4 :  0.3658 0.6342 
 858      858   (0)      4 :  0.4098 0.5902 
 859      859   (0)      2 :  0.5306 0.4694 
 860      860   (0)      2 :  0.3959 0.6041 
 861      861   (0)      3 :  0.3549 0.6451 
 862      862   (0)      3 :  0.4184 0.5816 
 863      863   (0)      3 :  0.1853 0.8147 
 864      864   (0)      3 :  0.2715 0.7285 
 865      865   (0)      3 :  0.3105 0.6895 
 866      866   (0)      2 :  0.6917 0.3083 
 867      867   (0)      2 :  0.6083 0.3917 
 868      868   (0)      2 :  0.4373 0.5627 
 869      869   (0)      2 :  0.8100 0.1900 
 870      870   (0)      2 :  0.3486 0.6514 
 871      871   (0)      2 :  0.5190 0.4810 
 872      872   (0)      2 :  0.4101 0.5899 
 873      873   (0)      2 :  0.5329 0.4671 
 874      874   (0)      2 :  0.8117 0.1883 
 875      875   (0)      2 :  0.7180 0.2820 
 876      876   (1)      2 :  0.7854 0.2146 
 877      877   (0)      2 :  0.4145 0.5855 
 878      878   (0)      2 :  0.4143 0.5857 
 879      879   (0)      2 :  0.3688 0.6312 
 880      880   (0)      2 :  0.4644 0.5356 
 881      881   (0)      2 :  0.6175 0.3825 
 882      882   (1)      2 :  0.6426 0.3574 
 883      883   (0)      2 :  0.5133 0.4867 
 884      884   (3)      2 :  0.6401 0.3599 
 885      885   (0)      2 :  0.3489 0.6511 
 886      886   (0)      2 :  0.8167 0.1833 
 887      887   (0)      2 :  0.3741 0.6259 
 888      888   (0)      2 :  0.4087 0.5913 
 889      889   (0)      2 :  0.5752 0.4248 
 890      890   (0)      2 :  0.4335 0.5665 
 891      891   (0)      2 :  0.4448 0.5552 
 892      892   (0)      2 :  0.4976 0.5024 
 893      893   (0)      2 :  0.5133 0.4867 
 894      894   (0)      2 :  0.3021 0.6979 
 895      895   (0)      2 :  0.3133 0.6867 
 896      896   (0)      2 :  0.3765 0.6235 
 897      897   (6)      2 :  0.8096 0.1904 
 898      898   (1)      2 :  0.4078 0.5922 
 899      899   (0)      2 :  0.4605 0.5395 
 900      900   (0)      2 :  0.3020 0.6980 
 901      901   (0)      2 :  0.5354 0.4646 
 902      902   (1)      2 :  0.6292 0.3708 
 903      903   (0)      2 :  0.6420 0.3580 
 904      904   (1)      2 :  0.3670 0.6330 
 905      905   (0)      2 :  0.5415 0.4585 
 906      906   (0)      2 :  0.3431 0.6569 
 907      907   (0)      2 :  0.3617 0.6383 
 908      908   (0)      2 :  0.6396 0.3604 
 909      909   (1)      2 :  0.8551 0.1449 
 910      910   (2)      2 :  0.3140 0.6860 
 911      911   (1)      2 :  0.3539 0.6461 
 912      912   (0)      2 :  0.3980 0.6020 
 913      913   (0)      2 :  0.7883 0.2117 
 914      914   (0)      2 :  0.4579 0.5421 
 915      915   (0)      2 :  0.5003 0.4997 
 916      916   (0)      2 :  0.4783 0.5217 
 917      917   (0)      2 :  0.6868 0.3132 
 918      918   (0)      2 :  0.6668 0.3332 
 919      919   (0)      2 :  0.7974 0.2026 
 920      920   (0)      2 :  0.4307 0.5693 
 921      921   (1)      2 :  0.3395 0.6605 
 922      922   (0)      2 :  0.3505 0.6495 
 923      923   (0)      2 :  0.4685 0.5315 
 924      924   (0)      2 :  0.4286 0.5714 
 925      925   (0)      2 :  0.6008 0.3992 
 926      926   (0)      2 :  0.7972 0.2028 
 927      927   (1)      2 :  0.5989 0.4011 
 928      928   (0)      2 :  0.7838 0.2162 
 929      929   (0)      2 :  0.8252 0.1748 
 930      930   (0)      2 :  0.4610 0.5390 
 931      931   (0)      2 :  0.7516 0.2484 
 932      932   (0)      2 :  0.8074 0.1926 
 933      933   (0)      2 :  0.4042 0.5958 
 934      934   (0)      2 :  0.4870 0.5130 
 935      935   (0)      2 :  0.4732 0.5268 
 936      936   (1)      2 :  0.7729 0.2271 
 937      937   (1)      2 :  0.5264 0.4736 
 938      938   (0)      2 :  0.5345 0.4655 
 939      939   (0)      2 :  0.8023 0.1977 
 940      940   (1)      2 :  0.5585 0.4415 
 941      941   (0)      2 :  0.6724 0.3276 
 942      942   (0)      2 :  0.7564 0.2436 
 943      943   (0)      2 :  0.2327 0.7673 
 944      944   (0)      2 :  0.8041 0.1959 
 945      945   (0)      2 :  0.5175 0.4825 
 946      946   (0)      2 :  0.3568 0.6432 
 947      947   (0)      2 :  0.6460 0.3540 
 948      948   (0)      2 :  0.3564 0.6436 
 949      949   (0)      2 :  0.7766 0.2234 
 950      950   (0)      2 :  0.3946 0.6054 
 951      951   (0)      2 :  0.3345 0.6655 
 952      952   (0)      2 :  0.4031 0.5969 
 953      953   (0)      2 :  0.5307 0.4693 
 954      954   (0)      2 :  0.6853 0.3147 
 955      955   (0)      2 :  0.5843 0.4157 
 956      956   (0)      2 :  0.4130 0.5870 
 957      957   (1)      2 :  0.3336 0.6664 
 958      958   (0)      2 :  0.4646 0.5354 
 959      959   (4)      2 :  0.6539 0.3461 
 960      960   (0)      2 :  0.8082 0.1918 
 961      961   (1)      2 :  0.8614 0.1386 
 962      962   (0)      2 :  0.6245 0.3755 
 963      963   (0)      2 :  0.5048 0.4952 
 964      964   (0)      2 :  0.4674 0.5326 
 965      965   (0)      2 :  0.4256 0.5744 
 966      966   (0)      2 :  0.8210 0.1790 
 967      967   (0)      2 :  0.3842 0.6158 
 968      968   (0)      2 :  0.3950 0.6050 
 969      969   (0)      2 :  0.4464 0.5536 
 970      970   (0)      2 :  0.6156 0.3844 
 971      971   (0)      2 :  0.6577 0.3423 
 972      972   (0)      2 :  0.6362 0.3638 
 973      973   (0)      2 :  0.4026 0.5974 
 974      974   (5)      2 :  0.4862 0.5138 
 975      975   (0)      2 :  0.3807 0.6193 
 976      976   (0)      2 :  0.3875 0.6125 
 977      977   (0)      2 :  0.7563 0.2437 
 978      978   (0)      2 :  0.8663 0.1337 
 979      979   (0)      2 :  0.8127 0.1873 
 980      980   (0)      2 :  0.5291 0.4709 
 981      981   (0)      2 :  0.7982 0.2018 
 982      982   (3)      2 :  0.7347 0.2653 
 983      983   (0)      2 :  0.4407 0.5593 
 984      984   (0)      2 :  0.6082 0.3918 
 985      985   (0)      2 :  0.3542 0.6458 
 986      986   (0)      2 :  0.3931 0.6069 
 987      987   (1)      2 :  0.3844 0.6156 
 988      988   (0)      2 :  0.7861 0.2139 
 989      989   (0)      2 :  0.4837 0.5163 
 990      990   (0)      2 :  0.4479 0.5521 
 991      991   (0)      2 :  0.8184 0.1816 
 992      992   (0)      2 :  0.4269 0.5731 
 993      993   (0)      2 :  0.4960 0.5040 
 994      994   (1)      2 :  0.4867 0.5133 
 995      995   (1)      2 :  0.6300 0.3700 
 996      996   (0)      2 :  0.5539 0.4461 
 997      997   (1)      2 :  0.8644 0.1356 
 998      998   (0)      2 :  0.5565 0.4435 
 999      999   (1)      2 :  0.7406 0.2594 
1000     1000   (0)      2 :  0.4382 0.5618 
