1        1   (0)      1  : 0.7371 0.2629
2        2   (0)      1  : 0.5147 0.4853
3        3   (0)      1  : 0.5409 0.4591
4        4   (0)      1  : 0.6680 0.3320
5        5   (1)      1  : 0.1224 0.8776
6        6   (0)      1  : 0.4469 0.5531
7        7   (0)      1  : 0.4484 0.5516
8        8   (0)      1  : 0.7216 0.2784
9        9   (0)      1  : 0.4342 0.5658
10       10   (0)      1  : 0.3712 0.6288
11       11   (0)      1  : 0.5662 0.4338
12       12   (0)      1  : 0.5029 0.4971
13       13   (0)      1  : 0.6446 0.3554
14       14   (0)      1  : 0.3411 0.6589
15       15   (0)      1  : 0.3609 0.6391
16       16   (0)      1  : 0.5107 0.4893
17       17   (0)      1  : 0.5194 0.4806
18       18   (2)      1  : 0.6614 0.3386
19       19   (1)      1  : 0.5782 0.4218
20       20   (0)      1  : 0.4401 0.5599
21       21   (1)      1  : 0.4375 0.5625
22       22   (0)      1  : 0.5537 0.4463
23       23   (0)      1  : 0.3934 0.6066
24       24   (0)      1  : 0.7380 0.2620
25       25   (0)      1  : 0.4414 0.5586
26       26   (0)      1  : 0.5038 0.4962
27       27   (1)      1  : 0.5426 0.4574
28       28   (0)      1  : 0.6208 0.3792
29       29   (0)      1  : 0.5493 0.4507
30       30   (0)      1  : 0.2691 0.7309
31       31   (0)      1  : 0.5917 0.4083
32       32   (0)      1  : 0.4860 0.5140
33       33   (1)      1  : 0.5319 0.4681
34       34   (0)      1  : 0.3477 0.6523
35       35   (0)      1  : 0.5760 0.4240
36       36   (0)      1  : 0.4623 0.5377
37       37   (0)      1  : 0.4854 0.5146
38       38   (0)      1  : 0.3635 0.6365
39       39   (0)      1  : 0.4952 0.5048
40       40   (0)      1  : 0.3833 0.6167
41       41   (1)      1  : 0.5814 0.4186
42       42   (0)      1  : 0.1971 0.8029
43       43   (0)      1  : 0.5980 0.4020
44       44   (6)      1  : 0.5955 0.4045
45       45   (1)      1  : 0.4147 0.5853
46       46   (0)      1  : 0.5440 0.4560
47       47   (0)      1  : 0.5663 0.4337
48       48   (0)      1  : 0.6096 0.3904
49       49   (0)      1  : 0.6482 0.3518
50       50   (0)      1  : 0.6549 0.3451
51       51   (2)      1  : 0.2504 0.7496
52       52   (0)      1  : 0.1909 0.8091
53       53   (1)      1  : 0.6394 0.3606
54       54   (0)      1  : 0.5519 0.4481
55       55   (3)      1  : 0.5228 0.4772
56       56   (0)      1  : 0.5126 0.4874
57       57   (0)      1  : 0.7049 0.2951
58       58   (0)      1  : 0.2728 0.7272
59       59   (0)      1  : 0.7091 0.2909
60       60   (1)      1  : 0.4783 0.5217
61       61   (0)      1  : 0.5931 0.4069
62       62   (0)      1  : 0.6161 0.3839
63       63   (0)      1  : 0.4723 0.5277
64       64   (2)      1  : 0.5377 0.4623
65       65   (0)      1  : 0.6100 0.3900
66       66   (3)      1  : 0.3787 0.6213
67       67   (0)      1  : 0.6756 0.3244
68       68   (1)      1  : 0.5685 0.4315
69       69   (2)      1  : 0.4281 0.5719
70       70   (0)      1  : 0.6244 0.3756
71       71   (0)      1  : 0.6181 0.3819
72       72   (4)      1  : 0.6407 0.3593
73       73   (0)      1  : 0.4650 0.5350
74       74   (0)      1  : 0.6140 0.3860
75       75   (0)      1  : 0.5149 0.4851
76       76   (0)      1  : 0.5881 0.4119
77       77   (1)      1  : 0.1482 0.8518
78       78   (0)      1  : 0.5981 0.4019
79       79   (2)      1  : 0.5783 0.4217
80       80   (1)      1  : 0.2757 0.7243
81       81   (2)      1  : 0.3527 0.6473
82       82   (1)      1  : 0.7212 0.2788
83       83   (0)      1  : 0.5775 0.4225
84       84   (0)      1  : 0.4386 0.5614
85       85   (5)      1  : 0.6378 0.3622
86       86   (0)      1  : 0.4616 0.5384
87       87   (1)      1  : 0.5837 0.4163
88       88   (0)      2  : 0.2086 0.7914
89       89   (0)      2  : 0.5283 0.4717
90       90   (0)      2  : 0.1676 0.8324
91       91   (1)      2  : 0.7512 0.2488
92       92   (0)      2  : 0.6126 0.3874
93       93   (0)      2  : 0.7435 0.2565
94       94   (0)      2  : 0.4444 0.5556
95       95   (0)      2  : 0.4733 0.5267
96       96   (0)      2  : 0.5316 0.4684
97       97   (0)      2  : 0.4917 0.5083
98       98   (0)      2  : 0.6519 0.3481
99       99   (0)      2  : 0.5534 0.4466
100      100   (1)      2  : 0.5705 0.4295
101      101   (0)      2  : 0.3557 0.6443
102      102   (0)      2  : 0.5053 0.4947
103      103   (0)      2  : 0.4687 0.5313
104      104   (0)      2  : 0.6454 0.3546
105      105   (0)      2  : 0.4759 0.5241
106      106   (0)      2  : 0.1574 0.8426
107      107   (1)      2  : 0.5228 0.4772
108      108   (0)      2  : 0.5754 0.4246
109      109   (0)      2  : 0.4110 0.5890
110      110   (0)      2  : 0.4262 0.5738
111      111   (1)      2  : 0.5349 0.4651
112      112   (2)      2  : 0.4953 0.5047
113      113   (0)      2  : 0.2916 0.7084
114      114   (3)      2  : 0.5894 0.4106
115      115   (1)      2  : 0.5798 0.4202
116      116   (0)      2  : 0.4919 0.5081
117      117   (0)      2  : 0.4693 0.5307
118      118   (0)      2  : 0.6882 0.3118
119      119   (2)      2  : 0.5684 0.4316
120      120   (0)      2  : 0.7244 0.2756
121      121   (0)      2  : 0.5706 0.4294
122      122   (0)      2  : 0.5694 0.4306
123      123   (0)      2  : 0.6832 0.3168
124      124   (0)      2  : 0.4765 0.5235
125      125   (0)      2  : 0.5126 0.4874
126      126   (1)      2  : 0.2790 0.7210
127      127   (0)      2  : 0.5922 0.4078
128      128   (1)      2  : 0.5952 0.4048
129      129   (0)      2  : 0.4453 0.5547
130      130   (2)      2  : 0.5544 0.4456
131      131   (0)      2  : 0.5445 0.4555
132      132   (1)      2  : 0.5953 0.4047
133      133   (0)      2  : 0.6446 0.3554
134      134   (0)      2  : 0.5478 0.4522
135      135   (1)      2  : 0.6493 0.3507
136      136   (3)      2  : 0.6078 0.3922
137      137   (0)      2  : 0.4405 0.5595
138      138   (0)      2  : 0.2551 0.7449
139      139   (2)      2  : 0.6617 0.3383
140      140   (2)      2  : 0.5354 0.4646
141      141   (0)      2  : 0.4098 0.5902
142      142   (0)      2  : 0.4139 0.5861
143      143   (0)      2  : 0.5789 0.4211
144      144   (0)      2  : 0.6960 0.3040
145      145   (0)      2  : 0.6091 0.3909
146      146   (1)      2  : 0.5642 0.4358
147      147   (0)      2  : 0.5341 0.4659
148      148   (0)      2  : 0.6805 0.3195
149      149   (1)      2  : 0.5539 0.4461
150      150   (1)      2  : 0.5793 0.4207
151      151   (0)      2  : 0.4948 0.5052
152      152   (0)      2  : 0.5774 0.4226
153      153   (0)      2  : 0.5988 0.4012
154      154   (1)      2  : 0.5456 0.4544
155      155   (0)      2  : 0.5454 0.4546
156      156   (1)      2  : 0.5182 0.4818
157      157   (0)      2  : 0.5472 0.4528
158      158   (0)      2  : 0.7078 0.2922
159      159   (0)      2  : 0.5680 0.4320
160      160   (0)      2  : 0.5653 0.4347
161      161   (0)      2  : 0.6759 0.3241
162      162   (0)      2  : 0.5502 0.4498
163      163   (0)      2  : 0.6069 0.3931
164      164   (0)      2  : 0.6381 0.3619
165      165   (0)      2  : 0.6923 0.3077
166      166   (0)      2  : 0.5638 0.4362
167      167   (1)      2  : 0.5303 0.4697
168      168   (0)      2  : 0.5726 0.4274
169      169   (0)      2  : 0.1441 0.8559
170      170   (0)      2  : 0.5959 0.4041
171      171   (0)      2  : 0.6356 0.3644
172      172   (0)      2  : 0.3945 0.6055
173      173   (0)      2  : 0.1854 0.8146
174      174   (0)      2  : 0.6048 0.3952
175      175   (0)      2  : 0.6200 0.3800
176      176   (0)      2  : 0.5330 0.4670
177      177   (0)      2  : 0.7539 0.2461
178      178   (0)      2  : 0.5455 0.4545
179      179   (0)      2  : 0.6936 0.3064
180      180   (0)      2  : 0.2063 0.7937
181      181   (0)      2  : 0.5476 0.4524
182      182   (0)      2  : 0.4820 0.5180
183      183   (0)      2  : 0.6311 0.3689
184      184   (0)      2  : 0.3220 0.6780
185      185   (1)      2  : 0.7420 0.2580
186      186   (0)      2  : 0.5709 0.4291
187      187   (0)      2  : 0.6324 0.3676
188      188   (0)      2  : 0.6488 0.3512
189      189   (0)      2  : 0.4825 0.5175
190      190   (0)      2  : 0.6224 0.3776
191      191   (0)      2  : 0.6425 0.3575
192      192   (0)      2  : 0.5942 0.4058
193      193   (1)      2  : 0.4693 0.5307
194      194   (0)      2  : 0.6947 0.3053
195      195   (0)      2  : 0.2377 0.7623
196      196   (0)      2  : 0.5690 0.4310
197      197   (0)      2  : 0.5752 0.4248
198      198   (0)      2  : 0.2513 0.7487
199      199   (0)      2  : 0.6516 0.3484
200      200   (0)      2  : 0.5523 0.4477
201      201   (0)      2  : 0.6588 0.3412
202      202   (0)      2  : 0.7744 0.2256
203      203   (0)      2  : 0.6131 0.3869
204      204   (0)      2  : 0.5998 0.4002
205      205   (0)      2  : 0.4998 0.5002
206      206   (0)      2  : 0.1930 0.8070
207      207   (0)      2  : 0.4229 0.5771
208      208   (0)      2  : 0.6036 0.3964
209      209   (0)      2  : 0.3444 0.6556
210      210   (0)      2  : 0.1739 0.8261
211      211   (0)      2  : 0.4803 0.5197
212      212   (1)      2  : 0.4978 0.5022
213      213   (1)      2  : 0.6054 0.3946
214      214   (0)      2  : 0.5622 0.4378
215      215   (0)      2  : 0.6525 0.3475
216      216   (0)      2  : 0.2217 0.7783
217      217   (0)      2  : 0.3837 0.6163
218      218   (0)      2  : 0.6281 0.3719
219      219   (0)      2  : 0.4851 0.5149
220      220   (0)      2  : 0.7568 0.2432
221      221   (0)      2  : 0.4128 0.5872
222      222   (0)      2  : 0.6230 0.3770
223      223   (0)      2  : 0.5733 0.4267
224      224   (0)      2  : 0.6493 0.3507
225      225   (0)      2  : 0.1441 0.8559
226      226   (0)      2  : 0.4372 0.5628
227      227   (1)      2  : 0.1795 0.8205
228      228   (0)      2  : 0.5979 0.4021
229      229   (1)      2  : 0.6411 0.3589
230      230   (0)      2  : 0.4489 0.5511
231      231   (0)      2  : 0.4970 0.5030
232      232   (1)      2  : 0.5824 0.4176
233      233   (0)      2  : 0.4666 0.5334
234      234   (0)      2  : 0.1729 0.8271
235      235   (0)      2  : 0.2983 0.7017
236      236   (1)      2  : 0.6157 0.3843
237      237   (0)      2  : 0.5881 0.4119
238      238   (0)      2  : 0.5008 0.4992
239      239   (0)      2  : 0.5474 0.4526
240      240   (0)      2  : 0.5757 0.4243
241      241   (0)      2  : 0.5084 0.4916
242      242   (0)      2  : 0.6899 0.3101
243      243   (0)      2  : 0.6015 0.3985
244      244   (0)      2  : 0.5748 0.4252
245      245   (0)      2  : 0.1426 0.8574
246      246   (0)      2  : 0.4571 0.5429
247      247   (0)      2  : 0.3353 0.6647
248      248   (0)      2  : 0.3336 0.6664
249      249   (0)      2  : 0.5242 0.4758
250      250   (0)      2  : 0.5281 0.4719
251      251   (0)      2  : 0.5705 0.4295
252      252   (0)      2  : 0.6040 0.3960
253      253   (0)      2  : 0.5154 0.4846
254      254   (0)      2  : 0.5608 0.4392
255      255   (0)      2  : 0.6297 0.3703
256      256   (0)      2  : 0.4142 0.5858
257      257   (0)      2  : 0.5016 0.4984
258      258   (0)      1  : 0.4810 0.5190
259      259   (1)      1  : 0.3467 0.6533
260      260   (0)      1  : 0.6605 0.3395
261      261   (0)      1  : 0.5451 0.4549
262      262   (0)      1  : 0.5155 0.4845
263      263   (0)      1  : 0.5892 0.4108
264      264   (0)      1  : 0.5453 0.4547
265      265   (0)      1  : 0.6009 0.3991
266      266   (0)      1  : 0.6523 0.3477
267      267   (0)      1  : 0.4849 0.5151
268      268   (1)      1  : 0.4772 0.5228
269      269   (1)      1  : 0.4786 0.5214
270      270   (0)      1  : 0.6184 0.3816
271      271   (0)      1  : 0.3941 0.6059
272      272   (0)      1  : 0.4223 0.5777
273      273   (0)      1  : 0.6389 0.3611
274      274   (0)      1  : 0.2150 0.7850
275      275   (0)      1  : 0.5082 0.4918
276      276   (0)      1  : 0.5248 0.4752
277      277   (0)      1  : 0.5018 0.4982
278      278   (0)      1  : 0.3910 0.6090
279      279   (0)      1  : 0.4435 0.5565
280      280   (0)      1  : 0.5012 0.4988
281      281   (0)      1  : 0.5641 0.4359
282      282   (0)      1  : 0.4837 0.5163
283      283   (0)      1  : 0.5611 0.4389
284      284   (0)      1  : 0.6631 0.3369
285      285   (0)      1  : 0.6127 0.3873
286      286   (0)      1  : 0.6764 0.3236
287      287   (0)      1  : 0.1127 0.8873
288      288   (0)      1  : 0.2347 0.7653
289      289   (0)      1  : 0.4780 0.5220
290      290   (1)      1  : 0.1360 0.8640
291      291   (0)      1  : 0.3794 0.6206
292      292   (1)      1  : 0.4527 0.5473
293      293   (0)      1  : 0.6581 0.3419
294      294   (0)      1  : 0.3763 0.6237
295      295   (0)      1  : 0.6446 0.3554
296      296   (0)      1  : 0.6283 0.3717
297      297   (0)      1  : 0.2310 0.7690
298      298   (0)      1  : 0.6259 0.3741
299      299   (0)      1  : 0.4529 0.5471
300      300   (0)      1  : 0.6059 0.3941
301      301   (0)      1  : 0.1718 0.8282
302      302   (0)      1  : 0.3373 0.6627
303      303   (0)      1  : 0.4914 0.5086
304      304   (0)      1  : 0.4618 0.5382
305      305   (0)      1  : 0.6037 0.3963
306      306   (0)      1  : 0.2360 0.7640
307      307   (1)      1  : 0.6675 0.3325
308      308   (0)      1  : 0.4934 0.5066
309      309   (1)      1  : 0.1897 0.8103
310      310   (0)      1  : 0.3899 0.6101
311      311   (0)      1  : 0.3454 0.6546
312      312   (0)      1  : 0.6080 0.3920
313      313   (0)      1  : 0.6808 0.3192
314      314   (0)      1  : 0.6178 0.3822
315      315   (0)      1  : 0.5319 0.4681
316      316   (0)      1  : 0.6063 0.3937
317      317   (0)      1  : 0.6143 0.3857
318      318   (0)      1  : 0.6825 0.3175
319      319   (1)      1  : 0.7235 0.2765
320      320   (0)      1  : 0.7578 0.2422
321      321   (0)      1  : 0.6173 0.3827
322      322   (0)      1  : 0.3559 0.6441
323      323   (0)      1  : 0.6194 0.3806
324      324   (0)      1  : 0.6274 0.3726
325      325   (0)      1  : 0.3769 0.6231
326      326   (0)      1  : 0.5652 0.4348
327      327   (0)      1  : 0.6097 0.3903
328      328   (1)      1  : 0.6452 0.3548
329      329   (0)      1  : 0.5454 0.4546
330      330   (0)      1  : 0.5430 0.4570
331      331   (0)      1  : 0.4073 0.5927
332      332   (0)      1  : 0.4622 0.5378
333      333   (0)      1  : 0.4274 0.5726
334      334   (0)      1  : 0.6799 0.3201
335      335   (0)      1  : 0.6046 0.3954
336      336   (0)      1  : 0.4636 0.5364
337      337   (0)      1  : 0.3559 0.6441
338      338   (0)      1  : 0.5073 0.4927
339      339   (0)      1  : 0.5135 0.4865
340      340   (0)      1  : 0.5612 0.4388
341      341   (0)      1  : 0.5747 0.4253
342      342   (0)      1  : 0.4667 0.5333
343      343   (0)      1  : 0.5637 0.4363
344      344   (0)      1  : 0.4661 0.5339
345      345   (1)      1  : 0.4556 0.5444
346      346   (0)      1  : 0.4331 0.5669
347      347   (0)      1  : 0.4726 0.5274
348      348   (0)      1  : 0.4628 0.5372
349      349   (0)      1  : 0.5705 0.4295
350      350   (0)      1  : 0.5173 0.4827
351      351   (0)      1  : 0.4930 0.5070
352      352   (0)      1  : 0.5849 0.4151
353      353   (0)      1  : 0.6132 0.3868
354      354   (0)      1  : 0.4243 0.5757
355      355   (0)      1  : 0.5748 0.4252
356      356   (0)      1  : 0.6126 0.3874
357      357   (0)      1  : 0.4751 0.5249
358      358   (0)      1  : 0.5921 0.4079
359      359   (0)      1  : 0.4066 0.5934
360      360   (0)      1  : 0.4302 0.5698
361      361   (0)      1  : 0.5922 0.4078
362      362   (0)      1  : 0.5792 0.4208
363      363   (0)      1  : 0.4750 0.5250
364      364   (1)      1  : 0.6156 0.3844
365      365   (0)      1  : 0.6748 0.3252
366      366   (0)      1  : 0.6298 0.3702
367      367   (0)      1  : 0.5013 0.4987
368      368   (1)      1  : 0.4969 0.5031
369      369   (0)      1  : 0.4186 0.5814
370      370   (0)      1  : 0.2806 0.7194
371      371   (0)      1  : 0.2116 0.7884
372      372   (2)      1  : 0.1702 0.8298
373      373   (0)      1  : 0.3575 0.6425
374      374   (0)      1  : 0.6520 0.3480
375      375   (0)      1  : 0.5239 0.4761
376      376   (0)      1  : 0.3488 0.6512
377      377   (0)      1  : 0.7025 0.2975
378      378   (0)      1  : 0.6838 0.3162
379      379   (0)      1  : 0.3622 0.6378
380      380   (1)      1  : 0.6749 0.3251
381      381   (0)      1  : 0.4895 0.5105
382      382   (0)      1  : 0.1777 0.8223
383      383   (0)      1  : 0.4285 0.5715
384      384   (0)      1  : 0.4080 0.5920
385      385   (0)      1  : 0.3856 0.6144
386      386   (0)      1  : 0.4820 0.5180
387      387   (0)      1  : 0.3900 0.6100
388      388   (0)      1  : 0.4107 0.5893
389      389   (0)      1  : 0.6224 0.3776
390      390   (0)      1  : 0.6774 0.3226
391      391   (0)      1  : 0.3964 0.6036
392      392   (0)      1  : 0.4239 0.5761
393      393   (0)      1  : 0.5424 0.4576
394      394   (1)      1  : 0.5316 0.4684
395      395   (0)      1  : 0.5573 0.4427
396      396   (0)      1  : 0.5687 0.4313
397      397   (0)      1  : 0.4103 0.5897
398      398   (0)      1  : 0.2840 0.7160
399      399   (0)      1  : 0.4605 0.5395
400      400   (0)      1  : 0.4936 0.5064
401      401   (1)      1  : 0.2012 0.7988
402      402   (0)      1  : 0.6585 0.3415
403      403   (0)      1  : 0.5003 0.4997
404      404   (0)      1  : 0.6651 0.3349
405      405   (0)      1  : 0.4142 0.5858
406      406   (0)      1  : 0.5301 0.4699
407      407   (0)      1  : 0.5516 0.4484
408      408   (0)      1  : 0.5359 0.4641
409      409   (0)      1  : 0.5247 0.4753
410      410   (0)      1  : 0.1594 0.8406
411      411   (0)      1  : 0.3105 0.6895
412      412   (0)      1  : 0.5179 0.4821
413      413   (0)      1  : 0.5769 0.4231
414      414   (0)      1  : 0.3948 0.6052
415      415   (0)      1  : 0.6505 0.3495
416      416   (0)      1  : 0.5333 0.4667
417      417   (0)      1  : 0.6503 0.3497
418      418   (0)      1  : 0.4678 0.5322
419      419   (0)      1  : 0.3693 0.6307
420      420   (0)      1  : 0.6576 0.3424
421      421   (0)      1  : 0.5360 0.4640
422      422   (0)      1  : 0.1739 0.8261
423      423   (0)      1  : 0.5987 0.4013
424      424   (0)      1  : 0.6478 0.3522
425      425   (0)      1  : 0.2124 0.7876
426      426   (0)      1  : 0.5328 0.4672
427      427   (0)      1  : 0.4232 0.5768
428      428   (0)      1  : 0.1540 0.8460
429      429   (0)      1  : 0.6491 0.3509
430      430   (0)      1  : 0.4895 0.5105
431      431   (0)      1  : 0.3342 0.6658
432      432   (0)      1  : 0.2069 0.7931
433      433   (0)      1  : 0.1896 0.8104
434      434   (0)      1  : 0.4012 0.5988
435      435   (0)      1  : 0.6573 0.3427
436      436   (0)      1  : 0.5697 0.4303
437      437   (0)      1  : 0.2822 0.7178
438      438   (0)      1  : 0.3438 0.6562
439      439   (0)      1  : 0.5281 0.4719
440      440   (0)      1  : 0.2473 0.7527
441      441   (0)      1  : 0.6895 0.3105
442      442   (0)      1  : 0.5479 0.4521
443      443   (0)      1  : 0.7320 0.2680
444      444   (0)      1  : 0.4797 0.5203
445      445   (0)      1  : 0.4983 0.5017
446      446   (0)      2  : 0.5872 0.4128
447      447   (0)      2  : 0.5463 0.4537
448      448   (0)      2  : 0.5211 0.4789
449      449   (0)      2  : 0.2863 0.7137
450      450   (0)      2  : 0.2852 0.7148
451      451   (0)      2  : 0.1959 0.8041
452      452   (0)      2  : 0.4428 0.5572
453      453   (0)      2  : 0.6496 0.3504
454      454   (0)      2  : 0.2001 0.7999
455      455   (0)      2  : 0.6150 0.3850
456      456   (0)      2  : 0.1827 0.8173
457      457   (0)      2  : 0.5423 0.4577
458      458   (0)      2  : 0.4872 0.5128
459      459   (0)      2  : 0.6963 0.3037
460      460   (2)      2  : 0.3756 0.6244
461      461   (1)      2  : 0.4328 0.5672
462      462   (3)      2  : 0.3796 0.6204
463      463   (1)      2  : 0.2593 0.7407
464      464   (3)      2  : 0.6415 0.3585
465      465   (3)      2  : 0.5553 0.4447
466      466   (0)      2  : 0.4419 0.5581
467      467   (1)      2  : 0.5860 0.4140
468      468   (0)      2  : 0.5335 0.4665
469      469   (0)      2  : 0.2680 0.7320
470      470   (3)      2  : 0.3057 0.6943
471      471   (1)      2  : 0.4225 0.5775
472      472   (1)      2  : 0.5082 0.4918
473      473   (2)      2  : 0.6335 0.3665
474      474   (0)      2  : 0.6459 0.3541
475      475   (1)      2  : 0.2781 0.7219
476      476   (2)      2  : 0.6924 0.3076
477      477   (3)      2  : 0.5048 0.4952
478      478   (0)      2  : 0.5928 0.4072
479      479   (0)      2  : 0.6515 0.3485
480      480   (0)      2  : 0.4872 0.5128
481      481   (2)      2  : 0.4630 0.5370
482      482   (3)      2  : 0.7031 0.2969
483      483   (3)      2  : 0.5603 0.4397
484      484   (3)      2  : 0.5907 0.4093
485      485   (2)      2  : 0.2772 0.7228
486      486   (2)      2  : 0.3481 0.6519
487      487   (1)      2  : 0.4927 0.5073
488      488   (3)      2  : 0.5605 0.4395
489      489   (0)      2  : 0.6174 0.3826
490      490   (2)      2  : 0.5241 0.4759
491      491   (4)      2  : 0.5146 0.4854
492      492   (4)      2  : 0.6928 0.3072
493      493   (3)      2  : 0.4796 0.5204
494      494   (3)      2  : 0.1679 0.8321
495      495   (3)      2  : 0.4737 0.5263
496      496   (0)      2  : 0.5497 0.4503
497      497   (5)      2  : 0.5126 0.4874
498      498   (3)      2  : 0.4592 0.5408
499      499   (1)      2  : 0.5840 0.4160
500      500   (1)      2  : 0.6543 0.3457
501      501   (3)      2  : 0.3397 0.6603
502      502   (1)      2  : 0.4340 0.5660
503      503   (4)      2  : 0.5277 0.4723
504      504   (1)      2  : 0.3858 0.6142
505      505   (0)      2  : 0.4396 0.5604
506      506   (6)      2  : 0.5822 0.4178
507      507   (0)      2  : 0.4854 0.5146
508      508   (0)      2  : 0.5133 0.4867
509      509   (2)      2  : 0.1934 0.8066
510      510   (1)      2  : 0.6458 0.3542
511      511   (3)      2  : 0.4861 0.5139
512      512   (2)      2  : 0.2336 0.7664
513      513   (7)      2  : 0.4586 0.5414
514      514   (3)      2  : 0.3397 0.6603
515      515   (0)      2  : 0.5464 0.4536
516      516   (2)      2  : 0.4648 0.5352
517      517   (2)      2  : 0.4476 0.5524
518      518   (0)      2  : 0.5759 0.4241
519      519   (7)      2  : 0.5523 0.4477
520      520   (4)      2  : 0.4530 0.5470
521      521   (1)      2  : 0.4904 0.5096
522      522   (1)      2  : 0.4667 0.5333
523      523   (3)      2  : 0.5818 0.4182
524      524   (1)      2  : 0.5869 0.4131
525      525   (2)      2  : 0.4885 0.5115
526      526   (1)      2  : 0.5285 0.4715
527      527   (0)      2  : 0.6279 0.3721
528      528   (0)      2  : 0.6063 0.3937
529      529   (1)      2  : 0.6271 0.3729
530      530   (0)      2  : 0.6250 0.3750
531      531   (0)      2  : 0.5486 0.4514
532      532   (1)      2  : 0.6564 0.3436
533      533   (2)      2  : 0.6927 0.3073
534      534   (2)      2  : 0.5436 0.4564
535      535   (0)      2  : 0.5811 0.4189
536      536   (0)      2  : 0.6427 0.3573
537      537   (0)      2  : 0.6602 0.3398
538      538   (0)      2  : 0.5791 0.4209
539      539   (1)      2  : 0.5556 0.4444
540      540   (6)      2  : 0.5684 0.4316
541      541   (1)      2  : 0.5944 0.4056
542      542   (1)      2  : 0.4630 0.5370
543      543   (0)      2  : 0.4331 0.5669
544      544   (2)      2  : 0.5886 0.4114
545      545   (1)      2  : 0.2901 0.7099
546      546   (6)      2  : 0.7040 0.2960
547      547   (0)      2  : 0.4484 0.5516
548      548   (1)      2  : 0.4873 0.5127
549      549   (0)      2  : 0.5610 0.4390
550      550   (1)      2  : 0.2567 0.7433
551      551   (1)      2  : 0.5912 0.4088
552      552   (2)      2  : 0.4791 0.5209
553      553   (7)      2  : 0.5410 0.4590
554      554   (2)      2  : 0.6281 0.3719
555      555   (3)      2  : 0.6134 0.3866
556      556   (0)      2  : 0.5453 0.4547
557      557   (1)      2  : 0.3406 0.6594
558      558   (0)      2  : 0.4852 0.5148
559      559   (0)      2  : 0.6455 0.3545
560      560   (5)      2  : 0.5221 0.4779
561      561   (0)      2  : 0.6276 0.3724
562      562   (6)      2  : 0.6184 0.3816
563      563   (2)      2  : 0.5732 0.4268
564      564   (3)      2  : 0.4322 0.5678
565      565   (3)      2  : 0.5244 0.4756
566      566   (1)      2  : 0.5370 0.4630
567      567   (0)      2  : 0.6323 0.3677
568      568   (3)      2  : 0.5061 0.4939
569      569   (2)      2  : 0.5876 0.4124
570      570   (0)      2  : 0.5143 0.4857
571      571   (1)      2  : 0.6614 0.3386
572      572   (4)      2  : 0.5928 0.4072
573      573   (3)      2  : 0.3573 0.6427
574      574   (5)      2  : 0.4493 0.5507
575      575   (3)      2  : 0.6633 0.3367
576      576   (0)      2  : 0.5484 0.4516
577      577   (0)      2  : 0.1985 0.8015
578      578   (1)      2  : 0.5880 0.4120
579      579   (0)      2  : 0.2530 0.7470
580      580   (0)      2  : 0.7251 0.2749
581      581   (3)      2  : 0.5529 0.4471
582      582   (6)      2  : 0.6471 0.3529
583      583   (3)      2  : 0.6504 0.3496
584      584   (3)      2  : 0.5712 0.4288
585      585   (1)      2  : 0.5289 0.4711
586      586   (1)      2  : 0.7057 0.2943
587      587   (0)      2  : 0.1511 0.8489
588      588   (0)      2  : 0.4637 0.5363
589      589   (1)      2  : 0.5400 0.4600
590      590   (2)      2  : 0.7889 0.2111
591      591   (0)      2  : 0.5712 0.4288
592      592   (3)      2  : 0.5305 0.4695
593      593   (0)      2  : 0.5068 0.4932
594      594   (1)      2  : 0.6041 0.3959
595      595   (0)      2  : 0.5419 0.4581
596      596   (1)      2  : 0.5176 0.4824
597      597   (0)      2  : 0.5686 0.4314
598      598   (1)      2  : 0.5471 0.4529
599      599   (0)      2  : 0.5515 0.4485
600      600   (0)      2  : 0.6232 0.3768
601      601   (0)      2  : 0.6552 0.3448
602      602   (0)      2  : 0.5079 0.4921
603      603   (0)      2  : 0.6543 0.3457
604      604   (0)      2  : 0.5932 0.4068
605      605   (0)      2  : 0.6625 0.3375
606      606   (0)      2  : 0.5601 0.4399
607      607   (0)      2  : 0.5649 0.4351
608      608   (0)      2  : 0.6442 0.3558
609      609   (0)      2  : 0.5931 0.4069
610      610   (4)      2  : 0.2260 0.7740
611      611   (0)      2  : 0.4287 0.5713
612      612   (2)      2  : 0.5881 0.4119
613      613   (0)      2  : 0.5525 0.4475
614      614   (0)      2  : 0.4447 0.5553
615      615   (0)      2  : 0.7402 0.2598
616      616   (0)      2  : 0.5034 0.4966
617      617   (0)      2  : 0.6167 0.3833
618      618   (0)      2  : 0.4651 0.5349
619      619   (0)      2  : 0.6730 0.3270
620      620   (0)      2  : 0.4949 0.5051
621      621   (1)      2  : 0.5359 0.4641
622      622   (2)      2  : 0.5777 0.4223
623      623   (1)      2  : 0.5361 0.4639
624      624   (2)      2  : 0.5448 0.4552
625      625   (0)      2  : 0.4806 0.5194
626      626   (6)      2  : 0.6065 0.3935
627      627   (0)      2  : 0.5109 0.4891
628      628   (0)      2  : 0.1300 0.8700
629      629   (1)      2  : 0.4959 0.5041
630      630   (1)      2  : 0.6744 0.3256
631      631   (3)      2  : 0.6157 0.3843
632      632   (0)      2  : 0.6562 0.3438
633      633   (4)      2  : 0.6064 0.3936
634      634   (2)      2  : 0.4087 0.5913
635      635   (0)      2  : 0.7033 0.2967
636      636   (0)      2  : 0.3475 0.6525
637      637   (0)      2  : 0.5189 0.4811
638      638   (0)      2  : 0.5975 0.4025
639      639   (1)      2  : 0.5076 0.4924
640      640   (1)      2  : 0.3763 0.6237
641      641   (0)      2  : 0.4282 0.5718
642      642   (3)      2  : 0.4887 0.5113
643      643   (1)      2  : 0.6182 0.3818
644      644   (7)      2  : 0.7074 0.2926
645      645   (4)      2  : 0.5150 0.4850
646      646   (0)      2  : 0.6719 0.3281
647      647   (1)      2  : 0.5993 0.4007
648      648   (1)      2  : 0.5393 0.4607
649      649   (0)      2  : 0.6013 0.3987
650      650   (1)      2  : 0.7035 0.2965
651      651   (5)      2  : 0.2141 0.7859
652      652   (1)      2  : 0.5094 0.4906
653      653   (3)      2  : 0.5521 0.4479
654      654   (1)      2  : 0.4985 0.5015
655      655   (2)      2  : 0.4144 0.5856
656      656   (0)      2  : 0.6369 0.3631
657      657   (0)      2  : 0.6150 0.3850
658      658   (0)      2  : 0.5921 0.4079
659      659   (5)      2  : 0.7717 0.2283
660      660   (3)      2  : 0.5108 0.4892
661      661   (2)      2  : 0.7053 0.2947
662      662   (1)      2  : 0.5381 0.4619
663      663   (2)      2  : 0.4207 0.5793
664      664   (0)      2  : 0.5975 0.4025
665      665   (0)      2  : 0.5394 0.4606
666      666   (0)      2  : 0.2305 0.7695
667      667   (0)      2  : 0.4058 0.5942
668      668   (2)      2  : 0.4261 0.5739
669      669   (4)      2  : 0.5117 0.4883
670      670   (6)      2  : 0.5679 0.4321
671      671   (3)      2  : 0.6308 0.3692
672      672   (0)      2  : 0.7020 0.2980
673      673   (4)      2  : 0.6702 0.3298
674      674   (0)      2  : 0.5255 0.4745
675      675   (0)      2  : 0.6335 0.3665
676      676   (1)      2  : 0.6170 0.3830
677      677   (3)      2  : 0.4263 0.5737
678      678   (6)      2  : 0.6445 0.3555
679      679   (1)      2  : 0.4463 0.5537
680      680   (1)      2  : 0.6084 0.3916
681      681   (1)      2  : 0.4331 0.5669
682      682   (1)      2  : 0.3633 0.6367
683      683   (0)      2  : 0.5262 0.4738
684      684   (0)      2  : 0.6313 0.3687
685      685   (0)      2  : 0.5907 0.4093
686      686   (0)      2  : 0.6572 0.3428
687      687   (3)      2  : 0.6181 0.3819
688      688   (1)      2  : 0.4139 0.5861
689      689   (1)      2  : 0.3380 0.6620
690      690   (5)      2  : 0.5224 0.4776
691      691   (5)      2  : 0.4487 0.5513
692      692   (0)      2  : 0.4167 0.5833
693      693   (2)      2  : 0.6569 0.3431
694      694   (0)      2  : 0.6965 0.3035
695      695   (0)      2  : 0.4091 0.5909
696      696   (0)      2  : 0.6553 0.3447
697      697   (2)      2  : 0.5505 0.4495
698      698   (0)      2  : 0.7369 0.2631
699      699   (1)      2  : 0.5394 0.4606
700      700   (0)      2  : 0.5201 0.4799
701      701   (0)      2  : 0.5732 0.4268
702      702   (1)      2  : 0.4093 0.5907
703      703   (1)      2  : 0.4058 0.5942
704      704   (0)      2  : 0.3320 0.6680
705      705   (0)      2  : 0.6285 0.3715
706      706   (0)      2  : 0.3861 0.6139
707      707   (1)      2  : 0.6011 0.3989
708      708   (1)      2  : 0.4905 0.5095
709      709   (0)      2  : 0.3936 0.6064
710      710   (0)      2  : 0.5628 0.4372
711      711   (0)      2  : 0.4587 0.5413
712      712   (1)      2  : 0.5750 0.4250
713      713   (0)      2  : 0.5464 0.4536
714      714   (0)      2  : 0.5157 0.4843
715      715   (0)      2  : 0.4997 0.5003
716      716   (0)      2  : 0.3330 0.6670
717      717   (1)      2  : 0.5706 0.4294
718      718   (1)      2  : 0.6212 0.3788
719      719   (7)      2  : 0.7380 0.2620
720      720   (2)      2  : 0.5360 0.4640
721      721   (1)      2  : 0.5906 0.4094
722      722   (0)      2  : 0.5923 0.4077
723      723   (1)      2  : 0.6168 0.3832
724      724   (0)      2  : 0.3404 0.6596
725      725   (0)      2  : 0.6077 0.3923
726      726   (0)      2  : 0.6142 0.3858
727      727   (1)      2  : 0.5699 0.4301
728      728   (0)      2  : 0.4638 0.5362
729      729   (1)      2  : 0.5758 0.4242
730      730   (0)      2  : 0.5180 0.4820
731      731   (2)      2  : 0.2765 0.7235
732      732   (1)      2  : 0.4425 0.5575
733      733   (0)      2  : 0.6240 0.3760
734      734   (0)      2  : 0.5985 0.4015
735      735   (0)      2  : 0.6452 0.3548
736      736   (0)      2  : 0.4683 0.5317
737      737   (0)      2  : 0.5067 0.4933
738      738   (0)      2  : 0.4477 0.5523
739      739   (0)      2  : 0.5098 0.4902
740      740   (0)      2  : 0.7585 0.2415
741      741   (0)      2  : 0.4512 0.5488
742      742   (0)      2  : 0.5487 0.4513
743      743   (0)      2  : 0.5720 0.4280
744      744   (0)      2  : 0.6672 0.3328
745      745   (0)      2  : 0.6323 0.3677
746      746   (0)      2  : 0.3643 0.6357
747      747   (0)      2  : 0.1709 0.8291
748      748   (2)      2  : 0.4768 0.5232
749      749   (5)      2  : 0.4468 0.5532
750      750   (1)      2  : 0.5372 0.4628
751      751   (0)      2  : 0.4202 0.5798
752      752   (3)      2  : 0.7075 0.2925
753      753   (0)      2  : 0.6978 0.3022
754      754   (0)      2  : 0.6000 0.4000
755      755   (0)      2  : 0.6514 0.3486
756      756   (0)      2  : 0.4450 0.5550
757      757   (0)      2  : 0.5681 0.4319
758      758   (1)      2  : 0.4853 0.5147
759      759   (0)      2  : 0.5298 0.4702
760      760   (0)      2  : 0.3954 0.6046
761      761   (0)      2  : 0.7367 0.2633
762      762   (0)      2  : 0.6465 0.3535
763      763   (0)      2  : 0.4663 0.5337
764      764   (0)      4  : 0.5794 0.4206
765      765   (0)      2  : 0.5306 0.4694
766      766   (0)      4  : 0.6750 0.3250
767      767   (0)      4  : 0.7074 0.2926
768      768   (0)      4  : 0.5619 0.4381
769      769   (0)      2  : 0.5939 0.4061
770      770   (0)      4  : 0.5982 0.4018
771      771   (1)      3  : 0.6359 0.3641
772      772   (0)      2  : 0.5869 0.4131
773      773   (0)      3  : 0.4785 0.5215
774      774   (0)      3  : 0.6295 0.3705
775      775   (0)      3  : 0.6877 0.3123
776      776   (0)      3  : 0.5431 0.4569
777      777   (0)      3  : 0.6582 0.3418
778      778   (3)      4  : 0.4358 0.5642
779      779   (1)      2  : 0.5195 0.4805
780      780   (0)      4  : 0.5704 0.4296
781      781   (0)      4  : 0.6336 0.3664
782      782   (0)      4  : 0.5401 0.4599
783      783   (0)      4  : 0.4425 0.5575
784      784   (0)      2  : 0.3166 0.6834
785      785   (0)      4  : 0.5884 0.4116
786      786   (0)      3  : 0.4131 0.5869
787      787   (0)      3  : 0.6278 0.3722
788      788   (0)      3  : 0.7169 0.2831
789      789   (0)      3  : 0.5630 0.4370
790      790   (1)      3  : 0.6014 0.3986
791      791   (0)      3  : 0.6266 0.3734
792      792   (2)      4  : 0.6562 0.3438
793      793   (4)      4  : 0.5577 0.4423
794      794   (0)      4  : 0.7559 0.2441
795      795   (2)      4  : 0.4875 0.5125
796      796   (0)      4  : 0.5569 0.4431
797      797   (1)      2  : 0.4226 0.5774
798      798   (0)      4  : 0.4854 0.5146
799      799   (1)      3  : 0.5291 0.4709
800      800   (0)      2  : 0.5572 0.4428
801      801   (1)      3  : 0.6696 0.3304
802      802   (1)      3  : 0.4644 0.5356
803      803   (0)      3  : 0.6668 0.3332
804      804   (0)      3  : 0.6944 0.3056
805      805   (0)      4  : 0.5342 0.4658
806      806   (1)      4  : 0.6833 0.3167
807      807   (0)      4  : 0.5394 0.4606
808      808   (0)      4  : 0.5463 0.4537
809      809   (0)      2  : 0.5533 0.4467
810      810   (0)      4  : 0.5861 0.4139
811      811   (0)      2  : 0.5499 0.4501
812      812   (1)      3  : 0.6313 0.3687
813      813   (0)      3  : 0.8043 0.1957
814      814   (0)      3  : 0.5037 0.4963
815      815   (0)      3  : 0.5873 0.4127
816      816   (0)      3  : 0.6055 0.3945
817      817   (6)      4  : 0.5577 0.4423
818      818   (0)      2  : 0.3518 0.6482
819      819   (2)      4  : 0.6202 0.3798
820      820   (1)      4  : 0.6160 0.3840
821      821   (2)      4  : 0.5110 0.4890
822      822   (0)      4  : 0.5807 0.4193
823      823   (0)      2  : 0.5154 0.4846
824      824   (0)      4  : 0.5889 0.4111
825      825   (0)      2  : 0.2161 0.7839
826      826   (1)      3  : 0.7404 0.2596
827      827   (0)      2  : 0.2295 0.7705
828      828   (0)      3  : 0.6085 0.3915
829      829   (0)      3  : 0.5857 0.4143
830      830   (0)      3  : 0.5487 0.4513
831      831   (0)      3  : 0.7038 0.2962
832      832   (0)      4  : 0.5439 0.4561
833      833   (0)      2  : 0.6744 0.3256
834      834   (2)      4  : 0.6130 0.3870
835      835   (0)      4  : 0.5458 0.4542
836      836   (4)      4  : 0.6381 0.3619
837      837   (0)      4  : 0.5276 0.4724
838      838   (0)      2  : 0.4685 0.5315
839      839   (0)      2  : 0.5026 0.4974
840      840   (1)      3  : 0.5228 0.4772
841      841   (0)      3  : 0.5702 0.4298
842      842   (0)      3  : 0.8353 0.1647
843      843   (1)      3  : 0.7083 0.2917
844      844   (0)      3  : 0.7210 0.2790
845      845   (1)      2  : 0.6548 0.3452
846      846   (2)      4  : 0.5987 0.4013
847      847   (0)      4  : 0.5380 0.4620
848      848   (1)      4  : 0.5626 0.4374
849      849   (0)      4  : 0.5465 0.4535
850      850   (0)      3  : 0.4997 0.5003
851      851   (0)      3  : 0.6436 0.3564
852      852   (0)      3  : 0.7172 0.2828
853      853   (1)      3  : 0.6280 0.3720
854      854   (1)      3  : 0.7930 0.2070
855      855   (0)      2  : 0.3575 0.6425
856      856   (0)      4  : 0.6625 0.3375
857      857   (0)      4  : 0.6342 0.3658
858      858   (0)      4  : 0.5902 0.4098
859      859   (0)      2  : 0.4694 0.5306
860      860   (0)      2  : 0.6041 0.3959
861      861   (0)      3  : 0.6451 0.3549
862      862   (0)      3  : 0.5816 0.4184
863      863   (0)      3  : 0.8147 0.1853
864      864   (0)      3  : 0.7285 0.2715
865      865   (0)      3  : 0.6895 0.3105
866      866   (0)      2  : 0.3083 0.6917
867      867   (0)      2  : 0.3917 0.6083
868      868   (0)      2  : 0.5627 0.4373
869      869   (0)      2  : 0.1900 0.8100
870      870   (0)      2  : 0.6514 0.3486
871      871   (0)      2  : 0.4810 0.5190
872      872   (0)      2  : 0.5899 0.4101
873      873   (0)      2  : 0.4671 0.5329
874      874   (0)      2  : 0.1883 0.8117
875      875   (0)      2  : 0.2820 0.7180
876      876   (1)      2  : 0.2146 0.7854
877      877   (0)      2  : 0.5855 0.4145
878      878   (0)      2  : 0.5857 0.4143
879      879   (0)      2  : 0.6312 0.3688
880      880   (0)      2  : 0.5356 0.4644
881      881   (0)      2  : 0.3825 0.6175
882      882   (1)      2  : 0.3574 0.6426
883      883   (0)      2  : 0.4867 0.5133
884      884   (3)      2  : 0.3599 0.6401
885      885   (0)      2  : 0.6511 0.3489
886      886   (0)      2  : 0.1833 0.8167
887      887   (0)      2  : 0.6259 0.3741
888      888   (0)      2  : 0.5913 0.4087
889      889   (0)      2  : 0.4248 0.5752
890      890   (0)      2  : 0.5665 0.4335
891      891   (0)      2  : 0.5552 0.4448
892      892   (0)      2  : 0.5024 0.4976
893      893   (0)      2  : 0.4867 0.5133
894      894   (0)      2  : 0.6979 0.3021
895      895   (0)      2  : 0.6867 0.3133
896      896   (0)      2  : 0.6235 0.3765
897      897   (6)      2  : 0.1904 0.8096
898      898   (1)      2  : 0.5922 0.4078
899      899   (0)      2  : 0.5395 0.4605
900      900   (0)      2  : 0.6980 0.3020
901      901   (0)      2  : 0.4646 0.5354
902      902   (1)      2  : 0.3708 0.6292
903      903   (0)      2  : 0.3580 0.6420
904      904   (1)      2  : 0.6330 0.3670
905      905   (0)      2  : 0.4585 0.5415
906      906   (0)      2  : 0.6569 0.3431
907      907   (0)      2  : 0.6383 0.3617
908      908   (0)      2  : 0.3604 0.6396
909      909   (1)      2  : 0.1449 0.8551
910      910   (2)      2  : 0.6860 0.3140
911      911   (1)      2  : 0.6461 0.3539
912      912   (0)      2  : 0.6020 0.3980
913      913   (0)      2  : 0.2117 0.7883
914      914   (0)      2  : 0.5421 0.4579
915      915   (0)      2  : 0.4997 0.5003
916      916   (0)      2  : 0.5217 0.4783
917      917   (0)      2  : 0.3132 0.6868
918      918   (0)      2  : 0.3332 0.6668
919      919   (0)      2  : 0.2026 0.7974
920      920   (0)      2  : 0.5693 0.4307
921      921   (1)      2  : 0.6605 0.3395
922      922   (0)      2  : 0.6495 0.3505
923      923   (0)      2  : 0.5315 0.4685
924      924   (0)      2  : 0.5714 0.4286
925      925   (0)      2  : 0.3992 0.6008
926      926   (0)      2  : 0.2028 0.7972
927      927   (1)      2  : 0.4011 0.5989
928      928   (0)      2  : 0.2162 0.7838
929      929   (0)      2  : 0.1748 0.8252
930      930   (0)      2  : 0.5390 0.4610
931      931   (0)      2  : 0.2484 0.7516
932      932   (0)      2  : 0.1926 0.8074
933      933   (0)      2  : 0.5958 0.4042
934      934   (0)      2  : 0.5130 0.4870
935      935   (0)      2  : 0.5268 0.4732
936      936   (1)      2  : 0.2271 0.7729
937      937   (1)      2  : 0.4736 0.5264
938      938   (0)      2  : 0.4655 0.5345
939      939   (0)      2  : 0.1977 0.8023
940      940   (1)      2  : 0.4415 0.5585
941      941   (0)      2  : 0.3276 0.6724
942      942   (0)      2  : 0.2436 0.7564
943      943   (0)      2  : 0.7673 0.2327
944      944   (0)      2  : 0.1959 0.8041
945      945   (0)      2  : 0.4825 0.5175
946      946   (0)      2  : 0.6432 0.3568
947      947   (0)      2  : 0.3540 0.6460
948      948   (0)      2  : 0.6436 0.3564
949      949   (0)      2  : 0.2234 0.7766
950      950   (0)      2  : 0.6054 0.3946
951      951   (0)      2  : 0.6655 0.3345
952      952   (0)      2  : 0.5969 0.4031
953      953   (0)      2  : 0.4693 0.5307
954      954   (0)      2  : 0.3147 0.6853
955      955   (0)      2  : 0.4157 0.5843
956      956   (0)      2  : 0.5870 0.4130
957      957   (1)      2  : 0.6664 0.3336
958      958   (0)      2  : 0.5354 0.4646
959      959   (4)      2  : 0.3461 0.6539
960      960   (0)      2  : 0.1918 0.8082
961      961   (1)      2  : 0.1386 0.8614
962      962   (0)      2  : 0.3755 0.6245
963      963   (0)      2  : 0.4952 0.5048
964      964   (0)      2  : 0.5326 0.4674
965      965   (0)      2  : 0.5744 0.4256
966      966   (0)      2  : 0.1790 0.8210
967      967   (0)      2  : 0.6158 0.3842
968      968   (0)      2  : 0.6050 0.3950
969      969   (0)      2  : 0.5536 0.4464
970      970   (0)      2  : 0.3844 0.6156
971      971   (0)      2  : 0.3423 0.6577
972      972   (0)      2  : 0.3638 0.6362
973      973   (0)      2  : 0.5974 0.4026
974      974   (5)      2  : 0.5138 0.4862
975      975   (0)      2  : 0.6193 0.3807
976      976   (0)      2  : 0.6125 0.3875
977      977   (0)      2  : 0.2437 0.7563
978      978   (0)      2  : 0.1337 0.8663
979      979   (0)      2  : 0.1873 0.8127
980      980   (0)      2  : 0.4709 0.5291
981      981   (0)      2  : 0.2018 0.7982
982      982   (3)      2  : 0.2653 0.7347
983      983   (0)      2  : 0.5593 0.4407
984      984   (0)      2  : 0.3918 0.6082
985      985   (0)      2  : 0.6458 0.3542
986      986   (0)      2  : 0.6069 0.3931
987      987   (1)      2  : 0.6156 0.3844
988      988   (0)      2  : 0.2139 0.7861
989      989   (0)      2  : 0.5163 0.4837
990      990   (0)      2  : 0.5521 0.4479
991      991   (0)      2  : 0.1816 0.8184
992      992   (0)      2  : 0.5731 0.4269
993      993   (0)      2  : 0.5040 0.4960
994      994   (1)      2  : 0.5133 0.4867
995      995   (1)      2  : 0.3700 0.6300
996      996   (0)      2  : 0.4461 0.5539
997      997   (1)      2  : 0.1356 0.8644
998      998   (0)      2  : 0.4435 0.5565
999      999   (1)      2  : 0.2594 0.7406
1000     1000   (0)      2  : 0.5618 0.4382
