1        1   (0)      1  : 0.1198 0.0172 0.2493 0.3480 0.2657
2        2   (0)      1  : 0.0622 0.0758 0.1842 0.1812 0.4967
3        3   (0)      1  : 0.0792 0.0657 0.2042 0.2751 0.3758
4        4   (0)      1  : 0.3444 0.0224 0.1296 0.3272 0.1763
5        5   (1)      1  : 0.0141 0.9418 0.0117 0.0157 0.0167
6        6   (0)      1  : 0.0805 0.1570 0.0515 0.5516 0.1594
7        7   (0)      1  : 0.3746 0.1837 0.1412 0.1652 0.1352
8        8   (0)      1  : 0.3065 0.0171 0.1699 0.1205 0.3860
9        9   (0)      1  : 0.0727 0.2503 0.1696 0.2867 0.2207
10       10   (0)      1  : 0.0983 0.4614 0.1529 0.0768 0.2107
11       11   (0)      1  : 0.3181 0.0602 0.1578 0.3945 0.0694
12       12   (0)      1  : 0.1369 0.1020 0.0557 0.5222 0.1831
13       13   (0)      1  : 0.5443 0.0268 0.1186 0.0729 0.2374
14       14   (0)      1  : 0.3144 0.4504 0.0319 0.1159 0.0875
15       15   (0)      1  : 0.3777 0.4218 0.0389 0.0893 0.0722
16       16   (0)      1  : 0.3497 0.0922 0.1510 0.2403 0.1669
17       17   (0)      1  : 0.2529 0.0786 0.0209 0.2377 0.4099
18       18   (2)      1  : 0.2023 0.0257 0.2322 0.1014 0.4385
19       19   (1)      1  : 0.4056 0.0489 0.1340 0.0840 0.3275
20       20   (0)      1  : 0.2045 0.2484 0.0355 0.3679 0.1436
21       21   (1)      1  : 0.2150 0.2296 0.1142 0.1306 0.3106
22       22   (0)      1  : 0.1836 0.0763 0.3345 0.1872 0.2185
23       23   (0)      1  : 0.0891 0.2623 0.1096 0.1752 0.3638
24       24   (0)      1  : 0.0429 0.0174 0.7943 0.0840 0.0614
25       25   (0)      1  : 0.3328 0.2331 0.0845 0.1210 0.2285
26       26   (0)      1  : 0.0750 0.0966 0.2383 0.1191 0.4710
27       27   (1)      1  : 0.5279 0.0518 0.0555 0.2551 0.1098
28       28   (0)      1  : 0.0297 0.0249 0.8556 0.0462 0.0436
29       29   (0)      1  : 0.2087 0.0613 0.1106 0.2504 0.3690
30       30   (0)      1  : 0.0451 0.7043 0.0512 0.0674 0.1320
31       31   (0)      1  : 0.2052 0.0424 0.1193 0.3721 0.2610
32       32   (0)      1  : 0.2143 0.1320 0.2206 0.1392 0.2940
33       33   (1)      1  : 0.1095 0.0993 0.3205 0.2698 0.2008
34       34   (0)      1  : 0.2401 0.5125 0.0744 0.0681 0.1050
35       35   (0)      1  : 0.1221 0.0671 0.3044 0.1489 0.3574
36       36   (0)      1  : 0.2069 0.1602 0.1053 0.2173 0.3102
37       37   (0)      1  : 0.0846 0.1045 0.6617 0.0677 0.0815
38       38   (0)      1  : 0.0695 0.4224 0.3610 0.0551 0.0919
39       39   (0)      1  : 0.1507 0.0597 0.0425 0.0927 0.6543
40       40   (0)      1  : 0.2064 0.3357 0.0460 0.2487 0.1631
41       41   (1)      1  : 0.4604 0.0400 0.0895 0.2623 0.1477
42       42   (0)      1  : 0.0467 0.8292 0.0216 0.0567 0.0458
43       43   (0)      1  : 0.0982 0.0412 0.1471 0.3708 0.3428
44       44   (6)      1  : 0.0699 0.0342 0.0973 0.4689 0.3297
45       45   (1)      1  : 0.0794 0.3508 0.2845 0.1804 0.1048
46       46   (0)      1  : 0.1216 0.0783 0.4114 0.1116 0.2772
47       47   (0)      1  : 0.0698 0.0598 0.7087 0.0891 0.0726
48       48   (0)      1  : 0.1341 0.0416 0.1363 0.3681 0.3199
49       49   (0)      1  : 0.1781 0.0336 0.3170 0.2820 0.1893
50       50   (0)      1  : 0.4645 0.0222 0.0274 0.2152 0.2706
51       51   (2)      1  : 0.0764 0.7444 0.0529 0.0766 0.0497
52       52   (0)      1  : 0.0339 0.8533 0.0363 0.0362 0.0403
53       53   (1)      1  : 0.0476 0.0350 0.7264 0.1043 0.0867
54       54   (0)      1  : 0.1108 0.0704 0.5260 0.1223 0.1705
55       55   (3)      1  : 0.2814 0.0818 0.0605 0.2121 0.3641
56       56   (0)      1  : 0.1355 0.0787 0.6404 0.0663 0.0791
57       57   (0)      1  : 0.0973 0.0203 0.6569 0.0868 0.1387
58       58   (0)      1  : 0.0666 0.6894 0.0556 0.0904 0.0981
59       59   (0)      1  : 0.1306 0.0196 0.5242 0.1832 0.1423
60       60   (1)      1  : 0.4301 0.1097 0.0995 0.2001 0.1606
61       61   (0)      1  : 0.1378 0.0507 0.4337 0.1528 0.2249
62       62   (0)      1  : 0.1123 0.0346 0.0784 0.3617 0.4129
63       63   (0)      1  : 0.0699 0.2447 0.4460 0.1561 0.0832
64       64   (2)      1  : 0.2138 0.0839 0.1231 0.4028 0.1764
65       65   (0)      1  : 0.3603 0.0484 0.1196 0.1835 0.2882
66       66   (3)      1  : 0.4212 0.2786 0.0423 0.0998 0.1581
67       67   (0)      1  : 0.1703 0.0337 0.5527 0.1164 0.1269
68       68   (1)      1  : 0.0837 0.0563 0.3253 0.1464 0.3883
69       69   (2)      1  : 0.0717 0.2069 0.5503 0.0593 0.1119
70       70   (0)      1  : 0.1531 0.0332 0.2241 0.2700 0.3196
71       71   (0)      1  : 0.2780 0.0401 0.1466 0.2438 0.2915
72       72   (4)      1  : 0.1713 0.0269 0.1143 0.4896 0.1979
73       73   (0)      1  : 0.0669 0.1863 0.2250 0.1779 0.3438
74       74   (0)      1  : 0.1776 0.0300 0.0386 0.6247 0.1291
75       75   (0)      1  : 0.2640 0.1230 0.2543 0.1258 0.2329
76       76   (0)      1  : 0.0476 0.0534 0.6945 0.0904 0.1141
77       77   (1)      1  : 0.0204 0.9183 0.0168 0.0266 0.0179
78       78   (0)      1  : 0.1616 0.0412 0.0815 0.2166 0.4992
79       79   (2)      1  : 0.1446 0.0559 0.1418 0.2026 0.4550
80       80   (1)      1  : 0.0855 0.7057 0.0805 0.0758 0.0525
81       81   (2)      1  : 0.1126 0.4205 0.0913 0.2202 0.1555
82       82   (1)      1  : 0.0678 0.0189 0.6711 0.1316 0.1105
83       83   (0)      1  : 0.2293 0.0480 0.3791 0.1332 0.2103
84       84   (0)      1  : 0.1748 0.1415 0.0603 0.1793 0.4441
85       85   (5)      1  : 0.2517 0.0353 0.1831 0.1508 0.3791
86       86   (0)      1  : 0.4913 0.1200 0.0280 0.2073 0.1534
87       87   (1)      1  : 0.1212 0.0437 0.3544 0.1681 0.3125
88       88   (0)      2  : 0.0447 0.8332 0.0287 0.0365 0.0569
89       89   (0)      2  : 0.2037 0.0642 0.0724 0.1325 0.5273
90       90   (0)      2  : 0.0253 0.9043 0.0182 0.0262 0.0260
91       91   (1)      2  : 0.2695 0.0164 0.3535 0.1676 0.1931
92       92   (0)      2  : 0.0883 0.0559 0.6628 0.0819 0.1112
93       93   (0)      2  : 0.0524 0.0187 0.7838 0.0626 0.0825
94       94   (0)      2  : 0.1556 0.1417 0.0375 0.3823 0.2829
95       95   (0)      2  : 0.1007 0.1108 0.0337 0.2721 0.4827
96       96   (0)      2  : 0.5378 0.0752 0.0599 0.1704 0.1567
97       97   (0)      2  : 0.0268 0.1537 0.7156 0.0390 0.0649
98       98   (0)      2  : 0.2366 0.0342 0.1361 0.3540 0.2390
99       99   (0)      2  : 0.1593 0.0829 0.5352 0.1214 0.1011
100      100   (1)      2  : 0.1813 0.0426 0.0709 0.1699 0.5353
101      101   (0)      2  : 0.0841 0.4986 0.1566 0.0904 0.1704
102      102   (0)      2  : 0.4067 0.0840 0.0547 0.1624 0.2923
103      103   (0)      2  : 0.1490 0.1390 0.1437 0.1742 0.3943
104      104   (0)      2  : 0.0929 0.0325 0.4367 0.1401 0.2977
105      105   (0)      2  : 0.0642 0.1396 0.5542 0.2042 0.0377
106      106   (0)      2  : 0.0148 0.9160 0.0348 0.0172 0.0172
107      107   (1)      2  : 0.4662 0.1057 0.1495 0.1741 0.1044
108      108   (0)      2  : 0.2487 0.0650 0.2608 0.2333 0.1921
109      109   (0)      2  : 0.4695 0.1664 0.0283 0.1847 0.1512
110      110   (0)      2  : 0.0535 0.2850 0.4844 0.0824 0.0947
111      111   (1)      2  : 0.1451 0.0854 0.5385 0.0911 0.1399
112      112   (2)      2  : 0.2409 0.1219 0.0659 0.3640 0.2072
113      113   (0)      2  : 0.1340 0.6184 0.0574 0.0845 0.1056
114      114   (3)      2  : 0.1859 0.0413 0.0760 0.1382 0.5587
115      115   (1)      2  : 0.0420 0.0539 0.3494 0.4343 0.1204
116      116   (0)      2  : 0.1395 0.0823 0.0645 0.1622 0.5514
117      117   (0)      2  : 0.1701 0.1553 0.0541 0.3062 0.3142
118      118   (0)      2  : 0.1629 0.0264 0.1270 0.1797 0.5040
119      119   (2)      2  : 0.4479 0.0454 0.0567 0.2208 0.2292
120      120   (0)      2  : 0.0466 0.0175 0.8342 0.0427 0.0591
121      121   (0)      2  : 0.3049 0.0441 0.0452 0.2934 0.3124
122      122   (0)      2  : 0.2250 0.0594 0.1506 0.1982 0.3669
123      123   (0)      2  : 0.4174 0.0217 0.1698 0.1816 0.2095
124      124   (0)      2  : 0.1054 0.1251 0.0551 0.5652 0.1493
125      125   (0)      2  : 0.0641 0.1072 0.3895 0.1999 0.2394
126      126   (1)      2  : 0.0645 0.7019 0.0438 0.1185 0.0713
127      127   (0)      2  : 0.7707 0.0345 0.0499 0.0829 0.0620
128      128   (1)      2  : 0.1264 0.0454 0.5899 0.0769 0.1615
129      129   (0)      2  : 0.0853 0.2809 0.1453 0.1066 0.3819
130      130   (2)      2  : 0.0886 0.0505 0.0291 0.5551 0.2767
131      131   (0)      2  : 0.1033 0.0729 0.1686 0.2946 0.3605
132      132   (1)      2  : 0.1439 0.0454 0.4938 0.1648 0.1520
133      133   (0)      2  : 0.1408 0.0260 0.0906 0.2550 0.4876
134      134   (0)      2  : 0.4218 0.0726 0.1081 0.1290 0.2685
135      135   (1)      2  : 0.0295 0.0275 0.8697 0.0394 0.0339
136      136   (3)      2  : 0.1997 0.0396 0.1265 0.1942 0.4400
137      137   (0)      2  : 0.4550 0.1827 0.0486 0.2345 0.0793
138      138   (0)      2  : 0.0621 0.7165 0.0285 0.1019 0.0910
139      139   (2)      2  : 0.1672 0.0229 0.0646 0.2629 0.4825
140      140   (2)      2  : 0.3686 0.0948 0.0738 0.1495 0.3134
141      141   (0)      2  : 0.2241 0.2877 0.1419 0.1252 0.2212
142      142   (0)      2  : 0.1826 0.2997 0.2006 0.1455 0.1717
143      143   (0)      2  : 0.0416 0.0497 0.7060 0.1150 0.0876
144      144   (0)      2  : 0.2301 0.0163 0.0606 0.1719 0.5210
145      145   (0)      2  : 0.2290 0.0331 0.0397 0.4828 0.2154
146      146   (1)      2  : 0.0750 0.0728 0.5915 0.0788 0.1820
147      147   (0)      2  : 0.4936 0.0601 0.1487 0.1659 0.1317
148      148   (0)      2  : 0.3853 0.0219 0.1691 0.3083 0.1155
149      149   (1)      2  : 0.1487 0.0727 0.4393 0.1098 0.2296
150      150   (1)      2  : 0.1925 0.0567 0.4669 0.1044 0.1794
151      151   (0)      2  : 0.2384 0.1045 0.1336 0.0964 0.4271
152      152   (0)      2  : 0.2634 0.0446 0.1207 0.4794 0.0920
153      153   (0)      2  : 0.0418 0.0323 0.8567 0.0314 0.0378
154      154   (1)      2  : 0.2939 0.0579 0.0517 0.2895 0.3069
155      155   (0)      2  : 0.1754 0.0893 0.2467 0.2214 0.2671
156      156   (1)      2  : 0.3105 0.1105 0.2189 0.2055 0.1547
157      157   (0)      2  : 0.1158 0.0696 0.2125 0.3771 0.2250
158      158   (0)      2  : 0.2167 0.0191 0.1739 0.2032 0.3872
159      159   (0)      2  : 0.3315 0.0412 0.0380 0.3866 0.2027
160      160   (0)      2  : 0.3294 0.0585 0.2752 0.2390 0.0980
161      161   (0)      2  : 0.1781 0.0262 0.2993 0.3391 0.1573
162      162   (0)      2  : 0.4129 0.0518 0.1554 0.2388 0.1411
163      163   (0)      2  : 0.1272 0.0401 0.5907 0.1410 0.1010
164      164   (0)      2  : 0.3568 0.0286 0.0794 0.2474 0.2879
165      165   (0)      2  : 0.2110 0.0235 0.1725 0.3788 0.2142
166      166   (0)      2  : 0.1926 0.0477 0.0687 0.4373 0.2537
167      167   (1)      2  : 0.1642 0.0863 0.3782 0.1480 0.2234
168      168   (0)      2  : 0.1405 0.0573 0.0740 0.1093 0.6190
169      169   (0)      2  : 0.0294 0.9169 0.0134 0.0219 0.0184
170      170   (0)      2  : 0.0697 0.0565 0.6691 0.1220 0.0827
171      171   (0)      2  : 0.2672 0.0279 0.0933 0.3587 0.2529
172      172   (0)      2  : 0.1113 0.3041 0.3651 0.0745 0.1451
173      173   (0)      2  : 0.0361 0.8761 0.0276 0.0350 0.0251
174      174   (0)      2  : 0.0938 0.0307 0.1348 0.4911 0.2497
175      175   (0)      2  : 0.1400 0.0286 0.0611 0.3269 0.4434
176      176   (0)      2  : 0.1337 0.0820 0.5306 0.0630 0.1907
177      177   (0)      2  : 0.0323 0.0141 0.8069 0.1040 0.0427
178      178   (0)      2  : 0.5284 0.0409 0.0230 0.3231 0.0846
179      179   (0)      2  : 0.1796 0.0204 0.4251 0.1788 0.1962
180      180   (0)      2  : 0.0315 0.8455 0.0441 0.0305 0.0484
181      181   (0)      2  : 0.2120 0.0473 0.0817 0.4419 0.2171
182      182   (0)      2  : 0.2430 0.1391 0.0897 0.1377 0.3904
183      183   (0)      2  : 0.3035 0.0328 0.0796 0.3730 0.2111
184      184   (0)      2  : 0.0965 0.6029 0.1139 0.0545 0.1322
185      185   (1)      2  : 0.0617 0.0111 0.0470 0.0428 0.8374
186      186   (0)      2  : 0.0587 0.0867 0.5302 0.1130 0.2115
187      187   (0)      2  : 0.0667 0.0242 0.0461 0.7967 0.0663
188      188   (0)      2  : 0.1395 0.0368 0.1322 0.4379 0.2535
189      189   (0)      2  : 0.1338 0.1639 0.3008 0.1287 0.2727
190      190   (0)      2  : 0.0832 0.0382 0.7155 0.0681 0.0950
191      191   (0)      2  : 0.0669 0.0369 0.4069 0.3900 0.0993
192      192   (0)      2  : 0.7445 0.0355 0.0315 0.0864 0.1021
193      193   (1)      2  : 0.2596 0.1135 0.1334 0.3084 0.1852
194      194   (0)      2  : 0.7735 0.0185 0.0492 0.0758 0.0831
195      195   (0)      2  : 0.0644 0.7856 0.0238 0.0654 0.0608
196      196   (0)      2  : 0.0607 0.0305 0.0262 0.7145 0.1680
197      197   (0)      2  : 0.2015 0.0557 0.3989 0.1684 0.1754
198      198   (0)      2  : 0.0922 0.7276 0.0632 0.0534 0.0637
199      199   (0)      2  : 0.2026 0.0241 0.0861 0.1698 0.5173
200      200   (0)      2  : 0.0652 0.0753 0.6287 0.0768 0.1540
201      201   (0)      2  : 0.3203 0.0234 0.0804 0.4115 0.1644
202      202   (0)      2  : 0.0661 0.0153 0.8283 0.0432 0.0471
203      203   (0)      2  : 0.2043 0.0437 0.1290 0.4670 0.1560
204      204   (0)      2  : 0.3086 0.0463 0.1807 0.3098 0.1546
205      205   (0)      2  : 0.1249 0.1195 0.0914 0.5127 0.1515
206      206   (0)      2  : 0.0386 0.8364 0.0350 0.0347 0.0553
207      207   (0)      2  : 0.1602 0.2564 0.1051 0.3120 0.1664
208      208   (0)      2  : 0.4656 0.0342 0.0540 0.2739 0.1723
209      209   (0)      2  : 0.0668 0.4741 0.1892 0.0661 0.2037
210      210   (0)      2  : 0.0270 0.8826 0.0180 0.0392 0.0332
211      211   (0)      2  : 0.1928 0.1408 0.0936 0.1063 0.4664
212      212   (1)      2  : 0.1310 0.1660 0.4667 0.1413 0.0949
213      213   (1)      2  : 0.1363 0.0355 0.0882 0.4159 0.3240
214      214   (0)      2  : 0.2005 0.0380 0.0459 0.6468 0.0688
215      215   (0)      2  : 0.6915 0.0249 0.0690 0.0714 0.1432
216      216   (0)      2  : 0.0547 0.7729 0.0310 0.0835 0.0579
217      217   (0)      2  : 0.2127 0.3819 0.0811 0.1823 0.1419
218      218   (0)      2  : 0.0989 0.0318 0.4523 0.3144 0.1026
219      219   (0)      2  : 0.5124 0.0931 0.0379 0.1745 0.1821
220      220   (0)      2  : 0.3302 0.0136 0.1598 0.2184 0.2781
221      221   (0)      2  : 0.0961 0.2100 0.0606 0.4117 0.2217
222      222   (0)      2  : 0.1847 0.0382 0.3485 0.2456 0.1831
223      223   (0)      2  : 0.2776 0.0512 0.1001 0.4366 0.1346
224      224   (0)      2  : 0.5630 0.0296 0.0656 0.1752 0.1665
225      225   (0)      2  : 0.0230 0.9167 0.0171 0.0211 0.0221
226      226   (0)      2  : 0.1497 0.1746 0.0371 0.1589 0.4798
227      227   (1)      2  : 0.0233 0.8782 0.0378 0.0351 0.0256
228      228   (0)      2  : 0.3780 0.0375 0.0400 0.3737 0.1707
229      229   (1)      2  : 0.0953 0.0294 0.1498 0.4499 0.2755
230      230   (0)      2  : 0.0992 0.1818 0.1516 0.4255 0.1419
231      231   (0)      2  : 0.2303 0.0772 0.0545 0.4020 0.2360
232      232   (1)      2  : 0.1761 0.0449 0.1220 0.1338 0.5231
233      233   (0)      2  : 0.2530 0.1511 0.1105 0.3280 0.1573
234      234   (0)      2  : 0.0249 0.8962 0.0264 0.0231 0.0294
235      235   (0)      2  : 0.1284 0.6285 0.1115 0.0475 0.0841
236      236   (1)      2  : 0.5268 0.0274 0.1721 0.1805 0.0931
237      237   (0)      2  : 0.3853 0.0587 0.1574 0.2006 0.1980
238      238   (0)      2  : 0.3616 0.0856 0.0521 0.3874 0.1133
239      239   (0)      2  : 0.3586 0.0759 0.0772 0.0792 0.4091
240      240   (0)      2  : 0.1527 0.0480 0.1060 0.2962 0.3972
241      241   (0)      2  : 0.1233 0.0883 0.4441 0.1623 0.1819
242      242   (0)      2  : 0.6575 0.0193 0.1420 0.0575 0.1236
243      243   (0)      2  : 0.1868 0.0500 0.3273 0.2358 0.2002
244      244   (0)      2  : 0.1158 0.0679 0.3748 0.3286 0.1130
245      245   (0)      2  : 0.0208 0.9036 0.0191 0.0225 0.0340
246      246   (0)      2  : 0.0861 0.1750 0.5127 0.1358 0.0903
247      247   (0)      2  : 0.0807 0.5894 0.1430 0.1145 0.0724
248      248   (0)      2  : 0.0771 0.5162 0.0622 0.0821 0.2624
249      249   (0)      2  : 0.1774 0.0646 0.0490 0.5162 0.1929
250      250   (0)      2  : 0.3036 0.0849 0.1135 0.2267 0.2712
251      251   (0)      2  : 0.1379 0.0449 0.0770 0.5037 0.2364
252      252   (0)      2  : 0.0391 0.0352 0.7704 0.0758 0.0796
253      253   (0)      2  : 0.2695 0.0806 0.0686 0.1151 0.4662
254      254   (0)      2  : 0.1098 0.0595 0.4144 0.2574 0.1588
255      255   (0)      2  : 0.0619 0.0327 0.4684 0.2307 0.2063
256      256   (0)      2  : 0.0856 0.3035 0.3157 0.2083 0.0870
257      257   (0)      2  : 0.0896 0.0731 0.0561 0.5829 0.1983
258      258   (0)      1  : 0.2942 0.1684 0.1445 0.1383 0.2546
259      259   (1)      1  : 0.2207 0.3795 0.0759 0.1146 0.2094
260      260   (0)      1  : 0.6097 0.0247 0.0627 0.1249 0.1780
261      261   (0)      1  : 0.1453 0.0464 0.0429 0.2580 0.5074
262      262   (0)      1  : 0.1553 0.0988 0.1203 0.1817 0.4438
263      263   (0)      1  : 0.1413 0.0562 0.4923 0.2154 0.0947
264      264   (0)      1  : 0.1753 0.0544 0.0917 0.4514 0.2271
265      265   (0)      1  : 0.1704 0.0466 0.2057 0.3532 0.2240
266      266   (0)      1  : 0.0797 0.0216 0.0465 0.6682 0.1840
267      267   (0)      1  : 0.1658 0.1293 0.0925 0.2037 0.4086
268      268   (1)      1  : 0.1189 0.1674 0.4079 0.1307 0.1750
269      269   (1)      1  : 0.2736 0.1480 0.0535 0.1574 0.3675
270      270   (0)      1  : 0.0590 0.0337 0.3584 0.3592 0.1896
271      271   (0)      1  : 0.2717 0.2640 0.0726 0.1307 0.2611
272      272   (0)      1  : 0.1882 0.1607 0.0386 0.4513 0.1612
273      273   (0)      1  : 0.3378 0.0382 0.1422 0.1598 0.3221
274      274   (0)      1  : 0.0430 0.7525 0.0411 0.0685 0.0948
275      275   (0)      1  : 0.2980 0.0979 0.2950 0.1211 0.1880
276      276   (0)      1  : 0.4108 0.0622 0.0901 0.1948 0.2421
277      277   (0)      1  : 0.3575 0.0738 0.0393 0.2018 0.3277
278      278   (0)      1  : 0.1986 0.3228 0.0547 0.2917 0.1322
279      279   (0)      1  : 0.5887 0.1768 0.0465 0.0765 0.1115
280      280   (0)      1  : 0.0812 0.1106 0.2782 0.1981 0.3320
281      281   (0)      1  : 0.3106 0.0486 0.0791 0.1242 0.4375
282      282   (0)      1  : 0.1331 0.1576 0.1148 0.1638 0.4308
283      283   (0)      1  : 0.3263 0.0453 0.0798 0.3071 0.2415
284      284   (0)      1  : 0.1507 0.0273 0.1476 0.5329 0.1416
285      285   (0)      1  : 0.2557 0.0484 0.3055 0.2144 0.1760
286      286   (0)      1  : 0.2779 0.0247 0.2482 0.2485 0.2007
287      287   (0)      1  : 0.0120 0.9488 0.0121 0.0130 0.0141
288      288   (0)      1  : 0.0768 0.7732 0.0419 0.0491 0.0589
289      289   (0)      1  : 0.4444 0.1386 0.0779 0.1519 0.1873
290      290   (1)      1  : 0.0190 0.9288 0.0176 0.0165 0.0181
291      291   (0)      1  : 0.1184 0.4196 0.1588 0.1616 0.1415
292      292   (1)      1  : 0.2290 0.1854 0.0652 0.2029 0.3175
293      293   (0)      1  : 0.1142 0.0272 0.6505 0.1010 0.1071
294      294   (0)      1  : 0.2786 0.3513 0.0527 0.1889 0.1285
295      295   (0)      1  : 0.3048 0.0265 0.1420 0.2894 0.2373
296      296   (0)      1  : 0.4366 0.0408 0.1417 0.1573 0.2237
297      297   (0)      1  : 0.0660 0.7412 0.0305 0.0782 0.0842
298      298   (0)      1  : 0.6276 0.0283 0.0542 0.1997 0.0902
299      299   (0)      1  : 0.2176 0.2509 0.2584 0.1355 0.1377
300      300   (0)      1  : 0.3013 0.0334 0.1022 0.1995 0.3635
301      301   (0)      1  : 0.0287 0.8838 0.0188 0.0337 0.0350
302      302   (0)      1  : 0.2345 0.4750 0.0575 0.1323 0.1006
303      303   (0)      1  : 0.3689 0.1058 0.0549 0.1483 0.3221
304      304   (0)      1  : 0.5793 0.1255 0.0813 0.0955 0.1184
305      305   (0)      1  : 0.5077 0.0318 0.0783 0.1889 0.1933
306      306   (0)      1  : 0.0653 0.6603 0.0216 0.1599 0.0929
307      307   (1)      1  : 0.1808 0.0260 0.2103 0.2379 0.3449
308      308   (0)      1  : 0.1924 0.0904 0.0498 0.3585 0.3090
309      309   (1)      1  : 0.0307 0.8651 0.0296 0.0390 0.0356
310      310   (0)      1  : 0.1152 0.3598 0.0691 0.1727 0.2832
311      311   (0)      1  : 0.2727 0.4751 0.0477 0.0902 0.1143
312      312   (0)      1  : 0.1573 0.0384 0.5044 0.1455 0.1545
313      313   (0)      1  : 0.2875 0.0196 0.1024 0.3697 0.2208
314      314   (0)      1  : 0.1076 0.0432 0.6181 0.1044 0.1266
315      315   (0)      1  : 0.2284 0.0687 0.1039 0.3659 0.2332
316      316   (0)      1  : 0.1546 0.0346 0.0763 0.4298 0.3047
317      317   (0)      1  : 0.1514 0.0393 0.4062 0.0593 0.3438
318      318   (0)      1  : 0.1126 0.0276 0.4198 0.2004 0.2397
319      319   (1)      1  : 0.4322 0.0198 0.1138 0.2361 0.1980
320      320   (0)      1  : 0.2920 0.0124 0.0551 0.5818 0.0587
321      321   (0)      1  : 0.3293 0.0312 0.0696 0.3350 0.2349
322      322   (0)      1  : 0.1074 0.4577 0.0701 0.1042 0.2605
323      323   (0)      1  : 0.3665 0.0288 0.0327 0.4209 0.1511
324      324   (0)      1  : 0.1100 0.0280 0.1032 0.6391 0.1196
325      325   (0)      1  : 0.0783 0.3007 0.0406 0.1763 0.4040
326      326   (0)      1  : 0.1474 0.0490 0.0515 0.5605 0.1915
327      327   (0)      1  : 0.2057 0.0363 0.1315 0.5622 0.0643
328      328   (1)      1  : 0.4226 0.0334 0.1780 0.1756 0.1903
329      329   (0)      1  : 0.2936 0.0799 0.2999 0.1427 0.1839
330      330   (0)      1  : 0.1595 0.0727 0.1941 0.3378 0.2359
331      331   (0)      1  : 0.1095 0.2859 0.1283 0.3658 0.1106
332      332   (0)      1  : 0.1206 0.2220 0.2102 0.2109 0.2362
333      333   (0)      1  : 0.0765 0.3044 0.3026 0.2193 0.0972
334      334   (0)      1  : 0.1359 0.0229 0.4743 0.0838 0.2831
335      335   (0)      1  : 0.2119 0.0432 0.1985 0.2889 0.2574
336      336   (0)      1  : 0.2378 0.1220 0.0876 0.1490 0.4036
337      337   (0)      1  : 0.2052 0.4428 0.0705 0.1362 0.1454
338      338   (0)      1  : 0.1108 0.1438 0.2483 0.1787 0.3185
339      339   (0)      1  : 0.2921 0.1038 0.1001 0.2755 0.2285
340      340   (0)      1  : 0.0469 0.0482 0.7474 0.0780 0.0794
341      341   (0)      1  : 0.0676 0.0785 0.6519 0.0915 0.1105
342      342   (0)      1  : 0.1835 0.1733 0.2984 0.2022 0.1425
343      343   (0)      1  : 0.0934 0.0541 0.2595 0.2618 0.3312
344      344   (0)      1  : 0.0952 0.1666 0.3231 0.2691 0.1461
345      345   (1)      1  : 0.1219 0.1352 0.0372 0.2339 0.4718
346      346   (0)      1  : 0.0906 0.1951 0.1220 0.3800 0.2122
347      347   (0)      1  : 0.1391 0.2405 0.0855 0.2584 0.2766
348      348   (0)      1  : 0.0668 0.1944 0.5590 0.1146 0.0653
349      349   (0)      1  : 0.0944 0.0585 0.3249 0.2439 0.2782
350      350   (0)      1  : 0.4894 0.0758 0.0604 0.1990 0.1755
351      351   (0)      1  : 0.1236 0.1130 0.2394 0.2890 0.2350
352      352   (0)      1  : 0.4700 0.0512 0.1048 0.1941 0.1799
353      353   (0)      1  : 0.1126 0.0295 0.1036 0.4789 0.2754
354      354   (0)      1  : 0.0894 0.2531 0.3070 0.0794 0.2711
355      355   (0)      1  : 0.1234 0.0638 0.3025 0.0842 0.4262
356      356   (0)      1  : 0.3900 0.0408 0.1593 0.1720 0.2380
357      357   (0)      1  : 0.3257 0.0941 0.0531 0.3733 0.1539
358      358   (0)      1  : 0.3602 0.0428 0.0949 0.3616 0.1405
359      359   (0)      1  : 0.6277 0.1918 0.0214 0.0663 0.0927
360      360   (0)      1  : 0.1624 0.2075 0.1166 0.2584 0.2552
361      361   (0)      1  : 0.3807 0.0409 0.0490 0.4470 0.0824
362      362   (0)      1  : 0.3345 0.0396 0.0427 0.2570 0.3262
363      363   (0)      1  : 0.1119 0.1364 0.3187 0.2412 0.1918
364      364   (1)      1  : 0.3024 0.0333 0.4244 0.0947 0.1453
365      365   (0)      1  : 0.2213 0.0205 0.0720 0.4569 0.2293
366      366   (0)      1  : 0.0751 0.0309 0.2405 0.4308 0.2228
367      367   (0)      1  : 0.1202 0.0993 0.0772 0.4673 0.2360
368      368   (1)      1  : 0.4983 0.0873 0.0477 0.1103 0.2564
369      369   (0)      1  : 0.1248 0.3189 0.2185 0.1026 0.2353
370      370   (0)      1  : 0.0608 0.7146 0.0595 0.0784 0.0867
371      371   (0)      1  : 0.0534 0.8152 0.0323 0.0399 0.0592
372      372   (2)      1  : 0.0217 0.9070 0.0174 0.0284 0.0255
373      373   (0)      1  : 0.1057 0.4416 0.0420 0.2880 0.1228
374      374   (0)      1  : 0.3156 0.0272 0.1762 0.2699 0.2111
375      375   (0)      1  : 0.1756 0.0797 0.0680 0.5210 0.1557
376      376   (0)      1  : 0.1151 0.5034 0.0676 0.0889 0.2249
377      377   (0)      1  : 0.1166 0.0228 0.3334 0.3590 0.1681
378      378   (0)      1  : 0.2642 0.0235 0.1765 0.1134 0.4225
379      379   (0)      1  : 0.1225 0.4411 0.1313 0.1441 0.1611
380      380   (1)      1  : 0.0955 0.0229 0.0490 0.5587 0.2739
381      381   (0)      1  : 0.2845 0.0970 0.0451 0.3639 0.2095
382      382   (0)      1  : 0.0366 0.8573 0.0192 0.0487 0.0382
383      383   (0)      1  : 0.1019 0.1224 0.0266 0.3147 0.4345
384      384   (0)      1  : 0.1395 0.3237 0.1497 0.1241 0.2629
385      385   (0)      1  : 0.3645 0.2341 0.0291 0.2055 0.1667
386      386   (0)      1  : 0.1048 0.1285 0.0804 0.4049 0.2814
387      387   (0)      1  : 0.1870 0.3462 0.0389 0.3561 0.0719
388      388   (0)      1  : 0.1230 0.2845 0.2819 0.1622 0.1485
389      389   (0)      1  : 0.5486 0.0289 0.0493 0.2847 0.0884
390      390   (0)      1  : 0.3548 0.0239 0.1143 0.2770 0.2300
391      391   (0)      1  : 0.1261 0.4361 0.2079 0.1207 0.1093
392      392   (0)      1  : 0.1388 0.2865 0.1608 0.1747 0.2391
393      393   (0)      1  : 0.1204 0.0633 0.1724 0.4586 0.1853
394      394   (1)      1  : 0.5568 0.0733 0.0442 0.1344 0.1912
395      395   (0)      1  : 0.1211 0.0636 0.2064 0.1804 0.4285
396      396   (0)      1  : 0.4871 0.0400 0.0673 0.2820 0.1236
397      397   (0)      1  : 0.2146 0.2720 0.0484 0.2719 0.1931
398      398   (0)      1  : 0.0565 0.7021 0.1040 0.0668 0.0706
399      399   (0)      1  : 0.1604 0.2067 0.1095 0.2339 0.2895
400      400   (0)      1  : 0.2128 0.1223 0.1055 0.2594 0.3000
401      401   (1)      1  : 0.0330 0.8547 0.0491 0.0239 0.0393
402      402   (0)      1  : 0.1286 0.0264 0.5223 0.1327 0.1900
403      403   (0)      1  : 0.1623 0.1441 0.2469 0.1045 0.3422
404      404   (0)      1  : 0.1732 0.0243 0.2353 0.2250 0.3421
405      405   (0)      1  : 0.1197 0.3169 0.0353 0.3628 0.1653
406      406   (0)      1  : 0.2123 0.0758 0.2200 0.1625 0.3294
407      407   (0)      1  : 0.2685 0.0511 0.0314 0.4333 0.2158
408      408   (0)      1  : 0.1522 0.0807 0.2337 0.1987 0.3346
409      409   (0)      1  : 0.3489 0.0616 0.0311 0.4114 0.1471
410      410   (0)      1  : 0.0381 0.8905 0.0156 0.0286 0.0272
411      411   (0)      1  : 0.1807 0.5722 0.0537 0.0823 0.1112
412      412   (0)      1  : 0.1343 0.1175 0.3887 0.2594 0.1002
413      413   (0)      1  : 0.4707 0.0456 0.0301 0.3456 0.1080
414      414   (0)      1  : 0.1508 0.3461 0.2261 0.0858 0.1913
415      415   (0)      1  : 0.2095 0.0265 0.1433 0.1587 0.4621
416      416   (0)      1  : 0.1656 0.0770 0.1913 0.2760 0.2901
417      417   (0)      1  : 0.3768 0.0257 0.1362 0.3644 0.0969
418      418   (0)      1  : 0.2414 0.1529 0.0805 0.2722 0.2530
419      419   (0)      1  : 0.2265 0.4165 0.0433 0.2195 0.0942
420      420   (0)      1  : 0.2868 0.0317 0.2469 0.2285 0.2060
421      421   (0)      1  : 0.1775 0.1078 0.2096 0.2812 0.2239
422      422   (0)      1  : 0.0273 0.8847 0.0244 0.0302 0.0334
423      423   (0)      1  : 0.1378 0.0314 0.0254 0.6988 0.1066
424      424   (0)      1  : 0.3124 0.0231 0.0449 0.1428 0.4768
425      425   (0)      1  : 0.0241 0.8427 0.0811 0.0224 0.0297
426      426   (0)      1  : 0.1657 0.0831 0.0528 0.2986 0.3998
427      427   (0)      1  : 0.2107 0.1895 0.0744 0.3093 0.2162
428      428   (0)      1  : 0.0187 0.9105 0.0220 0.0243 0.0245
429      429   (0)      1  : 0.5729 0.0266 0.0703 0.2249 0.1053
430      430   (0)      1  : 0.3381 0.0930 0.0323 0.1945 0.3421
431      431   (0)      1  : 0.0787 0.4671 0.0983 0.1185 0.2374
432      432   (0)      1  : 0.0358 0.8450 0.0357 0.0381 0.0454
433      433   (0)      1  : 0.0341 0.8818 0.0348 0.0227 0.0265
434      434   (0)      1  : 0.3083 0.1866 0.0253 0.1105 0.3693
435      435   (0)      1  : 0.0603 0.0175 0.0909 0.2983 0.5330
436      436   (0)      1  : 0.1266 0.0405 0.0258 0.6433 0.1638
437      437   (0)      1  : 0.1554 0.6291 0.0457 0.1040 0.0658
438      438   (0)      1  : 0.1931 0.2985 0.0598 0.0678 0.3808
439      439   (0)      1  : 0.3048 0.0556 0.0594 0.2373 0.3428
440      440   (0)      1  : 0.0522 0.7560 0.0532 0.0755 0.0631
441      441   (0)      1  : 0.4000 0.0232 0.1103 0.2515 0.2150
442      442   (0)      1  : 0.2918 0.0525 0.0634 0.1932 0.3990
443      443   (0)      1  : 0.1295 0.0189 0.4986 0.0539 0.2992
444      444   (0)      1  : 0.2666 0.1037 0.0427 0.4142 0.1727
445      445   (0)      1  : 0.4419 0.0964 0.0414 0.1672 0.2531
446      446   (0)      2  : 0.1292 0.0495 0.5458 0.1824 0.0931
447      447   (0)      2  : 0.2053 0.0480 0.0777 0.3753 0.2936
448      448   (0)      2  : 0.1275 0.0634 0.0334 0.5469 0.2288
449      449   (0)      2  : 0.1109 0.6739 0.0743 0.0686 0.0722
450      450   (0)      2  : 0.0921 0.6687 0.0748 0.0660 0.0985
451      451   (0)      2  : 0.0391 0.8487 0.0246 0.0290 0.0586
452      452   (0)      2  : 0.0970 0.2628 0.2165 0.2360 0.1878
453      453   (0)      2  : 0.1459 0.0306 0.5544 0.0830 0.1861
454      454   (0)      2  : 0.0357 0.8500 0.0264 0.0348 0.0532
455      455   (0)      2  : 0.5031 0.0337 0.0488 0.2251 0.1893
456      456   (0)      2  : 0.0449 0.8575 0.0197 0.0389 0.0390
457      457   (0)      2  : 0.1641 0.0483 0.0415 0.3290 0.4172
458      458   (0)      2  : 0.1445 0.1554 0.4487 0.1272 0.1242
459      459   (0)      2  : 0.3324 0.0192 0.2748 0.1918 0.1818
460      460   (2)      2  : 0.1962 0.3965 0.0789 0.1018 0.2265
461      461   (1)      2  : 0.1205 0.3046 0.1887 0.1487 0.2375
462      462   (3)      2  : 0.1804 0.3693 0.1100 0.0915 0.2489
463      463   (1)      2  : 0.0789 0.6815 0.0724 0.0892 0.0780
464      464   (3)      2  : 0.1062 0.0247 0.0299 0.6565 0.1827
465      465   (3)      2  : 0.5431 0.0514 0.0542 0.1849 0.1664
466      466   (0)      2  : 0.1250 0.1388 0.0610 0.1383 0.5368
467      467   (1)      2  : 0.4280 0.0393 0.0665 0.1736 0.2926
468      468   (0)      2  : 0.6039 0.0448 0.0391 0.1826 0.1296
469      469   (0)      2  : 0.1039 0.7455 0.0367 0.0396 0.0743
470      470   (3)      2  : 0.1908 0.5076 0.0673 0.1314 0.1029
471      471   (1)      2  : 0.1339 0.2769 0.1336 0.2074 0.2482
472      472   (1)      2  : 0.1475 0.0760 0.0528 0.3088 0.4149
473      473   (2)      2  : 0.0976 0.0301 0.0651 0.5148 0.2924
474      474   (0)      2  : 0.1032 0.0421 0.5393 0.1876 0.1278
475      475   (1)      2  : 0.0406 0.6553 0.2152 0.0388 0.0501
476      476   (2)      2  : 0.2065 0.0203 0.3412 0.2023 0.2298
477      477   (3)      2  : 0.3952 0.0900 0.0780 0.0946 0.3422
478      478   (0)      2  : 0.1077 0.0500 0.3604 0.1604 0.3215
479      479   (0)      2  : 0.1694 0.0210 0.0561 0.6450 0.1085
480      480   (0)      2  : 0.1861 0.1566 0.0694 0.3648 0.2230
481      481   (2)      2  : 0.1073 0.2204 0.2002 0.2148 0.2572
482      482   (3)      2  : 0.5184 0.0201 0.0727 0.1623 0.2265
483      483   (3)      2  : 0.4399 0.0439 0.0314 0.2027 0.2821
484      484   (3)      2  : 0.2735 0.0429 0.1570 0.1639 0.3626
485      485   (2)      2  : 0.0786 0.6248 0.0431 0.1677 0.0858
486      486   (2)      2  : 0.2426 0.4172 0.0574 0.1196 0.1633
487      487   (1)      2  : 0.0834 0.0927 0.2345 0.1075 0.4819
488      488   (3)      2  : 0.1273 0.0534 0.0731 0.2232 0.5231
489      489   (0)      2  : 0.2039 0.0312 0.1099 0.1529 0.5021
490      490   (2)      2  : 0.2810 0.0777 0.1039 0.2354 0.3020
491      491   (4)      2  : 0.1005 0.1214 0.5632 0.1217 0.0933
492      492   (4)      2  : 0.1014 0.0216 0.7476 0.0547 0.0747
493      493   (3)      2  : 0.1792 0.1102 0.0479 0.2290 0.4337
494      494   (3)      2  : 0.0363 0.8734 0.0239 0.0325 0.0339
495      495   (3)      2  : 0.0968 0.1665 0.4364 0.1674 0.1329
496      496   (0)      2  : 0.2736 0.0736 0.2637 0.1337 0.2554
497      497   (5)      2  : 0.2805 0.0912 0.1878 0.2365 0.2040
498      498   (3)      2  : 0.1090 0.1826 0.1195 0.1695 0.4194
499      499   (1)      2  : 0.2835 0.0464 0.1465 0.1462 0.3775
500      500   (1)      2  : 0.3838 0.0252 0.1167 0.2151 0.2593
501      501   (3)      2  : 0.0974 0.4345 0.0802 0.1814 0.2065
502      502   (1)      2  : 0.5441 0.1898 0.0372 0.1675 0.0614
503      503   (4)      2  : 0.3172 0.0515 0.0330 0.4254 0.1730
504      504   (1)      2  : 0.4765 0.3002 0.0326 0.0923 0.0985
505      505   (0)      2  : 0.1827 0.2521 0.2914 0.1235 0.1503
506      506   (6)      2  : 0.1567 0.0555 0.2691 0.1143 0.4044
507      507   (0)      2  : 0.2442 0.1440 0.0731 0.2333 0.3055
508      508   (0)      2  : 0.5153 0.0829 0.0674 0.1843 0.1501
509      509   (2)      2  : 0.0288 0.8789 0.0359 0.0264 0.0301
510      510   (1)      2  : 0.2039 0.0273 0.1422 0.2574 0.3693
511      511   (3)      2  : 0.0559 0.1303 0.6666 0.0691 0.0780
512      512   (2)      2  : 0.0740 0.7580 0.0231 0.0791 0.0658
513      513   (7)      2  : 0.1019 0.1779 0.4341 0.0893 0.1968
514      514   (3)      2  : 0.0932 0.5791 0.1964 0.0806 0.0507
515      515   (0)      2  : 0.2001 0.0647 0.1101 0.3106 0.3144
516      516   (2)      2  : 0.1189 0.2029 0.1049 0.3998 0.1736
517      517   (2)      2  : 0.0896 0.2407 0.2647 0.1159 0.2892
518      518   (0)      2  : 0.3045 0.0460 0.0845 0.3519 0.2131
519      519   (7)      2  : 0.0454 0.0554 0.7011 0.1115 0.0866
520      520   (4)      2  : 0.0629 0.1975 0.3341 0.1425 0.2630
521      521   (1)      2  : 0.1203 0.1744 0.2451 0.1558 0.3043
522      522   (1)      2  : 0.3533 0.0996 0.0401 0.1333 0.3737
523      523   (3)      2  : 0.4668 0.0427 0.0902 0.2110 0.1894
524      524   (1)      2  : 0.4424 0.0386 0.0433 0.2409 0.2347
525      525   (2)      2  : 0.3560 0.1414 0.3130 0.0948 0.0948
526      526   (1)      2  : 0.2810 0.0785 0.3230 0.1844 0.1331
527      527   (0)      2  : 0.1356 0.0329 0.2679 0.2748 0.2888
528      528   (0)      2  : 0.2486 0.0334 0.0667 0.4890 0.1623
529      529   (1)      2  : 0.0909 0.0311 0.0783 0.5109 0.2889
530      530   (0)      2  : 0.6689 0.0276 0.0350 0.1661 0.1024
531      531   (0)      2  : 0.1128 0.0367 0.0303 0.7244 0.0959
532      532   (1)      2  : 0.4257 0.0253 0.0685 0.1807 0.2998
533      533   (2)      2  : 0.0791 0.0186 0.1514 0.3944 0.3565
534      534   (2)      2  : 0.2436 0.0592 0.0622 0.2701 0.3650
535      535   (0)      2  : 0.1775 0.0484 0.3601 0.2272 0.1868
536      536   (0)      2  : 0.0418 0.0307 0.7213 0.1349 0.0712
537      537   (0)      2  : 0.1488 0.0300 0.3297 0.2382 0.2532
538      538   (0)      2  : 0.1207 0.0421 0.0363 0.5933 0.2076
539      539   (1)      2  : 0.5032 0.0583 0.0869 0.2141 0.1375
540      540   (6)      2  : 0.0762 0.0402 0.0720 0.0943 0.7174
541      541   (1)      2  : 0.0898 0.0516 0.1249 0.5885 0.1452
542      542   (1)      2  : 0.0930 0.1548 0.1174 0.5037 0.1310
543      543   (0)      2  : 0.1475 0.2157 0.0601 0.2582 0.3186
544      544   (2)      2  : 0.1294 0.0396 0.1667 0.4031 0.2613
545      545   (1)      2  : 0.2639 0.5780 0.0217 0.0536 0.0827
546      546   (6)      2  : 0.1072 0.0149 0.0424 0.7463 0.0892
547      547   (0)      2  : 0.3384 0.1090 0.0250 0.2153 0.3123
548      548   (1)      2  : 0.1052 0.1349 0.1197 0.1146 0.5255
549      549   (0)      2  : 0.1335 0.0392 0.0543 0.5735 0.1995
550      550   (1)      2  : 0.0493 0.7766 0.0475 0.0534 0.0732
551      551   (1)      2  : 0.0834 0.0580 0.5209 0.1023 0.2355
552      552   (2)      2  : 0.1556 0.0927 0.0622 0.3101 0.3794
553      553   (7)      2  : 0.1764 0.0658 0.1348 0.5037 0.1194
554      554   (2)      2  : 0.1538 0.0343 0.1245 0.4176 0.2697
555      555   (3)      2  : 0.1985 0.0349 0.2092 0.2364 0.3210
556      556   (0)      2  : 0.0317 0.0692 0.7176 0.0895 0.0920
557      557   (1)      2  : 0.1237 0.5082 0.0679 0.0840 0.2161
558      558   (0)      2  : 0.0412 0.1330 0.6998 0.0580 0.0679
559      559   (0)      2  : 0.6292 0.0246 0.0515 0.1054 0.1893
560      560   (5)      2  : 0.2033 0.0872 0.1778 0.0767 0.4550
561      561   (0)      2  : 0.6668 0.0270 0.0371 0.1597 0.1094
562      562   (6)      2  : 0.1000 0.0449 0.3028 0.3821 0.1701
563      563   (2)      2  : 0.1555 0.0669 0.1844 0.2533 0.3398
564      564   (3)      2  : 0.0735 0.2759 0.3474 0.1889 0.1143
565      565   (3)      2  : 0.2611 0.0875 0.1329 0.1873 0.3312
566      566   (1)      2  : 0.4219 0.0615 0.0543 0.1179 0.3444
567      567   (0)      2  : 0.5752 0.0277 0.0878 0.1180 0.1913
568      568   (3)      2  : 0.0575 0.1083 0.2835 0.4187 0.1319
569      569   (2)      2  : 0.3440 0.0469 0.1088 0.1680 0.3323
570      570   (0)      2  : 0.4338 0.0726 0.0407 0.2273 0.2257
571      571   (1)      2  : 0.2977 0.0205 0.0285 0.4613 0.1920
572      572   (4)      2  : 0.2644 0.0502 0.4570 0.1227 0.1056
573      573   (3)      2  : 0.1796 0.4428 0.1534 0.1018 0.1225
574      574   (5)      2  : 0.1004 0.1891 0.1231 0.3977 0.1896
575      575   (3)      2  : 0.0851 0.0280 0.3431 0.2744 0.2694
576      576   (0)      2  : 0.1484 0.0595 0.1593 0.4903 0.1424
577      577   (0)      2  : 0.0387 0.8566 0.0209 0.0487 0.0351
578      578   (1)      2  : 0.2528 0.0332 0.0378 0.4666 0.2096
579      579   (0)      2  : 0.0614 0.7492 0.0722 0.0454 0.0718
580      580   (0)      2  : 0.2733 0.0174 0.2487 0.2406 0.2200
581      581   (3)      2  : 0.4296 0.0591 0.0703 0.2055 0.2355
582      582   (6)      2  : 0.2114 0.0290 0.2082 0.2939 0.2576
583      583   (3)      2  : 0.1039 0.0320 0.3682 0.4139 0.0819
584      584   (3)      2  : 0.2503 0.0738 0.2488 0.2731 0.1541
585      585   (1)      2  : 0.1147 0.0565 0.0444 0.1109 0.6735
586      586   (1)      2  : 0.1585 0.0170 0.0858 0.6122 0.1266
587      587   (0)      2  : 0.0212 0.9075 0.0190 0.0314 0.0209
588      588   (0)      2  : 0.1106 0.2100 0.5242 0.0705 0.0847
589      589   (1)      2  : 0.1049 0.0623 0.1241 0.3599 0.3488
590      590   (2)      2  : 0.1062 0.0097 0.0268 0.7655 0.0918
591      591   (0)      2  : 0.2362 0.0522 0.1119 0.3180 0.2817
592      592   (3)      2  : 0.1623 0.0537 0.0611 0.5974 0.1255
593      593   (0)      2  : 0.1525 0.1085 0.2922 0.1220 0.3248
594      594   (1)      2  : 0.2216 0.0383 0.0890 0.2726 0.3784
595      595   (0)      2  : 0.0802 0.0728 0.3941 0.1406 0.3123
596      596   (1)      2  : 0.2805 0.0906 0.1208 0.3657 0.1424
597      597   (0)      2  : 0.1251 0.0648 0.1589 0.2128 0.4384
598      598   (1)      2  : 0.3550 0.0648 0.0563 0.2920 0.2319
599      599   (0)      2  : 0.2525 0.0615 0.0718 0.3935 0.2207
600      600   (0)      2  : 0.0934 0.0364 0.3881 0.1882 0.2939
601      601   (0)      2  : 0.2826 0.0344 0.2107 0.2435 0.2289
602      602   (0)      2  : 0.6395 0.0802 0.0545 0.0886 0.1371
603      603   (0)      2  : 0.1798 0.0306 0.3369 0.1474 0.3052
604      604   (0)      2  : 0.2203 0.0462 0.1779 0.3825 0.1731
605      605   (0)      2  : 0.1052 0.0250 0.6358 0.0446 0.1895
606      606   (0)      2  : 0.1001 0.0596 0.2644 0.3190 0.2569
607      607   (0)      2  : 0.5116 0.0521 0.0549 0.1652 0.2163
608      608   (0)      2  : 0.4293 0.0248 0.0327 0.3513 0.1618
609      609   (0)      2  : 0.1193 0.0513 0.6645 0.0883 0.0766
610      610   (4)      2  : 0.0281 0.8201 0.0749 0.0353 0.0416
611      611   (0)      2  : 0.0997 0.2135 0.1833 0.0721 0.4314
612      612   (2)      2  : 0.1384 0.0454 0.1268 0.5473 0.1421
613      613   (0)      2  : 0.0933 0.0786 0.1634 0.2965 0.3681
614      614   (0)      2  : 0.1321 0.1141 0.0294 0.5498 0.1745
615      615   (0)      2  : 0.1297 0.0180 0.1944 0.3756 0.2824
616      616   (0)      2  : 0.3073 0.1230 0.2590 0.1105 0.2001
617      617   (0)      2  : 0.2550 0.0415 0.1973 0.2718 0.2344
618      618   (0)      2  : 0.1964 0.1098 0.0338 0.4620 0.1981
619      619   (0)      2  : 0.1005 0.0296 0.2842 0.3138 0.2718
620      620   (0)      2  : 0.1187 0.1380 0.4372 0.0906 0.2155
621      621   (1)      2  : 0.3350 0.0822 0.2188 0.2160 0.1479
622      622   (2)      2  : 0.0928 0.0522 0.4600 0.0841 0.3109
623      623   (1)      2  : 0.1883 0.0615 0.0603 0.6155 0.0744
624      624   (2)      2  : 0.0979 0.0503 0.0919 0.6153 0.1446
625      625   (0)      2  : 0.1364 0.1105 0.0404 0.4239 0.2888
626      626   (6)      2  : 0.1268 0.0371 0.1175 0.3923 0.3264
627      627   (0)      2  : 0.0998 0.1381 0.2303 0.2230 0.3087
628      628   (0)      2  : 0.0187 0.9319 0.0171 0.0144 0.0179
629      629   (1)      2  : 0.0793 0.1317 0.5524 0.1537 0.0830
630      630   (1)      2  : 0.1146 0.0268 0.5747 0.1774 0.1065
631      631   (3)      2  : 0.1168 0.0284 0.0420 0.2024 0.6104
632      632   (0)      2  : 0.0496 0.0272 0.8406 0.0491 0.0335
633      633   (4)      2  : 0.1787 0.0359 0.0955 0.1680 0.5219
634      634   (2)      2  : 0.0591 0.3552 0.3822 0.1145 0.0890
635      635   (0)      2  : 0.4289 0.0182 0.3201 0.1162 0.1165
636      636   (0)      2  : 0.1080 0.5106 0.1616 0.0801 0.1397
637      637   (0)      2  : 0.0839 0.0867 0.2234 0.4145 0.1915
638      638   (0)      2  : 0.5799 0.0373 0.1548 0.0884 0.1395
639      639   (1)      2  : 0.0902 0.0761 0.0810 0.2183 0.5344
640      640   (1)      2  : 0.1050 0.3384 0.0659 0.3419 0.1488
641      641   (0)      2  : 0.1208 0.2634 0.3039 0.0808 0.2311
642      642   (3)      2  : 0.1560 0.1034 0.0908 0.4493 0.2005
643      643   (1)      2  : 0.2863 0.0384 0.1898 0.0674 0.4181
644      644   (7)      2  : 0.2602 0.0176 0.0535 0.3088 0.3599
645      645   (4)      2  : 0.3112 0.0944 0.0873 0.3585 0.1486
646      646   (0)      2  : 0.3180 0.0269 0.2262 0.2990 0.1298
647      647   (1)      2  : 0.2158 0.0286 0.0442 0.5662 0.1452
648      648   (1)      2  : 0.1065 0.0692 0.3537 0.1638 0.3067
649      649   (0)      2  : 0.5582 0.0400 0.1051 0.1849 0.1118
650      650   (1)      2  : 0.2465 0.0176 0.1368 0.3513 0.2477
651      651   (5)      2  : 0.0371 0.8476 0.0481 0.0228 0.0444
652      652   (1)      2  : 0.1673 0.1204 0.1787 0.4165 0.1171
653      653   (3)      2  : 0.2336 0.0622 0.3181 0.1389 0.2471
654      654   (1)      2  : 0.2953 0.0914 0.0532 0.3373 0.2228
655      655   (2)      2  : 0.3319 0.2328 0.0920 0.1628 0.1804
656      656   (0)      2  : 0.1365 0.0253 0.0806 0.4323 0.3254
657      657   (0)      2  : 0.2087 0.0464 0.2989 0.2778 0.1682
658      658   (0)      2  : 0.3847 0.0492 0.1289 0.2100 0.2273
659      659   (5)      2  : 0.2483 0.0139 0.2345 0.3227 0.1807
660      660   (3)      2  : 0.3142 0.1100 0.0917 0.1828 0.3013
661      661   (2)      2  : 0.1652 0.0210 0.3263 0.3313 0.1562
662      662   (1)      2  : 0.0576 0.0625 0.2821 0.1254 0.4723
663      663   (2)      2  : 0.2155 0.2295 0.1795 0.0951 0.2803
664      664   (0)      2  : 0.1940 0.0384 0.3361 0.1836 0.2479
665      665   (0)      2  : 0.1150 0.0851 0.3558 0.2138 0.2303
666      666   (0)      2  : 0.0612 0.7826 0.0380 0.0649 0.0533
667      667   (0)      2  : 0.2557 0.3109 0.1632 0.0786 0.1916
668      668   (2)      2  : 0.2538 0.2222 0.0678 0.2909 0.1653
669      669   (4)      2  : 0.4342 0.1083 0.0545 0.2265 0.1766
670      670   (6)      2  : 0.5890 0.0338 0.0230 0.1772 0.1770
671      671   (3)      2  : 0.0312 0.0286 0.8034 0.0622 0.0746
672      672   (0)      2  : 0.1060 0.0223 0.5090 0.0830 0.2797
673      673   (4)      2  : 0.3679 0.0251 0.3256 0.1378 0.1437
674      674   (0)      2  : 0.2739 0.0874 0.1990 0.1412 0.2986
675      675   (0)      2  : 0.1354 0.0343 0.1547 0.1792 0.4965
676      676   (1)      2  : 0.1225 0.0430 0.1772 0.2308 0.4266
677      677   (3)      2  : 0.3740 0.2089 0.0599 0.1020 0.2552
678      678   (6)      2  : 0.2322 0.0342 0.4423 0.1538 0.1374
679      679   (1)      2  : 0.3570 0.1681 0.0266 0.1394 0.3089
680      680   (1)      2  : 0.0858 0.0452 0.4994 0.1873 0.1823
681      681   (1)      2  : 0.2003 0.2668 0.1804 0.0584 0.2941
682      682   (1)      2  : 0.1061 0.3511 0.1240 0.2954 0.1234
683      683   (0)      2  : 0.2154 0.0609 0.0292 0.2115 0.4830
684      684   (0)      2  : 0.1574 0.0314 0.0855 0.4217 0.3040
685      685   (0)      2  : 0.6935 0.0371 0.0538 0.1376 0.0781
686      686   (0)      2  : 0.6644 0.0230 0.0552 0.1014 0.1561
687      687   (3)      2  : 0.3519 0.0352 0.1162 0.3572 0.1395
688      688   (1)      2  : 0.0970 0.2609 0.1993 0.2404 0.2024
689      689   (1)      2  : 0.1055 0.5332 0.1398 0.0781 0.1434
690      690   (5)      2  : 0.0568 0.1021 0.5131 0.0847 0.2433
691      691   (5)      2  : 0.4940 0.1889 0.1472 0.0631 0.1069
692      692   (0)      2  : 0.4575 0.2124 0.0551 0.1169 0.1582
693      693   (2)      2  : 0.2400 0.0278 0.3245 0.1396 0.2681
694      694   (0)      2  : 0.1786 0.0196 0.6147 0.0711 0.1160
695      695   (0)      2  : 0.4285 0.2811 0.0595 0.0882 0.1426
696      696   (0)      2  : 0.8259 0.0177 0.0177 0.0682 0.0705
697      697   (2)      2  : 0.1042 0.0548 0.2885 0.0820 0.4705
698      698   (0)      2  : 0.2086 0.0150 0.3139 0.1431 0.3195
699      699   (1)      2  : 0.0628 0.0880 0.5686 0.0959 0.1846
700      700   (0)      2  : 0.1777 0.0930 0.0397 0.4814 0.2083
701      701   (0)      2  : 0.2763 0.0572 0.2924 0.0999 0.2743
702      702   (1)      2  : 0.3380 0.3044 0.2089 0.0539 0.0949
703      703   (1)      2  : 0.5554 0.1595 0.0289 0.1841 0.0720
704      704   (0)      2  : 0.2240 0.5212 0.0857 0.0775 0.0917
705      705   (0)      2  : 0.1024 0.0278 0.1519 0.5044 0.2134
706      706   (0)      2  : 0.2602 0.2878 0.1301 0.0768 0.2451
707      707   (1)      2  : 0.0477 0.0340 0.7956 0.0620 0.0608
708      708   (1)      2  : 0.1032 0.1386 0.1762 0.2075 0.3745
709      709   (0)      2  : 0.2327 0.3878 0.1428 0.1046 0.1322
710      710   (0)      2  : 0.1732 0.0522 0.1122 0.1706 0.4918
711      711   (0)      2  : 0.1845 0.2249 0.0485 0.3568 0.1854
712      712   (1)      2  : 0.2889 0.0482 0.0995 0.2404 0.3229
713      713   (0)      2  : 0.6807 0.0770 0.0739 0.1041 0.0643
714      714   (0)      2  : 0.0986 0.0599 0.0408 0.5435 0.2572
715      715   (0)      2  : 0.3086 0.0944 0.0489 0.4166 0.1315
716      716   (0)      2  : 0.1656 0.5122 0.0909 0.1027 0.1286
717      717   (1)      2  : 0.1893 0.0773 0.4876 0.1022 0.1437
718      718   (1)      2  : 0.1115 0.0386 0.4252 0.0839 0.3408
719      719   (7)      2  : 0.0961 0.0153 0.6763 0.0621 0.1502
720      720   (2)      2  : 0.1349 0.0552 0.0491 0.6184 0.1423
721      721   (1)      2  : 0.1961 0.0439 0.3735 0.2586 0.1279
722      722   (0)      2  : 0.5148 0.0431 0.1875 0.1355 0.1192
723      723   (1)      2  : 0.1048 0.0397 0.5876 0.1768 0.0910
724      724   (0)      2  : 0.3150 0.4234 0.0447 0.1143 0.1026
725      725   (0)      2  : 0.0839 0.0454 0.1159 0.6414 0.1135
726      726   (0)      2  : 0.2020 0.0392 0.1862 0.4189 0.1538
727      727   (1)      2  : 0.0542 0.0511 0.7587 0.0428 0.0931
728      728   (0)      2  : 0.0961 0.2245 0.2914 0.2589 0.1290
729      729   (1)      2  : 0.1346 0.0473 0.1806 0.3256 0.3120
730      730   (0)      2  : 0.4744 0.1220 0.1003 0.1891 0.1143
731      731   (2)      2  : 0.0837 0.6729 0.0794 0.0769 0.0871
732      732   (1)      2  : 0.0548 0.2109 0.5310 0.0561 0.1471
733      733   (0)      2  : 0.4069 0.0282 0.0627 0.2388 0.2634
734      734   (0)      2  : 0.1392 0.0329 0.0543 0.4791 0.2946
735      735   (0)      2  : 0.1315 0.0275 0.2770 0.3701 0.1939
736      736   (0)      2  : 0.4573 0.1098 0.0446 0.2063 0.1820
737      737   (0)      2  : 0.5760 0.0744 0.0558 0.1436 0.1503
738      738   (0)      2  : 0.2323 0.2455 0.1191 0.2729 0.1302
739      739   (0)      2  : 0.0983 0.0953 0.2527 0.3613 0.1923
740      740   (0)      2  : 0.0738 0.0123 0.2202 0.2855 0.4081
741      741   (0)      2  : 0.5082 0.1941 0.0431 0.0752 0.1794
742      742   (0)      2  : 0.1774 0.0695 0.1333 0.0921 0.5276
743      743   (0)      2  : 0.7610 0.0384 0.0259 0.0944 0.0804
744      744   (0)      2  : 0.1035 0.0201 0.0704 0.6525 0.1536
745      745   (0)      2  : 0.2506 0.0349 0.0691 0.2790 0.3664
746      746   (0)      2  : 0.1352 0.4660 0.0471 0.1680 0.1837
747      747   (0)      2  : 0.0339 0.8894 0.0136 0.0370 0.0261
748      748   (2)      2  : 0.7607 0.0776 0.0225 0.0668 0.0724
749      749   (5)      2  : 0.1294 0.2319 0.4100 0.0787 0.1501
750      750   (1)      2  : 0.2337 0.0683 0.0984 0.3570 0.2425
751      751   (0)      2  : 0.2481 0.3220 0.0245 0.2157 0.1896
752      752   (3)      2  : 0.5497 0.0194 0.1373 0.1816 0.1120
753      753   (0)      2  : 0.7542 0.0170 0.0182 0.0972 0.1134
754      754   (0)      2  : 0.3520 0.0369 0.1024 0.2275 0.2812
755      755   (0)      2  : 0.0351 0.0268 0.8551 0.0311 0.0519
756      756   (0)      2  : 0.4173 0.1441 0.0364 0.1731 0.2290
757      757   (0)      2  : 0.1700 0.0503 0.2489 0.0750 0.4558
758      758   (1)      2  : 0.0985 0.1169 0.0820 0.5953 0.1074
759      759   (0)      2  : 0.4103 0.0854 0.1411 0.2489 0.1144
760      760   (0)      2  : 0.1920 0.3231 0.1065 0.1952 0.1833
761      761   (0)      2  : 0.6546 0.0129 0.0313 0.1327 0.1686
762      762   (0)      2  : 0.4356 0.0251 0.0401 0.3799 0.1193
763      763   (0)      2  : 0.3878 0.1911 0.0749 0.1492 0.1970
764      764   (0)      4  : 0.1783 0.0478 0.0987 0.4415 0.2337
765      765   (0)      2  : 0.6022 0.0657 0.0776 0.1102 0.1442
766      766   (0)      4  : 0.2813 0.0221 0.0805 0.3409 0.2751
767      767   (0)      4  : 0.6973 0.0161 0.0299 0.1383 0.1184
768      768   (0)      4  : 0.6551 0.0614 0.0335 0.1275 0.1224
769      769   (0)      2  : 0.3387 0.0358 0.2215 0.1685 0.2355
770      770   (0)      4  : 0.4802 0.0404 0.0606 0.1411 0.2778
771      771   (1)      3  : 0.2291 0.0359 0.4557 0.1031 0.1763
772      772   (0)      2  : 0.6568 0.0348 0.0571 0.1464 0.1048
773      773   (0)      3  : 0.0708 0.1456 0.4248 0.2432 0.1156
774      774   (0)      3  : 0.0452 0.0336 0.7814 0.0690 0.0708
775      775   (0)      3  : 0.0213 0.0172 0.8973 0.0309 0.0333
776      776   (0)      3  : 0.0298 0.0576 0.8461 0.0308 0.0357
777      777   (0)      3  : 0.0264 0.0218 0.8803 0.0353 0.0362
778      778   (3)      4  : 0.2143 0.1111 0.0237 0.3528 0.2981
779      779   (1)      2  : 0.3513 0.0786 0.1468 0.2150 0.2084
780      780   (0)      4  : 0.2403 0.0468 0.0777 0.1243 0.5109
781      781   (0)      4  : 0.6229 0.0282 0.0403 0.0887 0.2198
782      782   (0)      4  : 0.1191 0.0611 0.0925 0.3489 0.3784
783      783   (0)      4  : 0.5125 0.1211 0.0326 0.2309 0.1029
784      784   (0)      2  : 0.1226 0.4930 0.1319 0.0939 0.1586
785      785   (0)      4  : 0.7178 0.0410 0.0297 0.0752 0.1364
786      786   (0)      3  : 0.1067 0.2964 0.2120 0.2095 0.1755
787      787   (0)      3  : 0.0303 0.0265 0.8924 0.0237 0.0271
788      788   (0)      3  : 0.0370 0.0151 0.7242 0.0820 0.1417
789      789   (0)      3  : 0.2418 0.0564 0.4749 0.0593 0.1677
790      790   (1)      3  : 0.0670 0.0367 0.7382 0.0712 0.0869
791      791   (0)      3  : 0.0946 0.0389 0.4102 0.2727 0.1836
792      792   (2)      4  : 0.2922 0.0257 0.1090 0.1605 0.4126
793      793   (4)      4  : 0.2937 0.0515 0.0722 0.4042 0.1784
794      794   (0)      4  : 0.4996 0.0168 0.1760 0.1303 0.1773
795      795   (2)      4  : 0.2935 0.1339 0.0547 0.3568 0.1611
796      796   (0)      4  : 0.3309 0.0558 0.1255 0.2240 0.2637
797      797   (1)      2  : 0.1479 0.3121 0.1023 0.2814 0.1563
798      798   (0)      4  : 0.1438 0.1275 0.1161 0.0754 0.5372
799      799   (1)      3  : 0.0968 0.0922 0.5281 0.0812 0.2017
800      800   (0)      2  : 0.0920 0.0804 0.4811 0.2501 0.0965
801      801   (1)      3  : 0.1290 0.0281 0.2745 0.0662 0.5022
802      802   (1)      3  : 0.0248 0.0999 0.8220 0.0218 0.0316
803      803   (0)      3  : 0.0424 0.0238 0.8205 0.0336 0.0797
804      804   (0)      3  : 0.0281 0.0173 0.8947 0.0293 0.0306
805      805   (0)      4  : 0.0890 0.0520 0.0699 0.6392 0.1499
806      806   (1)      4  : 0.4811 0.0201 0.0531 0.1719 0.2739
807      807   (0)      4  : 0.0656 0.0503 0.0928 0.3543 0.4369
808      808   (0)      4  : 0.2043 0.0555 0.0436 0.4913 0.2053
809      809   (0)      2  : 0.1399 0.0681 0.5087 0.1627 0.1206
810      810   (0)      4  : 0.3314 0.0445 0.0676 0.1327 0.4238
811      811   (0)      2  : 0.0732 0.0570 0.1011 0.2667 0.5019
812      812   (1)      3  : 0.1217 0.0313 0.1883 0.1175 0.5411
813      813   (0)      3  : 0.0633 0.0127 0.7860 0.0669 0.0711
814      814   (0)      3  : 0.0396 0.1376 0.5311 0.1394 0.1524
815      815   (0)      3  : 0.0261 0.0403 0.7961 0.0558 0.0817
816      816   (0)      3  : 0.0437 0.0397 0.7754 0.0514 0.0898
817      817   (6)      4  : 0.2750 0.0573 0.0802 0.3987 0.1888
818      818   (0)      2  : 0.2140 0.3244 0.0738 0.1701 0.2178
819      819   (2)      4  : 0.3424 0.0350 0.1240 0.2745 0.2241
820      820   (1)      4  : 0.4022 0.0331 0.0765 0.3431 0.1451
821      821   (2)      4  : 0.3898 0.1122 0.0504 0.2829 0.1647
822      822   (0)      4  : 0.4764 0.0450 0.0471 0.2174 0.2141
823      823   (0)      2  : 0.5229 0.0849 0.0410 0.1486 0.2026
824      824   (0)      4  : 0.5166 0.0466 0.0548 0.1614 0.2206
825      825   (0)      2  : 0.0768 0.7865 0.0255 0.0717 0.0395
826      826   (1)      3  : 0.0389 0.0141 0.8815 0.0254 0.0401
827      827   (0)      2  : 0.0361 0.8067 0.0579 0.0391 0.0602
828      828   (0)      3  : 0.1438 0.0361 0.4356 0.1611 0.2235
829      829   (0)      3  : 0.0522 0.0509 0.6891 0.0598 0.1480
830      830   (0)      3  : 0.0527 0.0682 0.7525 0.0501 0.0765
831      831   (0)      3  : 0.0317 0.0170 0.8834 0.0300 0.0379
832      832   (0)      4  : 0.1656 0.0620 0.2151 0.3695 0.1878
833      833   (0)      2  : 0.5528 0.0219 0.1221 0.1112 0.1919
834      834   (2)      4  : 0.1106 0.0264 0.0351 0.6095 0.2184
835      835   (0)      4  : 0.4101 0.0632 0.1282 0.1442 0.2543
836      836   (4)      4  : 0.1943 0.0272 0.0405 0.2934 0.4446
837      837   (0)      4  : 0.1560 0.0863 0.1493 0.3053 0.3032
838      838   (0)      2  : 0.2156 0.1567 0.0984 0.3115 0.2178
839      839   (0)      2  : 0.1525 0.1111 0.1996 0.3901 0.1468
840      840   (1)      3  : 0.0834 0.0739 0.6269 0.0719 0.1439
841      841   (0)      3  : 0.0314 0.0424 0.8702 0.0264 0.0296
842      842   (0)      3  : 0.0423 0.0087 0.8887 0.0336 0.0267
843      843   (1)      3  : 0.0353 0.0172 0.8774 0.0323 0.0378
844      844   (0)      3  : 0.0271 0.0167 0.8930 0.0385 0.0247
845      845   (1)      2  : 0.5991 0.0234 0.0442 0.0703 0.2631
846      846   (2)      4  : 0.1798 0.0343 0.0369 0.5803 0.1687
847      847   (0)      4  : 0.3739 0.0918 0.0890 0.1654 0.2798
848      848   (1)      4  : 0.1078 0.0676 0.3023 0.1780 0.3443
849      849   (0)      4  : 0.7299 0.0475 0.0434 0.1056 0.0735
850      850   (0)      3  : 0.1049 0.1222 0.5103 0.1294 0.1332
851      851   (0)      3  : 0.1138 0.0242 0.7862 0.0311 0.0447
852      852   (0)      3  : 0.0385 0.0173 0.8733 0.0386 0.0323
853      853   (1)      3  : 0.0960 0.0322 0.7931 0.0291 0.0496
854      854   (1)      3  : 0.0269 0.0112 0.8938 0.0267 0.0414
855      855   (0)      2  : 0.0653 0.4405 0.2101 0.1100 0.1741
856      856   (0)      4  : 0.2462 0.0199 0.0503 0.5372 0.1464
857      857   (0)      4  : 0.0999 0.0327 0.1143 0.2663 0.4869
858      858   (0)      4  : 0.1839 0.0476 0.1034 0.2121 0.4530
859      859   (0)      2  : 0.2657 0.1489 0.3246 0.1230 0.1379
860      860   (0)      2  : 0.1962 0.0351 0.1170 0.3844 0.2672
861      861   (0)      3  : 0.0790 0.0344 0.4890 0.2356 0.1619
862      862   (0)      3  : 0.0255 0.0351 0.8719 0.0309 0.0366
863      863   (0)      3  : 0.0249 0.0093 0.8975 0.0398 0.0285
864      864   (0)      3  : 0.2965 0.0167 0.4652 0.0573 0.1643
865      865   (0)      3  : 0.0947 0.0239 0.7647 0.0468 0.0700
866      866   (0)      2  : 0.1464 0.5954 0.0781 0.1140 0.0661
867      867   (0)      2  : 0.3264 0.3140 0.0679 0.0949 0.1968
868      868   (0)      2  : 0.0939 0.0484 0.6949 0.0526 0.1102
869      869   (0)      2  : 0.0240 0.8644 0.0419 0.0438 0.0259
870      870   (0)      2  : 0.0598 0.0319 0.5204 0.1415 0.2464
871      871   (0)      2  : 0.5364 0.1093 0.0477 0.1689 0.1376
872      872   (0)      2  : 0.0707 0.0559 0.4659 0.1772 0.2302
873      873   (0)      2  : 0.2772 0.1124 0.0386 0.4219 0.1499
874      874   (0)      2  : 0.0296 0.8737 0.0401 0.0279 0.0287
875      875   (0)      2  : 0.0426 0.6436 0.1864 0.0594 0.0680
876      876   (1)      2  : 0.0802 0.7768 0.0218 0.0666 0.0546
877      877   (0)      2  : 0.4829 0.0469 0.0511 0.2646 0.1546
878      878   (0)      2  : 0.2512 0.0533 0.1729 0.3102 0.2125
879      879   (0)      2  : 0.2560 0.0302 0.1215 0.3750 0.2173
880      880   (0)      2  : 0.4391 0.0819 0.0514 0.2672 0.1604
881      881   (0)      2  : 0.0795 0.4128 0.1371 0.1179 0.2528
882      882   (1)      2  : 0.0921 0.4006 0.1457 0.1224 0.2393
883      883   (0)      2  : 0.1549 0.1123 0.1342 0.1957 0.4029
884      884   (3)      2  : 0.0972 0.4482 0.2825 0.0445 0.1276
885      885   (0)      2  : 0.4383 0.0311 0.1605 0.0970 0.2731
886      886   (0)      2  : 0.0350 0.8684 0.0283 0.0255 0.0428
887      887   (0)      2  : 0.3500 0.0288 0.0323 0.1203 0.4685
888      888   (0)      2  : 0.6007 0.0272 0.0140 0.0374 0.3207
889      889   (0)      2  : 0.1969 0.1828 0.0676 0.2944 0.2583
890      890   (0)      2  : 0.3429 0.0586 0.1124 0.2643 0.2218
891      891   (0)      2  : 0.2166 0.0823 0.5098 0.1141 0.0772
892      892   (0)      2  : 0.4014 0.1098 0.1368 0.1358 0.2162
893      893   (0)      2  : 0.1313 0.1616 0.0472 0.3945 0.2654
894      894   (0)      2  : 0.3550 0.0162 0.0687 0.4081 0.1520
895      895   (0)      2  : 0.1479 0.0266 0.5034 0.1095 0.2125
896      896   (0)      2  : 0.2828 0.0345 0.2351 0.2334 0.2143
897      897   (6)      2  : 0.0342 0.8589 0.0233 0.0528 0.0308
898      898   (1)      2  : 0.0634 0.0292 0.0914 0.7121 0.1039
899      899   (0)      2  : 0.1750 0.0675 0.1109 0.0871 0.5595
900      900   (0)      2  : 0.1164 0.0211 0.6830 0.0846 0.0950
901      901   (0)      2  : 0.6306 0.1240 0.0481 0.1193 0.0779
902      902   (1)      2  : 0.1515 0.3495 0.1098 0.1589 0.2303
903      903   (0)      2  : 0.0723 0.4516 0.2201 0.0859 0.1701
904      904   (1)      2  : 0.5801 0.0306 0.0399 0.1072 0.2422
905      905   (0)      2  : 0.3314 0.0844 0.0274 0.3210 0.2359
906      906   (0)      2  : 0.2088 0.0257 0.1003 0.2840 0.3811
907      907   (0)      2  : 0.1560 0.0345 0.4593 0.2030 0.1471
908      908   (0)      2  : 0.2993 0.3053 0.0359 0.1907 0.1687
909      909   (1)      2  : 0.0215 0.9190 0.0175 0.0222 0.0198
910      910   (2)      2  : 0.4774 0.0182 0.0821 0.1325 0.2898
911      911   (1)      2  : 0.0377 0.0288 0.7974 0.0653 0.0709
912      912   (0)      2  : 0.0372 0.0337 0.8068 0.0416 0.0807
913      913   (0)      2  : 0.0312 0.8436 0.0479 0.0411 0.0362
914      914   (0)      2  : 0.2487 0.0606 0.1278 0.1351 0.4279
915      915   (0)      2  : 0.1424 0.0913 0.0910 0.5928 0.0825
916      916   (0)      2  : 0.1099 0.0722 0.6734 0.0622 0.0824
917      917   (0)      2  : 0.0545 0.5331 0.1754 0.1296 0.1074
918      918   (0)      2  : 0.1571 0.4265 0.0271 0.2798 0.1094
919      919   (0)      2  : 0.0345 0.8431 0.0314 0.0448 0.0461
920      920   (0)      2  : 0.0790 0.0549 0.4642 0.1747 0.2272
921      921   (1)      2  : 0.0482 0.0249 0.8171 0.0581 0.0517
922      922   (0)      2  : 0.3321 0.0252 0.0608 0.3294 0.2525
923      923   (0)      2  : 0.5875 0.0533 0.0282 0.1526 0.1784
924      924   (0)      2  : 0.4719 0.0357 0.0376 0.2127 0.2421
925      925   (0)      2  : 0.1310 0.2726 0.0631 0.1741 0.3592
926      926   (0)      2  : 0.0517 0.8334 0.0316 0.0344 0.0489
927      927   (1)      2  : 0.3743 0.2752 0.0251 0.1339 0.1915
928      928   (0)      2  : 0.0363 0.8389 0.0451 0.0370 0.0427
929      929   (0)      2  : 0.0289 0.8753 0.0299 0.0358 0.0301
930      930   (0)      2  : 0.3342 0.0799 0.1330 0.1704 0.2826
931      931   (0)      2  : 0.0386 0.7923 0.0560 0.0607 0.0524
932      932   (0)      2  : 0.0260 0.8558 0.0586 0.0275 0.0321
933      933   (0)      2  : 0.2719 0.0429 0.1354 0.3534 0.1965
934      934   (0)      2  : 0.0367 0.1065 0.6521 0.0824 0.1224
935      935   (0)      2  : 0.0698 0.0645 0.0441 0.5678 0.2538
936      936   (1)      2  : 0.0295 0.8080 0.0804 0.0383 0.0438
937      937   (1)      2  : 0.0241 0.1589 0.7329 0.0332 0.0509
938      938   (0)      2  : 0.1064 0.1286 0.0499 0.3930 0.3221
939      939   (0)      2  : 0.0298 0.8484 0.0230 0.0569 0.0419
940      940   (1)      2  : 0.1646 0.1837 0.0612 0.3236 0.2669
941      941   (0)      2  : 0.1810 0.5196 0.0454 0.1377 0.1162
942      942   (0)      2  : 0.0444 0.7629 0.0540 0.0850 0.0536
943      943   (0)      2  : 0.4348 0.0122 0.0563 0.3447 0.1520
944      944   (0)      2  : 0.0436 0.8156 0.0292 0.0532 0.0584
945      945   (0)      2  : 0.1019 0.1288 0.3060 0.1280 0.3354
946      946   (0)      2  : 0.2182 0.0278 0.1061 0.4131 0.2348
947      947   (0)      2  : 0.1014 0.4212 0.0961 0.2922 0.0892
948      948   (0)      2  : 0.6857 0.0254 0.0411 0.1064 0.1415
949      949   (0)      2  : 0.0334 0.8029 0.0923 0.0372 0.0342
950      950   (0)      2  : 0.1399 0.0384 0.1799 0.4067 0.2352
951      951   (0)      2  : 0.4334 0.0243 0.1026 0.2781 0.1615
952      952   (0)      2  : 0.5763 0.0392 0.0840 0.1935 0.1071
953      953   (0)      2  : 0.0819 0.2006 0.2270 0.3738 0.1167
954      954   (0)      2  : 0.0461 0.5619 0.1241 0.0691 0.1988
955      955   (0)      2  : 0.2833 0.2852 0.0753 0.1525 0.2036
956      956   (0)      2  : 0.0390 0.0446 0.7728 0.0438 0.0998
957      957   (1)      2  : 0.2896 0.0245 0.1086 0.1149 0.4624
958      958   (0)      2  : 0.2119 0.0718 0.0478 0.2375 0.4309
959      959   (4)      2  : 0.0345 0.3301 0.0459 0.0328 0.5567
960      960   (0)      2  : 0.0333 0.8510 0.0256 0.0503 0.0398
961      961   (1)      2  : 0.0238 0.9118 0.0242 0.0206 0.0196
962      962   (0)      2  : 0.1622 0.3796 0.0897 0.2130 0.1554
963      963   (0)      2  : 0.2671 0.0772 0.1603 0.1064 0.3889
964      964   (0)      2  : 0.2567 0.0782 0.1372 0.0867 0.4411
965      965   (0)      2  : 0.0601 0.0397 0.0513 0.7392 0.1097
966      966   (0)      2  : 0.0275 0.8829 0.0170 0.0407 0.0319
967      967   (0)      2  : 0.1542 0.0354 0.5716 0.1204 0.1184
968      968   (0)      2  : 0.5654 0.0363 0.0798 0.2103 0.1082
969      969   (0)      2  : 0.1833 0.0565 0.0980 0.1626 0.4996
970      970   (0)      2  : 0.0965 0.3828 0.2492 0.1768 0.0947
971      971   (0)      2  : 0.1050 0.5041 0.1726 0.0769 0.1414
972      972   (0)      2  : 0.0842 0.4570 0.1743 0.1542 0.1303
973      973   (0)      2  : 0.4285 0.0467 0.0629 0.2430 0.2188
974      974   (5)      2  : 0.0838 0.0889 0.0708 0.1919 0.5647
975      975   (0)      2  : 0.0977 0.0248 0.0352 0.4065 0.4358
976      976   (0)      2  : 0.1291 0.0451 0.4078 0.0642 0.3539
977      977   (0)      2  : 0.1067 0.7295 0.0491 0.0649 0.0498
978      978   (0)      2  : 0.0190 0.9286 0.0140 0.0221 0.0163
979      979   (0)      2  : 0.0312 0.8581 0.0420 0.0287 0.0400
980      980   (0)      2  : 0.0705 0.1472 0.2642 0.1818 0.3364
981      981   (0)      2  : 0.0300 0.8502 0.0521 0.0336 0.0341
982      982   (3)      2  : 0.0713 0.7314 0.0585 0.0445 0.0943
983      983   (0)      2  : 0.0348 0.0437 0.8150 0.0397 0.0669
984      984   (0)      2  : 0.6251 0.1832 0.0188 0.0658 0.1070
985      985   (0)      2  : 0.1601 0.0338 0.4763 0.1008 0.2289
986      986   (0)      2  : 0.2245 0.0343 0.1088 0.4269 0.2056
987      987   (1)      2  : 0.1019 0.0412 0.5666 0.2022 0.0881
988      988   (0)      2  : 0.0385 0.8257 0.0568 0.0443 0.0347
989      989   (0)      2  : 0.0299 0.0817 0.8017 0.0432 0.0435
990      990   (0)      2  : 0.0605 0.0672 0.3604 0.3474 0.1645
991      991   (0)      2  : 0.0313 0.8609 0.0209 0.0374 0.0495
992      992   (0)      2  : 0.4680 0.0427 0.0494 0.1628 0.2772
993      993   (0)      2  : 0.1038 0.1062 0.3803 0.1613 0.2483
994      994   (1)      2  : 0.0643 0.0911 0.5925 0.1405 0.1117
995      995   (1)      2  : 0.0964 0.4123 0.0511 0.2945 0.1458
996      996   (0)      2  : 0.1422 0.2306 0.0983 0.3319 0.1971
997      997   (1)      2  : 0.0185 0.9256 0.0165 0.0214 0.0180
998      998   (0)      2  : 0.1250 0.2683 0.2410 0.2312 0.1345
999      999   (1)      2  : 0.0493 0.7300 0.0537 0.0599 0.1071
1000     1000   (0)      2  : 0.1465 0.0622 0.1413 0.4717 0.1784
